[ 2016-09-06T17:01:45+08:00 ] 127.0.0.1 /home/menu/index
INFO: [ app_init ] --START--
INFO: Run Behavior\BuildLiteBehavior [ RunTime:0.000000s ]
INFO: [ app_init ] --END-- [ RunTime:0.031001s ]
INFO: [ app_begin ] --START--
INFO: Run Behavior\ReadHtmlCacheBehavior [ RunTime:0.001000s ]
INFO: [ app_begin ] --END-- [ RunTime:0.001000s ]

[ 2016-09-06T17:01:45+08:00 ] 127.0.0.1 /home/menu/index
INFO: [ app_init ] --START--
INFO: Run Behavior\BuildLiteBehavior [ RunTime:0.000000s ]
INFO: [ app_init ] --END-- [ RunTime:0.028001s ]
INFO: [ app_begin ] --START--
INFO: Run Behavior\ReadHtmlCacheBehavior [ RunTime:0.001000s ]
INFO: [ app_begin ] --END-- [ RunTime:0.001000s ]

[ 2016-09-06T17:01:47+08:00 ] 127.0.0.1 /home/index/login.html
INFO: [ app_init ] --START--
INFO: Run Behavior\BuildLiteBehavior [ RunTime:0.000000s ]
INFO: [ app_init ] --END-- [ RunTime:0.000000s ]
INFO: [ app_begin ] --START--
INFO: Run Behavior\ReadHtmlCacheBehavior [ RunTime:0.001000s ]
INFO: [ app_begin ] --END-- [ RunTime:0.001000s ]
SQL: SHOW COLUMNS FROM `admin_menu` [ RunTime:0.0420s ]
SQL: SHOW COLUMNS FROM `admin` [ RunTime:0.0230s ]
SQL: SELECT * FROM `admin_menu` WHERE ( `status` = 1 AND `level` = 2 )  [ RunTime:0.0510s ]
NOTIC: [8] Undefined index: username F:\tsewell\Application\Home\Controller\TseController.class.php 第 160 行.
NOTIC: [8] Undefined index: login F:\tsewell\Application\Home\Controller\IndexController.class.php 第 14 行.
INFO: [ view_parse ] --START--
INFO: Run Behavior\ParseTemplateBehavior [ RunTime:0.129008s ]
INFO: [ view_parse ] --END-- [ RunTime:0.129008s ]
INFO: [ view_filter ] --START--
INFO: Run Behavior\WriteHtmlCacheBehavior [ RunTime:0.019001s ]
INFO: [ view_filter ] --END-- [ RunTime:0.019001s ]
INFO: [ app_end ] --START--
INFO: Run Behavior\ShowPageTraceBehavior [ RunTime:0.008000s ]
INFO: [ app_end ] --END-- [ RunTime:0.008000s ]

[ 2016-09-06T17:01:48+08:00 ] 127.0.0.1 /index.php/Home/Ath/verify
INFO: [ app_init ] --START--
INFO: Run Behavior\BuildLiteBehavior [ RunTime:0.000000s ]
INFO: [ app_init ] --END-- [ RunTime:0.001000s ]
INFO: [ app_begin ] --START--
INFO: Run Behavior\ReadHtmlCacheBehavior [ RunTime:0.000000s ]
INFO: [ app_begin ] --END-- [ RunTime:0.000000s ]
INFO: [ app_end ] --START--
INFO: Run Behavior\ShowPageTraceBehavior [ RunTime:0.000000s ]
INFO: [ app_end ] --END-- [ RunTime:0.001000s ]

[ 2016-09-06T17:01:58+08:00 ] 127.0.0.1 /home/index/login
INFO: [ app_init ] --START--
INFO: Run Behavior\BuildLiteBehavior [ RunTime:0.000000s ]
INFO: [ app_init ] --END-- [ RunTime:0.001000s ]
INFO: [ app_begin ] --START--
INFO: Run Behavior\ReadHtmlCacheBehavior [ RunTime:0.000000s ]
INFO: [ app_begin ] --END-- [ RunTime:0.000000s ]
SQL: SHOW COLUMNS FROM `admin_menu` [ RunTime:0.0080s ]
SQL: SHOW COLUMNS FROM `admin` [ RunTime:0.0080s ]
SQL: SELECT * FROM `admin_menu` WHERE ( `status` = 1 AND `level` = 2 )  [ RunTime:0.0010s ]
NOTIC: [8] Undefined index: username F:\tsewell\Application\Home\Controller\TseController.class.php 第 160 行.

[ 2016-09-06T17:02:02+08:00 ] 127.0.0.1 /home/index/login
INFO: [ app_init ] --START--
INFO: Run Behavior\BuildLiteBehavior [ RunTime:0.000000s ]
INFO: [ app_init ] --END-- [ RunTime:0.001000s ]
INFO: [ app_begin ] --START--
INFO: Run Behavior\ReadHtmlCacheBehavior [ RunTime:0.001000s ]
INFO: [ app_begin ] --END-- [ RunTime:0.001000s ]
SQL: SHOW COLUMNS FROM `admin_menu` [ RunTime:0.0050s ]
SQL: SHOW COLUMNS FROM `admin` [ RunTime:0.0050s ]
SQL: SELECT * FROM `admin_menu` WHERE ( `status` = 1 AND `level` = 2 )  [ RunTime:0.0010s ]
NOTIC: [8] Undefined index: username F:\tsewell\Application\Home\Controller\TseController.class.php 第 160 行.
NOTIC: [8] Undefined index: login F:\tsewell\Application\Home\Controller\IndexController.class.php 第 14 行.
INFO: [ view_parse ] --START--
INFO: Run Behavior\ParseTemplateBehavior [ RunTime:0.008000s ]
INFO: [ view_parse ] --END-- [ RunTime:0.008000s ]
INFO: [ view_filter ] --START--
INFO: Run Behavior\WriteHtmlCacheBehavior [ RunTime:0.000000s ]
INFO: [ view_filter ] --END-- [ RunTime:0.000000s ]
INFO: [ app_end ] --START--
INFO: Run Behavior\ShowPageTraceBehavior [ RunTime:0.001000s ]
INFO: [ app_end ] --END-- [ RunTime:0.001000s ]

[ 2016-09-06T17:02:02+08:00 ] 127.0.0.1 /index.php/Home/Ath/verify
INFO: [ app_init ] --START--
INFO: Run Behavior\BuildLiteBehavior [ RunTime:0.000000s ]
INFO: [ app_init ] --END-- [ RunTime:0.001000s ]
INFO: [ app_begin ] --START--
INFO: Run Behavior\ReadHtmlCacheBehavior [ RunTime:0.001000s ]
INFO: [ app_begin ] --END-- [ RunTime:0.001000s ]
INFO: [ app_end ] --START--
INFO: Run Behavior\ShowPageTraceBehavior [ RunTime:0.001000s ]
INFO: [ app_end ] --END-- [ RunTime:0.001000s ]

[ 2016-09-06T17:02:12+08:00 ] 127.0.0.1 /home/index/login
INFO: [ app_init ] --START--
INFO: Run Behavior\BuildLiteBehavior [ RunTime:0.000000s ]
INFO: [ app_init ] --END-- [ RunTime:0.000000s ]
INFO: [ app_begin ] --START--
INFO: Run Behavior\ReadHtmlCacheBehavior [ RunTime:0.001000s ]
INFO: [ app_begin ] --END-- [ RunTime:0.001000s ]
SQL: SHOW COLUMNS FROM `admin_menu` [ RunTime:0.0040s ]
SQL: SHOW COLUMNS FROM `admin` [ RunTime:0.0050s ]
SQL: SELECT * FROM `admin_menu` WHERE ( `status` = 1 AND `level` = 2 )  [ RunTime:0.0010s ]
NOTIC: [8] Undefined index: username F:\tsewell\Application\Home\Controller\TseController.class.php 第 160 行.
SQL: SELECT * FROM `admin` WHERE `username` = 'tsewell' AND `password` = '098b04dd2342b61c8450f54023665809' AND `status` = 1  [ RunTime:0.0100s ]

[ 2016-09-06T17:02:17+08:00 ] 127.0.0.1 /home/index/index
INFO: [ app_init ] --START--
INFO: Run Behavior\BuildLiteBehavior [ RunTime:0.000000s ]
INFO: [ app_init ] --END-- [ RunTime:0.000000s ]
INFO: [ app_begin ] --START--
INFO: Run Behavior\ReadHtmlCacheBehavior [ RunTime:0.001000s ]
INFO: [ app_begin ] --END-- [ RunTime:0.001000s ]
SQL: SHOW COLUMNS FROM `admin_menu` [ RunTime:0.0090s ]
SQL: SHOW COLUMNS FROM `admin` [ RunTime:0.0080s ]
SQL: SELECT * FROM `admin_menu` WHERE ( `status` = 1 AND `level` = 2 )  [ RunTime:0.0010s ]
SQL: SELECT `position_id` FROM `admin` WHERE ( `username` = 'tsewell' ) LIMIT 1   [ RunTime:0.0000s ]
SQL: SELECT * FROM `admin_menu` WHERE ( `status` = 1 AND `level` = 1 ) ORDER BY sort ASC  [ RunTime:0.0280s ]
SQL: SELECT * FROM `admin_menu` WHERE ( `status` = 1 AND `level` = 2 AND `parent_id` = 18 ) ORDER BY sort ASC  [ RunTime:0.0000s ]
SQL: SELECT * FROM `admin_menu` WHERE ( `status` = 1 AND `level` = 2 AND `parent_id` = 28 ) ORDER BY sort ASC  [ RunTime:0.0000s ]
SQL: SELECT * FROM `admin_menu` WHERE ( `status` = 1 AND `level` = 2 AND `parent_id` = 15 ) ORDER BY sort ASC  [ RunTime:0.0010s ]
SQL: SELECT * FROM `admin_menu` WHERE ( `status` = 1 AND `level` = 2 AND `parent_id` = 1 ) ORDER BY sort ASC  [ RunTime:0.0000s ]
INFO: [ view_parse ] --START--
INFO: Run Behavior\ParseTemplateBehavior [ RunTime:0.061004s ]
INFO: [ view_parse ] --END-- [ RunTime:0.061004s ]
INFO: [ view_filter ] --START--
INFO: Run Behavior\WriteHtmlCacheBehavior [ RunTime:0.000000s ]
INFO: [ view_filter ] --END-- [ RunTime:0.000000s ]
INFO: [ app_end ] --START--
INFO: Run Behavior\ShowPageTraceBehavior [ RunTime:0.000000s ]
INFO: [ app_end ] --END-- [ RunTime:0.000000s ]

[ 2016-09-06T17:03:48+08:00 ] 127.0.0.1 /home/house/index
INFO: [ app_init ] --START--
INFO: Run Behavior\BuildLiteBehavior [ RunTime:0.000000s ]
INFO: [ app_init ] --END-- [ RunTime:0.001000s ]
INFO: [ app_begin ] --START--
INFO: Run Behavior\ReadHtmlCacheBehavior [ RunTime:0.001000s ]
INFO: [ app_begin ] --END-- [ RunTime:0.001000s ]
SQL: SHOW COLUMNS FROM `admin_menu` [ RunTime:0.0060s ]
SQL: SHOW COLUMNS FROM `admin` [ RunTime:0.0060s ]
SQL: SELECT * FROM `admin_menu` WHERE ( `status` = 1 AND `level` = 2 )  [ RunTime:0.0000s ]
SQL: SELECT `position_id` FROM `admin` WHERE ( `username` = 'tsewell' ) LIMIT 1   [ RunTime:0.0000s ]
SQL: SELECT * FROM `admin_menu` WHERE ( `status` = 1 AND `level` = 1 ) ORDER BY sort ASC  [ RunTime:0.0010s ]
SQL: SELECT * FROM `admin_menu` WHERE ( `status` = 1 AND `level` = 2 AND `parent_id` = 18 ) ORDER BY sort ASC  [ RunTime:0.0000s ]
SQL: SELECT * FROM `admin_menu` WHERE ( `status` = 1 AND `level` = 2 AND `parent_id` = 28 ) ORDER BY sort ASC  [ RunTime:0.0000s ]
SQL: SELECT * FROM `admin_menu` WHERE ( `status` = 1 AND `level` = 2 AND `parent_id` = 15 ) ORDER BY sort ASC  [ RunTime:0.0000s ]
SQL: SELECT * FROM `admin_menu` WHERE ( `status` = 1 AND `level` = 2 AND `parent_id` = 1 ) ORDER BY sort ASC  [ RunTime:0.0000s ]
SQL: SHOW COLUMNS FROM `house` [ RunTime:0.0200s ]
SQL: SELECT COUNT(*) AS tp_count FROM `house` LIMIT 1   [ RunTime:0.0360s ]
SQL: SELECT * FROM `house` ORDER BY `id` DESC LIMIT 0,10   [ RunTime:0.0010s ]
INFO: [ view_parse ] --START--
INFO: Run Behavior\ParseTemplateBehavior [ RunTime:0.028001s ]
INFO: [ view_parse ] --END-- [ RunTime:0.028001s ]
INFO: [ view_filter ] --START--
INFO: Run Behavior\WriteHtmlCacheBehavior [ RunTime:0.000000s ]
INFO: [ view_filter ] --END-- [ RunTime:0.000000s ]
INFO: [ app_end ] --START--
INFO: Run Behavior\ShowPageTraceBehavior [ RunTime:0.001000s ]
INFO: [ app_end ] --END-- [ RunTime:0.001000s ]

[ 2016-09-06T17:17:24+08:00 ] 127.0.0.1 /home/house/index
INFO: [ app_init ] --START--
INFO: Run Behavior\BuildLiteBehavior [ RunTime:0.000000s ]
INFO: [ app_init ] --END-- [ RunTime:0.000000s ]
INFO: [ app_begin ] --START--
INFO: Run Behavior\ReadHtmlCacheBehavior [ RunTime:0.001000s ]
INFO: [ app_begin ] --END-- [ RunTime:0.001000s ]
SQL: SHOW COLUMNS FROM `admin_menu` [ RunTime:0.0070s ]
SQL: SHOW COLUMNS FROM `admin` [ RunTime:0.0050s ]
SQL: SELECT * FROM `admin_menu` WHERE ( `status` = 1 AND `level` = 2 )  [ RunTime:0.0010s ]
SQL: SELECT `position_id` FROM `admin` WHERE ( `username` = 'tsewell' ) LIMIT 1   [ RunTime:0.0000s ]
SQL: SELECT * FROM `admin_menu` WHERE ( `status` = 1 AND `level` = 1 ) ORDER BY sort ASC  [ RunTime:0.0010s ]
SQL: SELECT * FROM `admin_menu` WHERE ( `status` = 1 AND `level` = 2 AND `parent_id` = 18 ) ORDER BY sort ASC  [ RunTime:0.0000s ]
SQL: SELECT * FROM `admin_menu` WHERE ( `status` = 1 AND `level` = 2 AND `parent_id` = 28 ) ORDER BY sort ASC  [ RunTime:0.0010s ]
SQL: SELECT * FROM `admin_menu` WHERE ( `status` = 1 AND `level` = 2 AND `parent_id` = 15 ) ORDER BY sort ASC  [ RunTime:0.0000s ]
SQL: SELECT * FROM `admin_menu` WHERE ( `status` = 1 AND `level` = 2 AND `parent_id` = 1 ) ORDER BY sort ASC  [ RunTime:0.0010s ]
SQL: SHOW COLUMNS FROM `house` [ RunTime:0.0060s ]
SQL: SELECT COUNT(*) AS tp_count FROM `house` LIMIT 1   [ RunTime:0.0000s ]
SQL: SELECT * FROM `house` ORDER BY `id` DESC LIMIT 0,10   [ RunTime:0.0010s ]
INFO: [ view_parse ] --START--
INFO: Run Behavior\ParseTemplateBehavior [ RunTime:0.015001s ]
INFO: [ view_parse ] --END-- [ RunTime:0.015001s ]
INFO: [ view_filter ] --START--
INFO: Run Behavior\WriteHtmlCacheBehavior [ RunTime:0.000000s ]
INFO: [ view_filter ] --END-- [ RunTime:0.001000s ]
INFO: [ app_end ] --START--
INFO: Run Behavior\ShowPageTraceBehavior [ RunTime:0.000000s ]
INFO: [ app_end ] --END-- [ RunTime:0.000000s ]

