[ 2016-08-29T09:58:16+08:00 ] 127.0.0.1 /home/menu/index
INFO: [ app_init ] --START--
INFO: Run Behavior\BuildLiteBehavior [ RunTime:0.000000s ]
INFO: [ app_init ] --END-- [ RunTime:0.001000s ]
INFO: [ app_begin ] --START--
INFO: Run Behavior\ReadHtmlCacheBehavior [ RunTime:0.000000s ]
INFO: [ app_begin ] --END-- [ RunTime:0.000000s ]
ERR: 无法加载控制器:Menu

[ 2016-08-29T09:58:24+08:00 ] 127.0.0.1 /home/menu/index
INFO: [ app_init ] --START--
INFO: Run Behavior\BuildLiteBehavior [ RunTime:0.000000s ]
INFO: [ app_init ] --END-- [ RunTime:0.001000s ]
INFO: [ app_begin ] --START--
INFO: Run Behavior\ReadHtmlCacheBehavior [ RunTime:0.001000s ]
INFO: [ app_begin ] --END-- [ RunTime:0.001000s ]
ERR: 无法加载控制器:Menu

[ 2016-08-29T09:58:46+08:00 ] 127.0.0.1 /home/index/login
INFO: [ app_init ] --START--
INFO: Run Behavior\BuildLiteBehavior [ RunTime:0.000000s ]
INFO: [ app_init ] --END-- [ RunTime:0.000000s ]
INFO: [ app_begin ] --START--
INFO: Run Behavior\ReadHtmlCacheBehavior [ RunTime:0.000000s ]
INFO: [ app_begin ] --END-- [ RunTime:0.000000s ]
ERR: 无法加载控制器:Index

[ 2016-08-29T09:58:58+08:00 ] 127.0.0.1 /home/index/login
INFO: [ app_init ] --START--
INFO: Run Behavior\BuildLiteBehavior [ RunTime:0.000000s ]
INFO: [ app_init ] --END-- [ RunTime:0.000000s ]
INFO: [ app_begin ] --START--
INFO: Run Behavior\ReadHtmlCacheBehavior [ RunTime:0.001000s ]
INFO: [ app_begin ] --END-- [ RunTime:0.001000s ]
ERR: 无法加载控制器:Index

[ 2016-08-29T09:58:59+08:00 ] 127.0.0.1 /home/index/login
INFO: [ app_init ] --START--
INFO: Run Behavior\BuildLiteBehavior [ RunTime:0.000000s ]
INFO: [ app_init ] --END-- [ RunTime:0.001000s ]
INFO: [ app_begin ] --START--
INFO: Run Behavior\ReadHtmlCacheBehavior [ RunTime:0.000000s ]
INFO: [ app_begin ] --END-- [ RunTime:0.000000s ]
ERR: 无法加载控制器:Index

[ 2016-08-29T09:59:00+08:00 ] 127.0.0.1 /home/index/login
INFO: [ app_init ] --START--
INFO: Run Behavior\BuildLiteBehavior [ RunTime:0.000000s ]
INFO: [ app_init ] --END-- [ RunTime:0.001001s ]
INFO: [ app_begin ] --START--
INFO: Run Behavior\ReadHtmlCacheBehavior [ RunTime:0.001000s ]
INFO: [ app_begin ] --END-- [ RunTime:0.001000s ]
ERR: 无法加载控制器:Index

[ 2016-08-29T09:59:01+08:00 ] 127.0.0.1 /home/index/login
INFO: [ app_init ] --START--
INFO: Run Behavior\BuildLiteBehavior [ RunTime:0.000000s ]
INFO: [ app_init ] --END-- [ RunTime:0.000000s ]
INFO: [ app_begin ] --START--
INFO: Run Behavior\ReadHtmlCacheBehavior [ RunTime:0.001000s ]
INFO: [ app_begin ] --END-- [ RunTime:0.001000s ]
ERR: 无法加载控制器:Index

[ 2016-08-29T09:59:15+08:00 ] 127.0.0.1 /home/index/login
INFO: [ app_init ] --START--
INFO: Run Behavior\BuildLiteBehavior [ RunTime:0.000000s ]
INFO: [ app_init ] --END-- [ RunTime:0.000000s ]
INFO: [ app_begin ] --START--
INFO: Run Behavior\ReadHtmlCacheBehavior [ RunTime:0.000000s ]
INFO: [ app_begin ] --END-- [ RunTime:0.000000s ]
ERR: 无法加载控制器:Index

[ 2016-08-29T09:59:56+08:00 ] 127.0.0.1 /home/index/login
INFO: [ app_init ] --START--
INFO: Run Behavior\BuildLiteBehavior [ RunTime:0.000000s ]
INFO: [ app_init ] --END-- [ RunTime:0.000000s ]
INFO: [ app_begin ] --START--
INFO: Run Behavior\ReadHtmlCacheBehavior [ RunTime:0.000000s ]
INFO: [ app_begin ] --END-- [ RunTime:0.000000s ]
ERR: 无法加载控制器:Index

[ 2016-08-29T09:59:58+08:00 ] 127.0.0.1 /home/index/login
INFO: [ app_init ] --START--
INFO: Run Behavior\BuildLiteBehavior [ RunTime:0.000000s ]
INFO: [ app_init ] --END-- [ RunTime:0.001000s ]
INFO: [ app_begin ] --START--
INFO: Run Behavior\ReadHtmlCacheBehavior [ RunTime:0.001000s ]
INFO: [ app_begin ] --END-- [ RunTime:0.001000s ]
ERR: 无法加载控制器:Index

[ 2016-08-29T10:00:00+08:00 ] 127.0.0.1 /home/menu/index
INFO: [ app_init ] --START--
INFO: Run Behavior\BuildLiteBehavior [ RunTime:0.000000s ]
INFO: [ app_init ] --END-- [ RunTime:0.001000s ]
INFO: [ app_begin ] --START--
INFO: Run Behavior\ReadHtmlCacheBehavior [ RunTime:0.001000s ]
INFO: [ app_begin ] --END-- [ RunTime:0.001000s ]
ERR: 无法加载控制器:Menu

[ 2016-08-29T10:01:35+08:00 ] 127.0.0.1 /home/menu/index
INFO: [ app_init ] --START--
INFO: Run Behavior\BuildLiteBehavior [ RunTime:0.000000s ]
INFO: [ app_init ] --END-- [ RunTime:0.001000s ]
INFO: [ app_begin ] --START--
INFO: Run Behavior\ReadHtmlCacheBehavior [ RunTime:0.001000s ]
INFO: [ app_begin ] --END-- [ RunTime:0.001000s ]

[ 2016-08-29T10:01:46+08:00 ] 127.0.0.1 /home/menu/index
INFO: [ app_init ] --START--
INFO: Run Behavior\BuildLiteBehavior [ RunTime:0.000000s ]
INFO: [ app_init ] --END-- [ RunTime:0.000000s ]
INFO: [ app_begin ] --START--
INFO: Run Behavior\ReadHtmlCacheBehavior [ RunTime:0.000000s ]
INFO: [ app_begin ] --END-- [ RunTime:0.000000s ]

[ 2016-08-29T10:01:48+08:00 ] 127.0.0.1 /
INFO: [ app_init ] --START--
INFO: Run Behavior\BuildLiteBehavior [ RunTime:0.000000s ]
INFO: [ app_init ] --END-- [ RunTime:0.001000s ]
INFO: [ app_begin ] --START--
INFO: Run Behavior\ReadHtmlCacheBehavior [ RunTime:0.001000s ]
INFO: [ app_begin ] --END-- [ RunTime:0.001000s ]

[ 2016-08-29T10:02:16+08:00 ] 127.0.0.1 /home/menu/index
INFO: [ app_init ] --START--
INFO: Run Behavior\BuildLiteBehavior [ RunTime:0.000000s ]
INFO: [ app_init ] --END-- [ RunTime:0.000000s ]
INFO: [ app_begin ] --START--
INFO: Run Behavior\ReadHtmlCacheBehavior [ RunTime:0.001000s ]
INFO: [ app_begin ] --END-- [ RunTime:0.001000s ]

[ 2016-08-29T10:02:17+08:00 ] 127.0.0.1 /home/index/login.html
INFO: [ app_init ] --START--
INFO: Run Behavior\BuildLiteBehavior [ RunTime:0.000000s ]
INFO: [ app_init ] --END-- [ RunTime:0.001000s ]
INFO: [ app_begin ] --START--
INFO: Run Behavior\ReadHtmlCacheBehavior [ RunTime:0.000000s ]
INFO: [ app_begin ] --END-- [ RunTime:0.000000s ]
SQL: SHOW COLUMNS FROM `admin_menu` [ RunTime:0.0370s ]
SQL: SHOW COLUMNS FROM `admin` [ RunTime:0.0520s ]
SQL: SELECT * FROM `admin_menu` WHERE ( `status` = 1 AND `level` = 2 )  [ RunTime:0.0010s ]
NOTIC: [8] Undefined index: username F:\tsewell\Application\Home\Controller\TseController.class.php 第 163 行.
NOTIC: [8] Undefined index: login F:\tsewell\Application\Home\Controller\IndexController.class.php 第 14 行.
INFO: [ view_parse ] --START--
INFO: Run Behavior\ParseTemplateBehavior [ RunTime:0.049003s ]
INFO: [ view_parse ] --END-- [ RunTime:0.049003s ]
INFO: [ view_filter ] --START--
INFO: Run Behavior\WriteHtmlCacheBehavior [ RunTime:0.001000s ]
INFO: [ view_filter ] --END-- [ RunTime:0.001000s ]
INFO: [ app_end ] --START--
INFO: Run Behavior\ShowPageTraceBehavior [ RunTime:0.001000s ]
INFO: [ app_end ] --END-- [ RunTime:0.001000s ]

[ 2016-08-29T10:02:17+08:00 ] 127.0.0.1 /index.php/Home/Ath/verify
INFO: [ app_init ] --START--
INFO: Run Behavior\BuildLiteBehavior [ RunTime:0.000000s ]
INFO: [ app_init ] --END-- [ RunTime:0.000000s ]
INFO: [ app_begin ] --START--
INFO: Run Behavior\ReadHtmlCacheBehavior [ RunTime:0.001001s ]
INFO: [ app_begin ] --END-- [ RunTime:0.001001s ]
INFO: [ app_end ] --START--
INFO: Run Behavior\ShowPageTraceBehavior [ RunTime:0.000000s ]
INFO: [ app_end ] --END-- [ RunTime:0.000000s ]

[ 2016-08-29T10:02:29+08:00 ] 127.0.0.1 /home/index/login
INFO: [ app_init ] --START--
INFO: Run Behavior\BuildLiteBehavior [ RunTime:0.000000s ]
INFO: [ app_init ] --END-- [ RunTime:0.000000s ]
INFO: [ app_begin ] --START--
INFO: Run Behavior\ReadHtmlCacheBehavior [ RunTime:0.000000s ]
INFO: [ app_begin ] --END-- [ RunTime:0.000000s ]
SQL: SHOW COLUMNS FROM `admin_menu` [ RunTime:0.0080s ]
SQL: SHOW COLUMNS FROM `admin` [ RunTime:0.0080s ]
SQL: SELECT * FROM `admin_menu` WHERE ( `status` = 1 AND `level` = 2 )  [ RunTime:0.0010s ]
NOTIC: [8] Undefined index: username F:\tsewell\Application\Home\Controller\TseController.class.php 第 163 行.
SQL: SELECT * FROM `admin` WHERE `username` = 'tsewell' AND `password` = '098b04dd2342b61c8450f54023665809' AND `status` = 1  [ RunTime:0.0000s ]

[ 2016-08-29T10:02:33+08:00 ] 127.0.0.1 /home/index/index
INFO: [ app_init ] --START--
INFO: Run Behavior\BuildLiteBehavior [ RunTime:0.000000s ]
INFO: [ app_init ] --END-- [ RunTime:0.000000s ]
INFO: [ app_begin ] --START--
INFO: Run Behavior\ReadHtmlCacheBehavior [ RunTime:0.001000s ]
INFO: [ app_begin ] --END-- [ RunTime:0.001000s ]
SQL: SHOW COLUMNS FROM `admin_menu` [ RunTime:0.0080s ]
SQL: SHOW COLUMNS FROM `admin` [ RunTime:0.0070s ]
SQL: SELECT * FROM `admin_menu` WHERE ( `status` = 1 AND `level` = 2 )  [ RunTime:0.0010s ]
SQL: SELECT `position_id` FROM `admin` WHERE ( `username` = 'tsewell' ) LIMIT 1   [ RunTime:0.0010s ]
SQL: SELECT * FROM `admin_menu` WHERE ( `status` = 1 AND `level` = 1 ) ORDER BY sort ASC  [ RunTime:0.0000s ]
SQL: SELECT * FROM `admin_menu` WHERE ( `status` = 1 AND `level` = 2 AND `parent_id` = 18 ) ORDER BY sort ASC  [ RunTime:0.0000s ]
SQL: SELECT * FROM `admin_menu` WHERE ( `status` = 1 AND `level` = 2 AND `parent_id` = 28 ) ORDER BY sort ASC  [ RunTime:0.0010s ]
SQL: SELECT * FROM `admin_menu` WHERE ( `status` = 1 AND `level` = 2 AND `parent_id` = 15 ) ORDER BY sort ASC  [ RunTime:0.0010s ]
SQL: SELECT * FROM `admin_menu` WHERE ( `status` = 1 AND `level` = 2 AND `parent_id` = 1 ) ORDER BY sort ASC  [ RunTime:0.0000s ]
INFO: [ view_parse ] --START--
INFO: Run Behavior\ParseTemplateBehavior [ RunTime:0.029002s ]
INFO: [ view_parse ] --END-- [ RunTime:0.029002s ]
INFO: [ view_filter ] --START--
INFO: Run Behavior\WriteHtmlCacheBehavior [ RunTime:0.001000s ]
INFO: [ view_filter ] --END-- [ RunTime:0.001000s ]
INFO: [ app_end ] --START--
INFO: Run Behavior\ShowPageTraceBehavior [ RunTime:0.000000s ]
INFO: [ app_end ] --END-- [ RunTime:0.000000s ]

[ 2016-08-29T10:02:43+08:00 ] 127.0.0.1 /home/adspace/index
INFO: [ app_init ] --START--
INFO: Run Behavior\BuildLiteBehavior [ RunTime:0.000000s ]
INFO: [ app_init ] --END-- [ RunTime:0.001000s ]
INFO: [ app_begin ] --START--
INFO: Run Behavior\ReadHtmlCacheBehavior [ RunTime:0.000000s ]
INFO: [ app_begin ] --END-- [ RunTime:0.000000s ]
SQL: SHOW COLUMNS FROM `admin_menu` [ RunTime:0.0090s ]
SQL: SHOW COLUMNS FROM `admin` [ RunTime:0.0080s ]
SQL: SELECT * FROM `admin_menu` WHERE ( `status` = 1 AND `level` = 2 )  [ RunTime:0.0000s ]
SQL: SELECT `position_id` FROM `admin` WHERE ( `username` = 'tsewell' ) LIMIT 1   [ RunTime:0.0000s ]
SQL: SELECT * FROM `admin_menu` WHERE ( `status` = 1 AND `level` = 1 ) ORDER BY sort ASC  [ RunTime:0.0010s ]
SQL: SELECT * FROM `admin_menu` WHERE ( `status` = 1 AND `level` = 2 AND `parent_id` = 18 ) ORDER BY sort ASC  [ RunTime:0.0010s ]
SQL: SELECT * FROM `admin_menu` WHERE ( `status` = 1 AND `level` = 2 AND `parent_id` = 28 ) ORDER BY sort ASC  [ RunTime:0.0010s ]
SQL: SELECT * FROM `admin_menu` WHERE ( `status` = 1 AND `level` = 2 AND `parent_id` = 15 ) ORDER BY sort ASC  [ RunTime:0.0000s ]
SQL: SELECT * FROM `admin_menu` WHERE ( `status` = 1 AND `level` = 2 AND `parent_id` = 1 ) ORDER BY sort ASC  [ RunTime:0.0000s ]
SQL: SHOW COLUMNS FROM `adspace` [ RunTime:0.0220s ]
SQL: SELECT COUNT(*) AS tp_count FROM `adspace` LIMIT 1   [ RunTime:0.0000s ]
SQL: SELECT * FROM `adspace` ORDER BY `id` DESC LIMIT 0,10   [ RunTime:0.0000s ]
INFO: [ view_parse ] --START--
NOTIC: [2] filemtime(): stat failed for ./Application/Runtime/Cache\f8abb21fd04e118f2e56f21f11ffbf4f903ca554.file.index.html.php F:\tsewell\ThinkPHP\Library\Vendor\Smarty\sysplugins\smarty_resource.php 第 683 行.
NOTIC: [2] unlink(./Application/Runtime/Cache\f8abb21fd04e118f2e56f21f11ffbf4f903ca554.file.index.html.php): No such file or directory F:\tsewell\ThinkPHP\Library\Vendor\Smarty\sysplugins\smarty_internal_write_file.php 第 49 行.
INFO: Run Behavior\ParseTemplateBehavior [ RunTime:0.093005s ]
INFO: [ view_parse ] --END-- [ RunTime:0.093005s ]
INFO: [ view_filter ] --START--
INFO: Run Behavior\WriteHtmlCacheBehavior [ RunTime:0.001000s ]
INFO: [ view_filter ] --END-- [ RunTime:0.001000s ]
INFO: [ app_end ] --START--
INFO: Run Behavior\ShowPageTraceBehavior [ RunTime:0.000000s ]
INFO: [ app_end ] --END-- [ RunTime:0.000000s ]

[ 2016-08-29T10:12:34+08:00 ] 127.0.0.1 /home/ad/index
INFO: [ app_init ] --START--
INFO: Run Behavior\BuildLiteBehavior [ RunTime:0.000000s ]
INFO: [ app_init ] --END-- [ RunTime:0.000000s ]
INFO: [ app_begin ] --START--
INFO: Run Behavior\ReadHtmlCacheBehavior [ RunTime:0.000000s ]
INFO: [ app_begin ] --END-- [ RunTime:0.000000s ]
SQL: SHOW COLUMNS FROM `admin_menu` [ RunTime:0.0090s ]
SQL: SHOW COLUMNS FROM `admin` [ RunTime:0.0080s ]
SQL: SELECT * FROM `admin_menu` WHERE ( `status` = 1 AND `level` = 2 )  [ RunTime:0.0010s ]
SQL: SELECT `position_id` FROM `admin` WHERE ( `username` = 'tsewell' ) LIMIT 1   [ RunTime:0.0010s ]
SQL: SELECT * FROM `admin_menu` WHERE ( `status` = 1 AND `level` = 1 ) ORDER BY sort ASC  [ RunTime:0.0000s ]
SQL: SELECT * FROM `admin_menu` WHERE ( `status` = 1 AND `level` = 2 AND `parent_id` = 18 ) ORDER BY sort ASC  [ RunTime:0.0000s ]
SQL: SELECT * FROM `admin_menu` WHERE ( `status` = 1 AND `level` = 2 AND `parent_id` = 28 ) ORDER BY sort ASC  [ RunTime:0.0010s ]
SQL: SELECT * FROM `admin_menu` WHERE ( `status` = 1 AND `level` = 2 AND `parent_id` = 15 ) ORDER BY sort ASC  [ RunTime:0.0010s ]
SQL: SELECT * FROM `admin_menu` WHERE ( `status` = 1 AND `level` = 2 AND `parent_id` = 1 ) ORDER BY sort ASC  [ RunTime:0.0000s ]
SQL: SHOW COLUMNS FROM `adspace` [ RunTime:0.0070s ]
SQL: SELECT * FROM `adspace` WHERE ( `status` = 1 )  [ RunTime:0.0000s ]
SQL: SHOW COLUMNS FROM `ad` [ RunTime:0.0050s ]
SQL: SELECT COUNT(*) AS tp_count FROM `ad` LIMIT 1   [ RunTime:0.0010s ]
SQL: SELECT * FROM `ad` ORDER BY `id` DESC LIMIT 0,10   [ RunTime:0.0010s ]
SQL: SELECT `name` FROM `adspace` WHERE ( `id` = 1 ) LIMIT 1   [ RunTime:0.0000s ]
INFO: [ view_parse ] --START--
NOTIC: [2] filemtime(): stat failed for ./Application/Runtime/Cache\14969dea4cf7e7806a625309e49e806a3e414884.file.index.html.php F:\tsewell\ThinkPHP\Library\Vendor\Smarty\sysplugins\smarty_resource.php 第 683 行.
NOTIC: [2] unlink(./Application/Runtime/Cache\14969dea4cf7e7806a625309e49e806a3e414884.file.index.html.php): No such file or directory F:\tsewell\ThinkPHP\Library\Vendor\Smarty\sysplugins\smarty_internal_write_file.php 第 49 行.
INFO: Run Behavior\ParseTemplateBehavior [ RunTime:0.048002s ]
INFO: [ view_parse ] --END-- [ RunTime:0.048002s ]
INFO: [ view_filter ] --START--
INFO: Run Behavior\WriteHtmlCacheBehavior [ RunTime:0.000000s ]
INFO: [ view_filter ] --END-- [ RunTime:0.000000s ]
INFO: [ app_end ] --START--
INFO: Run Behavior\ShowPageTraceBehavior [ RunTime:0.001000s ]
INFO: [ app_end ] --END-- [ RunTime:0.001000s ]

[ 2016-08-29T10:15:00+08:00 ] 127.0.0.1 /home/ad/edit/id/3
INFO: [ app_init ] --START--
INFO: Run Behavior\BuildLiteBehavior [ RunTime:0.000000s ]
INFO: [ app_init ] --END-- [ RunTime:0.001000s ]
INFO: [ app_begin ] --START--
INFO: Run Behavior\ReadHtmlCacheBehavior [ RunTime:0.001000s ]
INFO: [ app_begin ] --END-- [ RunTime:0.001000s ]
SQL: SHOW COLUMNS FROM `admin_menu` [ RunTime:0.0080s ]
SQL: SHOW COLUMNS FROM `admin` [ RunTime:0.0070s ]
SQL: SELECT * FROM `admin_menu` WHERE ( `status` = 1 AND `level` = 2 )  [ RunTime:0.0000s ]
SQL: SELECT `position_id` FROM `admin` WHERE ( `username` = 'tsewell' ) LIMIT 1   [ RunTime:0.0000s ]
SQL: SELECT * FROM `admin_menu` WHERE ( `status` = 1 AND `level` = 1 ) ORDER BY sort ASC  [ RunTime:0.0010s ]
SQL: SELECT * FROM `admin_menu` WHERE ( `status` = 1 AND `level` = 2 AND `parent_id` = 18 ) ORDER BY sort ASC  [ RunTime:0.0010s ]
SQL: SELECT * FROM `admin_menu` WHERE ( `status` = 1 AND `level` = 2 AND `parent_id` = 28 ) ORDER BY sort ASC  [ RunTime:0.0000s ]
SQL: SELECT * FROM `admin_menu` WHERE ( `status` = 1 AND `level` = 2 AND `parent_id` = 15 ) ORDER BY sort ASC  [ RunTime:0.0000s ]
SQL: SELECT * FROM `admin_menu` WHERE ( `status` = 1 AND `level` = 2 AND `parent_id` = 1 ) ORDER BY sort ASC  [ RunTime:0.0010s ]
SQL: SHOW COLUMNS FROM `ad` [ RunTime:0.0080s ]
SQL: SHOW COLUMNS FROM `adspace` [ RunTime:0.0050s ]
SQL: SELECT * FROM `adspace` WHERE ( `status` = 1 )  [ RunTime:0.0000s ]
SQL: SELECT * FROM `ad` WHERE ( `id` = 3 ) LIMIT 1   [ RunTime:0.0010s ]
INFO: [ view_parse ] --START--
NOTIC: [2] filemtime(): stat failed for ./Application/Runtime/Cache\c1b69186d2b00e45a8a7d2909f911144b109ed16.file.edit.html.php F:\tsewell\ThinkPHP\Library\Vendor\Smarty\sysplugins\smarty_resource.php 第 683 行.
NOTIC: [2] unlink(./Application/Runtime/Cache\c1b69186d2b00e45a8a7d2909f911144b109ed16.file.edit.html.php): No such file or directory F:\tsewell\ThinkPHP\Library\Vendor\Smarty\sysplugins\smarty_internal_write_file.php 第 49 行.
INFO: Run Behavior\ParseTemplateBehavior [ RunTime:0.061003s ]
INFO: [ view_parse ] --END-- [ RunTime:0.061003s ]
INFO: [ view_filter ] --START--
INFO: Run Behavior\WriteHtmlCacheBehavior [ RunTime:0.000000s ]
INFO: [ view_filter ] --END-- [ RunTime:0.001000s ]
INFO: [ app_end ] --START--
INFO: Run Behavior\ShowPageTraceBehavior [ RunTime:0.000000s ]
INFO: [ app_end ] --END-- [ RunTime:0.000000s ]

[ 2016-08-29T10:15:07+08:00 ] 127.0.0.1 /home/ad/edit
INFO: [ app_init ] --START--
INFO: Run Behavior\BuildLiteBehavior [ RunTime:0.000000s ]
INFO: [ app_init ] --END-- [ RunTime:0.001000s ]
INFO: [ app_begin ] --START--
INFO: Run Behavior\ReadHtmlCacheBehavior [ RunTime:0.000000s ]
INFO: [ app_begin ] --END-- [ RunTime:0.000000s ]
SQL: SHOW COLUMNS FROM `admin_menu` [ RunTime:0.0090s ]
SQL: SHOW COLUMNS FROM `admin` [ RunTime:0.0100s ]
SQL: SELECT * FROM `admin_menu` WHERE ( `status` = 1 AND `level` = 2 )  [ RunTime:0.0010s ]
SQL: SELECT `position_id` FROM `admin` WHERE ( `username` = 'tsewell' ) LIMIT 1   [ RunTime:0.0010s ]
SQL: SELECT * FROM `admin_menu` WHERE ( `status` = 1 AND `level` = 1 ) ORDER BY sort ASC  [ RunTime:0.0010s ]
SQL: SELECT * FROM `admin_menu` WHERE ( `status` = 1 AND `level` = 2 AND `parent_id` = 18 ) ORDER BY sort ASC  [ RunTime:0.0010s ]
SQL: SELECT * FROM `admin_menu` WHERE ( `status` = 1 AND `level` = 2 AND `parent_id` = 28 ) ORDER BY sort ASC  [ RunTime:0.0000s ]
SQL: SELECT * FROM `admin_menu` WHERE ( `status` = 1 AND `level` = 2 AND `parent_id` = 15 ) ORDER BY sort ASC  [ RunTime:0.0010s ]
SQL: SELECT * FROM `admin_menu` WHERE ( `status` = 1 AND `level` = 2 AND `parent_id` = 1 ) ORDER BY sort ASC  [ RunTime:0.0000s ]
SQL: SHOW COLUMNS FROM `ad` [ RunTime:0.0050s ]
NOTIC: [8] Undefined index: validate F:\tsewell\ThinkPHP\Library\Think\Model.class.php 第 1185 行.
NOTIC: [8] Undefined index: auto F:\tsewell\ThinkPHP\Library\Think\Model.class.php 第 1128 行.
SQL: UPDATE `ad` SET `title`='这个世界需要英雄',`adspace_id`='1',`url`='#',`sort`='1',`status`='1' WHERE `id` = 3 [ RunTime:0.0310s ]

[ 2016-08-29T10:15:11+08:00 ] 127.0.0.1 /home/ad/index
INFO: [ app_init ] --START--
INFO: Run Behavior\BuildLiteBehavior [ RunTime:0.000000s ]
INFO: [ app_init ] --END-- [ RunTime:0.000000s ]
INFO: [ app_begin ] --START--
INFO: Run Behavior\ReadHtmlCacheBehavior [ RunTime:0.001000s ]
INFO: [ app_begin ] --END-- [ RunTime:0.001000s ]
SQL: SHOW COLUMNS FROM `admin_menu` [ RunTime:0.0070s ]
SQL: SHOW COLUMNS FROM `admin` [ RunTime:0.0080s ]
SQL: SELECT * FROM `admin_menu` WHERE ( `status` = 1 AND `level` = 2 )  [ RunTime:0.0010s ]
SQL: SELECT `position_id` FROM `admin` WHERE ( `username` = 'tsewell' ) LIMIT 1   [ RunTime:0.0010s ]
SQL: SELECT * FROM `admin_menu` WHERE ( `status` = 1 AND `level` = 1 ) ORDER BY sort ASC  [ RunTime:0.0000s ]
SQL: SELECT * FROM `admin_menu` WHERE ( `status` = 1 AND `level` = 2 AND `parent_id` = 18 ) ORDER BY sort ASC  [ RunTime:0.0000s ]
SQL: SELECT * FROM `admin_menu` WHERE ( `status` = 1 AND `level` = 2 AND `parent_id` = 28 ) ORDER BY sort ASC  [ RunTime:0.0010s ]
SQL: SELECT * FROM `admin_menu` WHERE ( `status` = 1 AND `level` = 2 AND `parent_id` = 15 ) ORDER BY sort ASC  [ RunTime:0.0010s ]
SQL: SELECT * FROM `admin_menu` WHERE ( `status` = 1 AND `level` = 2 AND `parent_id` = 1 ) ORDER BY sort ASC  [ RunTime:0.0000s ]
SQL: SHOW COLUMNS FROM `adspace` [ RunTime:0.0070s ]
SQL: SELECT * FROM `adspace` WHERE ( `status` = 1 )  [ RunTime:0.0000s ]
SQL: SHOW COLUMNS FROM `ad` [ RunTime:0.0070s ]
SQL: SELECT COUNT(*) AS tp_count FROM `ad` LIMIT 1   [ RunTime:0.0000s ]
SQL: SELECT * FROM `ad` ORDER BY `id` DESC LIMIT 0,10   [ RunTime:0.0010s ]
SQL: SELECT `name` FROM `adspace` WHERE ( `id` = 1 ) LIMIT 1   [ RunTime:0.0000s ]
INFO: [ view_parse ] --START--
INFO: Run Behavior\ParseTemplateBehavior [ RunTime:0.051002s ]
INFO: [ view_parse ] --END-- [ RunTime:0.051002s ]
INFO: [ view_filter ] --START--
INFO: Run Behavior\WriteHtmlCacheBehavior [ RunTime:0.000000s ]
INFO: [ view_filter ] --END-- [ RunTime:0.000000s ]
INFO: [ app_end ] --START--
INFO: Run Behavior\ShowPageTraceBehavior [ RunTime:0.000000s ]
INFO: [ app_end ] --END-- [ RunTime:0.000000s ]

[ 2016-08-29T10:16:08+08:00 ] 127.0.0.1 /home/ad/index
INFO: [ app_init ] --START--
INFO: Run Behavior\BuildLiteBehavior [ RunTime:0.000000s ]
INFO: [ app_init ] --END-- [ RunTime:0.000000s ]
INFO: [ app_begin ] --START--
INFO: Run Behavior\ReadHtmlCacheBehavior [ RunTime:0.001000s ]
INFO: [ app_begin ] --END-- [ RunTime:0.001000s ]
SQL: SHOW COLUMNS FROM `admin_menu` [ RunTime:0.0090s ]
SQL: SHOW COLUMNS FROM `admin` [ RunTime:0.0090s ]
SQL: SELECT * FROM `admin_menu` WHERE ( `status` = 1 AND `level` = 2 )  [ RunTime:0.0010s ]
SQL: SELECT `position_id` FROM `admin` WHERE ( `username` = 'tsewell' ) LIMIT 1   [ RunTime:0.0010s ]
SQL: SELECT * FROM `admin_menu` WHERE ( `status` = 1 AND `level` = 1 ) ORDER BY sort ASC  [ RunTime:0.0010s ]
SQL: SELECT * FROM `admin_menu` WHERE ( `status` = 1 AND `level` = 2 AND `parent_id` = 18 ) ORDER BY sort ASC  [ RunTime:0.0010s ]
SQL: SELECT * FROM `admin_menu` WHERE ( `status` = 1 AND `level` = 2 AND `parent_id` = 28 ) ORDER BY sort ASC  [ RunTime:0.0000s ]
SQL: SELECT * FROM `admin_menu` WHERE ( `status` = 1 AND `level` = 2 AND `parent_id` = 15 ) ORDER BY sort ASC  [ RunTime:0.0000s ]
SQL: SELECT * FROM `admin_menu` WHERE ( `status` = 1 AND `level` = 2 AND `parent_id` = 1 ) ORDER BY sort ASC  [ RunTime:0.0000s ]
SQL: SHOW COLUMNS FROM `adspace` [ RunTime:0.0060s ]
SQL: SELECT * FROM `adspace` WHERE ( `status` = 1 )  [ RunTime:0.0010s ]
SQL: SHOW COLUMNS FROM `ad` [ RunTime:0.0060s ]
SQL: SELECT COUNT(*) AS tp_count FROM `ad` LIMIT 1   [ RunTime:0.0010s ]
SQL: SELECT * FROM `ad` ORDER BY `id` DESC LIMIT 0,10   [ RunTime:0.0000s ]
SQL: SELECT `name` FROM `adspace` WHERE ( `id` = 1 ) LIMIT 1   [ RunTime:0.0000s ]
INFO: [ view_parse ] --START--
INFO: Run Behavior\ParseTemplateBehavior [ RunTime:0.014001s ]
INFO: [ view_parse ] --END-- [ RunTime:0.014001s ]
INFO: [ view_filter ] --START--
INFO: Run Behavior\WriteHtmlCacheBehavior [ RunTime:0.000000s ]
INFO: [ view_filter ] --END-- [ RunTime:0.000000s ]
INFO: [ app_end ] --START--
INFO: Run Behavior\ShowPageTraceBehavior [ RunTime:0.000000s ]
INFO: [ app_end ] --END-- [ RunTime:0.000000s ]

[ 2016-08-29T10:16:16+08:00 ] 127.0.0.1 /home/ad/add
INFO: [ app_init ] --START--
INFO: Run Behavior\BuildLiteBehavior [ RunTime:0.000000s ]
INFO: [ app_init ] --END-- [ RunTime:0.000000s ]
INFO: [ app_begin ] --START--
INFO: Run Behavior\ReadHtmlCacheBehavior [ RunTime:0.001001s ]
INFO: [ app_begin ] --END-- [ RunTime:0.001001s ]
SQL: SHOW COLUMNS FROM `admin_menu` [ RunTime:0.0080s ]
SQL: SHOW COLUMNS FROM `admin` [ RunTime:0.0070s ]
SQL: SELECT * FROM `admin_menu` WHERE ( `status` = 1 AND `level` = 2 )  [ RunTime:0.0010s ]
SQL: SELECT `position_id` FROM `admin` WHERE ( `username` = 'tsewell' ) LIMIT 1   [ RunTime:0.0010s ]
SQL: SELECT * FROM `admin_menu` WHERE ( `status` = 1 AND `level` = 1 ) ORDER BY sort ASC  [ RunTime:0.0000s ]
SQL: SELECT * FROM `admin_menu` WHERE ( `status` = 1 AND `level` = 2 AND `parent_id` = 18 ) ORDER BY sort ASC  [ RunTime:0.0000s ]
SQL: SELECT * FROM `admin_menu` WHERE ( `status` = 1 AND `level` = 2 AND `parent_id` = 28 ) ORDER BY sort ASC  [ RunTime:0.0010s ]
SQL: SELECT * FROM `admin_menu` WHERE ( `status` = 1 AND `level` = 2 AND `parent_id` = 15 ) ORDER BY sort ASC  [ RunTime:0.0000s ]
SQL: SELECT * FROM `admin_menu` WHERE ( `status` = 1 AND `level` = 2 AND `parent_id` = 1 ) ORDER BY sort ASC  [ RunTime:0.0000s ]
SQL: SHOW COLUMNS FROM `ad` [ RunTime:0.0050s ]
SQL: SHOW COLUMNS FROM `adspace` [ RunTime:0.0050s ]
SQL: SELECT * FROM `adspace` WHERE ( `status` = 1 )  [ RunTime:0.0010s ]
INFO: [ view_parse ] --START--
NOTIC: [2] filemtime(): stat failed for ./Application/Runtime/Cache\c48c30ccf06102f3d1bea7b5493c3385df6401c3.file.add.html.php F:\tsewell\ThinkPHP\Library\Vendor\Smarty\sysplugins\smarty_resource.php 第 683 行.
NOTIC: [2] unlink(./Application/Runtime/Cache\c48c30ccf06102f3d1bea7b5493c3385df6401c3.file.add.html.php): No such file or directory F:\tsewell\ThinkPHP\Library\Vendor\Smarty\sysplugins\smarty_internal_write_file.php 第 49 行.
INFO: Run Behavior\ParseTemplateBehavior [ RunTime:0.039002s ]
INFO: [ view_parse ] --END-- [ RunTime:0.039002s ]
INFO: [ view_filter ] --START--
INFO: Run Behavior\WriteHtmlCacheBehavior [ RunTime:0.000000s ]
INFO: [ view_filter ] --END-- [ RunTime:0.000000s ]
INFO: [ app_end ] --START--
INFO: Run Behavior\ShowPageTraceBehavior [ RunTime:0.001000s ]
INFO: [ app_end ] --END-- [ RunTime:0.001000s ]

[ 2016-08-29T10:17:09+08:00 ] 127.0.0.1 /home/ad/add
INFO: [ app_init ] --START--
INFO: Run Behavior\BuildLiteBehavior [ RunTime:0.000000s ]
INFO: [ app_init ] --END-- [ RunTime:0.000000s ]
INFO: [ app_begin ] --START--
INFO: Run Behavior\ReadHtmlCacheBehavior [ RunTime:0.001000s ]
INFO: [ app_begin ] --END-- [ RunTime:0.001000s ]
SQL: SHOW COLUMNS FROM `admin_menu` [ RunTime:0.0080s ]
SQL: SHOW COLUMNS FROM `admin` [ RunTime:0.0070s ]
SQL: SELECT * FROM `admin_menu` WHERE ( `status` = 1 AND `level` = 2 )  [ RunTime:0.0000s ]
SQL: SELECT `position_id` FROM `admin` WHERE ( `username` = 'tsewell' ) LIMIT 1   [ RunTime:0.0000s ]
SQL: SELECT * FROM `admin_menu` WHERE ( `status` = 1 AND `level` = 1 ) ORDER BY sort ASC  [ RunTime:0.0010s ]
SQL: SELECT * FROM `admin_menu` WHERE ( `status` = 1 AND `level` = 2 AND `parent_id` = 18 ) ORDER BY sort ASC  [ RunTime:0.0000s ]
SQL: SELECT * FROM `admin_menu` WHERE ( `status` = 1 AND `level` = 2 AND `parent_id` = 28 ) ORDER BY sort ASC  [ RunTime:0.0000s ]
SQL: SELECT * FROM `admin_menu` WHERE ( `status` = 1 AND `level` = 2 AND `parent_id` = 15 ) ORDER BY sort ASC  [ RunTime:0.0010s ]
SQL: SELECT * FROM `admin_menu` WHERE ( `status` = 1 AND `level` = 2 AND `parent_id` = 1 ) ORDER BY sort ASC  [ RunTime:0.0010s ]
SQL: SHOW COLUMNS FROM `ad` [ RunTime:0.0080s ]
NOTIC: [2] call_user_func() expects parameter 1 to be a valid callback, no array or string given F:\tsewell\ThinkPHP\Library\Think\Upload.class.php 第 170 行.
NOTIC: [8] Undefined index: validate F:\tsewell\ThinkPHP\Library\Think\Model.class.php 第 1185 行.
NOTIC: [8] Undefined index: auto F:\tsewell\ThinkPHP\Library\Think\Model.class.php 第 1128 行.
SQL: INSERT INTO `ad` (`title`,`adspace_id`,`url`,`sort`,`status`,`img`) VALUES ('当幸福来敲门','1','http://tsewell.cn','2','1','20160829/57c39b25cea44.jpg') [ RunTime:0.0300s ]

[ 2016-08-29T10:17:11+08:00 ] 127.0.0.1 /home/ad/index.html
INFO: [ app_init ] --START--
INFO: Run Behavior\BuildLiteBehavior [ RunTime:0.000000s ]
INFO: [ app_init ] --END-- [ RunTime:0.001000s ]
INFO: [ app_begin ] --START--
INFO: Run Behavior\ReadHtmlCacheBehavior [ RunTime:0.001000s ]
INFO: [ app_begin ] --END-- [ RunTime:0.001000s ]
SQL: SHOW COLUMNS FROM `admin_menu` [ RunTime:0.0080s ]
SQL: SHOW COLUMNS FROM `admin` [ RunTime:0.0070s ]
SQL: SELECT * FROM `admin_menu` WHERE ( `status` = 1 AND `level` = 2 )  [ RunTime:0.0000s ]
SQL: SELECT `position_id` FROM `admin` WHERE ( `username` = 'tsewell' ) LIMIT 1   [ RunTime:0.0000s ]
SQL: SELECT * FROM `admin_menu` WHERE ( `status` = 1 AND `level` = 1 ) ORDER BY sort ASC  [ RunTime:0.0010s ]
SQL: SELECT * FROM `admin_menu` WHERE ( `status` = 1 AND `level` = 2 AND `parent_id` = 18 ) ORDER BY sort ASC  [ RunTime:0.0000s ]
SQL: SELECT * FROM `admin_menu` WHERE ( `status` = 1 AND `level` = 2 AND `parent_id` = 28 ) ORDER BY sort ASC  [ RunTime:0.0000s ]
SQL: SELECT * FROM `admin_menu` WHERE ( `status` = 1 AND `level` = 2 AND `parent_id` = 15 ) ORDER BY sort ASC  [ RunTime:0.0000s ]
SQL: SELECT * FROM `admin_menu` WHERE ( `status` = 1 AND `level` = 2 AND `parent_id` = 1 ) ORDER BY sort ASC  [ RunTime:0.0010s ]
SQL: SHOW COLUMNS FROM `adspace` [ RunTime:0.0050s ]
SQL: SELECT * FROM `adspace` WHERE ( `status` = 1 )  [ RunTime:0.0000s ]
SQL: SHOW COLUMNS FROM `ad` [ RunTime:0.0040s ]
SQL: SELECT COUNT(*) AS tp_count FROM `ad` LIMIT 1   [ RunTime:0.0000s ]
SQL: SELECT * FROM `ad` ORDER BY `id` DESC LIMIT 0,10   [ RunTime:0.0000s ]
SQL: SELECT `name` FROM `adspace` WHERE ( `id` = 1 ) LIMIT 1   [ RunTime:0.0000s ]
SQL: SELECT `name` FROM `adspace` WHERE ( `id` = 1 ) LIMIT 1   [ RunTime:0.0000s ]
INFO: [ view_parse ] --START--
INFO: Run Behavior\ParseTemplateBehavior [ RunTime:0.015001s ]
INFO: [ view_parse ] --END-- [ RunTime:0.016001s ]
INFO: [ view_filter ] --START--
INFO: Run Behavior\WriteHtmlCacheBehavior [ RunTime:0.000000s ]
INFO: [ view_filter ] --END-- [ RunTime:0.000000s ]
INFO: [ app_end ] --START--
INFO: Run Behavior\ShowPageTraceBehavior [ RunTime:0.001000s ]
INFO: [ app_end ] --END-- [ RunTime:0.001000s ]

[ 2016-08-29T10:17:14+08:00 ] 127.0.0.1 /home/ad/add
INFO: [ app_init ] --START--
INFO: Run Behavior\BuildLiteBehavior [ RunTime:0.000000s ]
INFO: [ app_init ] --END-- [ RunTime:0.001000s ]
INFO: [ app_begin ] --START--
INFO: Run Behavior\ReadHtmlCacheBehavior [ RunTime:0.000000s ]
INFO: [ app_begin ] --END-- [ RunTime:0.000000s ]
SQL: SHOW COLUMNS FROM `admin_menu` [ RunTime:0.0080s ]
SQL: SHOW COLUMNS FROM `admin` [ RunTime:0.0080s ]
SQL: SELECT * FROM `admin_menu` WHERE ( `status` = 1 AND `level` = 2 )  [ RunTime:0.0010s ]
SQL: SELECT `position_id` FROM `admin` WHERE ( `username` = 'tsewell' ) LIMIT 1   [ RunTime:0.0010s ]
SQL: SELECT * FROM `admin_menu` WHERE ( `status` = 1 AND `level` = 1 ) ORDER BY sort ASC  [ RunTime:0.0000s ]
SQL: SELECT * FROM `admin_menu` WHERE ( `status` = 1 AND `level` = 2 AND `parent_id` = 18 ) ORDER BY sort ASC  [ RunTime:0.0000s ]
SQL: SELECT * FROM `admin_menu` WHERE ( `status` = 1 AND `level` = 2 AND `parent_id` = 28 ) ORDER BY sort ASC  [ RunTime:0.0010s ]
SQL: SELECT * FROM `admin_menu` WHERE ( `status` = 1 AND `level` = 2 AND `parent_id` = 15 ) ORDER BY sort ASC  [ RunTime:0.0000s ]
SQL: SELECT * FROM `admin_menu` WHERE ( `status` = 1 AND `level` = 2 AND `parent_id` = 1 ) ORDER BY sort ASC  [ RunTime:0.0000s ]
SQL: SHOW COLUMNS FROM `ad` [ RunTime:0.0070s ]
SQL: SHOW COLUMNS FROM `adspace` [ RunTime:0.0080s ]
SQL: SELECT * FROM `adspace` WHERE ( `status` = 1 )  [ RunTime:0.0010s ]
INFO: [ view_parse ] --START--
INFO: Run Behavior\ParseTemplateBehavior [ RunTime:0.018001s ]
INFO: [ view_parse ] --END-- [ RunTime:0.018001s ]
INFO: [ view_filter ] --START--
INFO: Run Behavior\WriteHtmlCacheBehavior [ RunTime:0.001000s ]
INFO: [ view_filter ] --END-- [ RunTime:0.001000s ]
INFO: [ app_end ] --START--
INFO: Run Behavior\ShowPageTraceBehavior [ RunTime:0.001000s ]
INFO: [ app_end ] --END-- [ RunTime:0.001000s ]

[ 2016-08-29T10:17:36+08:00 ] 127.0.0.1 /home/ad/add
INFO: [ app_init ] --START--
INFO: Run Behavior\BuildLiteBehavior [ RunTime:0.000000s ]
INFO: [ app_init ] --END-- [ RunTime:0.000000s ]
INFO: [ app_begin ] --START--
INFO: Run Behavior\ReadHtmlCacheBehavior [ RunTime:0.000000s ]
INFO: [ app_begin ] --END-- [ RunTime:0.000000s ]
SQL: SHOW COLUMNS FROM `admin_menu` [ RunTime:0.0090s ]
SQL: SHOW COLUMNS FROM `admin` [ RunTime:0.0090s ]
SQL: SELECT * FROM `admin_menu` WHERE ( `status` = 1 AND `level` = 2 )  [ RunTime:0.0000s ]
SQL: SELECT `position_id` FROM `admin` WHERE ( `username` = 'tsewell' ) LIMIT 1   [ RunTime:0.0010s ]
SQL: SELECT * FROM `admin_menu` WHERE ( `status` = 1 AND `level` = 1 ) ORDER BY sort ASC  [ RunTime:0.0000s ]
SQL: SELECT * FROM `admin_menu` WHERE ( `status` = 1 AND `level` = 2 AND `parent_id` = 18 ) ORDER BY sort ASC  [ RunTime:0.0000s ]
SQL: SELECT * FROM `admin_menu` WHERE ( `status` = 1 AND `level` = 2 AND `parent_id` = 28 ) ORDER BY sort ASC  [ RunTime:0.0010s ]
SQL: SELECT * FROM `admin_menu` WHERE ( `status` = 1 AND `level` = 2 AND `parent_id` = 15 ) ORDER BY sort ASC  [ RunTime:0.0000s ]
SQL: SELECT * FROM `admin_menu` WHERE ( `status` = 1 AND `level` = 2 AND `parent_id` = 1 ) ORDER BY sort ASC  [ RunTime:0.0000s ]
SQL: SHOW COLUMNS FROM `ad` [ RunTime:0.0060s ]
NOTIC: [2] call_user_func() expects parameter 1 to be a valid callback, no array or string given F:\tsewell\ThinkPHP\Library\Think\Upload.class.php 第 170 行.
NOTIC: [8] Undefined index: validate F:\tsewell\ThinkPHP\Library\Think\Model.class.php 第 1185 行.
NOTIC: [8] Undefined index: auto F:\tsewell\ThinkPHP\Library\Think\Model.class.php 第 1128 行.
SQL: INSERT INTO `ad` (`title`,`adspace_id`,`url`,`sort`,`status`,`img`) VALUES ('阿甘正传','1','#','3','1','20160829/57c39b4000384.jpg') [ RunTime:0.0310s ]

[ 2016-08-29T10:17:37+08:00 ] 127.0.0.1 /home/ad/index.html
INFO: [ app_init ] --START--
INFO: Run Behavior\BuildLiteBehavior [ RunTime:0.000000s ]
INFO: [ app_init ] --END-- [ RunTime:0.000000s ]
INFO: [ app_begin ] --START--
INFO: Run Behavior\ReadHtmlCacheBehavior [ RunTime:0.001001s ]
INFO: [ app_begin ] --END-- [ RunTime:0.001001s ]
SQL: SHOW COLUMNS FROM `admin_menu` [ RunTime:0.0080s ]
SQL: SHOW COLUMNS FROM `admin` [ RunTime:0.0080s ]
SQL: SELECT * FROM `admin_menu` WHERE ( `status` = 1 AND `level` = 2 )  [ RunTime:0.0010s ]
SQL: SELECT `position_id` FROM `admin` WHERE ( `username` = 'tsewell' ) LIMIT 1   [ RunTime:0.0000s ]
SQL: SELECT * FROM `admin_menu` WHERE ( `status` = 1 AND `level` = 1 ) ORDER BY sort ASC  [ RunTime:0.0000s ]
SQL: SELECT * FROM `admin_menu` WHERE ( `status` = 1 AND `level` = 2 AND `parent_id` = 18 ) ORDER BY sort ASC  [ RunTime:0.0010s ]
SQL: SELECT * FROM `admin_menu` WHERE ( `status` = 1 AND `level` = 2 AND `parent_id` = 28 ) ORDER BY sort ASC  [ RunTime:0.0010s ]
SQL: SELECT * FROM `admin_menu` WHERE ( `status` = 1 AND `level` = 2 AND `parent_id` = 15 ) ORDER BY sort ASC  [ RunTime:0.0010s ]
SQL: SELECT * FROM `admin_menu` WHERE ( `status` = 1 AND `level` = 2 AND `parent_id` = 1 ) ORDER BY sort ASC  [ RunTime:0.0000s ]
SQL: SHOW COLUMNS FROM `adspace` [ RunTime:0.0070s ]
SQL: SELECT * FROM `adspace` WHERE ( `status` = 1 )  [ RunTime:0.0000s ]
SQL: SHOW COLUMNS FROM `ad` [ RunTime:0.0040s ]
SQL: SELECT COUNT(*) AS tp_count FROM `ad` LIMIT 1   [ RunTime:0.0010s ]
SQL: SELECT * FROM `ad` ORDER BY `id` DESC LIMIT 0,10   [ RunTime:0.0010s ]
SQL: SELECT `name` FROM `adspace` WHERE ( `id` = 1 ) LIMIT 1   [ RunTime:0.0000s ]
SQL: SELECT `name` FROM `adspace` WHERE ( `id` = 1 ) LIMIT 1   [ RunTime:0.0010s ]
SQL: SELECT `name` FROM `adspace` WHERE ( `id` = 1 ) LIMIT 1   [ RunTime:0.0000s ]
INFO: [ view_parse ] --START--
INFO: Run Behavior\ParseTemplateBehavior [ RunTime:0.016001s ]
INFO: [ view_parse ] --END-- [ RunTime:0.016001s ]
INFO: [ view_filter ] --START--
INFO: Run Behavior\WriteHtmlCacheBehavior [ RunTime:0.001000s ]
INFO: [ view_filter ] --END-- [ RunTime:0.001000s ]
INFO: [ app_end ] --START--
INFO: Run Behavior\ShowPageTraceBehavior [ RunTime:0.001000s ]
INFO: [ app_end ] --END-- [ RunTime:0.001000s ]

[ 2016-08-29T10:17:41+08:00 ] 127.0.0.1 /home/ad/add
INFO: [ app_init ] --START--
INFO: Run Behavior\BuildLiteBehavior [ RunTime:0.000000s ]
INFO: [ app_init ] --END-- [ RunTime:0.001000s ]
INFO: [ app_begin ] --START--
INFO: Run Behavior\ReadHtmlCacheBehavior [ RunTime:0.001000s ]
INFO: [ app_begin ] --END-- [ RunTime:0.001000s ]
SQL: SHOW COLUMNS FROM `admin_menu` [ RunTime:0.0090s ]
SQL: SHOW COLUMNS FROM `admin` [ RunTime:0.0080s ]
SQL: SELECT * FROM `admin_menu` WHERE ( `status` = 1 AND `level` = 2 )  [ RunTime:0.0010s ]
SQL: SELECT `position_id` FROM `admin` WHERE ( `username` = 'tsewell' ) LIMIT 1   [ RunTime:0.0010s ]
SQL: SELECT * FROM `admin_menu` WHERE ( `status` = 1 AND `level` = 1 ) ORDER BY sort ASC  [ RunTime:0.0010s ]
SQL: SELECT * FROM `admin_menu` WHERE ( `status` = 1 AND `level` = 2 AND `parent_id` = 18 ) ORDER BY sort ASC  [ RunTime:0.0000s ]
SQL: SELECT * FROM `admin_menu` WHERE ( `status` = 1 AND `level` = 2 AND `parent_id` = 28 ) ORDER BY sort ASC  [ RunTime:0.0000s ]
SQL: SELECT * FROM `admin_menu` WHERE ( `status` = 1 AND `level` = 2 AND `parent_id` = 15 ) ORDER BY sort ASC  [ RunTime:0.0010s ]
SQL: SELECT * FROM `admin_menu` WHERE ( `status` = 1 AND `level` = 2 AND `parent_id` = 1 ) ORDER BY sort ASC  [ RunTime:0.0010s ]
SQL: SHOW COLUMNS FROM `ad` [ RunTime:0.0080s ]
SQL: SHOW COLUMNS FROM `adspace` [ RunTime:0.0050s ]
SQL: SELECT * FROM `adspace` WHERE ( `status` = 1 )  [ RunTime:0.0000s ]
INFO: [ view_parse ] --START--
INFO: Run Behavior\ParseTemplateBehavior [ RunTime:0.017001s ]
INFO: [ view_parse ] --END-- [ RunTime:0.017001s ]
INFO: [ view_filter ] --START--
INFO: Run Behavior\WriteHtmlCacheBehavior [ RunTime:0.000000s ]
INFO: [ view_filter ] --END-- [ RunTime:0.000000s ]
INFO: [ app_end ] --START--
INFO: Run Behavior\ShowPageTraceBehavior [ RunTime:0.000000s ]
INFO: [ app_end ] --END-- [ RunTime:0.000000s ]

[ 2016-08-29T10:18:26+08:00 ] 127.0.0.1 /home/ad/add
INFO: [ app_init ] --START--
INFO: Run Behavior\BuildLiteBehavior [ RunTime:0.000000s ]
INFO: [ app_init ] --END-- [ RunTime:0.000000s ]
INFO: [ app_begin ] --START--
INFO: Run Behavior\ReadHtmlCacheBehavior [ RunTime:0.000000s ]
INFO: [ app_begin ] --END-- [ RunTime:0.000000s ]
SQL: SHOW COLUMNS FROM `admin_menu` [ RunTime:0.0080s ]
SQL: SHOW COLUMNS FROM `admin` [ RunTime:0.0070s ]
SQL: SELECT * FROM `admin_menu` WHERE ( `status` = 1 AND `level` = 2 )  [ RunTime:0.0010s ]
SQL: SELECT `position_id` FROM `admin` WHERE ( `username` = 'tsewell' ) LIMIT 1   [ RunTime:0.0010s ]
SQL: SELECT * FROM `admin_menu` WHERE ( `status` = 1 AND `level` = 1 ) ORDER BY sort ASC  [ RunTime:0.0010s ]
SQL: SELECT * FROM `admin_menu` WHERE ( `status` = 1 AND `level` = 2 AND `parent_id` = 18 ) ORDER BY sort ASC  [ RunTime:0.0000s ]
SQL: SELECT * FROM `admin_menu` WHERE ( `status` = 1 AND `level` = 2 AND `parent_id` = 28 ) ORDER BY sort ASC  [ RunTime:0.0000s ]
SQL: SELECT * FROM `admin_menu` WHERE ( `status` = 1 AND `level` = 2 AND `parent_id` = 15 ) ORDER BY sort ASC  [ RunTime:0.0010s ]
SQL: SELECT * FROM `admin_menu` WHERE ( `status` = 1 AND `level` = 2 AND `parent_id` = 1 ) ORDER BY sort ASC  [ RunTime:0.0010s ]
SQL: SHOW COLUMNS FROM `ad` [ RunTime:0.0040s ]
NOTIC: [2] call_user_func() expects parameter 1 to be a valid callback, no array or string given F:\tsewell\ThinkPHP\Library\Think\Upload.class.php 第 170 行.
NOTIC: [8] Undefined index: validate F:\tsewell\ThinkPHP\Library\Think\Model.class.php 第 1185 行.
NOTIC: [8] Undefined index: auto F:\tsewell\ThinkPHP\Library\Think\Model.class.php 第 1128 行.
SQL: INSERT INTO `ad` (`title`,`adspace_id`,`url`,`sort`,`status`,`img`) VALUES ('太阳照常升起','1','#','4','1','20160829/57c39b727dae5.jpg') [ RunTime:0.0440s ]

[ 2016-08-29T10:18:27+08:00 ] 127.0.0.1 /home/ad/index.html
INFO: [ app_init ] --START--
INFO: Run Behavior\BuildLiteBehavior [ RunTime:0.000000s ]
INFO: [ app_init ] --END-- [ RunTime:0.000000s ]
INFO: [ app_begin ] --START--
INFO: Run Behavior\ReadHtmlCacheBehavior [ RunTime:0.001000s ]
INFO: [ app_begin ] --END-- [ RunTime:0.001000s ]
SQL: SHOW COLUMNS FROM `admin_menu` [ RunTime:0.0090s ]
SQL: SHOW COLUMNS FROM `admin` [ RunTime:0.0080s ]
SQL: SELECT * FROM `admin_menu` WHERE ( `status` = 1 AND `level` = 2 )  [ RunTime:0.0010s ]
SQL: SELECT `position_id` FROM `admin` WHERE ( `username` = 'tsewell' ) LIMIT 1   [ RunTime:0.0010s ]
SQL: SELECT * FROM `admin_menu` WHERE ( `status` = 1 AND `level` = 1 ) ORDER BY sort ASC  [ RunTime:0.0000s ]
SQL: SELECT * FROM `admin_menu` WHERE ( `status` = 1 AND `level` = 2 AND `parent_id` = 18 ) ORDER BY sort ASC  [ RunTime:0.0000s ]
SQL: SELECT * FROM `admin_menu` WHERE ( `status` = 1 AND `level` = 2 AND `parent_id` = 28 ) ORDER BY sort ASC  [ RunTime:0.0010s ]
SQL: SELECT * FROM `admin_menu` WHERE ( `status` = 1 AND `level` = 2 AND `parent_id` = 15 ) ORDER BY sort ASC  [ RunTime:0.0010s ]
SQL: SELECT * FROM `admin_menu` WHERE ( `status` = 1 AND `level` = 2 AND `parent_id` = 1 ) ORDER BY sort ASC  [ RunTime:0.0000s ]
SQL: SHOW COLUMNS FROM `adspace` [ RunTime:0.0080s ]
SQL: SELECT * FROM `adspace` WHERE ( `status` = 1 )  [ RunTime:0.0010s ]
SQL: SHOW COLUMNS FROM `ad` [ RunTime:0.0050s ]
SQL: SELECT COUNT(*) AS tp_count FROM `ad` LIMIT 1   [ RunTime:0.0000s ]
SQL: SELECT * FROM `ad` ORDER BY `id` DESC LIMIT 0,10   [ RunTime:0.0000s ]
SQL: SELECT `name` FROM `adspace` WHERE ( `id` = 1 ) LIMIT 1   [ RunTime:0.0000s ]
SQL: SELECT `name` FROM `adspace` WHERE ( `id` = 1 ) LIMIT 1   [ RunTime:0.0010s ]
SQL: SELECT `name` FROM `adspace` WHERE ( `id` = 1 ) LIMIT 1   [ RunTime:0.0000s ]
SQL: SELECT `name` FROM `adspace` WHERE ( `id` = 1 ) LIMIT 1   [ RunTime:0.0010s ]
INFO: [ view_parse ] --START--
INFO: Run Behavior\ParseTemplateBehavior [ RunTime:0.015001s ]
INFO: [ view_parse ] --END-- [ RunTime:0.015001s ]
INFO: [ view_filter ] --START--
INFO: Run Behavior\WriteHtmlCacheBehavior [ RunTime:0.000000s ]
INFO: [ view_filter ] --END-- [ RunTime:0.000000s ]
INFO: [ app_end ] --START--
INFO: Run Behavior\ShowPageTraceBehavior [ RunTime:0.001000s ]
INFO: [ app_end ] --END-- [ RunTime:0.001000s ]

[ 2016-08-29T10:18:33+08:00 ] 127.0.0.1 /home/ad/add
INFO: [ app_init ] --START--
INFO: Run Behavior\BuildLiteBehavior [ RunTime:0.000000s ]
INFO: [ app_init ] --END-- [ RunTime:0.000000s ]
INFO: [ app_begin ] --START--
INFO: Run Behavior\ReadHtmlCacheBehavior [ RunTime:0.001000s ]
INFO: [ app_begin ] --END-- [ RunTime:0.001000s ]
SQL: SHOW COLUMNS FROM `admin_menu` [ RunTime:0.0080s ]
SQL: SHOW COLUMNS FROM `admin` [ RunTime:0.0070s ]
SQL: SELECT * FROM `admin_menu` WHERE ( `status` = 1 AND `level` = 2 )  [ RunTime:0.0010s ]
SQL: SELECT `position_id` FROM `admin` WHERE ( `username` = 'tsewell' ) LIMIT 1   [ RunTime:0.0000s ]
SQL: SELECT * FROM `admin_menu` WHERE ( `status` = 1 AND `level` = 1 ) ORDER BY sort ASC  [ RunTime:0.0000s ]
SQL: SELECT * FROM `admin_menu` WHERE ( `status` = 1 AND `level` = 2 AND `parent_id` = 18 ) ORDER BY sort ASC  [ RunTime:0.0010s ]
SQL: SELECT * FROM `admin_menu` WHERE ( `status` = 1 AND `level` = 2 AND `parent_id` = 28 ) ORDER BY sort ASC  [ RunTime:0.0000s ]
SQL: SELECT * FROM `admin_menu` WHERE ( `status` = 1 AND `level` = 2 AND `parent_id` = 15 ) ORDER BY sort ASC  [ RunTime:0.0000s ]
SQL: SELECT * FROM `admin_menu` WHERE ( `status` = 1 AND `level` = 2 AND `parent_id` = 1 ) ORDER BY sort ASC  [ RunTime:0.0010s ]
SQL: SHOW COLUMNS FROM `ad` [ RunTime:0.0080s ]
SQL: SHOW COLUMNS FROM `adspace` [ RunTime:0.0060s ]
SQL: SELECT * FROM `adspace` WHERE ( `status` = 1 )  [ RunTime:0.0000s ]
INFO: [ view_parse ] --START--
INFO: Run Behavior\ParseTemplateBehavior [ RunTime:0.016001s ]
INFO: [ view_parse ] --END-- [ RunTime:0.016001s ]
INFO: [ view_filter ] --START--
INFO: Run Behavior\WriteHtmlCacheBehavior [ RunTime:0.000000s ]
INFO: [ view_filter ] --END-- [ RunTime:0.000000s ]
INFO: [ app_end ] --START--
INFO: Run Behavior\ShowPageTraceBehavior [ RunTime:0.001000s ]
INFO: [ app_end ] --END-- [ RunTime:0.001000s ]

[ 2016-08-29T10:19:28+08:00 ] 127.0.0.1 /home/ad/add
INFO: [ app_init ] --START--
INFO: Run Behavior\BuildLiteBehavior [ RunTime:0.000000s ]
INFO: [ app_init ] --END-- [ RunTime:0.000000s ]
INFO: [ app_begin ] --START--
INFO: Run Behavior\ReadHtmlCacheBehavior [ RunTime:0.000000s ]
INFO: [ app_begin ] --END-- [ RunTime:0.000000s ]
SQL: SHOW COLUMNS FROM `admin_menu` [ RunTime:0.0090s ]
SQL: SHOW COLUMNS FROM `admin` [ RunTime:0.0090s ]
SQL: SELECT * FROM `admin_menu` WHERE ( `status` = 1 AND `level` = 2 )  [ RunTime:0.0000s ]
SQL: SELECT `position_id` FROM `admin` WHERE ( `username` = 'tsewell' ) LIMIT 1   [ RunTime:0.0000s ]
SQL: SELECT * FROM `admin_menu` WHERE ( `status` = 1 AND `level` = 1 ) ORDER BY sort ASC  [ RunTime:0.0000s ]
SQL: SELECT * FROM `admin_menu` WHERE ( `status` = 1 AND `level` = 2 AND `parent_id` = 18 ) ORDER BY sort ASC  [ RunTime:0.0010s ]
SQL: SELECT * FROM `admin_menu` WHERE ( `status` = 1 AND `level` = 2 AND `parent_id` = 28 ) ORDER BY sort ASC  [ RunTime:0.0010s ]
SQL: SELECT * FROM `admin_menu` WHERE ( `status` = 1 AND `level` = 2 AND `parent_id` = 15 ) ORDER BY sort ASC  [ RunTime:0.0010s ]
SQL: SELECT * FROM `admin_menu` WHERE ( `status` = 1 AND `level` = 2 AND `parent_id` = 1 ) ORDER BY sort ASC  [ RunTime:0.0010s ]
SQL: SHOW COLUMNS FROM `ad` [ RunTime:0.0050s ]
NOTIC: [2] call_user_func() expects parameter 1 to be a valid callback, no array or string given F:\tsewell\ThinkPHP\Library\Think\Upload.class.php 第 170 行.
NOTIC: [8] Undefined index: validate F:\tsewell\ThinkPHP\Library\Think\Model.class.php 第 1185 行.

[ 2016-08-29T10:19:31+08:00 ] 127.0.0.1 /home/ad/add
INFO: [ app_init ] --START--
INFO: Run Behavior\BuildLiteBehavior [ RunTime:0.000000s ]
INFO: [ app_init ] --END-- [ RunTime:0.001001s ]
INFO: [ app_begin ] --START--
INFO: Run Behavior\ReadHtmlCacheBehavior [ RunTime:0.000000s ]
INFO: [ app_begin ] --END-- [ RunTime:0.000000s ]
SQL: SHOW COLUMNS FROM `admin_menu` [ RunTime:0.0100s ]
SQL: SHOW COLUMNS FROM `admin` [ RunTime:0.0090s ]
SQL: SELECT * FROM `admin_menu` WHERE ( `status` = 1 AND `level` = 2 )  [ RunTime:0.0000s ]
SQL: SELECT `position_id` FROM `admin` WHERE ( `username` = 'tsewell' ) LIMIT 1   [ RunTime:0.0000s ]
SQL: SELECT * FROM `admin_menu` WHERE ( `status` = 1 AND `level` = 1 ) ORDER BY sort ASC  [ RunTime:0.0010s ]
SQL: SELECT * FROM `admin_menu` WHERE ( `status` = 1 AND `level` = 2 AND `parent_id` = 18 ) ORDER BY sort ASC  [ RunTime:0.0000s ]
SQL: SELECT * FROM `admin_menu` WHERE ( `status` = 1 AND `level` = 2 AND `parent_id` = 28 ) ORDER BY sort ASC  [ RunTime:0.0000s ]
SQL: SELECT * FROM `admin_menu` WHERE ( `status` = 1 AND `level` = 2 AND `parent_id` = 15 ) ORDER BY sort ASC  [ RunTime:0.0010s ]
SQL: SELECT * FROM `admin_menu` WHERE ( `status` = 1 AND `level` = 2 AND `parent_id` = 1 ) ORDER BY sort ASC  [ RunTime:0.0000s ]
SQL: SHOW COLUMNS FROM `ad` [ RunTime:0.0050s ]
SQL: SHOW COLUMNS FROM `adspace` [ RunTime:0.0050s ]
SQL: SELECT * FROM `adspace` WHERE ( `status` = 1 )  [ RunTime:0.0010s ]
INFO: [ view_parse ] --START--
INFO: Run Behavior\ParseTemplateBehavior [ RunTime:0.018001s ]
INFO: [ view_parse ] --END-- [ RunTime:0.018001s ]
INFO: [ view_filter ] --START--
INFO: Run Behavior\WriteHtmlCacheBehavior [ RunTime:0.000000s ]
INFO: [ view_filter ] --END-- [ RunTime:0.001000s ]
INFO: [ app_end ] --START--
INFO: Run Behavior\ShowPageTraceBehavior [ RunTime:0.000000s ]
INFO: [ app_end ] --END-- [ RunTime:0.000000s ]

[ 2016-08-29T10:19:35+08:00 ] 127.0.0.1 /home/ad/add
INFO: [ app_init ] --START--
INFO: Run Behavior\BuildLiteBehavior [ RunTime:0.000000s ]
INFO: [ app_init ] --END-- [ RunTime:0.000000s ]
INFO: [ app_begin ] --START--
INFO: Run Behavior\ReadHtmlCacheBehavior [ RunTime:0.000000s ]
INFO: [ app_begin ] --END-- [ RunTime:0.000000s ]
SQL: SHOW COLUMNS FROM `admin_menu` [ RunTime:0.0100s ]
SQL: SHOW COLUMNS FROM `admin` [ RunTime:0.0090s ]
SQL: SELECT * FROM `admin_menu` WHERE ( `status` = 1 AND `level` = 2 )  [ RunTime:0.0010s ]
SQL: SELECT `position_id` FROM `admin` WHERE ( `username` = 'tsewell' ) LIMIT 1   [ RunTime:0.0010s ]
SQL: SELECT * FROM `admin_menu` WHERE ( `status` = 1 AND `level` = 1 ) ORDER BY sort ASC  [ RunTime:0.0000s ]
SQL: SELECT * FROM `admin_menu` WHERE ( `status` = 1 AND `level` = 2 AND `parent_id` = 18 ) ORDER BY sort ASC  [ RunTime:0.0000s ]
SQL: SELECT * FROM `admin_menu` WHERE ( `status` = 1 AND `level` = 2 AND `parent_id` = 28 ) ORDER BY sort ASC  [ RunTime:0.0000s ]
SQL: SELECT * FROM `admin_menu` WHERE ( `status` = 1 AND `level` = 2 AND `parent_id` = 15 ) ORDER BY sort ASC  [ RunTime:0.0010s ]
SQL: SELECT * FROM `admin_menu` WHERE ( `status` = 1 AND `level` = 2 AND `parent_id` = 1 ) ORDER BY sort ASC  [ RunTime:0.0010s ]
SQL: SHOW COLUMNS FROM `ad` [ RunTime:0.0050s ]
NOTIC: [2] call_user_func() expects parameter 1 to be a valid callback, no array or string given F:\tsewell\ThinkPHP\Library\Think\Upload.class.php 第 170 行.
NOTIC: [8] Undefined index: validate F:\tsewell\ThinkPHP\Library\Think\Model.class.php 第 1185 行.
NOTIC: [8] Undefined index: auto F:\tsewell\ThinkPHP\Library\Think\Model.class.php 第 1128 行.
SQL: INSERT INTO `ad` (`title`,`adspace_id`,`url`,`sort`,`status`,`img`) VALUES ('权力的游戏','1','#','6','1','20160829/57c39bb7ce7bb.jpg') [ RunTime:0.0300s ]

[ 2016-08-29T10:19:36+08:00 ] 127.0.0.1 /home/ad/index.html
INFO: [ app_init ] --START--
INFO: Run Behavior\BuildLiteBehavior [ RunTime:0.000000s ]
INFO: [ app_init ] --END-- [ RunTime:0.000000s ]
INFO: [ app_begin ] --START--
INFO: Run Behavior\ReadHtmlCacheBehavior [ RunTime:0.001000s ]
INFO: [ app_begin ] --END-- [ RunTime:0.001000s ]
SQL: SHOW COLUMNS FROM `admin_menu` [ RunTime:0.0070s ]
SQL: SHOW COLUMNS FROM `admin` [ RunTime:0.0050s ]
SQL: SELECT * FROM `admin_menu` WHERE ( `status` = 1 AND `level` = 2 )  [ RunTime:0.0000s ]
SQL: SELECT `position_id` FROM `admin` WHERE ( `username` = 'tsewell' ) LIMIT 1   [ RunTime:0.0010s ]
SQL: SELECT * FROM `admin_menu` WHERE ( `status` = 1 AND `level` = 1 ) ORDER BY sort ASC  [ RunTime:0.0000s ]
SQL: SELECT * FROM `admin_menu` WHERE ( `status` = 1 AND `level` = 2 AND `parent_id` = 18 ) ORDER BY sort ASC  [ RunTime:0.0010s ]
SQL: SELECT * FROM `admin_menu` WHERE ( `status` = 1 AND `level` = 2 AND `parent_id` = 28 ) ORDER BY sort ASC  [ RunTime:0.0000s ]
SQL: SELECT * FROM `admin_menu` WHERE ( `status` = 1 AND `level` = 2 AND `parent_id` = 15 ) ORDER BY sort ASC  [ RunTime:0.0010s ]
SQL: SELECT * FROM `admin_menu` WHERE ( `status` = 1 AND `level` = 2 AND `parent_id` = 1 ) ORDER BY sort ASC  [ RunTime:0.0010s ]
SQL: SHOW COLUMNS FROM `adspace` [ RunTime:0.0050s ]
SQL: SELECT * FROM `adspace` WHERE ( `status` = 1 )  [ RunTime:0.0000s ]
SQL: SHOW COLUMNS FROM `ad` [ RunTime:0.0060s ]
SQL: SELECT COUNT(*) AS tp_count FROM `ad` LIMIT 1   [ RunTime:0.0010s ]
SQL: SELECT * FROM `ad` ORDER BY `id` DESC LIMIT 0,10   [ RunTime:0.0000s ]
SQL: SELECT `name` FROM `adspace` WHERE ( `id` = 1 ) LIMIT 1   [ RunTime:0.0000s ]
SQL: SELECT `name` FROM `adspace` WHERE ( `id` = 1 ) LIMIT 1   [ RunTime:0.0000s ]
SQL: SELECT `name` FROM `adspace` WHERE ( `id` = 1 ) LIMIT 1   [ RunTime:0.0010s ]
SQL: SELECT `name` FROM `adspace` WHERE ( `id` = 1 ) LIMIT 1   [ RunTime:0.0000s ]
SQL: SELECT `name` FROM `adspace` WHERE ( `id` = 1 ) LIMIT 1   [ RunTime:0.0000s ]
INFO: [ view_parse ] --START--
INFO: Run Behavior\ParseTemplateBehavior [ RunTime:0.014001s ]
INFO: [ view_parse ] --END-- [ RunTime:0.014001s ]
INFO: [ view_filter ] --START--
INFO: Run Behavior\WriteHtmlCacheBehavior [ RunTime:0.000000s ]
INFO: [ view_filter ] --END-- [ RunTime:0.000000s ]
INFO: [ app_end ] --START--
INFO: Run Behavior\ShowPageTraceBehavior [ RunTime:0.001000s ]
INFO: [ app_end ] --END-- [ RunTime:0.001000s ]

[ 2016-08-29T10:19:45+08:00 ] 127.0.0.1 /home/ad/add
INFO: [ app_init ] --START--
INFO: Run Behavior\BuildLiteBehavior [ RunTime:0.000000s ]
INFO: [ app_init ] --END-- [ RunTime:0.000000s ]
INFO: [ app_begin ] --START--
INFO: Run Behavior\ReadHtmlCacheBehavior [ RunTime:0.000000s ]
INFO: [ app_begin ] --END-- [ RunTime:0.000000s ]
SQL: SHOW COLUMNS FROM `admin_menu` [ RunTime:0.0070s ]
SQL: SHOW COLUMNS FROM `admin` [ RunTime:0.0070s ]
SQL: SELECT * FROM `admin_menu` WHERE ( `status` = 1 AND `level` = 2 )  [ RunTime:0.0010s ]
SQL: SELECT `position_id` FROM `admin` WHERE ( `username` = 'tsewell' ) LIMIT 1   [ RunTime:0.0000s ]
SQL: SELECT * FROM `admin_menu` WHERE ( `status` = 1 AND `level` = 1 ) ORDER BY sort ASC  [ RunTime:0.0000s ]
SQL: SELECT * FROM `admin_menu` WHERE ( `status` = 1 AND `level` = 2 AND `parent_id` = 18 ) ORDER BY sort ASC  [ RunTime:0.0000s ]
SQL: SELECT * FROM `admin_menu` WHERE ( `status` = 1 AND `level` = 2 AND `parent_id` = 28 ) ORDER BY sort ASC  [ RunTime:0.0000s ]
SQL: SELECT * FROM `admin_menu` WHERE ( `status` = 1 AND `level` = 2 AND `parent_id` = 15 ) ORDER BY sort ASC  [ RunTime:0.0000s ]
SQL: SELECT * FROM `admin_menu` WHERE ( `status` = 1 AND `level` = 2 AND `parent_id` = 1 ) ORDER BY sort ASC  [ RunTime:0.0010s ]
SQL: SHOW COLUMNS FROM `ad` [ RunTime:0.0070s ]
SQL: SHOW COLUMNS FROM `adspace` [ RunTime:0.0060s ]
SQL: SELECT * FROM `adspace` WHERE ( `status` = 1 )  [ RunTime:0.0000s ]
INFO: [ view_parse ] --START--
INFO: Run Behavior\ParseTemplateBehavior [ RunTime:0.017001s ]
INFO: [ view_parse ] --END-- [ RunTime:0.017001s ]
INFO: [ view_filter ] --START--
INFO: Run Behavior\WriteHtmlCacheBehavior [ RunTime:0.000000s ]
INFO: [ view_filter ] --END-- [ RunTime:0.000000s ]
INFO: [ app_end ] --START--
INFO: Run Behavior\ShowPageTraceBehavior [ RunTime:0.001000s ]
INFO: [ app_end ] --END-- [ RunTime:0.001000s ]

[ 2016-08-29T10:20:01+08:00 ] 127.0.0.1 /home/ad/add
INFO: [ app_init ] --START--
INFO: Run Behavior\BuildLiteBehavior [ RunTime:0.000000s ]
INFO: [ app_init ] --END-- [ RunTime:0.000000s ]
INFO: [ app_begin ] --START--
INFO: Run Behavior\ReadHtmlCacheBehavior [ RunTime:0.000000s ]
INFO: [ app_begin ] --END-- [ RunTime:0.000000s ]
SQL: SHOW COLUMNS FROM `admin_menu` [ RunTime:0.0080s ]
SQL: SHOW COLUMNS FROM `admin` [ RunTime:0.0100s ]
SQL: SELECT * FROM `admin_menu` WHERE ( `status` = 1 AND `level` = 2 )  [ RunTime:0.0000s ]
SQL: SELECT `position_id` FROM `admin` WHERE ( `username` = 'tsewell' ) LIMIT 1   [ RunTime:0.0000s ]
SQL: SELECT * FROM `admin_menu` WHERE ( `status` = 1 AND `level` = 1 ) ORDER BY sort ASC  [ RunTime:0.0010s ]
SQL: SELECT * FROM `admin_menu` WHERE ( `status` = 1 AND `level` = 2 AND `parent_id` = 18 ) ORDER BY sort ASC  [ RunTime:0.0000s ]
SQL: SELECT * FROM `admin_menu` WHERE ( `status` = 1 AND `level` = 2 AND `parent_id` = 28 ) ORDER BY sort ASC  [ RunTime:0.0000s ]
SQL: SELECT * FROM `admin_menu` WHERE ( `status` = 1 AND `level` = 2 AND `parent_id` = 15 ) ORDER BY sort ASC  [ RunTime:0.0010s ]
SQL: SELECT * FROM `admin_menu` WHERE ( `status` = 1 AND `level` = 2 AND `parent_id` = 1 ) ORDER BY sort ASC  [ RunTime:0.0000s ]
SQL: SHOW COLUMNS FROM `ad` [ RunTime:0.0080s ]
NOTIC: [2] call_user_func() expects parameter 1 to be a valid callback, no array or string given F:\tsewell\ThinkPHP\Library\Think\Upload.class.php 第 170 行.
NOTIC: [8] Undefined index: validate F:\tsewell\ThinkPHP\Library\Think\Model.class.php 第 1185 行.
NOTIC: [8] Undefined index: auto F:\tsewell\ThinkPHP\Library\Think\Model.class.php 第 1128 行.
SQL: INSERT INTO `ad` (`title`,`adspace_id`,`url`,`sort`,`status`,`img`) VALUES ('蛋炒饭','1','#','5','1','20160829/57c39bd159e57.jpg') [ RunTime:0.1090s ]

[ 2016-08-29T10:20:02+08:00 ] 127.0.0.1 /home/ad/index.html
INFO: [ app_init ] --START--
INFO: Run Behavior\BuildLiteBehavior [ RunTime:0.000000s ]
INFO: [ app_init ] --END-- [ RunTime:0.001000s ]
INFO: [ app_begin ] --START--
INFO: Run Behavior\ReadHtmlCacheBehavior [ RunTime:0.001000s ]
INFO: [ app_begin ] --END-- [ RunTime:0.001000s ]
SQL: SHOW COLUMNS FROM `admin_menu` [ RunTime:0.0090s ]
SQL: SHOW COLUMNS FROM `admin` [ RunTime:0.0080s ]
SQL: SELECT * FROM `admin_menu` WHERE ( `status` = 1 AND `level` = 2 )  [ RunTime:0.0000s ]
SQL: SELECT `position_id` FROM `admin` WHERE ( `username` = 'tsewell' ) LIMIT 1   [ RunTime:0.0010s ]
SQL: SELECT * FROM `admin_menu` WHERE ( `status` = 1 AND `level` = 1 ) ORDER BY sort ASC  [ RunTime:0.0000s ]
SQL: SELECT * FROM `admin_menu` WHERE ( `status` = 1 AND `level` = 2 AND `parent_id` = 18 ) ORDER BY sort ASC  [ RunTime:0.0010s ]
SQL: SELECT * FROM `admin_menu` WHERE ( `status` = 1 AND `level` = 2 AND `parent_id` = 28 ) ORDER BY sort ASC  [ RunTime:0.0010s ]
SQL: SELECT * FROM `admin_menu` WHERE ( `status` = 1 AND `level` = 2 AND `parent_id` = 15 ) ORDER BY sort ASC  [ RunTime:0.0000s ]
SQL: SELECT * FROM `admin_menu` WHERE ( `status` = 1 AND `level` = 2 AND `parent_id` = 1 ) ORDER BY sort ASC  [ RunTime:0.0010s ]
SQL: SHOW COLUMNS FROM `adspace` [ RunTime:0.0080s ]
SQL: SELECT * FROM `adspace` WHERE ( `status` = 1 )  [ RunTime:0.0010s ]
SQL: SHOW COLUMNS FROM `ad` [ RunTime:0.0060s ]
SQL: SELECT COUNT(*) AS tp_count FROM `ad` LIMIT 1   [ RunTime:0.0010s ]
SQL: SELECT * FROM `ad` ORDER BY `id` DESC LIMIT 0,10   [ RunTime:0.0010s ]
SQL: SELECT `name` FROM `adspace` WHERE ( `id` = 1 ) LIMIT 1   [ RunTime:0.0000s ]
SQL: SELECT `name` FROM `adspace` WHERE ( `id` = 1 ) LIMIT 1   [ RunTime:0.0000s ]
SQL: SELECT `name` FROM `adspace` WHERE ( `id` = 1 ) LIMIT 1   [ RunTime:0.0000s ]
SQL: SELECT `name` FROM `adspace` WHERE ( `id` = 1 ) LIMIT 1   [ RunTime:0.0000s ]
SQL: SELECT `name` FROM `adspace` WHERE ( `id` = 1 ) LIMIT 1   [ RunTime:0.0000s ]
SQL: SELECT `name` FROM `adspace` WHERE ( `id` = 1 ) LIMIT 1   [ RunTime:0.0000s ]
INFO: [ view_parse ] --START--
INFO: Run Behavior\ParseTemplateBehavior [ RunTime:0.015001s ]
INFO: [ view_parse ] --END-- [ RunTime:0.015001s ]
INFO: [ view_filter ] --START--
INFO: Run Behavior\WriteHtmlCacheBehavior [ RunTime:0.000000s ]
INFO: [ view_filter ] --END-- [ RunTime:0.000000s ]
INFO: [ app_end ] --START--
INFO: Run Behavior\ShowPageTraceBehavior [ RunTime:0.001000s ]
INFO: [ app_end ] --END-- [ RunTime:0.001000s ]

[ 2016-08-29T10:20:05+08:00 ] 127.0.0.1 /home/ad/add
INFO: [ app_init ] --START--
INFO: Run Behavior\BuildLiteBehavior [ RunTime:0.000000s ]
INFO: [ app_init ] --END-- [ RunTime:0.001000s ]
INFO: [ app_begin ] --START--
INFO: Run Behavior\ReadHtmlCacheBehavior [ RunTime:0.000000s ]
INFO: [ app_begin ] --END-- [ RunTime:0.000000s ]
SQL: SHOW COLUMNS FROM `admin_menu` [ RunTime:0.0070s ]
SQL: SHOW COLUMNS FROM `admin` [ RunTime:0.0070s ]
SQL: SELECT * FROM `admin_menu` WHERE ( `status` = 1 AND `level` = 2 )  [ RunTime:0.0000s ]
SQL: SELECT `position_id` FROM `admin` WHERE ( `username` = 'tsewell' ) LIMIT 1   [ RunTime:0.0000s ]
SQL: SELECT * FROM `admin_menu` WHERE ( `status` = 1 AND `level` = 1 ) ORDER BY sort ASC  [ RunTime:0.0010s ]
SQL: SELECT * FROM `admin_menu` WHERE ( `status` = 1 AND `level` = 2 AND `parent_id` = 18 ) ORDER BY sort ASC  [ RunTime:0.0000s ]
SQL: SELECT * FROM `admin_menu` WHERE ( `status` = 1 AND `level` = 2 AND `parent_id` = 28 ) ORDER BY sort ASC  [ RunTime:0.0000s ]
SQL: SELECT * FROM `admin_menu` WHERE ( `status` = 1 AND `level` = 2 AND `parent_id` = 15 ) ORDER BY sort ASC  [ RunTime:0.0000s ]
SQL: SELECT * FROM `admin_menu` WHERE ( `status` = 1 AND `level` = 2 AND `parent_id` = 1 ) ORDER BY sort ASC  [ RunTime:0.0010s ]
SQL: SHOW COLUMNS FROM `ad` [ RunTime:0.0060s ]
SQL: SHOW COLUMNS FROM `adspace` [ RunTime:0.0040s ]
SQL: SELECT * FROM `adspace` WHERE ( `status` = 1 )  [ RunTime:0.0000s ]
INFO: [ view_parse ] --START--
INFO: Run Behavior\ParseTemplateBehavior [ RunTime:0.016000s ]
INFO: [ view_parse ] --END-- [ RunTime:0.016000s ]
INFO: [ view_filter ] --START--
INFO: Run Behavior\WriteHtmlCacheBehavior [ RunTime:0.000000s ]
INFO: [ view_filter ] --END-- [ RunTime:0.000000s ]
INFO: [ app_end ] --START--
INFO: Run Behavior\ShowPageTraceBehavior [ RunTime:0.001001s ]
INFO: [ app_end ] --END-- [ RunTime:0.001001s ]

[ 2016-08-29T10:20:28+08:00 ] 127.0.0.1 /home/ad/add
INFO: [ app_init ] --START--
INFO: Run Behavior\BuildLiteBehavior [ RunTime:0.000000s ]
INFO: [ app_init ] --END-- [ RunTime:0.000000s ]
INFO: [ app_begin ] --START--
INFO: Run Behavior\ReadHtmlCacheBehavior [ RunTime:0.000000s ]
INFO: [ app_begin ] --END-- [ RunTime:0.000000s ]
SQL: SHOW COLUMNS FROM `admin_menu` [ RunTime:0.0090s ]
SQL: SHOW COLUMNS FROM `admin` [ RunTime:0.0080s ]
SQL: SELECT * FROM `admin_menu` WHERE ( `status` = 1 AND `level` = 2 )  [ RunTime:0.0010s ]
SQL: SELECT `position_id` FROM `admin` WHERE ( `username` = 'tsewell' ) LIMIT 1   [ RunTime:0.0010s ]
SQL: SELECT * FROM `admin_menu` WHERE ( `status` = 1 AND `level` = 1 ) ORDER BY sort ASC  [ RunTime:0.0000s ]
SQL: SELECT * FROM `admin_menu` WHERE ( `status` = 1 AND `level` = 2 AND `parent_id` = 18 ) ORDER BY sort ASC  [ RunTime:0.0000s ]
SQL: SELECT * FROM `admin_menu` WHERE ( `status` = 1 AND `level` = 2 AND `parent_id` = 28 ) ORDER BY sort ASC  [ RunTime:0.0010s ]
SQL: SELECT * FROM `admin_menu` WHERE ( `status` = 1 AND `level` = 2 AND `parent_id` = 15 ) ORDER BY sort ASC  [ RunTime:0.0010s ]
SQL: SELECT * FROM `admin_menu` WHERE ( `status` = 1 AND `level` = 2 AND `parent_id` = 1 ) ORDER BY sort ASC  [ RunTime:0.0000s ]
SQL: SHOW COLUMNS FROM `ad` [ RunTime:0.0060s ]
NOTIC: [2] call_user_func() expects parameter 1 to be a valid callback, no array or string given F:\tsewell\ThinkPHP\Library\Think\Upload.class.php 第 170 行.
NOTIC: [8] Undefined index: validate F:\tsewell\ThinkPHP\Library\Think\Model.class.php 第 1185 行.
NOTIC: [8] Undefined index: auto F:\tsewell\ThinkPHP\Library\Think\Model.class.php 第 1128 行.
SQL: INSERT INTO `ad` (`title`,`adspace_id`,`url`,`sort`,`status`,`img`) VALUES ('DOTA2','1','#','7','1','20160829/57c39bec38177.jpg') [ RunTime:0.0350s ]

[ 2016-08-29T10:20:29+08:00 ] 127.0.0.1 /home/ad/index.html
INFO: [ app_init ] --START--
INFO: Run Behavior\BuildLiteBehavior [ RunTime:0.000000s ]
INFO: [ app_init ] --END-- [ RunTime:0.000000s ]
INFO: [ app_begin ] --START--
INFO: Run Behavior\ReadHtmlCacheBehavior [ RunTime:0.001000s ]
INFO: [ app_begin ] --END-- [ RunTime:0.001000s ]
SQL: SHOW COLUMNS FROM `admin_menu` [ RunTime:0.0070s ]
SQL: SHOW COLUMNS FROM `admin` [ RunTime:0.0080s ]
SQL: SELECT * FROM `admin_menu` WHERE ( `status` = 1 AND `level` = 2 )  [ RunTime:0.0010s ]
SQL: SELECT `position_id` FROM `admin` WHERE ( `username` = 'tsewell' ) LIMIT 1   [ RunTime:0.0000s ]
SQL: SELECT * FROM `admin_menu` WHERE ( `status` = 1 AND `level` = 1 ) ORDER BY sort ASC  [ RunTime:0.0000s ]
SQL: SELECT * FROM `admin_menu` WHERE ( `status` = 1 AND `level` = 2 AND `parent_id` = 18 ) ORDER BY sort ASC  [ RunTime:0.0010s ]
SQL: SELECT * FROM `admin_menu` WHERE ( `status` = 1 AND `level` = 2 AND `parent_id` = 28 ) ORDER BY sort ASC  [ RunTime:0.0010s ]
SQL: SELECT * FROM `admin_menu` WHERE ( `status` = 1 AND `level` = 2 AND `parent_id` = 15 ) ORDER BY sort ASC  [ RunTime:0.0000s ]
SQL: SELECT * FROM `admin_menu` WHERE ( `status` = 1 AND `level` = 2 AND `parent_id` = 1 ) ORDER BY sort ASC  [ RunTime:0.0010s ]
SQL: SHOW COLUMNS FROM `adspace` [ RunTime:0.0080s ]
SQL: SELECT * FROM `adspace` WHERE ( `status` = 1 )  [ RunTime:0.0010s ]
SQL: SHOW COLUMNS FROM `ad` [ RunTime:0.0090s ]
SQL: SELECT COUNT(*) AS tp_count FROM `ad` LIMIT 1   [ RunTime:0.0010s ]
SQL: SELECT * FROM `ad` ORDER BY `id` DESC LIMIT 0,10   [ RunTime:0.0000s ]
SQL: SELECT `name` FROM `adspace` WHERE ( `id` = 1 ) LIMIT 1   [ RunTime:0.0010s ]
SQL: SELECT `name` FROM `adspace` WHERE ( `id` = 1 ) LIMIT 1   [ RunTime:0.0000s ]
SQL: SELECT `name` FROM `adspace` WHERE ( `id` = 1 ) LIMIT 1   [ RunTime:0.0000s ]
SQL: SELECT `name` FROM `adspace` WHERE ( `id` = 1 ) LIMIT 1   [ RunTime:0.0010s ]
SQL: SELECT `name` FROM `adspace` WHERE ( `id` = 1 ) LIMIT 1   [ RunTime:0.0000s ]
SQL: SELECT `name` FROM `adspace` WHERE ( `id` = 1 ) LIMIT 1   [ RunTime:0.0010s ]
SQL: SELECT `name` FROM `adspace` WHERE ( `id` = 1 ) LIMIT 1   [ RunTime:0.0000s ]
INFO: [ view_parse ] --START--
INFO: Run Behavior\ParseTemplateBehavior [ RunTime:0.018001s ]
INFO: [ view_parse ] --END-- [ RunTime:0.018001s ]
INFO: [ view_filter ] --START--
INFO: Run Behavior\WriteHtmlCacheBehavior [ RunTime:0.000000s ]
INFO: [ view_filter ] --END-- [ RunTime:0.000000s ]
INFO: [ app_end ] --START--
INFO: Run Behavior\ShowPageTraceBehavior [ RunTime:0.001000s ]
INFO: [ app_end ] --END-- [ RunTime:0.001000s ]

[ 2016-08-29T10:31:57+08:00 ] 127.0.0.1 /home/menu/index
INFO: [ app_init ] --START--
INFO: Run Behavior\BuildLiteBehavior [ RunTime:0.000000s ]
INFO: [ app_init ] --END-- [ RunTime:0.001000s ]
INFO: [ app_begin ] --START--
INFO: Run Behavior\ReadHtmlCacheBehavior [ RunTime:0.000000s ]
INFO: [ app_begin ] --END-- [ RunTime:0.000000s ]
SQL: SHOW COLUMNS FROM `admin_menu` [ RunTime:0.0090s ]
SQL: SHOW COLUMNS FROM `admin` [ RunTime:0.0090s ]
SQL: SELECT * FROM `admin_menu` WHERE ( `status` = 1 AND `level` = 2 )  [ RunTime:0.0010s ]
SQL: SELECT `position_id` FROM `admin` WHERE ( `username` = 'tsewell' ) LIMIT 1   [ RunTime:0.0010s ]
SQL: SELECT * FROM `admin_menu` WHERE ( `status` = 1 AND `level` = 1 ) ORDER BY sort ASC  [ RunTime:0.0010s ]
SQL: SELECT * FROM `admin_menu` WHERE ( `status` = 1 AND `level` = 2 AND `parent_id` = 18 ) ORDER BY sort ASC  [ RunTime:0.0000s ]
SQL: SELECT * FROM `admin_menu` WHERE ( `status` = 1 AND `level` = 2 AND `parent_id` = 28 ) ORDER BY sort ASC  [ RunTime:0.0010s ]
SQL: SELECT * FROM `admin_menu` WHERE ( `status` = 1 AND `level` = 2 AND `parent_id` = 15 ) ORDER BY sort ASC  [ RunTime:0.0010s ]
SQL: SELECT * FROM `admin_menu` WHERE ( `status` = 1 AND `level` = 2 AND `parent_id` = 1 ) ORDER BY sort ASC  [ RunTime:0.0000s ]
NOTIC: [8] Undefined index: id F:\tsewell\Application\Home\Controller\MenuController.class.php 第 18 行.
SQL: SELECT COUNT(*) AS tp_count FROM `admin_menu` WHERE ( `level` = 1 ) LIMIT 1   [ RunTime:0.0000s ]
SQL: SELECT * FROM `admin_menu` WHERE ( `level` = 1 ) ORDER BY sort ASC LIMIT 0,10   [ RunTime:0.0010s ]
INFO: [ view_parse ] --START--
NOTIC: [2] filemtime(): stat failed for ./Application/Runtime/Cache\a8b63bd0fa3ca7daecc97729565fbd4ccb185b0d.file.index.html.php F:\tsewell\ThinkPHP\Library\Vendor\Smarty\sysplugins\smarty_resource.php 第 683 行.
NOTIC: [2] unlink(./Application/Runtime/Cache\a8b63bd0fa3ca7daecc97729565fbd4ccb185b0d.file.index.html.php): No such file or directory F:\tsewell\ThinkPHP\Library\Vendor\Smarty\sysplugins\smarty_internal_write_file.php 第 49 行.
INFO: Run Behavior\ParseTemplateBehavior [ RunTime:0.052003s ]
INFO: [ view_parse ] --END-- [ RunTime:0.052003s ]
INFO: [ view_filter ] --START--
INFO: Run Behavior\WriteHtmlCacheBehavior [ RunTime:0.000000s ]
INFO: [ view_filter ] --END-- [ RunTime:0.001000s ]
INFO: [ app_end ] --START--
INFO: Run Behavior\ShowPageTraceBehavior [ RunTime:0.000000s ]
INFO: [ app_end ] --END-- [ RunTime:0.000000s ]

