[ 2016-09-08T11:07:41+08:00 ] 127.0.0.1 /home/menu/index
INFO: [ app_init ] --START--
INFO: Run Behavior\BuildLiteBehavior [ RunTime:0.000000s ]
INFO: [ app_init ] --END-- [ RunTime:0.012000s ]
INFO: [ app_begin ] --START--
INFO: Run Behavior\ReadHtmlCacheBehavior [ RunTime:0.001000s ]
INFO: [ app_begin ] --END-- [ RunTime:0.001000s ]

[ 2016-09-08T11:07:44+08:00 ] 127.0.0.1 /home/index/login.html
INFO: [ app_init ] --START--
INFO: Run Behavior\BuildLiteBehavior [ RunTime:0.000000s ]
INFO: [ app_init ] --END-- [ RunTime:0.001001s ]
INFO: [ app_begin ] --START--
INFO: Run Behavior\ReadHtmlCacheBehavior [ RunTime:0.001000s ]
INFO: [ app_begin ] --END-- [ RunTime:0.001000s ]
SQL: SHOW COLUMNS FROM `admin_menu` [ RunTime:0.2520s ]
SQL: SHOW COLUMNS FROM `admin` [ RunTime:0.0480s ]
SQL: SELECT * FROM `admin_menu` WHERE ( `status` = 1 AND `level` = 2 )  [ RunTime:0.0670s ]
NOTIC: [8] Undefined index: username F:\tsewell\Application\Home\Controller\TseController.class.php 第 160 行.
NOTIC: [8] Undefined index: login F:\tsewell\Application\Home\Controller\IndexController.class.php 第 14 行.
INFO: [ view_parse ] --START--
INFO: Run Behavior\ParseTemplateBehavior [ RunTime:0.113007s ]
INFO: [ view_parse ] --END-- [ RunTime:0.113007s ]
INFO: [ view_filter ] --START--
INFO: Run Behavior\WriteHtmlCacheBehavior [ RunTime:0.019001s ]
INFO: [ view_filter ] --END-- [ RunTime:0.020001s ]
INFO: [ app_end ] --START--
INFO: Run Behavior\ShowPageTraceBehavior [ RunTime:0.008000s ]
INFO: [ app_end ] --END-- [ RunTime:0.008000s ]

[ 2016-09-08T11:07:45+08:00 ] 127.0.0.1 /index.php/Home/Ath/verify
INFO: [ app_init ] --START--
INFO: Run Behavior\BuildLiteBehavior [ RunTime:0.000000s ]
INFO: [ app_init ] --END-- [ RunTime:0.000000s ]
INFO: [ app_begin ] --START--
INFO: Run Behavior\ReadHtmlCacheBehavior [ RunTime:0.000000s ]
INFO: [ app_begin ] --END-- [ RunTime:0.000000s ]
INFO: [ app_end ] --START--
INFO: Run Behavior\ShowPageTraceBehavior [ RunTime:0.001001s ]
INFO: [ app_end ] --END-- [ RunTime:0.001001s ]

[ 2016-09-08T13:34:05+08:00 ] 127.0.0.1 /home/menu/index
INFO: [ app_init ] --START--
INFO: Run Behavior\BuildLiteBehavior [ RunTime:0.000000s ]
INFO: [ app_init ] --END-- [ RunTime:0.001000s ]
INFO: [ app_begin ] --START--
INFO: Run Behavior\ReadHtmlCacheBehavior [ RunTime:0.001000s ]
INFO: [ app_begin ] --END-- [ RunTime:0.001000s ]

[ 2016-09-08T13:34:07+08:00 ] 127.0.0.1 /home/index/login.html
INFO: [ app_init ] --START--
INFO: Run Behavior\BuildLiteBehavior [ RunTime:0.000000s ]
INFO: [ app_init ] --END-- [ RunTime:0.002000s ]
INFO: [ app_begin ] --START--
INFO: Run Behavior\ReadHtmlCacheBehavior [ RunTime:0.001000s ]
INFO: [ app_begin ] --END-- [ RunTime:0.001000s ]
SQL: SHOW COLUMNS FROM `admin_menu` [ RunTime:0.0290s ]
SQL: SHOW COLUMNS FROM `admin` [ RunTime:0.0130s ]
SQL: SELECT * FROM `admin_menu` WHERE ( `status` = 1 AND `level` = 2 )  [ RunTime:0.0140s ]
NOTIC: [8] Undefined index: username F:\tsewell\Application\Home\Controller\TseController.class.php 第 160 行.
NOTIC: [8] Undefined index: login F:\tsewell\Application\Home\Controller\IndexController.class.php 第 14 行.
INFO: [ view_parse ] --START--
INFO: Run Behavior\ParseTemplateBehavior [ RunTime:0.021002s ]
INFO: [ view_parse ] --END-- [ RunTime:0.021002s ]
INFO: [ view_filter ] --START--
INFO: Run Behavior\WriteHtmlCacheBehavior [ RunTime:0.001000s ]
INFO: [ view_filter ] --END-- [ RunTime:0.001000s ]
INFO: [ app_end ] --START--
INFO: Run Behavior\ShowPageTraceBehavior [ RunTime:0.001000s ]
INFO: [ app_end ] --END-- [ RunTime:0.001000s ]

[ 2016-09-08T13:34:07+08:00 ] 127.0.0.1 /index.php/Home/Ath/verify
INFO: [ app_init ] --START--
INFO: Run Behavior\BuildLiteBehavior [ RunTime:0.000000s ]
INFO: [ app_init ] --END-- [ RunTime:0.001000s ]
INFO: [ app_begin ] --START--
INFO: Run Behavior\ReadHtmlCacheBehavior [ RunTime:0.001000s ]
INFO: [ app_begin ] --END-- [ RunTime:0.001000s ]
INFO: [ app_end ] --START--
INFO: Run Behavior\ShowPageTraceBehavior [ RunTime:0.002000s ]
INFO: [ app_end ] --END-- [ RunTime:0.002000s ]

[ 2016-09-08T13:34:21+08:00 ] 127.0.0.1 /home/index/login
INFO: [ app_init ] --START--
INFO: Run Behavior\BuildLiteBehavior [ RunTime:0.000000s ]
INFO: [ app_init ] --END-- [ RunTime:0.000000s ]
INFO: [ app_begin ] --START--
INFO: Run Behavior\ReadHtmlCacheBehavior [ RunTime:0.001000s ]
INFO: [ app_begin ] --END-- [ RunTime:0.001000s ]
SQL: SHOW COLUMNS FROM `admin_menu` [ RunTime:0.0080s ]
SQL: SHOW COLUMNS FROM `admin` [ RunTime:0.0080s ]
SQL: SELECT * FROM `admin_menu` WHERE ( `status` = 1 AND `level` = 2 )  [ RunTime:0.0000s ]
NOTIC: [8] Undefined index: username F:\tsewell\Application\Home\Controller\TseController.class.php 第 160 行.
SQL: SELECT * FROM `admin` WHERE `username` = 'tsewell' AND `password` = '098b04dd2342b61c8450f54023665809' AND `status` = 1  [ RunTime:0.0230s ]

[ 2016-09-08T13:34:26+08:00 ] 127.0.0.1 /home/index/index
INFO: [ app_init ] --START--
INFO: Run Behavior\BuildLiteBehavior [ RunTime:0.000000s ]
INFO: [ app_init ] --END-- [ RunTime:0.000000s ]
INFO: [ app_begin ] --START--
INFO: Run Behavior\ReadHtmlCacheBehavior [ RunTime:0.000000s ]
INFO: [ app_begin ] --END-- [ RunTime:0.000000s ]
SQL: SHOW COLUMNS FROM `admin_menu` [ RunTime:0.0080s ]
SQL: SHOW COLUMNS FROM `admin` [ RunTime:0.0080s ]
SQL: SELECT * FROM `admin_menu` WHERE ( `status` = 1 AND `level` = 2 )  [ RunTime:0.0010s ]
SQL: SELECT `position_id` FROM `admin` WHERE ( `username` = 'tsewell' ) LIMIT 1   [ RunTime:0.0010s ]
SQL: SELECT * FROM `admin_menu` WHERE ( `status` = 1 AND `level` = 1 ) ORDER BY sort ASC  [ RunTime:0.0190s ]
SQL: SELECT * FROM `admin_menu` WHERE ( `status` = 1 AND `level` = 2 AND `parent_id` = 18 ) ORDER BY sort ASC  [ RunTime:0.0000s ]
SQL: SELECT * FROM `admin_menu` WHERE ( `status` = 1 AND `level` = 2 AND `parent_id` = 28 ) ORDER BY sort ASC  [ RunTime:0.0000s ]
SQL: SELECT * FROM `admin_menu` WHERE ( `status` = 1 AND `level` = 2 AND `parent_id` = 15 ) ORDER BY sort ASC  [ RunTime:0.0000s ]
SQL: SELECT * FROM `admin_menu` WHERE ( `status` = 1 AND `level` = 2 AND `parent_id` = 1 ) ORDER BY sort ASC  [ RunTime:0.0000s ]
INFO: [ view_parse ] --START--
INFO: Run Behavior\ParseTemplateBehavior [ RunTime:0.069004s ]
INFO: [ view_parse ] --END-- [ RunTime:0.069004s ]
INFO: [ view_filter ] --START--
INFO: Run Behavior\WriteHtmlCacheBehavior [ RunTime:0.001000s ]
INFO: [ view_filter ] --END-- [ RunTime:0.001000s ]
INFO: [ app_end ] --START--
INFO: Run Behavior\ShowPageTraceBehavior [ RunTime:0.001000s ]
INFO: [ app_end ] --END-- [ RunTime:0.001000s ]

[ 2016-09-08T13:34:48+08:00 ] 127.0.0.1 /home/house/index
INFO: [ app_init ] --START--
INFO: Run Behavior\BuildLiteBehavior [ RunTime:0.000000s ]
INFO: [ app_init ] --END-- [ RunTime:0.000000s ]
INFO: [ app_begin ] --START--
INFO: Run Behavior\ReadHtmlCacheBehavior [ RunTime:0.000000s ]
INFO: [ app_begin ] --END-- [ RunTime:0.000000s ]
SQL: SHOW COLUMNS FROM `admin_menu` [ RunTime:0.0070s ]
SQL: SHOW COLUMNS FROM `admin` [ RunTime:0.0080s ]
SQL: SELECT * FROM `admin_menu` WHERE ( `status` = 1 AND `level` = 2 )  [ RunTime:0.0010s ]
SQL: SELECT `position_id` FROM `admin` WHERE ( `username` = 'tsewell' ) LIMIT 1   [ RunTime:0.0000s ]
SQL: SELECT * FROM `admin_menu` WHERE ( `status` = 1 AND `level` = 1 ) ORDER BY sort ASC  [ RunTime:0.0000s ]
SQL: SELECT * FROM `admin_menu` WHERE ( `status` = 1 AND `level` = 2 AND `parent_id` = 18 ) ORDER BY sort ASC  [ RunTime:0.0000s ]
SQL: SELECT * FROM `admin_menu` WHERE ( `status` = 1 AND `level` = 2 AND `parent_id` = 28 ) ORDER BY sort ASC  [ RunTime:0.0010s ]
SQL: SELECT * FROM `admin_menu` WHERE ( `status` = 1 AND `level` = 2 AND `parent_id` = 15 ) ORDER BY sort ASC  [ RunTime:0.0000s ]
SQL: SELECT * FROM `admin_menu` WHERE ( `status` = 1 AND `level` = 2 AND `parent_id` = 1 ) ORDER BY sort ASC  [ RunTime:0.0000s ]
SQL: SHOW COLUMNS FROM `house` [ RunTime:0.0090s ]
SQL: SELECT COUNT(*) AS tp_count FROM `house` LIMIT 1   [ RunTime:0.0400s ]
SQL: SELECT * FROM `house` ORDER BY `id` DESC LIMIT 0,10   [ RunTime:0.0010s ]
INFO: [ view_parse ] --START--
INFO: Run Behavior\ParseTemplateBehavior [ RunTime:0.036002s ]
INFO: [ view_parse ] --END-- [ RunTime:0.037002s ]
INFO: [ view_filter ] --START--
INFO: Run Behavior\WriteHtmlCacheBehavior [ RunTime:0.001000s ]
INFO: [ view_filter ] --END-- [ RunTime:0.001000s ]
INFO: [ app_end ] --START--
INFO: Run Behavior\ShowPageTraceBehavior [ RunTime:0.001000s ]
INFO: [ app_end ] --END-- [ RunTime:0.001000s ]

[ 2016-09-08T13:35:28+08:00 ] 127.0.0.1 /home/house/index
INFO: [ app_init ] --START--
INFO: Run Behavior\BuildLiteBehavior [ RunTime:0.000000s ]
INFO: [ app_init ] --END-- [ RunTime:0.000000s ]
INFO: [ app_begin ] --START--
INFO: Run Behavior\ReadHtmlCacheBehavior [ RunTime:0.001000s ]
INFO: [ app_begin ] --END-- [ RunTime:0.001000s ]
SQL: SHOW COLUMNS FROM `admin_menu` [ RunTime:0.0070s ]
SQL: SHOW COLUMNS FROM `admin` [ RunTime:0.0080s ]
SQL: SELECT * FROM `admin_menu` WHERE ( `status` = 1 AND `level` = 2 )  [ RunTime:0.0010s ]
SQL: SELECT `position_id` FROM `admin` WHERE ( `username` = 'tsewell' ) LIMIT 1   [ RunTime:0.0000s ]
SQL: SELECT * FROM `admin_menu` WHERE ( `status` = 1 AND `level` = 1 ) ORDER BY sort ASC  [ RunTime:0.0000s ]
SQL: SELECT * FROM `admin_menu` WHERE ( `status` = 1 AND `level` = 2 AND `parent_id` = 18 ) ORDER BY sort ASC  [ RunTime:0.0000s ]
SQL: SELECT * FROM `admin_menu` WHERE ( `status` = 1 AND `level` = 2 AND `parent_id` = 28 ) ORDER BY sort ASC  [ RunTime:0.0000s ]
SQL: SELECT * FROM `admin_menu` WHERE ( `status` = 1 AND `level` = 2 AND `parent_id` = 15 ) ORDER BY sort ASC  [ RunTime:0.0000s ]
SQL: SELECT * FROM `admin_menu` WHERE ( `status` = 1 AND `level` = 2 AND `parent_id` = 1 ) ORDER BY sort ASC  [ RunTime:0.0000s ]
SQL: SHOW COLUMNS FROM `house` [ RunTime:0.0060s ]
SQL: SELECT COUNT(*) AS tp_count FROM `house` LIMIT 1   [ RunTime:0.0010s ]
SQL: SELECT * FROM `house` ORDER BY `id` DESC LIMIT 0,10   [ RunTime:0.0010s ]
INFO: [ view_parse ] --START--
INFO: Run Behavior\ParseTemplateBehavior [ RunTime:0.009000s ]
INFO: [ view_parse ] --END-- [ RunTime:0.009000s ]
INFO: [ view_filter ] --START--
INFO: Run Behavior\WriteHtmlCacheBehavior [ RunTime:0.000000s ]
INFO: [ view_filter ] --END-- [ RunTime:0.000000s ]
INFO: [ app_end ] --START--
INFO: Run Behavior\ShowPageTraceBehavior [ RunTime:0.000000s ]
INFO: [ app_end ] --END-- [ RunTime:0.000000s ]

[ 2016-09-08T13:35:48+08:00 ] 127.0.0.1 /home/room/index/id/599110032
INFO: [ app_init ] --START--
INFO: Run Behavior\BuildLiteBehavior [ RunTime:0.000000s ]
INFO: [ app_init ] --END-- [ RunTime:0.000000s ]
INFO: [ app_begin ] --START--
INFO: Run Behavior\ReadHtmlCacheBehavior [ RunTime:0.001000s ]
INFO: [ app_begin ] --END-- [ RunTime:0.001000s ]
SQL: SHOW COLUMNS FROM `admin_menu` [ RunTime:0.0080s ]
SQL: SHOW COLUMNS FROM `admin` [ RunTime:0.0080s ]
SQL: SELECT * FROM `admin_menu` WHERE ( `status` = 1 AND `level` = 2 )  [ RunTime:0.0000s ]
SQL: SELECT `position_id` FROM `admin` WHERE ( `username` = 'tsewell' ) LIMIT 1   [ RunTime:0.0000s ]
SQL: SELECT * FROM `admin_menu` WHERE ( `status` = 1 AND `level` = 1 ) ORDER BY sort ASC  [ RunTime:0.0010s ]
SQL: SELECT * FROM `admin_menu` WHERE ( `status` = 1 AND `level` = 2 AND `parent_id` = 18 ) ORDER BY sort ASC  [ RunTime:0.0000s ]
SQL: SELECT * FROM `admin_menu` WHERE ( `status` = 1 AND `level` = 2 AND `parent_id` = 28 ) ORDER BY sort ASC  [ RunTime:0.0010s ]
SQL: SELECT * FROM `admin_menu` WHERE ( `status` = 1 AND `level` = 2 AND `parent_id` = 15 ) ORDER BY sort ASC  [ RunTime:0.0000s ]
SQL: SELECT * FROM `admin_menu` WHERE ( `status` = 1 AND `level` = 2 AND `parent_id` = 1 ) ORDER BY sort ASC  [ RunTime:0.0000s ]
SQL: SHOW COLUMNS FROM `room` [ RunTime:0.0230s ]
SQL: SHOW COLUMNS FROM `house` [ RunTime:0.0050s ]
SQL: SELECT COUNT(*) AS tp_count FROM `room` WHERE ( `house_id` = 599110032 ) LIMIT 1   [ RunTime:0.0010s ]
SQL: SELECT * FROM `room` WHERE ( `house_id` = 599110032 ) ORDER BY `id` DESC LIMIT 0,10   [ RunTime:0.0280s ]
SQL: SELECT `title` FROM `house` WHERE ( `id` = 599110032 ) LIMIT 1   [ RunTime:0.0000s ]
SQL: SELECT `title` FROM `house` WHERE ( `id` = 599110032 ) LIMIT 1   [ RunTime:0.0010s ]
SQL: SELECT `title` FROM `house` WHERE ( `id` = 599110032 ) LIMIT 1   [ RunTime:0.0000s ]
SQL: SELECT `title` FROM `house` WHERE ( `id` = 599110032 ) LIMIT 1   [ RunTime:0.0010s ]
INFO: [ view_parse ] --START--
INFO: Run Behavior\ParseTemplateBehavior [ RunTime:0.026002s ]
INFO: [ view_parse ] --END-- [ RunTime:0.026002s ]
INFO: [ view_filter ] --START--
INFO: Run Behavior\WriteHtmlCacheBehavior [ RunTime:0.001000s ]
INFO: [ view_filter ] --END-- [ RunTime:0.001000s ]
INFO: [ app_end ] --START--
INFO: Run Behavior\ShowPageTraceBehavior [ RunTime:0.000000s ]
INFO: [ app_end ] --END-- [ RunTime:0.000000s ]

[ 2016-09-08T13:36:04+08:00 ] 127.0.0.1 /home/room/index/id/581310008
INFO: [ app_init ] --START--
INFO: Run Behavior\BuildLiteBehavior [ RunTime:0.000000s ]
INFO: [ app_init ] --END-- [ RunTime:0.000000s ]
INFO: [ app_begin ] --START--
INFO: Run Behavior\ReadHtmlCacheBehavior [ RunTime:0.001000s ]
INFO: [ app_begin ] --END-- [ RunTime:0.001000s ]
SQL: SHOW COLUMNS FROM `admin_menu` [ RunTime:0.0080s ]
SQL: SHOW COLUMNS FROM `admin` [ RunTime:0.0080s ]
SQL: SELECT * FROM `admin_menu` WHERE ( `status` = 1 AND `level` = 2 )  [ RunTime:0.0010s ]
SQL: SELECT `position_id` FROM `admin` WHERE ( `username` = 'tsewell' ) LIMIT 1   [ RunTime:0.0010s ]
SQL: SELECT * FROM `admin_menu` WHERE ( `status` = 1 AND `level` = 1 ) ORDER BY sort ASC  [ RunTime:0.0010s ]
SQL: SELECT * FROM `admin_menu` WHERE ( `status` = 1 AND `level` = 2 AND `parent_id` = 18 ) ORDER BY sort ASC  [ RunTime:0.0010s ]
SQL: SELECT * FROM `admin_menu` WHERE ( `status` = 1 AND `level` = 2 AND `parent_id` = 28 ) ORDER BY sort ASC  [ RunTime:0.0000s ]
SQL: SELECT * FROM `admin_menu` WHERE ( `status` = 1 AND `level` = 2 AND `parent_id` = 15 ) ORDER BY sort ASC  [ RunTime:0.0010s ]
SQL: SELECT * FROM `admin_menu` WHERE ( `status` = 1 AND `level` = 2 AND `parent_id` = 1 ) ORDER BY sort ASC  [ RunTime:0.0010s ]
SQL: SHOW COLUMNS FROM `room` [ RunTime:0.0070s ]
SQL: SHOW COLUMNS FROM `house` [ RunTime:0.0060s ]
SQL: SELECT COUNT(*) AS tp_count FROM `room` WHERE ( `house_id` = 581310008 ) LIMIT 1   [ RunTime:0.0000s ]
SQL: SELECT * FROM `room` WHERE ( `house_id` = 581310008 ) ORDER BY `id` DESC LIMIT 0,10   [ RunTime:0.0020s ]
SQL: SELECT `title` FROM `house` WHERE ( `id` = 581310008 ) LIMIT 1   [ RunTime:0.0010s ]
SQL: SELECT `title` FROM `house` WHERE ( `id` = 581310008 ) LIMIT 1   [ RunTime:0.0000s ]
SQL: SELECT `title` FROM `house` WHERE ( `id` = 581310008 ) LIMIT 1   [ RunTime:0.0010s ]
SQL: SELECT `title` FROM `house` WHERE ( `id` = 581310008 ) LIMIT 1   [ RunTime:0.0490s ]
SQL: SELECT `title` FROM `house` WHERE ( `id` = 581310008 ) LIMIT 1   [ RunTime:0.0000s ]
SQL: SELECT `title` FROM `house` WHERE ( `id` = 581310008 ) LIMIT 1   [ RunTime:0.0000s ]
INFO: [ view_parse ] --START--
INFO: Run Behavior\ParseTemplateBehavior [ RunTime:0.010000s ]
INFO: [ view_parse ] --END-- [ RunTime:0.010000s ]
INFO: [ view_filter ] --START--
INFO: Run Behavior\WriteHtmlCacheBehavior [ RunTime:0.000000s ]
INFO: [ view_filter ] --END-- [ RunTime:0.000000s ]
INFO: [ app_end ] --START--
INFO: Run Behavior\ShowPageTraceBehavior [ RunTime:0.001001s ]
INFO: [ app_end ] --END-- [ RunTime:0.001001s ]

[ 2016-09-08T13:47:50+08:00 ] 127.0.0.1 /home/house/index
INFO: [ app_init ] --START--
INFO: Run Behavior\BuildLiteBehavior [ RunTime:0.000000s ]
INFO: [ app_init ] --END-- [ RunTime:0.001000s ]
INFO: [ app_begin ] --START--
INFO: Run Behavior\ReadHtmlCacheBehavior [ RunTime:0.000000s ]
INFO: [ app_begin ] --END-- [ RunTime:0.000000s ]
SQL: SHOW COLUMNS FROM `admin_menu` [ RunTime:0.0080s ]
SQL: SHOW COLUMNS FROM `admin` [ RunTime:0.0080s ]
SQL: SELECT * FROM `admin_menu` WHERE ( `status` = 1 AND `level` = 2 )  [ RunTime:0.0000s ]
SQL: SELECT `position_id` FROM `admin` WHERE ( `username` = 'tsewell' ) LIMIT 1   [ RunTime:0.0000s ]
SQL: SELECT * FROM `admin_menu` WHERE ( `status` = 1 AND `level` = 1 ) ORDER BY sort ASC  [ RunTime:0.0010s ]
SQL: SELECT * FROM `admin_menu` WHERE ( `status` = 1 AND `level` = 2 AND `parent_id` = 18 ) ORDER BY sort ASC  [ RunTime:0.0010s ]
SQL: SELECT * FROM `admin_menu` WHERE ( `status` = 1 AND `level` = 2 AND `parent_id` = 28 ) ORDER BY sort ASC  [ RunTime:0.0000s ]
SQL: SELECT * FROM `admin_menu` WHERE ( `status` = 1 AND `level` = 2 AND `parent_id` = 15 ) ORDER BY sort ASC  [ RunTime:0.0000s ]
SQL: SELECT * FROM `admin_menu` WHERE ( `status` = 1 AND `level` = 2 AND `parent_id` = 1 ) ORDER BY sort ASC  [ RunTime:0.0000s ]
SQL: SHOW COLUMNS FROM `house` [ RunTime:0.0080s ]
SQL: SELECT COUNT(*) AS tp_count FROM `house` LIMIT 1   [ RunTime:0.0010s ]
SQL: SELECT * FROM `house` ORDER BY `id` DESC LIMIT 0,10   [ RunTime:0.0290s ]
INFO: [ view_parse ] --START--
INFO: Run Behavior\ParseTemplateBehavior [ RunTime:0.077005s ]
INFO: [ view_parse ] --END-- [ RunTime:0.077005s ]
INFO: [ view_filter ] --START--
INFO: Run Behavior\WriteHtmlCacheBehavior [ RunTime:0.000000s ]
INFO: [ view_filter ] --END-- [ RunTime:0.000000s ]
INFO: [ app_end ] --START--
INFO: Run Behavior\ShowPageTraceBehavior [ RunTime:0.000000s ]
INFO: [ app_end ] --END-- [ RunTime:0.000000s ]

[ 2016-09-08T13:51:55+08:00 ] 127.0.0.1 /home/house/index/p/2.html
INFO: [ app_init ] --START--
INFO: Run Behavior\BuildLiteBehavior [ RunTime:0.000000s ]
INFO: [ app_init ] --END-- [ RunTime:0.001000s ]
INFO: [ app_begin ] --START--
INFO: Run Behavior\ReadHtmlCacheBehavior [ RunTime:0.001000s ]
INFO: [ app_begin ] --END-- [ RunTime:0.001000s ]
SQL: SHOW COLUMNS FROM `admin_menu` [ RunTime:0.0080s ]
SQL: SHOW COLUMNS FROM `admin` [ RunTime:0.0080s ]
SQL: SELECT * FROM `admin_menu` WHERE ( `status` = 1 AND `level` = 2 )  [ RunTime:0.0010s ]
SQL: SELECT `position_id` FROM `admin` WHERE ( `username` = 'tsewell' ) LIMIT 1   [ RunTime:0.0010s ]
SQL: SELECT * FROM `admin_menu` WHERE ( `status` = 1 AND `level` = 1 ) ORDER BY sort ASC  [ RunTime:0.0000s ]
SQL: SELECT * FROM `admin_menu` WHERE ( `status` = 1 AND `level` = 2 AND `parent_id` = 18 ) ORDER BY sort ASC  [ RunTime:0.0000s ]
SQL: SELECT * FROM `admin_menu` WHERE ( `status` = 1 AND `level` = 2 AND `parent_id` = 28 ) ORDER BY sort ASC  [ RunTime:0.0010s ]
SQL: SELECT * FROM `admin_menu` WHERE ( `status` = 1 AND `level` = 2 AND `parent_id` = 15 ) ORDER BY sort ASC  [ RunTime:0.0000s ]
SQL: SELECT * FROM `admin_menu` WHERE ( `status` = 1 AND `level` = 2 AND `parent_id` = 1 ) ORDER BY sort ASC  [ RunTime:0.0000s ]
SQL: SHOW COLUMNS FROM `house` [ RunTime:0.0050s ]
SQL: SELECT COUNT(*) AS tp_count FROM `house` LIMIT 1   [ RunTime:0.0010s ]
SQL: SELECT * FROM `house` ORDER BY `id` DESC LIMIT 10,10   [ RunTime:0.0000s ]
INFO: [ view_parse ] --START--
INFO: Run Behavior\ParseTemplateBehavior [ RunTime:0.053004s ]
INFO: [ view_parse ] --END-- [ RunTime:0.053004s ]
INFO: [ view_filter ] --START--
INFO: Run Behavior\WriteHtmlCacheBehavior [ RunTime:0.001000s ]
INFO: [ view_filter ] --END-- [ RunTime:0.001000s ]
INFO: [ app_end ] --START--
INFO: Run Behavior\ShowPageTraceBehavior [ RunTime:0.001000s ]
INFO: [ app_end ] --END-- [ RunTime:0.001000s ]

[ 2016-09-08T13:52:22+08:00 ] 127.0.0.1 /home/house/index/p/2.html
INFO: [ app_init ] --START--
INFO: Run Behavior\BuildLiteBehavior [ RunTime:0.000000s ]
INFO: [ app_init ] --END-- [ RunTime:0.000000s ]
INFO: [ app_begin ] --START--
INFO: Run Behavior\ReadHtmlCacheBehavior [ RunTime:0.001000s ]
INFO: [ app_begin ] --END-- [ RunTime:0.001000s ]
SQL: SHOW COLUMNS FROM `admin_menu` [ RunTime:0.0070s ]
SQL: SHOW COLUMNS FROM `admin` [ RunTime:0.0040s ]
SQL: SELECT * FROM `admin_menu` WHERE ( `status` = 1 AND `level` = 2 )  [ RunTime:0.0010s ]
SQL: SELECT `position_id` FROM `admin` WHERE ( `username` = 'tsewell' ) LIMIT 1   [ RunTime:0.0000s ]
SQL: SELECT * FROM `admin_menu` WHERE ( `status` = 1 AND `level` = 1 ) ORDER BY sort ASC  [ RunTime:0.0000s ]
SQL: SELECT * FROM `admin_menu` WHERE ( `status` = 1 AND `level` = 2 AND `parent_id` = 18 ) ORDER BY sort ASC  [ RunTime:0.0010s ]
SQL: SELECT * FROM `admin_menu` WHERE ( `status` = 1 AND `level` = 2 AND `parent_id` = 28 ) ORDER BY sort ASC  [ RunTime:0.0000s ]
SQL: SELECT * FROM `admin_menu` WHERE ( `status` = 1 AND `level` = 2 AND `parent_id` = 15 ) ORDER BY sort ASC  [ RunTime:0.0000s ]
SQL: SELECT * FROM `admin_menu` WHERE ( `status` = 1 AND `level` = 2 AND `parent_id` = 1 ) ORDER BY sort ASC  [ RunTime:0.0010s ]
SQL: SHOW COLUMNS FROM `house` [ RunTime:0.0050s ]
SQL: SELECT COUNT(*) AS tp_count FROM `house` LIMIT 1   [ RunTime:0.0010s ]
SQL: SELECT * FROM `house` ORDER BY `id` DESC LIMIT 10,10   [ RunTime:0.0000s ]
INFO: [ view_parse ] --START--
INFO: Run Behavior\ParseTemplateBehavior [ RunTime:0.051003s ]
INFO: [ view_parse ] --END-- [ RunTime:0.051003s ]
INFO: [ view_filter ] --START--
INFO: Run Behavior\WriteHtmlCacheBehavior [ RunTime:0.000000s ]
INFO: [ view_filter ] --END-- [ RunTime:0.000000s ]
INFO: [ app_end ] --START--
INFO: Run Behavior\ShowPageTraceBehavior [ RunTime:0.000000s ]
INFO: [ app_end ] --END-- [ RunTime:0.000000s ]

[ 2016-09-08T13:52:34+08:00 ] 127.0.0.1 /home/house/index/p/9.html
INFO: [ app_init ] --START--
INFO: Run Behavior\BuildLiteBehavior [ RunTime:0.000000s ]
INFO: [ app_init ] --END-- [ RunTime:0.000000s ]
INFO: [ app_begin ] --START--
INFO: Run Behavior\ReadHtmlCacheBehavior [ RunTime:0.000000s ]
INFO: [ app_begin ] --END-- [ RunTime:0.001000s ]
SQL: SHOW COLUMNS FROM `admin_menu` [ RunTime:0.0070s ]
SQL: SHOW COLUMNS FROM `admin` [ RunTime:0.0080s ]
SQL: SELECT * FROM `admin_menu` WHERE ( `status` = 1 AND `level` = 2 )  [ RunTime:0.0010s ]
SQL: SELECT `position_id` FROM `admin` WHERE ( `username` = 'tsewell' ) LIMIT 1   [ RunTime:0.0010s ]
SQL: SELECT * FROM `admin_menu` WHERE ( `status` = 1 AND `level` = 1 ) ORDER BY sort ASC  [ RunTime:0.0000s ]
SQL: SELECT * FROM `admin_menu` WHERE ( `status` = 1 AND `level` = 2 AND `parent_id` = 18 ) ORDER BY sort ASC  [ RunTime:0.0000s ]
SQL: SELECT * FROM `admin_menu` WHERE ( `status` = 1 AND `level` = 2 AND `parent_id` = 28 ) ORDER BY sort ASC  [ RunTime:0.0010s ]
SQL: SELECT * FROM `admin_menu` WHERE ( `status` = 1 AND `level` = 2 AND `parent_id` = 15 ) ORDER BY sort ASC  [ RunTime:0.0000s ]
SQL: SELECT * FROM `admin_menu` WHERE ( `status` = 1 AND `level` = 2 AND `parent_id` = 1 ) ORDER BY sort ASC  [ RunTime:0.0000s ]
SQL: SHOW COLUMNS FROM `house` [ RunTime:0.0060s ]
SQL: SELECT COUNT(*) AS tp_count FROM `house` LIMIT 1   [ RunTime:0.0000s ]
SQL: SELECT * FROM `house` ORDER BY `id` DESC LIMIT 80,10   [ RunTime:0.0460s ]
INFO: [ view_parse ] --START--
INFO: Run Behavior\ParseTemplateBehavior [ RunTime:0.012001s ]
INFO: [ view_parse ] --END-- [ RunTime:0.012001s ]
INFO: [ view_filter ] --START--
INFO: Run Behavior\WriteHtmlCacheBehavior [ RunTime:0.001000s ]
INFO: [ view_filter ] --END-- [ RunTime:0.001000s ]
INFO: [ app_end ] --START--
INFO: Run Behavior\ShowPageTraceBehavior [ RunTime:0.000000s ]
INFO: [ app_end ] --END-- [ RunTime:0.000000s ]

[ 2016-09-08T13:52:38+08:00 ] 127.0.0.1 /home/house/index/p/1.html
INFO: [ app_init ] --START--
INFO: Run Behavior\BuildLiteBehavior [ RunTime:0.000000s ]
INFO: [ app_init ] --END-- [ RunTime:0.001000s ]
INFO: [ app_begin ] --START--
INFO: Run Behavior\ReadHtmlCacheBehavior [ RunTime:0.000000s ]
INFO: [ app_begin ] --END-- [ RunTime:0.000000s ]
SQL: SHOW COLUMNS FROM `admin_menu` [ RunTime:0.0050s ]
SQL: SHOW COLUMNS FROM `admin` [ RunTime:0.0050s ]
SQL: SELECT * FROM `admin_menu` WHERE ( `status` = 1 AND `level` = 2 )  [ RunTime:0.0000s ]
SQL: SELECT `position_id` FROM `admin` WHERE ( `username` = 'tsewell' ) LIMIT 1   [ RunTime:0.0000s ]
SQL: SELECT * FROM `admin_menu` WHERE ( `status` = 1 AND `level` = 1 ) ORDER BY sort ASC  [ RunTime:0.0000s ]
SQL: SELECT * FROM `admin_menu` WHERE ( `status` = 1 AND `level` = 2 AND `parent_id` = 18 ) ORDER BY sort ASC  [ RunTime:0.0000s ]
SQL: SELECT * FROM `admin_menu` WHERE ( `status` = 1 AND `level` = 2 AND `parent_id` = 28 ) ORDER BY sort ASC  [ RunTime:0.0000s ]
SQL: SELECT * FROM `admin_menu` WHERE ( `status` = 1 AND `level` = 2 AND `parent_id` = 15 ) ORDER BY sort ASC  [ RunTime:0.0000s ]
SQL: SELECT * FROM `admin_menu` WHERE ( `status` = 1 AND `level` = 2 AND `parent_id` = 1 ) ORDER BY sort ASC  [ RunTime:0.0010s ]
SQL: SHOW COLUMNS FROM `house` [ RunTime:0.0060s ]
SQL: SELECT COUNT(*) AS tp_count FROM `house` LIMIT 1   [ RunTime:0.0000s ]
SQL: SELECT * FROM `house` ORDER BY `id` DESC LIMIT 0,10   [ RunTime:0.0010s ]
INFO: [ view_parse ] --START--
INFO: Run Behavior\ParseTemplateBehavior [ RunTime:0.011001s ]
INFO: [ view_parse ] --END-- [ RunTime:0.011001s ]
INFO: [ view_filter ] --START--
INFO: Run Behavior\WriteHtmlCacheBehavior [ RunTime:0.000000s ]
INFO: [ view_filter ] --END-- [ RunTime:0.000000s ]
INFO: [ app_end ] --START--
INFO: Run Behavior\ShowPageTraceBehavior [ RunTime:0.001000s ]
INFO: [ app_end ] --END-- [ RunTime:0.001000s ]

[ 2016-09-08T15:15:59+08:00 ] 127.0.0.1 /home/house/index/p/1.html
INFO: [ app_init ] --START--
INFO: Run Behavior\BuildLiteBehavior [ RunTime:0.000000s ]
INFO: [ app_init ] --END-- [ RunTime:0.000000s ]
INFO: [ app_begin ] --START--
INFO: Run Behavior\ReadHtmlCacheBehavior [ RunTime:0.001000s ]
INFO: [ app_begin ] --END-- [ RunTime:0.001000s ]
SQL: SHOW COLUMNS FROM `admin_menu` [ RunTime:0.0380s ]
SQL: SHOW COLUMNS FROM `admin` [ RunTime:0.0100s ]
SQL: SELECT * FROM `admin_menu` WHERE ( `status` = 1 AND `level` = 2 )  [ RunTime:0.0080s ]
SQL: SELECT `position_id` FROM `admin` WHERE ( `username` = 'tsewell' ) LIMIT 1   [ RunTime:0.0010s ]
SQL: SELECT * FROM `admin_menu` WHERE ( `status` = 1 AND `level` = 1 ) ORDER BY sort ASC  [ RunTime:0.0010s ]
SQL: SELECT * FROM `admin_menu` WHERE ( `status` = 1 AND `level` = 2 AND `parent_id` = 18 ) ORDER BY sort ASC  [ RunTime:0.0000s ]
SQL: SELECT * FROM `admin_menu` WHERE ( `status` = 1 AND `level` = 2 AND `parent_id` = 28 ) ORDER BY sort ASC  [ RunTime:0.0010s ]
SQL: SELECT * FROM `admin_menu` WHERE ( `status` = 1 AND `level` = 2 AND `parent_id` = 15 ) ORDER BY sort ASC  [ RunTime:0.0000s ]
SQL: SELECT * FROM `admin_menu` WHERE ( `status` = 1 AND `level` = 2 AND `parent_id` = 1 ) ORDER BY sort ASC  [ RunTime:0.0010s ]
SQL: SHOW COLUMNS FROM `house` [ RunTime:0.0060s ]
SQL: SELECT COUNT(*) AS tp_count FROM `house` LIMIT 1   [ RunTime:0.0010s ]
SQL: SELECT * FROM `house` ORDER BY `id` DESC LIMIT 0,10   [ RunTime:0.0020s ]
INFO: [ view_parse ] --START--
INFO: Run Behavior\ParseTemplateBehavior [ RunTime:0.016001s ]
INFO: [ view_parse ] --END-- [ RunTime:0.016001s ]
INFO: [ view_filter ] --START--
INFO: Run Behavior\WriteHtmlCacheBehavior [ RunTime:0.000000s ]
INFO: [ view_filter ] --END-- [ RunTime:0.000000s ]
INFO: [ app_end ] --START--
INFO: Run Behavior\ShowPageTraceBehavior [ RunTime:0.001000s ]
INFO: [ app_end ] --END-- [ RunTime:0.001000s ]

[ 2016-09-08T15:20:18+08:00 ] 127.0.0.1 /home/house/edit/id/599810048
INFO: [ app_init ] --START--
INFO: Run Behavior\BuildLiteBehavior [ RunTime:0.000000s ]
INFO: [ app_init ] --END-- [ RunTime:0.001000s ]
INFO: [ app_begin ] --START--
INFO: Run Behavior\ReadHtmlCacheBehavior [ RunTime:0.001000s ]
INFO: [ app_begin ] --END-- [ RunTime:0.001000s ]
SQL: SHOW COLUMNS FROM `admin_menu` [ RunTime:0.0240s ]
SQL: SHOW COLUMNS FROM `admin` [ RunTime:0.0080s ]
SQL: SELECT * FROM `admin_menu` WHERE ( `status` = 1 AND `level` = 2 )  [ RunTime:0.0010s ]
SQL: SELECT `position_id` FROM `admin` WHERE ( `username` = 'tsewell' ) LIMIT 1   [ RunTime:0.0010s ]
SQL: SELECT * FROM `admin_menu` WHERE ( `status` = 1 AND `level` = 1 ) ORDER BY sort ASC  [ RunTime:0.0000s ]
SQL: SELECT * FROM `admin_menu` WHERE ( `status` = 1 AND `level` = 2 AND `parent_id` = 18 ) ORDER BY sort ASC  [ RunTime:0.0000s ]
SQL: SELECT * FROM `admin_menu` WHERE ( `status` = 1 AND `level` = 2 AND `parent_id` = 28 ) ORDER BY sort ASC  [ RunTime:0.0010s ]
SQL: SELECT * FROM `admin_menu` WHERE ( `status` = 1 AND `level` = 2 AND `parent_id` = 15 ) ORDER BY sort ASC  [ RunTime:0.0000s ]
SQL: SELECT * FROM `admin_menu` WHERE ( `status` = 1 AND `level` = 2 AND `parent_id` = 1 ) ORDER BY sort ASC  [ RunTime:0.0000s ]
SQL: SHOW COLUMNS FROM `house` [ RunTime:0.0090s ]
SQL: SHOW COLUMNS FROM `house` [ RunTime:0.0060s ]
SQL: SHOW COLUMNS FROM `area` [ RunTime:0.0040s ]
SQL: SHOW COLUMNS FROM `city` [ RunTime:0.0370s ]
SQL: SHOW COLUMNS FROM `province` [ RunTime:0.0040s ]
SQL: SELECT `area_id` FROM `house` WHERE ( `id` = 599810048 ) LIMIT 1   [ RunTime:0.0000s ]
SQL: SELECT `father` FROM `area` WHERE ( `areaid` = 510108 ) LIMIT 1   [ RunTime:0.0270s ]
SQL: SELECT `father` FROM `city` WHERE ( `cityid` = 510100 ) LIMIT 1   [ RunTime:0.0010s ]
SQL: SELECT * FROM `province`  [ RunTime:0.0000s ]
SQL: SELECT * FROM `city` WHERE ( `father` = 510000 )  [ RunTime:0.0010s ]
SQL: SELECT * FROM `area` WHERE ( `father` = 510100 )  [ RunTime:0.0050s ]
SQL: SELECT * FROM `house` WHERE ( `id` = 599810048 ) LIMIT 1   [ RunTime:0.0010s ]
INFO: [ view_parse ] --START--
INFO: Run Behavior\ParseTemplateBehavior [ RunTime:0.063003s ]
INFO: [ view_parse ] --END-- [ RunTime:0.063003s ]
INFO: [ view_filter ] --START--
INFO: Run Behavior\WriteHtmlCacheBehavior [ RunTime:0.001000s ]
INFO: [ view_filter ] --END-- [ RunTime:0.001000s ]
INFO: [ app_end ] --START--
INFO: Run Behavior\ShowPageTraceBehavior [ RunTime:0.001000s ]
INFO: [ app_end ] --END-- [ RunTime:0.001000s ]

[ 2016-09-08T15:23:02+08:00 ] 127.0.0.1 /home/house/edit/id/599810048
INFO: [ app_init ] --START--
INFO: Run Behavior\BuildLiteBehavior [ RunTime:0.000000s ]
INFO: [ app_init ] --END-- [ RunTime:0.001000s ]
INFO: [ app_begin ] --START--
INFO: Run Behavior\ReadHtmlCacheBehavior [ RunTime:0.000000s ]
INFO: [ app_begin ] --END-- [ RunTime:0.001000s ]
SQL: SHOW COLUMNS FROM `admin_menu` [ RunTime:0.0050s ]
SQL: SHOW COLUMNS FROM `admin` [ RunTime:0.0040s ]
SQL: SELECT * FROM `admin_menu` WHERE ( `status` = 1 AND `level` = 2 )  [ RunTime:0.0000s ]
SQL: SELECT `position_id` FROM `admin` WHERE ( `username` = 'tsewell' ) LIMIT 1   [ RunTime:0.0010s ]
SQL: SELECT * FROM `admin_menu` WHERE ( `status` = 1 AND `level` = 1 ) ORDER BY sort ASC  [ RunTime:0.0000s ]
SQL: SELECT * FROM `admin_menu` WHERE ( `status` = 1 AND `level` = 2 AND `parent_id` = 18 ) ORDER BY sort ASC  [ RunTime:0.0010s ]
SQL: SELECT * FROM `admin_menu` WHERE ( `status` = 1 AND `level` = 2 AND `parent_id` = 28 ) ORDER BY sort ASC  [ RunTime:0.0000s ]
SQL: SELECT * FROM `admin_menu` WHERE ( `status` = 1 AND `level` = 2 AND `parent_id` = 15 ) ORDER BY sort ASC  [ RunTime:0.0010s ]
SQL: SELECT * FROM `admin_menu` WHERE ( `status` = 1 AND `level` = 2 AND `parent_id` = 1 ) ORDER BY sort ASC  [ RunTime:0.0000s ]
SQL: SHOW COLUMNS FROM `house` [ RunTime:0.0040s ]
SQL: SHOW COLUMNS FROM `house` [ RunTime:0.0050s ]
SQL: SHOW COLUMNS FROM `area` [ RunTime:0.0040s ]
SQL: SHOW COLUMNS FROM `city` [ RunTime:0.0040s ]
SQL: SHOW COLUMNS FROM `province` [ RunTime:0.0040s ]
SQL: SELECT `area_id` FROM `house` WHERE ( `id` = 599810048 ) LIMIT 1   [ RunTime:0.0000s ]
SQL: SELECT `father` FROM `area` WHERE ( `areaid` = 510108 ) LIMIT 1   [ RunTime:0.0020s ]
SQL: SELECT `father` FROM `city` WHERE ( `cityid` = 510100 ) LIMIT 1   [ RunTime:0.0000s ]
SQL: SELECT * FROM `province`  [ RunTime:0.0010s ]
SQL: SELECT * FROM `city` WHERE ( `father` = 510000 )  [ RunTime:0.0010s ]
SQL: SELECT * FROM `area` WHERE ( `father` = 510100 )  [ RunTime:0.0030s ]
SQL: SELECT * FROM `house` WHERE ( `id` = 599810048 ) LIMIT 1   [ RunTime:0.0010s ]
INFO: [ view_parse ] --START--
ERR: Syntax Error in template "./Application/Home/View\House\edit.html"  on line 64 "&lt;img id=&quot;imghead&quot; width=100% height=auto border=0 src=&quot;{{$info.img}}&amp;width=260&amp;height=190&quot;&gt;"  - Unexpected "=", expected one of: "}" , " "

[ 2016-09-08T15:23:43+08:00 ] 127.0.0.1 /home/house/edit/id/599810048
INFO: [ app_init ] --START--
INFO: Run Behavior\BuildLiteBehavior [ RunTime:0.000000s ]
INFO: [ app_init ] --END-- [ RunTime:0.001000s ]
INFO: [ app_begin ] --START--
INFO: Run Behavior\ReadHtmlCacheBehavior [ RunTime:0.001000s ]
INFO: [ app_begin ] --END-- [ RunTime:0.001000s ]
SQL: SHOW COLUMNS FROM `admin_menu` [ RunTime:0.0080s ]
SQL: SHOW COLUMNS FROM `admin` [ RunTime:0.0050s ]
SQL: SELECT * FROM `admin_menu` WHERE ( `status` = 1 AND `level` = 2 )  [ RunTime:0.0010s ]
SQL: SELECT `position_id` FROM `admin` WHERE ( `username` = 'tsewell' ) LIMIT 1   [ RunTime:0.0010s ]
SQL: SELECT * FROM `admin_menu` WHERE ( `status` = 1 AND `level` = 1 ) ORDER BY sort ASC  [ RunTime:0.0010s ]
SQL: SELECT * FROM `admin_menu` WHERE ( `status` = 1 AND `level` = 2 AND `parent_id` = 18 ) ORDER BY sort ASC  [ RunTime:0.0010s ]
SQL: SELECT * FROM `admin_menu` WHERE ( `status` = 1 AND `level` = 2 AND `parent_id` = 28 ) ORDER BY sort ASC  [ RunTime:0.0010s ]
SQL: SELECT * FROM `admin_menu` WHERE ( `status` = 1 AND `level` = 2 AND `parent_id` = 15 ) ORDER BY sort ASC  [ RunTime:0.0010s ]
SQL: SELECT * FROM `admin_menu` WHERE ( `status` = 1 AND `level` = 2 AND `parent_id` = 1 ) ORDER BY sort ASC  [ RunTime:0.0000s ]
SQL: SHOW COLUMNS FROM `house` [ RunTime:0.0050s ]
SQL: SHOW COLUMNS FROM `house` [ RunTime:0.0050s ]
SQL: SHOW COLUMNS FROM `area` [ RunTime:0.0040s ]
SQL: SHOW COLUMNS FROM `city` [ RunTime:0.0040s ]
SQL: SHOW COLUMNS FROM `province` [ RunTime:0.0040s ]
SQL: SELECT `area_id` FROM `house` WHERE ( `id` = 599810048 ) LIMIT 1   [ RunTime:0.0000s ]
SQL: SELECT `father` FROM `area` WHERE ( `areaid` = 510108 ) LIMIT 1   [ RunTime:0.0020s ]
SQL: SELECT `father` FROM `city` WHERE ( `cityid` = 510100 ) LIMIT 1   [ RunTime:0.0010s ]
SQL: SELECT * FROM `province`  [ RunTime:0.0010s ]
SQL: SELECT * FROM `city` WHERE ( `father` = 510000 )  [ RunTime:0.0010s ]
SQL: SELECT * FROM `area` WHERE ( `father` = 510100 )  [ RunTime:0.0050s ]
SQL: SELECT * FROM `house` WHERE ( `id` = 599810048 ) LIMIT 1   [ RunTime:0.0010s ]
INFO: [ view_parse ] --START--
INFO: Run Behavior\ParseTemplateBehavior [ RunTime:0.103006s ]
INFO: [ view_parse ] --END-- [ RunTime:0.103006s ]
INFO: [ view_filter ] --START--
INFO: Run Behavior\WriteHtmlCacheBehavior [ RunTime:0.001000s ]
INFO: [ view_filter ] --END-- [ RunTime:0.001000s ]
INFO: [ app_end ] --START--
INFO: Run Behavior\ShowPageTraceBehavior [ RunTime:0.001000s ]
INFO: [ app_end ] --END-- [ RunTime:0.001000s ]

[ 2016-09-08T15:24:04+08:00 ] 127.0.0.1 /home/house/img_add/id/599110032
INFO: [ app_init ] --START--
INFO: Run Behavior\BuildLiteBehavior [ RunTime:0.000000s ]
INFO: [ app_init ] --END-- [ RunTime:0.001000s ]
INFO: [ app_begin ] --START--
INFO: Run Behavior\ReadHtmlCacheBehavior [ RunTime:0.001000s ]
INFO: [ app_begin ] --END-- [ RunTime:0.001000s ]
SQL: SHOW COLUMNS FROM `admin_menu` [ RunTime:0.0080s ]
SQL: SHOW COLUMNS FROM `admin` [ RunTime:0.0080s ]
SQL: SELECT * FROM `admin_menu` WHERE ( `status` = 1 AND `level` = 2 )  [ RunTime:0.0000s ]
SQL: SELECT `position_id` FROM `admin` WHERE ( `username` = 'tsewell' ) LIMIT 1   [ RunTime:0.0000s ]
SQL: SELECT * FROM `admin_menu` WHERE ( `status` = 1 AND `level` = 1 ) ORDER BY sort ASC  [ RunTime:0.0010s ]
SQL: SELECT * FROM `admin_menu` WHERE ( `status` = 1 AND `level` = 2 AND `parent_id` = 18 ) ORDER BY sort ASC  [ RunTime:0.0010s ]
SQL: SELECT * FROM `admin_menu` WHERE ( `status` = 1 AND `level` = 2 AND `parent_id` = 28 ) ORDER BY sort ASC  [ RunTime:0.0000s ]
SQL: SELECT * FROM `admin_menu` WHERE ( `status` = 1 AND `level` = 2 AND `parent_id` = 15 ) ORDER BY sort ASC  [ RunTime:0.0010s ]
SQL: SELECT * FROM `admin_menu` WHERE ( `status` = 1 AND `level` = 2 AND `parent_id` = 1 ) ORDER BY sort ASC  [ RunTime:0.0010s ]
SQL: SHOW COLUMNS FROM `house_imgs` [ RunTime:0.0070s ]
SQL: SELECT * FROM `house_imgs` WHERE ( `house_id` = 599110032 )  [ RunTime:0.0040s ]
INFO: [ view_parse ] --START--
INFO: Run Behavior\ParseTemplateBehavior [ RunTime:0.047002s ]
INFO: [ view_parse ] --END-- [ RunTime:0.047002s ]
INFO: [ view_filter ] --START--
INFO: Run Behavior\WriteHtmlCacheBehavior [ RunTime:0.000000s ]
INFO: [ view_filter ] --END-- [ RunTime:0.000000s ]
INFO: [ app_end ] --START--
INFO: Run Behavior\ShowPageTraceBehavior [ RunTime:0.001000s ]
INFO: [ app_end ] --END-- [ RunTime:0.001000s ]

[ 2016-09-08T15:30:37+08:00 ] 127.0.0.1 /home/house/img_add/id/599110032
INFO: [ app_init ] --START--
INFO: Run Behavior\BuildLiteBehavior [ RunTime:0.000000s ]
INFO: [ app_init ] --END-- [ RunTime:0.001000s ]
INFO: [ app_begin ] --START--
INFO: Run Behavior\ReadHtmlCacheBehavior [ RunTime:0.001000s ]
INFO: [ app_begin ] --END-- [ RunTime:0.001000s ]
SQL: SHOW COLUMNS FROM `admin_menu` [ RunTime:0.0070s ]
SQL: SHOW COLUMNS FROM `admin` [ RunTime:0.0060s ]
SQL: SELECT * FROM `admin_menu` WHERE ( `status` = 1 AND `level` = 2 )  [ RunTime:0.0000s ]
SQL: SELECT `position_id` FROM `admin` WHERE ( `username` = 'tsewell' ) LIMIT 1   [ RunTime:0.0010s ]
SQL: SELECT * FROM `admin_menu` WHERE ( `status` = 1 AND `level` = 1 ) ORDER BY sort ASC  [ RunTime:0.0000s ]
SQL: SELECT * FROM `admin_menu` WHERE ( `status` = 1 AND `level` = 2 AND `parent_id` = 18 ) ORDER BY sort ASC  [ RunTime:0.0010s ]
SQL: SELECT * FROM `admin_menu` WHERE ( `status` = 1 AND `level` = 2 AND `parent_id` = 28 ) ORDER BY sort ASC  [ RunTime:0.0000s ]
SQL: SELECT * FROM `admin_menu` WHERE ( `status` = 1 AND `level` = 2 AND `parent_id` = 15 ) ORDER BY sort ASC  [ RunTime:0.0010s ]
SQL: SELECT * FROM `admin_menu` WHERE ( `status` = 1 AND `level` = 2 AND `parent_id` = 1 ) ORDER BY sort ASC  [ RunTime:0.0000s ]
SQL: SHOW COLUMNS FROM `house_imgs` [ RunTime:0.0080s ]
SQL: SELECT * FROM `house_imgs` WHERE ( `house_id` = 599110032 )  [ RunTime:0.0020s ]
INFO: [ view_parse ] --START--
INFO: Run Behavior\ParseTemplateBehavior [ RunTime:0.065003s ]
INFO: [ view_parse ] --END-- [ RunTime:0.065003s ]
INFO: [ view_filter ] --START--
INFO: Run Behavior\WriteHtmlCacheBehavior [ RunTime:0.001000s ]
INFO: [ view_filter ] --END-- [ RunTime:0.002001s ]
INFO: [ app_end ] --START--
INFO: Run Behavior\ShowPageTraceBehavior [ RunTime:0.001000s ]
INFO: [ app_end ] --END-- [ RunTime:0.001000s ]

[ 2016-09-08T15:30:45+08:00 ] 127.0.0.1 /home/house/img_add/id/599110032
INFO: [ app_init ] --START--
INFO: Run Behavior\BuildLiteBehavior [ RunTime:0.000000s ]
INFO: [ app_init ] --END-- [ RunTime:0.001000s ]
INFO: [ app_begin ] --START--
INFO: Run Behavior\ReadHtmlCacheBehavior [ RunTime:0.001000s ]
INFO: [ app_begin ] --END-- [ RunTime:0.002000s ]
SQL: SHOW COLUMNS FROM `admin_menu` [ RunTime:0.0140s ]
SQL: SHOW COLUMNS FROM `admin` [ RunTime:0.0110s ]
SQL: SELECT * FROM `admin_menu` WHERE ( `status` = 1 AND `level` = 2 )  [ RunTime:0.0000s ]
SQL: SELECT `position_id` FROM `admin` WHERE ( `username` = 'tsewell' ) LIMIT 1   [ RunTime:0.0000s ]
SQL: SELECT * FROM `admin_menu` WHERE ( `status` = 1 AND `level` = 1 ) ORDER BY sort ASC  [ RunTime:0.0010s ]
SQL: SELECT * FROM `admin_menu` WHERE ( `status` = 1 AND `level` = 2 AND `parent_id` = 18 ) ORDER BY sort ASC  [ RunTime:0.0000s ]
SQL: SELECT * FROM `admin_menu` WHERE ( `status` = 1 AND `level` = 2 AND `parent_id` = 28 ) ORDER BY sort ASC  [ RunTime:0.0000s ]
SQL: SELECT * FROM `admin_menu` WHERE ( `status` = 1 AND `level` = 2 AND `parent_id` = 15 ) ORDER BY sort ASC  [ RunTime:0.0010s ]
SQL: SELECT * FROM `admin_menu` WHERE ( `status` = 1 AND `level` = 2 AND `parent_id` = 1 ) ORDER BY sort ASC  [ RunTime:0.0010s ]
SQL: SHOW COLUMNS FROM `house_imgs` [ RunTime:0.0080s ]
SQL: SELECT * FROM `house_imgs` WHERE ( `house_id` = 599110032 )  [ RunTime:0.0020s ]
INFO: [ view_parse ] --START--
INFO: Run Behavior\ParseTemplateBehavior [ RunTime:0.014001s ]
INFO: [ view_parse ] --END-- [ RunTime:0.014001s ]
INFO: [ view_filter ] --START--
INFO: Run Behavior\WriteHtmlCacheBehavior [ RunTime:0.000000s ]
INFO: [ view_filter ] --END-- [ RunTime:0.000000s ]
INFO: [ app_end ] --START--
INFO: Run Behavior\ShowPageTraceBehavior [ RunTime:0.000000s ]
INFO: [ app_end ] --END-- [ RunTime:0.000000s ]

[ 2016-09-08T15:31:10+08:00 ] 127.0.0.1 /home/house/img_add/id/599110032
INFO: [ app_init ] --START--
INFO: Run Behavior\BuildLiteBehavior [ RunTime:0.000000s ]
INFO: [ app_init ] --END-- [ RunTime:0.000000s ]
INFO: [ app_begin ] --START--
INFO: Run Behavior\ReadHtmlCacheBehavior [ RunTime:0.001001s ]
INFO: [ app_begin ] --END-- [ RunTime:0.001001s ]
SQL: SHOW COLUMNS FROM `admin_menu` [ RunTime:0.0070s ]
SQL: SHOW COLUMNS FROM `admin` [ RunTime:0.0070s ]
SQL: SELECT * FROM `admin_menu` WHERE ( `status` = 1 AND `level` = 2 )  [ RunTime:0.0000s ]
SQL: SELECT `position_id` FROM `admin` WHERE ( `username` = 'tsewell' ) LIMIT 1   [ RunTime:0.0010s ]
SQL: SELECT * FROM `admin_menu` WHERE ( `status` = 1 AND `level` = 1 ) ORDER BY sort ASC  [ RunTime:0.0000s ]
SQL: SELECT * FROM `admin_menu` WHERE ( `status` = 1 AND `level` = 2 AND `parent_id` = 18 ) ORDER BY sort ASC  [ RunTime:0.0010s ]
SQL: SELECT * FROM `admin_menu` WHERE ( `status` = 1 AND `level` = 2 AND `parent_id` = 28 ) ORDER BY sort ASC  [ RunTime:0.0000s ]
SQL: SELECT * FROM `admin_menu` WHERE ( `status` = 1 AND `level` = 2 AND `parent_id` = 15 ) ORDER BY sort ASC  [ RunTime:0.0000s ]
SQL: SELECT * FROM `admin_menu` WHERE ( `status` = 1 AND `level` = 2 AND `parent_id` = 1 ) ORDER BY sort ASC  [ RunTime:0.0010s ]
SQL: SHOW COLUMNS FROM `house_imgs` [ RunTime:0.0060s ]
SQL: SELECT * FROM `house_imgs` WHERE ( `house_id` = 599110032 )  [ RunTime:0.0010s ]
INFO: [ view_parse ] --START--
INFO: Run Behavior\ParseTemplateBehavior [ RunTime:0.043002s ]
INFO: [ view_parse ] --END-- [ RunTime:0.043002s ]
INFO: [ view_filter ] --START--
INFO: Run Behavior\WriteHtmlCacheBehavior [ RunTime:0.001000s ]
INFO: [ view_filter ] --END-- [ RunTime:0.001000s ]
INFO: [ app_end ] --START--
INFO: Run Behavior\ShowPageTraceBehavior [ RunTime:0.001000s ]
INFO: [ app_end ] --END-- [ RunTime:0.001000s ]

[ 2016-09-08T15:31:31+08:00 ] 127.0.0.1 /home/room/index/id/599810048
INFO: [ app_init ] --START--
INFO: Run Behavior\BuildLiteBehavior [ RunTime:0.000000s ]
INFO: [ app_init ] --END-- [ RunTime:0.000000s ]
INFO: [ app_begin ] --START--
INFO: Run Behavior\ReadHtmlCacheBehavior [ RunTime:0.001000s ]
INFO: [ app_begin ] --END-- [ RunTime:0.001000s ]
SQL: SHOW COLUMNS FROM `admin_menu` [ RunTime:0.0060s ]
SQL: SHOW COLUMNS FROM `admin` [ RunTime:0.0060s ]
SQL: SELECT * FROM `admin_menu` WHERE ( `status` = 1 AND `level` = 2 )  [ RunTime:0.0010s ]
SQL: SELECT `position_id` FROM `admin` WHERE ( `username` = 'tsewell' ) LIMIT 1   [ RunTime:0.0000s ]
SQL: SELECT * FROM `admin_menu` WHERE ( `status` = 1 AND `level` = 1 ) ORDER BY sort ASC  [ RunTime:0.0000s ]
SQL: SELECT * FROM `admin_menu` WHERE ( `status` = 1 AND `level` = 2 AND `parent_id` = 18 ) ORDER BY sort ASC  [ RunTime:0.0000s ]
SQL: SELECT * FROM `admin_menu` WHERE ( `status` = 1 AND `level` = 2 AND `parent_id` = 28 ) ORDER BY sort ASC  [ RunTime:0.0010s ]
SQL: SELECT * FROM `admin_menu` WHERE ( `status` = 1 AND `level` = 2 AND `parent_id` = 15 ) ORDER BY sort ASC  [ RunTime:0.0000s ]
SQL: SELECT * FROM `admin_menu` WHERE ( `status` = 1 AND `level` = 2 AND `parent_id` = 1 ) ORDER BY sort ASC  [ RunTime:0.0000s ]
SQL: SHOW COLUMNS FROM `room` [ RunTime:0.0040s ]
SQL: SHOW COLUMNS FROM `house` [ RunTime:0.0040s ]
SQL: SELECT COUNT(*) AS tp_count FROM `room` WHERE ( `house_id` = 599810048 ) LIMIT 1   [ RunTime:0.0010s ]
SQL: SELECT * FROM `room` WHERE ( `house_id` = 599810048 ) ORDER BY `id` DESC LIMIT 0,10   [ RunTime:0.0010s ]
SQL: SELECT `title` FROM `house` WHERE ( `id` = 599810048 ) LIMIT 1   [ RunTime:0.0000s ]
INFO: [ view_parse ] --START--
INFO: Run Behavior\ParseTemplateBehavior [ RunTime:0.018001s ]
INFO: [ view_parse ] --END-- [ RunTime:0.018001s ]
INFO: [ view_filter ] --START--
INFO: Run Behavior\WriteHtmlCacheBehavior [ RunTime:0.000000s ]
INFO: [ view_filter ] --END-- [ RunTime:0.000000s ]
INFO: [ app_end ] --START--
INFO: Run Behavior\ShowPageTraceBehavior [ RunTime:0.000000s ]
INFO: [ app_end ] --END-- [ RunTime:0.001000s ]

[ 2016-09-08T15:31:52+08:00 ] 127.0.0.1 /home/room/index/id/599810048
INFO: [ app_init ] --START--
INFO: Run Behavior\BuildLiteBehavior [ RunTime:0.000000s ]
INFO: [ app_init ] --END-- [ RunTime:0.000000s ]
INFO: [ app_begin ] --START--
INFO: Run Behavior\ReadHtmlCacheBehavior [ RunTime:0.001000s ]
INFO: [ app_begin ] --END-- [ RunTime:0.001000s ]
SQL: SHOW COLUMNS FROM `admin_menu` [ RunTime:0.0040s ]
SQL: SHOW COLUMNS FROM `admin` [ RunTime:0.0040s ]
SQL: SELECT * FROM `admin_menu` WHERE ( `status` = 1 AND `level` = 2 )  [ RunTime:0.0010s ]
SQL: SELECT `position_id` FROM `admin` WHERE ( `username` = 'tsewell' ) LIMIT 1   [ RunTime:0.0000s ]
SQL: SELECT * FROM `admin_menu` WHERE ( `status` = 1 AND `level` = 1 ) ORDER BY sort ASC  [ RunTime:0.0000s ]
SQL: SELECT * FROM `admin_menu` WHERE ( `status` = 1 AND `level` = 2 AND `parent_id` = 18 ) ORDER BY sort ASC  [ RunTime:0.0010s ]
SQL: SELECT * FROM `admin_menu` WHERE ( `status` = 1 AND `level` = 2 AND `parent_id` = 28 ) ORDER BY sort ASC  [ RunTime:0.0000s ]
SQL: SELECT * FROM `admin_menu` WHERE ( `status` = 1 AND `level` = 2 AND `parent_id` = 15 ) ORDER BY sort ASC  [ RunTime:0.0000s ]
SQL: SELECT * FROM `admin_menu` WHERE ( `status` = 1 AND `level` = 2 AND `parent_id` = 1 ) ORDER BY sort ASC  [ RunTime:0.0010s ]
SQL: SHOW COLUMNS FROM `room` [ RunTime:0.0050s ]
SQL: SHOW COLUMNS FROM `house` [ RunTime:0.0050s ]
SQL: SELECT COUNT(*) AS tp_count FROM `room` WHERE ( `house_id` = 599810048 ) LIMIT 1   [ RunTime:0.0010s ]
SQL: SELECT * FROM `room` WHERE ( `house_id` = 599810048 ) ORDER BY `id` DESC LIMIT 0,10   [ RunTime:0.0000s ]
SQL: SELECT `title` FROM `house` WHERE ( `id` = 599810048 ) LIMIT 1   [ RunTime:0.0000s ]
INFO: [ view_parse ] --START--
INFO: Run Behavior\ParseTemplateBehavior [ RunTime:0.008001s ]
INFO: [ view_parse ] --END-- [ RunTime:0.008001s ]
INFO: [ view_filter ] --START--
INFO: Run Behavior\WriteHtmlCacheBehavior [ RunTime:0.000000s ]
INFO: [ view_filter ] --END-- [ RunTime:0.000000s ]
INFO: [ app_end ] --START--
INFO: Run Behavior\ShowPageTraceBehavior [ RunTime:0.001000s ]
INFO: [ app_end ] --END-- [ RunTime:0.001000s ]

[ 2016-09-08T15:33:46+08:00 ] 127.0.0.1 /home/room/index/id/599810048
INFO: [ app_init ] --START--
INFO: Run Behavior\BuildLiteBehavior [ RunTime:0.000000s ]
INFO: [ app_init ] --END-- [ RunTime:0.000000s ]
INFO: [ app_begin ] --START--
INFO: Run Behavior\ReadHtmlCacheBehavior [ RunTime:0.001000s ]
INFO: [ app_begin ] --END-- [ RunTime:0.001000s ]
SQL: SHOW COLUMNS FROM `admin_menu` [ RunTime:0.0200s ]
SQL: SHOW COLUMNS FROM `admin` [ RunTime:0.0070s ]
SQL: SELECT * FROM `admin_menu` WHERE ( `status` = 1 AND `level` = 2 )  [ RunTime:0.0000s ]
SQL: SELECT `position_id` FROM `admin` WHERE ( `username` = 'tsewell' ) LIMIT 1   [ RunTime:0.0000s ]
SQL: SELECT * FROM `admin_menu` WHERE ( `status` = 1 AND `level` = 1 ) ORDER BY sort ASC  [ RunTime:0.0010s ]
SQL: SELECT * FROM `admin_menu` WHERE ( `status` = 1 AND `level` = 2 AND `parent_id` = 18 ) ORDER BY sort ASC  [ RunTime:0.0000s ]
SQL: SELECT * FROM `admin_menu` WHERE ( `status` = 1 AND `level` = 2 AND `parent_id` = 28 ) ORDER BY sort ASC  [ RunTime:0.0000s ]
SQL: SELECT * FROM `admin_menu` WHERE ( `status` = 1 AND `level` = 2 AND `parent_id` = 15 ) ORDER BY sort ASC  [ RunTime:0.0010s ]
SQL: SELECT * FROM `admin_menu` WHERE ( `status` = 1 AND `level` = 2 AND `parent_id` = 1 ) ORDER BY sort ASC  [ RunTime:0.0010s ]
SQL: SHOW COLUMNS FROM `room` [ RunTime:0.0070s ]
SQL: SHOW COLUMNS FROM `house` [ RunTime:0.0040s ]
SQL: SELECT COUNT(*) AS tp_count FROM `room` WHERE ( `house_id` = 599810048 ) LIMIT 1   [ RunTime:0.0010s ]
SQL: SELECT * FROM `room` WHERE ( `house_id` = 599810048 ) ORDER BY `id` DESC LIMIT 0,10   [ RunTime:0.0010s ]
SQL: SELECT `title` FROM `house` WHERE ( `id` = 599810048 ) LIMIT 1   [ RunTime:0.0000s ]
INFO: [ view_parse ] --START--
INFO: Run Behavior\ParseTemplateBehavior [ RunTime:0.051003s ]
INFO: [ view_parse ] --END-- [ RunTime:0.051003s ]
INFO: [ view_filter ] --START--
INFO: Run Behavior\WriteHtmlCacheBehavior [ RunTime:0.001000s ]
INFO: [ view_filter ] --END-- [ RunTime:0.001000s ]
INFO: [ app_end ] --START--
INFO: Run Behavior\ShowPageTraceBehavior [ RunTime:0.000000s ]
INFO: [ app_end ] --END-- [ RunTime:0.000000s ]

[ 2016-09-08T15:33:55+08:00 ] 127.0.0.1 /home/room/index/id/599110032
INFO: [ app_init ] --START--
INFO: Run Behavior\BuildLiteBehavior [ RunTime:0.000000s ]
INFO: [ app_init ] --END-- [ RunTime:0.001000s ]
INFO: [ app_begin ] --START--
INFO: Run Behavior\ReadHtmlCacheBehavior [ RunTime:0.000000s ]
INFO: [ app_begin ] --END-- [ RunTime:0.000000s ]
SQL: SHOW COLUMNS FROM `admin_menu` [ RunTime:0.0100s ]
SQL: SHOW COLUMNS FROM `admin` [ RunTime:0.0090s ]
SQL: SELECT * FROM `admin_menu` WHERE ( `status` = 1 AND `level` = 2 )  [ RunTime:0.0010s ]
SQL: SELECT `position_id` FROM `admin` WHERE ( `username` = 'tsewell' ) LIMIT 1   [ RunTime:0.0000s ]
SQL: SELECT * FROM `admin_menu` WHERE ( `status` = 1 AND `level` = 1 ) ORDER BY sort ASC  [ RunTime:0.0000s ]
SQL: SELECT * FROM `admin_menu` WHERE ( `status` = 1 AND `level` = 2 AND `parent_id` = 18 ) ORDER BY sort ASC  [ RunTime:0.0000s ]
SQL: SELECT * FROM `admin_menu` WHERE ( `status` = 1 AND `level` = 2 AND `parent_id` = 28 ) ORDER BY sort ASC  [ RunTime:0.0000s ]
SQL: SELECT * FROM `admin_menu` WHERE ( `status` = 1 AND `level` = 2 AND `parent_id` = 15 ) ORDER BY sort ASC  [ RunTime:0.0000s ]
SQL: SELECT * FROM `admin_menu` WHERE ( `status` = 1 AND `level` = 2 AND `parent_id` = 1 ) ORDER BY sort ASC  [ RunTime:0.0000s ]
SQL: SHOW COLUMNS FROM `room` [ RunTime:0.0050s ]
SQL: SHOW COLUMNS FROM `house` [ RunTime:0.0050s ]
SQL: SELECT COUNT(*) AS tp_count FROM `room` WHERE ( `house_id` = 599110032 ) LIMIT 1   [ RunTime:0.0010s ]
SQL: SELECT * FROM `room` WHERE ( `house_id` = 599110032 ) ORDER BY `id` DESC LIMIT 0,10   [ RunTime:0.0010s ]
SQL: SELECT `title` FROM `house` WHERE ( `id` = 599110032 ) LIMIT 1   [ RunTime:0.0000s ]
INFO: [ view_parse ] --START--
INFO: Run Behavior\ParseTemplateBehavior [ RunTime:0.011001s ]
INFO: [ view_parse ] --END-- [ RunTime:0.011001s ]
INFO: [ view_filter ] --START--
INFO: Run Behavior\WriteHtmlCacheBehavior [ RunTime:0.000000s ]
INFO: [ view_filter ] --END-- [ RunTime:0.000000s ]
INFO: [ app_end ] --START--
INFO: Run Behavior\ShowPageTraceBehavior [ RunTime:0.000000s ]
INFO: [ app_end ] --END-- [ RunTime:0.000000s ]

[ 2016-09-08T15:34:00+08:00 ] 127.0.0.1 /home/room/index/id/582110005
INFO: [ app_init ] --START--
INFO: Run Behavior\BuildLiteBehavior [ RunTime:0.000000s ]
INFO: [ app_init ] --END-- [ RunTime:0.000000s ]
INFO: [ app_begin ] --START--
INFO: Run Behavior\ReadHtmlCacheBehavior [ RunTime:0.001000s ]
INFO: [ app_begin ] --END-- [ RunTime:0.001000s ]
SQL: SHOW COLUMNS FROM `admin_menu` [ RunTime:0.0070s ]
SQL: SHOW COLUMNS FROM `admin` [ RunTime:0.0050s ]
SQL: SELECT * FROM `admin_menu` WHERE ( `status` = 1 AND `level` = 2 )  [ RunTime:0.0000s ]
SQL: SELECT `position_id` FROM `admin` WHERE ( `username` = 'tsewell' ) LIMIT 1   [ RunTime:0.0010s ]
SQL: SELECT * FROM `admin_menu` WHERE ( `status` = 1 AND `level` = 1 ) ORDER BY sort ASC  [ RunTime:0.0000s ]
SQL: SELECT * FROM `admin_menu` WHERE ( `status` = 1 AND `level` = 2 AND `parent_id` = 18 ) ORDER BY sort ASC  [ RunTime:0.0000s ]
SQL: SELECT * FROM `admin_menu` WHERE ( `status` = 1 AND `level` = 2 AND `parent_id` = 28 ) ORDER BY sort ASC  [ RunTime:0.0000s ]
SQL: SELECT * FROM `admin_menu` WHERE ( `status` = 1 AND `level` = 2 AND `parent_id` = 15 ) ORDER BY sort ASC  [ RunTime:0.0000s ]
SQL: SELECT * FROM `admin_menu` WHERE ( `status` = 1 AND `level` = 2 AND `parent_id` = 1 ) ORDER BY sort ASC  [ RunTime:0.0000s ]
SQL: SHOW COLUMNS FROM `room` [ RunTime:0.0050s ]
SQL: SHOW COLUMNS FROM `house` [ RunTime:0.0050s ]
SQL: SELECT COUNT(*) AS tp_count FROM `room` WHERE ( `house_id` = 582110005 ) LIMIT 1   [ RunTime:0.0010s ]
SQL: SELECT * FROM `room` WHERE ( `house_id` = 582110005 ) ORDER BY `id` DESC LIMIT 0,10   [ RunTime:0.0010s ]
SQL: SELECT `title` FROM `house` WHERE ( `id` = 582110005 ) LIMIT 1   [ RunTime:0.0010s ]
INFO: [ view_parse ] --START--
INFO: Run Behavior\ParseTemplateBehavior [ RunTime:0.009001s ]
INFO: [ view_parse ] --END-- [ RunTime:0.009001s ]
INFO: [ view_filter ] --START--
INFO: Run Behavior\WriteHtmlCacheBehavior [ RunTime:0.000000s ]
INFO: [ view_filter ] --END-- [ RunTime:0.000000s ]
INFO: [ app_end ] --START--
INFO: Run Behavior\ShowPageTraceBehavior [ RunTime:0.000000s ]
INFO: [ app_end ] --END-- [ RunTime:0.000000s ]

[ 2016-09-08T15:34:11+08:00 ] 127.0.0.1 /home/room/index/id/589010029
INFO: [ app_init ] --START--
INFO: Run Behavior\BuildLiteBehavior [ RunTime:0.000000s ]
INFO: [ app_init ] --END-- [ RunTime:0.000000s ]
INFO: [ app_begin ] --START--
INFO: Run Behavior\ReadHtmlCacheBehavior [ RunTime:0.000000s ]
INFO: [ app_begin ] --END-- [ RunTime:0.000000s ]
SQL: SHOW COLUMNS FROM `admin_menu` [ RunTime:0.0080s ]
SQL: SHOW COLUMNS FROM `admin` [ RunTime:0.0080s ]
SQL: SELECT * FROM `admin_menu` WHERE ( `status` = 1 AND `level` = 2 )  [ RunTime:0.0010s ]
SQL: SELECT `position_id` FROM `admin` WHERE ( `username` = 'tsewell' ) LIMIT 1   [ RunTime:0.0010s ]
SQL: SELECT * FROM `admin_menu` WHERE ( `status` = 1 AND `level` = 1 ) ORDER BY sort ASC  [ RunTime:0.0010s ]
SQL: SELECT * FROM `admin_menu` WHERE ( `status` = 1 AND `level` = 2 AND `parent_id` = 18 ) ORDER BY sort ASC  [ RunTime:0.0000s ]
SQL: SELECT * FROM `admin_menu` WHERE ( `status` = 1 AND `level` = 2 AND `parent_id` = 28 ) ORDER BY sort ASC  [ RunTime:0.0000s ]
SQL: SELECT * FROM `admin_menu` WHERE ( `status` = 1 AND `level` = 2 AND `parent_id` = 15 ) ORDER BY sort ASC  [ RunTime:0.0010s ]
SQL: SELECT * FROM `admin_menu` WHERE ( `status` = 1 AND `level` = 2 AND `parent_id` = 1 ) ORDER BY sort ASC  [ RunTime:0.0010s ]
SQL: SHOW COLUMNS FROM `room` [ RunTime:0.0060s ]
SQL: SHOW COLUMNS FROM `house` [ RunTime:0.0050s ]
SQL: SELECT COUNT(*) AS tp_count FROM `room` WHERE ( `house_id` = 589010029 ) LIMIT 1   [ RunTime:0.0010s ]
SQL: SELECT * FROM `room` WHERE ( `house_id` = 589010029 ) ORDER BY `id` DESC LIMIT 0,10   [ RunTime:0.0000s ]
SQL: SELECT `title` FROM `house` WHERE ( `id` = 589010029 ) LIMIT 1   [ RunTime:0.0000s ]
INFO: [ view_parse ] --START--
INFO: Run Behavior\ParseTemplateBehavior [ RunTime:0.008000s ]
INFO: [ view_parse ] --END-- [ RunTime:0.009000s ]
INFO: [ view_filter ] --START--
INFO: Run Behavior\WriteHtmlCacheBehavior [ RunTime:0.000000s ]
INFO: [ view_filter ] --END-- [ RunTime:0.000000s ]
INFO: [ app_end ] --START--
INFO: Run Behavior\ShowPageTraceBehavior [ RunTime:0.000000s ]
INFO: [ app_end ] --END-- [ RunTime:0.000000s ]

[ 2016-09-08T15:34:19+08:00 ] 127.0.0.1 /home/house/index/p/10.html
INFO: [ app_init ] --START--
INFO: Run Behavior\BuildLiteBehavior [ RunTime:0.000000s ]
INFO: [ app_init ] --END-- [ RunTime:0.000000s ]
INFO: [ app_begin ] --START--
INFO: Run Behavior\ReadHtmlCacheBehavior [ RunTime:0.000000s ]
INFO: [ app_begin ] --END-- [ RunTime:0.000000s ]
SQL: SHOW COLUMNS FROM `admin_menu` [ RunTime:0.0070s ]
SQL: SHOW COLUMNS FROM `admin` [ RunTime:0.0050s ]
SQL: SELECT * FROM `admin_menu` WHERE ( `status` = 1 AND `level` = 2 )  [ RunTime:0.0010s ]
SQL: SELECT `position_id` FROM `admin` WHERE ( `username` = 'tsewell' ) LIMIT 1   [ RunTime:0.0000s ]
SQL: SELECT * FROM `admin_menu` WHERE ( `status` = 1 AND `level` = 1 ) ORDER BY sort ASC  [ RunTime:0.0000s ]
SQL: SELECT * FROM `admin_menu` WHERE ( `status` = 1 AND `level` = 2 AND `parent_id` = 18 ) ORDER BY sort ASC  [ RunTime:0.0000s ]
SQL: SELECT * FROM `admin_menu` WHERE ( `status` = 1 AND `level` = 2 AND `parent_id` = 28 ) ORDER BY sort ASC  [ RunTime:0.0000s ]
SQL: SELECT * FROM `admin_menu` WHERE ( `status` = 1 AND `level` = 2 AND `parent_id` = 15 ) ORDER BY sort ASC  [ RunTime:0.0000s ]
SQL: SELECT * FROM `admin_menu` WHERE ( `status` = 1 AND `level` = 2 AND `parent_id` = 1 ) ORDER BY sort ASC  [ RunTime:0.0010s ]
SQL: SHOW COLUMNS FROM `house` [ RunTime:0.0060s ]
SQL: SELECT COUNT(*) AS tp_count FROM `house` LIMIT 1   [ RunTime:0.0020s ]
SQL: SELECT * FROM `house` ORDER BY `id` DESC LIMIT 90,10   [ RunTime:0.0020s ]
INFO: [ view_parse ] --START--
INFO: Run Behavior\ParseTemplateBehavior [ RunTime:0.008000s ]
INFO: [ view_parse ] --END-- [ RunTime:0.008000s ]
INFO: [ view_filter ] --START--
INFO: Run Behavior\WriteHtmlCacheBehavior [ RunTime:0.000000s ]
INFO: [ view_filter ] --END-- [ RunTime:0.000000s ]
INFO: [ app_end ] --START--
INFO: Run Behavior\ShowPageTraceBehavior [ RunTime:0.000000s ]
INFO: [ app_end ] --END-- [ RunTime:0.000000s ]

[ 2016-09-08T15:34:22+08:00 ] 127.0.0.1 /home/room/index/id/187202604
INFO: [ app_init ] --START--
INFO: Run Behavior\BuildLiteBehavior [ RunTime:0.000000s ]
INFO: [ app_init ] --END-- [ RunTime:0.001000s ]
INFO: [ app_begin ] --START--
INFO: Run Behavior\ReadHtmlCacheBehavior [ RunTime:0.001000s ]
INFO: [ app_begin ] --END-- [ RunTime:0.001000s ]
SQL: SHOW COLUMNS FROM `admin_menu` [ RunTime:0.0070s ]
SQL: SHOW COLUMNS FROM `admin` [ RunTime:0.0070s ]
SQL: SELECT * FROM `admin_menu` WHERE ( `status` = 1 AND `level` = 2 )  [ RunTime:0.0000s ]
SQL: SELECT `position_id` FROM `admin` WHERE ( `username` = 'tsewell' ) LIMIT 1   [ RunTime:0.0010s ]
SQL: SELECT * FROM `admin_menu` WHERE ( `status` = 1 AND `level` = 1 ) ORDER BY sort ASC  [ RunTime:0.0000s ]
SQL: SELECT * FROM `admin_menu` WHERE ( `status` = 1 AND `level` = 2 AND `parent_id` = 18 ) ORDER BY sort ASC  [ RunTime:0.0010s ]
SQL: SELECT * FROM `admin_menu` WHERE ( `status` = 1 AND `level` = 2 AND `parent_id` = 28 ) ORDER BY sort ASC  [ RunTime:0.0010s ]
SQL: SELECT * FROM `admin_menu` WHERE ( `status` = 1 AND `level` = 2 AND `parent_id` = 15 ) ORDER BY sort ASC  [ RunTime:0.0000s ]
SQL: SELECT * FROM `admin_menu` WHERE ( `status` = 1 AND `level` = 2 AND `parent_id` = 1 ) ORDER BY sort ASC  [ RunTime:0.0000s ]
SQL: SHOW COLUMNS FROM `room` [ RunTime:0.0060s ]
SQL: SHOW COLUMNS FROM `house` [ RunTime:0.0140s ]
SQL: SELECT COUNT(*) AS tp_count FROM `room` WHERE ( `house_id` = 187202604 ) LIMIT 1   [ RunTime:0.0000s ]
SQL: SELECT * FROM `room` WHERE ( `house_id` = 187202604 ) ORDER BY `id` DESC LIMIT 0,10   [ RunTime:0.0010s ]
SQL: SELECT `title` FROM `house` WHERE ( `id` = 187202604 ) LIMIT 1   [ RunTime:0.0010s ]
INFO: [ view_parse ] --START--
INFO: Run Behavior\ParseTemplateBehavior [ RunTime:0.008001s ]
INFO: [ view_parse ] --END-- [ RunTime:0.008001s ]
INFO: [ view_filter ] --START--
INFO: Run Behavior\WriteHtmlCacheBehavior [ RunTime:0.000000s ]
INFO: [ view_filter ] --END-- [ RunTime:0.000000s ]
INFO: [ app_end ] --START--
INFO: Run Behavior\ShowPageTraceBehavior [ RunTime:0.001000s ]
INFO: [ app_end ] --END-- [ RunTime:0.001000s ]

[ 2016-09-08T15:34:38+08:00 ] 127.0.0.1 /home/room/index/id/187202604
INFO: [ app_init ] --START--
INFO: Run Behavior\BuildLiteBehavior [ RunTime:0.000000s ]
INFO: [ app_init ] --END-- [ RunTime:0.001000s ]
INFO: [ app_begin ] --START--
INFO: Run Behavior\ReadHtmlCacheBehavior [ RunTime:0.000000s ]
INFO: [ app_begin ] --END-- [ RunTime:0.000000s ]
SQL: SHOW COLUMNS FROM `admin_menu` [ RunTime:0.0200s ]
SQL: SHOW COLUMNS FROM `admin` [ RunTime:0.0080s ]
SQL: SELECT * FROM `admin_menu` WHERE ( `status` = 1 AND `level` = 2 )  [ RunTime:0.0000s ]
SQL: SELECT `position_id` FROM `admin` WHERE ( `username` = 'tsewell' ) LIMIT 1   [ RunTime:0.0000s ]
SQL: SELECT * FROM `admin_menu` WHERE ( `status` = 1 AND `level` = 1 ) ORDER BY sort ASC  [ RunTime:0.0010s ]
SQL: SELECT * FROM `admin_menu` WHERE ( `status` = 1 AND `level` = 2 AND `parent_id` = 18 ) ORDER BY sort ASC  [ RunTime:0.0000s ]
SQL: SELECT * FROM `admin_menu` WHERE ( `status` = 1 AND `level` = 2 AND `parent_id` = 28 ) ORDER BY sort ASC  [ RunTime:0.0010s ]
SQL: SELECT * FROM `admin_menu` WHERE ( `status` = 1 AND `level` = 2 AND `parent_id` = 15 ) ORDER BY sort ASC  [ RunTime:0.0000s ]
SQL: SELECT * FROM `admin_menu` WHERE ( `status` = 1 AND `level` = 2 AND `parent_id` = 1 ) ORDER BY sort ASC  [ RunTime:0.0010s ]
SQL: SHOW COLUMNS FROM `room` [ RunTime:0.0060s ]
SQL: SHOW COLUMNS FROM `house` [ RunTime:0.0040s ]
SQL: SELECT COUNT(*) AS tp_count FROM `room` WHERE ( `house_id` = 187202604 ) LIMIT 1   [ RunTime:0.0000s ]
SQL: SELECT * FROM `room` WHERE ( `house_id` = 187202604 ) ORDER BY `id` DESC LIMIT 0,10   [ RunTime:0.0010s ]
SQL: SELECT `title` FROM `house` WHERE ( `id` = 187202604 ) LIMIT 1   [ RunTime:0.0010s ]
INFO: [ view_parse ] --START--
INFO: Run Behavior\ParseTemplateBehavior [ RunTime:0.008001s ]
INFO: [ view_parse ] --END-- [ RunTime:0.008001s ]
INFO: [ view_filter ] --START--
INFO: Run Behavior\WriteHtmlCacheBehavior [ RunTime:0.000000s ]
INFO: [ view_filter ] --END-- [ RunTime:0.000000s ]
INFO: [ app_end ] --START--
INFO: Run Behavior\ShowPageTraceBehavior [ RunTime:0.001000s ]
INFO: [ app_end ] --END-- [ RunTime:0.001000s ]

[ 2016-09-08T15:35:40+08:00 ] 127.0.0.1 /home/room/edit/id/4295
INFO: [ app_init ] --START--
INFO: Run Behavior\BuildLiteBehavior [ RunTime:0.000000s ]
INFO: [ app_init ] --END-- [ RunTime:0.000000s ]
INFO: [ app_begin ] --START--
INFO: Run Behavior\ReadHtmlCacheBehavior [ RunTime:0.000000s ]
INFO: [ app_begin ] --END-- [ RunTime:0.000000s ]
SQL: SHOW COLUMNS FROM `admin_menu` [ RunTime:0.0070s ]
SQL: SHOW COLUMNS FROM `admin` [ RunTime:0.0070s ]
SQL: SELECT * FROM `admin_menu` WHERE ( `status` = 1 AND `level` = 2 )  [ RunTime:0.0010s ]
SQL: SELECT `position_id` FROM `admin` WHERE ( `username` = 'tsewell' ) LIMIT 1   [ RunTime:0.0000s ]
SQL: SELECT * FROM `admin_menu` WHERE ( `status` = 1 AND `level` = 1 ) ORDER BY sort ASC  [ RunTime:0.0000s ]
SQL: SELECT * FROM `admin_menu` WHERE ( `status` = 1 AND `level` = 2 AND `parent_id` = 18 ) ORDER BY sort ASC  [ RunTime:0.0010s ]
SQL: SELECT * FROM `admin_menu` WHERE ( `status` = 1 AND `level` = 2 AND `parent_id` = 28 ) ORDER BY sort ASC  [ RunTime:0.0000s ]
SQL: SELECT * FROM `admin_menu` WHERE ( `status` = 1 AND `level` = 2 AND `parent_id` = 15 ) ORDER BY sort ASC  [ RunTime:0.0010s ]
SQL: SELECT * FROM `admin_menu` WHERE ( `status` = 1 AND `level` = 2 AND `parent_id` = 1 ) ORDER BY sort ASC  [ RunTime:0.0000s ]
SQL: SHOW COLUMNS FROM `room` [ RunTime:0.0060s ]
SQL: SELECT * FROM `room` WHERE ( `id` = 4295 ) LIMIT 1   [ RunTime:0.0010s ]
INFO: [ view_parse ] --START--
INFO: Run Behavior\ParseTemplateBehavior [ RunTime:0.036002s ]
INFO: [ view_parse ] --END-- [ RunTime:0.036002s ]
INFO: [ view_filter ] --START--
INFO: Run Behavior\WriteHtmlCacheBehavior [ RunTime:0.000000s ]
INFO: [ view_filter ] --END-- [ RunTime:0.001000s ]
INFO: [ app_end ] --START--
INFO: Run Behavior\ShowPageTraceBehavior [ RunTime:0.000000s ]
INFO: [ app_end ] --END-- [ RunTime:0.000000s ]

[ 2016-09-08T15:36:52+08:00 ] 127.0.0.1 /home/room/edit/id/4295
INFO: [ app_init ] --START--
INFO: Run Behavior\BuildLiteBehavior [ RunTime:0.000000s ]
INFO: [ app_init ] --END-- [ RunTime:0.001000s ]
INFO: [ app_begin ] --START--
INFO: Run Behavior\ReadHtmlCacheBehavior [ RunTime:0.001000s ]
INFO: [ app_begin ] --END-- [ RunTime:0.001000s ]
SQL: SHOW COLUMNS FROM `admin_menu` [ RunTime:0.0060s ]
SQL: SHOW COLUMNS FROM `admin` [ RunTime:0.0050s ]
SQL: SELECT * FROM `admin_menu` WHERE ( `status` = 1 AND `level` = 2 )  [ RunTime:0.0000s ]
SQL: SELECT `position_id` FROM `admin` WHERE ( `username` = 'tsewell' ) LIMIT 1   [ RunTime:0.0010s ]
SQL: SELECT * FROM `admin_menu` WHERE ( `status` = 1 AND `level` = 1 ) ORDER BY sort ASC  [ RunTime:0.0000s ]
SQL: SELECT * FROM `admin_menu` WHERE ( `status` = 1 AND `level` = 2 AND `parent_id` = 18 ) ORDER BY sort ASC  [ RunTime:0.0010s ]
SQL: SELECT * FROM `admin_menu` WHERE ( `status` = 1 AND `level` = 2 AND `parent_id` = 28 ) ORDER BY sort ASC  [ RunTime:0.0000s ]
SQL: SELECT * FROM `admin_menu` WHERE ( `status` = 1 AND `level` = 2 AND `parent_id` = 15 ) ORDER BY sort ASC  [ RunTime:0.0000s ]
SQL: SELECT * FROM `admin_menu` WHERE ( `status` = 1 AND `level` = 2 AND `parent_id` = 1 ) ORDER BY sort ASC  [ RunTime:0.0000s ]
SQL: SHOW COLUMNS FROM `room` [ RunTime:0.0040s ]
SQL: SELECT * FROM `room` WHERE ( `id` = 4295 ) LIMIT 1   [ RunTime:0.0010s ]
INFO: [ view_parse ] --START--
INFO: Run Behavior\ParseTemplateBehavior [ RunTime:0.066004s ]
INFO: [ view_parse ] --END-- [ RunTime:0.066004s ]
INFO: [ view_filter ] --START--
INFO: Run Behavior\WriteHtmlCacheBehavior [ RunTime:0.000000s ]
INFO: [ view_filter ] --END-- [ RunTime:0.000000s ]
INFO: [ app_end ] --START--
INFO: Run Behavior\ShowPageTraceBehavior [ RunTime:0.001000s ]
INFO: [ app_end ] --END-- [ RunTime:0.001000s ]

[ 2016-09-08T16:02:25+08:00 ] 127.0.0.1 /home/house/index
INFO: [ app_init ] --START--
INFO: Run Behavior\BuildLiteBehavior [ RunTime:0.000000s ]
INFO: [ app_init ] --END-- [ RunTime:0.001000s ]
INFO: [ app_begin ] --START--
INFO: Run Behavior\ReadHtmlCacheBehavior [ RunTime:0.001000s ]
INFO: [ app_begin ] --END-- [ RunTime:0.001000s ]
SQL: SHOW COLUMNS FROM `admin_menu` [ RunTime:0.0080s ]
SQL: SHOW COLUMNS FROM `admin` [ RunTime:0.0080s ]
SQL: SELECT * FROM `admin_menu` WHERE ( `status` = 1 AND `level` = 2 )  [ RunTime:0.0010s ]
SQL: SELECT `position_id` FROM `admin` WHERE ( `username` = 'tsewell' ) LIMIT 1   [ RunTime:0.0000s ]
SQL: SELECT * FROM `admin_menu` WHERE ( `status` = 1 AND `level` = 1 ) ORDER BY sort ASC  [ RunTime:0.0000s ]
SQL: SELECT * FROM `admin_menu` WHERE ( `status` = 1 AND `level` = 2 AND `parent_id` = 18 ) ORDER BY sort ASC  [ RunTime:0.0000s ]
SQL: SELECT * FROM `admin_menu` WHERE ( `status` = 1 AND `level` = 2 AND `parent_id` = 28 ) ORDER BY sort ASC  [ RunTime:0.0000s ]
SQL: SELECT * FROM `admin_menu` WHERE ( `status` = 1 AND `level` = 2 AND `parent_id` = 15 ) ORDER BY sort ASC  [ RunTime:0.0010s ]
SQL: SELECT * FROM `admin_menu` WHERE ( `status` = 1 AND `level` = 2 AND `parent_id` = 1 ) ORDER BY sort ASC  [ RunTime:0.0000s ]
SQL: SHOW COLUMNS FROM `house` [ RunTime:0.0060s ]
SQL: SELECT COUNT(*) AS tp_count FROM `house` LIMIT 1   [ RunTime:0.0010s ]
SQL: SELECT * FROM `house` ORDER BY `id` DESC LIMIT 0,10   [ RunTime:0.0010s ]
INFO: [ view_parse ] --START--
INFO: Run Behavior\ParseTemplateBehavior [ RunTime:0.015001s ]
INFO: [ view_parse ] --END-- [ RunTime:0.015001s ]
INFO: [ view_filter ] --START--
INFO: Run Behavior\WriteHtmlCacheBehavior [ RunTime:0.000000s ]
INFO: [ view_filter ] --END-- [ RunTime:0.000000s ]
INFO: [ app_end ] --START--
INFO: Run Behavior\ShowPageTraceBehavior [ RunTime:0.001000s ]
INFO: [ app_end ] --END-- [ RunTime:0.001000s ]

[ 2016-09-08T16:02:31+08:00 ] 127.0.0.1 /home/room/index/id/599810048
INFO: [ app_init ] --START--
INFO: Run Behavior\BuildLiteBehavior [ RunTime:0.000000s ]
INFO: [ app_init ] --END-- [ RunTime:0.000000s ]
INFO: [ app_begin ] --START--
INFO: Run Behavior\ReadHtmlCacheBehavior [ RunTime:0.001000s ]
INFO: [ app_begin ] --END-- [ RunTime:0.001000s ]
SQL: SHOW COLUMNS FROM `admin_menu` [ RunTime:0.0140s ]
SQL: SHOW COLUMNS FROM `admin` [ RunTime:0.0040s ]
SQL: SELECT * FROM `admin_menu` WHERE ( `status` = 1 AND `level` = 2 )  [ RunTime:0.0010s ]
SQL: SELECT `position_id` FROM `admin` WHERE ( `username` = 'tsewell' ) LIMIT 1   [ RunTime:0.0000s ]
SQL: SELECT * FROM `admin_menu` WHERE ( `status` = 1 AND `level` = 1 ) ORDER BY sort ASC  [ RunTime:0.0000s ]
SQL: SELECT * FROM `admin_menu` WHERE ( `status` = 1 AND `level` = 2 AND `parent_id` = 18 ) ORDER BY sort ASC  [ RunTime:0.0010s ]
SQL: SELECT * FROM `admin_menu` WHERE ( `status` = 1 AND `level` = 2 AND `parent_id` = 28 ) ORDER BY sort ASC  [ RunTime:0.0000s ]
SQL: SELECT * FROM `admin_menu` WHERE ( `status` = 1 AND `level` = 2 AND `parent_id` = 15 ) ORDER BY sort ASC  [ RunTime:0.0000s ]
SQL: SELECT * FROM `admin_menu` WHERE ( `status` = 1 AND `level` = 2 AND `parent_id` = 1 ) ORDER BY sort ASC  [ RunTime:0.0010s ]
SQL: SHOW COLUMNS FROM `room` [ RunTime:0.0040s ]
SQL: SHOW COLUMNS FROM `house` [ RunTime:0.0060s ]
SQL: SELECT COUNT(*) AS tp_count FROM `room` WHERE ( `house_id` = 599810048 ) LIMIT 1   [ RunTime:0.0020s ]
SQL: SELECT * FROM `room` WHERE ( `house_id` = 599810048 ) ORDER BY `id` DESC LIMIT 0,10   [ RunTime:0.0030s ]
SQL: SELECT `title` FROM `house` WHERE ( `id` = 599810048 ) LIMIT 1   [ RunTime:0.0000s ]
SQL: SELECT `title` FROM `house` WHERE ( `id` = 599810048 ) LIMIT 1   [ RunTime:0.0000s ]
SQL: SELECT `title` FROM `house` WHERE ( `id` = 599810048 ) LIMIT 1   [ RunTime:0.0000s ]
SQL: SELECT `title` FROM `house` WHERE ( `id` = 599810048 ) LIMIT 1   [ RunTime:0.0010s ]
INFO: [ view_parse ] --START--
INFO: Run Behavior\ParseTemplateBehavior [ RunTime:0.009001s ]
INFO: [ view_parse ] --END-- [ RunTime:0.009001s ]
INFO: [ view_filter ] --START--
INFO: Run Behavior\WriteHtmlCacheBehavior [ RunTime:0.000000s ]
INFO: [ view_filter ] --END-- [ RunTime:0.001000s ]
INFO: [ app_end ] --START--
INFO: Run Behavior\ShowPageTraceBehavior [ RunTime:0.000000s ]
INFO: [ app_end ] --END-- [ RunTime:0.000000s ]

[ 2016-09-08T16:02:42+08:00 ] 127.0.0.1 /home/room/index/id/599110032
INFO: [ app_init ] --START--
INFO: Run Behavior\BuildLiteBehavior [ RunTime:0.000000s ]
INFO: [ app_init ] --END-- [ RunTime:0.000000s ]
INFO: [ app_begin ] --START--
INFO: Run Behavior\ReadHtmlCacheBehavior [ RunTime:0.001000s ]
INFO: [ app_begin ] --END-- [ RunTime:0.001000s ]
SQL: SHOW COLUMNS FROM `admin_menu` [ RunTime:0.0080s ]
SQL: SHOW COLUMNS FROM `admin` [ RunTime:0.0070s ]
SQL: SELECT * FROM `admin_menu` WHERE ( `status` = 1 AND `level` = 2 )  [ RunTime:0.0010s ]
SQL: SELECT `position_id` FROM `admin` WHERE ( `username` = 'tsewell' ) LIMIT 1   [ RunTime:0.0010s ]
SQL: SELECT * FROM `admin_menu` WHERE ( `status` = 1 AND `level` = 1 ) ORDER BY sort ASC  [ RunTime:0.0000s ]
SQL: SELECT * FROM `admin_menu` WHERE ( `status` = 1 AND `level` = 2 AND `parent_id` = 18 ) ORDER BY sort ASC  [ RunTime:0.0000s ]
SQL: SELECT * FROM `admin_menu` WHERE ( `status` = 1 AND `level` = 2 AND `parent_id` = 28 ) ORDER BY sort ASC  [ RunTime:0.0010s ]
SQL: SELECT * FROM `admin_menu` WHERE ( `status` = 1 AND `level` = 2 AND `parent_id` = 15 ) ORDER BY sort ASC  [ RunTime:0.0000s ]
SQL: SELECT * FROM `admin_menu` WHERE ( `status` = 1 AND `level` = 2 AND `parent_id` = 1 ) ORDER BY sort ASC  [ RunTime:0.0000s ]
SQL: SHOW COLUMNS FROM `room` [ RunTime:0.0070s ]
SQL: SHOW COLUMNS FROM `house` [ RunTime:0.0040s ]
SQL: SELECT COUNT(*) AS tp_count FROM `room` WHERE ( `house_id` = 599110032 ) LIMIT 1   [ RunTime:0.0010s ]
SQL: SELECT * FROM `room` WHERE ( `house_id` = 599110032 ) ORDER BY `id` DESC LIMIT 0,10   [ RunTime:0.0030s ]
SQL: SELECT `title` FROM `house` WHERE ( `id` = 599110032 ) LIMIT 1   [ RunTime:0.0000s ]
SQL: SELECT `title` FROM `house` WHERE ( `id` = 599110032 ) LIMIT 1   [ RunTime:0.0010s ]
SQL: SELECT `title` FROM `house` WHERE ( `id` = 599110032 ) LIMIT 1   [ RunTime:0.0000s ]
SQL: SELECT `title` FROM `house` WHERE ( `id` = 599110032 ) LIMIT 1   [ RunTime:0.0000s ]
INFO: [ view_parse ] --START--
INFO: Run Behavior\ParseTemplateBehavior [ RunTime:0.008001s ]
INFO: [ view_parse ] --END-- [ RunTime:0.008001s ]
INFO: [ view_filter ] --START--
INFO: Run Behavior\WriteHtmlCacheBehavior [ RunTime:0.000000s ]
INFO: [ view_filter ] --END-- [ RunTime:0.000000s ]
INFO: [ app_end ] --START--
INFO: Run Behavior\ShowPageTraceBehavior [ RunTime:0.001000s ]
INFO: [ app_end ] --END-- [ RunTime:0.001000s ]

