[ 2016-09-13T09:49:03+08:00 ] 127.0.0.1 /favicon.ico
INFO: [ app_init ] --START--
INFO: Run Behavior\BuildLiteBehavior [ RunTime:0.000000s ]
INFO: [ app_init ] --END-- [ RunTime:0.000000s ]
ERR: æ— æ³•åŠ è½½æ¨¡å—:Favicon

[ 2016-09-13T09:49:17+08:00 ] 127.0.0.1 /Public/user/img/member/headpic/small/100x100.png
INFO: [ app_init ] --START--
INFO: Run Behavior\BuildLiteBehavior [ RunTime:0.000000s ]
INFO: [ app_init ] --END-- [ RunTime:0.000000s ]
ERR: æ— æ³•åŠ è½½æ¨¡å—:Public

[ 2016-09-13T09:49:17+08:00 ] 127.0.0.1 /Public/user/img/member/headpic/small/pic-girl-02.png
INFO: [ app_init ] --START--
INFO: Run Behavior\BuildLiteBehavior [ RunTime:0.000000s ]
INFO: [ app_init ] --END-- [ RunTime:0.001000s ]
ERR: æ— æ³•åŠ è½½æ¨¡å—:Public

[ 2016-09-13T09:49:17+08:00 ] 127.0.0.1 /Public/user/img/product/mushroom.png
INFO: [ app_init ] --START--
INFO: Run Behavior\BuildLiteBehavior [ RunTime:0.000000s ]
INFO: [ app_init ] --END-- [ RunTime:0.000000s ]
ERR: æ— æ³•åŠ è½½æ¨¡å—:Public

[ 2016-09-13T09:49:17+08:00 ] 127.0.0.1 /image?imgid=65526&width=223&height=174
INFO: [ app_init ] --START--
INFO: Run Behavior\BuildLiteBehavior [ RunTime:0.000000s ]
INFO: [ app_init ] --END-- [ RunTime:0.001000s ]
ERR: æ— æ³•åŠ è½½æ¨¡å—:Image

[ 2016-09-13T09:49:17+08:00 ] 127.0.0.1 /Public/user/img/member/headpic/small/100x100.png
INFO: [ app_init ] --START--
INFO: Run Behavior\BuildLiteBehavior [ RunTime:0.000000s ]
INFO: [ app_init ] --END-- [ RunTime:0.001000s ]
ERR: æ— æ³•åŠ è½½æ¨¡å—:Public

[ 2016-09-13T09:49:17+08:00 ] 127.0.0.1 /Public/user/img/member/headpic/small/pic-girl-02.png
INFO: [ app_init ] --START--
INFO: Run Behavior\BuildLiteBehavior [ RunTime:0.000000s ]
INFO: [ app_init ] --END-- [ RunTime:0.000000s ]
ERR: æ— æ³•åŠ è½½æ¨¡å—:Public

[ 2016-09-13T09:49:18+08:00 ] 127.0.0.1 /image?imgid=35298&width=223&height=174
INFO: [ app_init ] --START--
INFO: Run Behavior\BuildLiteBehavior [ RunTime:0.000000s ]
INFO: [ app_init ] --END-- [ RunTime:0.000000s ]
ERR: æ— æ³•åŠ è½½æ¨¡å—:Image

[ 2016-09-13T09:49:18+08:00 ] 127.0.0.1 /image?imgid=3799&width=223&height=174
INFO: [ app_init ] --START--
INFO: Run Behavior\BuildLiteBehavior [ RunTime:0.000000s ]
INFO: [ app_init ] --END-- [ RunTime:0.001000s ]
ERR: æ— æ³•åŠ è½½æ¨¡å—:Image

[ 2016-09-13T09:49:18+08:00 ] 127.0.0.1 /statics/fonts/fontawesome-webfont.woff?v=4.2.0
INFO: [ app_init ] --START--
INFO: Run Behavior\BuildLiteBehavior [ RunTime:0.000000s ]
INFO: [ app_init ] --END-- [ RunTime:0.001000s ]
ERR: æ— æ³•åŠ è½½æ¨¡å—:Statics

[ 2016-09-13T09:49:18+08:00 ] 127.0.0.1 /Public/user/img/product/mushroom.png
INFO: [ app_init ] --START--
INFO: Run Behavior\BuildLiteBehavior [ RunTime:0.000000s ]
INFO: [ app_init ] --END-- [ RunTime:0.000000s ]
ERR: æ— æ³•åŠ è½½æ¨¡å—:Public

[ 2016-09-13T09:49:18+08:00 ] 127.0.0.1 /statics/fonts/fontawesome-webfont.ttf?v=4.2.0
INFO: [ app_init ] --START--
INFO: Run Behavior\BuildLiteBehavior [ RunTime:0.000000s ]
INFO: [ app_init ] --END-- [ RunTime:0.001000s ]
ERR: æ— æ³•åŠ è½½æ¨¡å—:Statics

[ 2016-09-13T09:49:20+08:00 ] 127.0.0.1 /Public/user/img/product/probox-why.jpg
INFO: [ app_init ] --START--
INFO: Run Behavior\BuildLiteBehavior [ RunTime:0.000000s ]
INFO: [ app_init ] --END-- [ RunTime:0.000000s ]
ERR: æ— æ³•åŠ è½½æ¨¡å—:Public

[ 2016-09-13T09:50:17+08:00 ] 127.0.0.1 /Public/user/img/member/headpic/small/100x100.png
INFO: [ app_init ] --START--
INFO: Run Behavior\BuildLiteBehavior [ RunTime:0.000000s ]
INFO: [ app_init ] --END-- [ RunTime:0.001000s ]
ERR: æ— æ³•åŠ è½½æ¨¡å—:Public

[ 2016-09-13T09:50:17+08:00 ] 127.0.0.1 /Public/user/img/member/headpic/small/pic-girl-02.png
INFO: [ app_init ] --START--
INFO: Run Behavior\BuildLiteBehavior [ RunTime:0.000000s ]
INFO: [ app_init ] --END-- [ RunTime:0.000000s ]
ERR: æ— æ³•åŠ è½½æ¨¡å—:Public

[ 2016-09-13T09:50:17+08:00 ] 127.0.0.1 /Public/user/img/product/mushroom.png
INFO: [ app_init ] --START--
INFO: Run Behavior\BuildLiteBehavior [ RunTime:0.000000s ]
INFO: [ app_init ] --END-- [ RunTime:0.000000s ]
ERR: æ— æ³•åŠ è½½æ¨¡å—:Public

[ 2016-09-13T09:50:17+08:00 ] 127.0.0.1 /image?imgid=3799&width=223&height=174
INFO: [ app_init ] --START--
INFO: Run Behavior\BuildLiteBehavior [ RunTime:0.000000s ]
INFO: [ app_init ] --END-- [ RunTime:0.000000s ]
ERR: æ— æ³•åŠ è½½æ¨¡å—:Image

[ 2016-09-13T09:50:17+08:00 ] 127.0.0.1 /image?imgid=65526&width=223&height=174
INFO: [ app_init ] --START--
INFO: Run Behavior\BuildLiteBehavior [ RunTime:0.000000s ]
INFO: [ app_init ] --END-- [ RunTime:0.001000s ]
ERR: æ— æ³•åŠ è½½æ¨¡å—:Image

[ 2016-09-13T09:50:17+08:00 ] 127.0.0.1 /Public/user/img/member/headpic/small/100x100.png
INFO: [ app_init ] --START--
INFO: Run Behavior\BuildLiteBehavior [ RunTime:0.000000s ]
INFO: [ app_init ] --END-- [ RunTime:0.000000s ]
ERR: æ— æ³•åŠ è½½æ¨¡å—:Public

[ 2016-09-13T09:50:17+08:00 ] 127.0.0.1 /statics/fonts/fontawesome-webfont.woff?v=4.2.0
INFO: [ app_init ] --START--
INFO: Run Behavior\BuildLiteBehavior [ RunTime:0.000000s ]
INFO: [ app_init ] --END-- [ RunTime:0.001000s ]
ERR: æ— æ³•åŠ è½½æ¨¡å—:Statics

[ 2016-09-13T09:50:17+08:00 ] 127.0.0.1 /image?imgid=65526&width=223&height=174
INFO: [ app_init ] --START--
INFO: Run Behavior\BuildLiteBehavior [ RunTime:0.000000s ]
INFO: [ app_init ] --END-- [ RunTime:0.000000s ]
ERR: æ— æ³•åŠ è½½æ¨¡å—:Image

[ 2016-09-13T09:50:17+08:00 ] 127.0.0.1 /statics/fonts/fontawesome-webfont.ttf?v=4.2.0
INFO: [ app_init ] --START--
INFO: Run Behavior\BuildLiteBehavior [ RunTime:0.000000s ]
INFO: [ app_init ] --END-- [ RunTime:0.000000s ]
ERR: æ— æ³•åŠ è½½æ¨¡å—:Statics

[ 2016-09-13T09:50:18+08:00 ] 127.0.0.1 /image?imgid=35298&width=223&height=174
INFO: [ app_init ] --START--
INFO: Run Behavior\BuildLiteBehavior [ RunTime:0.000000s ]
INFO: [ app_init ] --END-- [ RunTime:0.000000s ]
ERR: æ— æ³•åŠ è½½æ¨¡å—:Image

[ 2016-09-13T09:50:18+08:00 ] 127.0.0.1 /image?imgid=3799&width=223&height=174
INFO: [ app_init ] --START--
INFO: Run Behavior\BuildLiteBehavior [ RunTime:0.000000s ]
INFO: [ app_init ] --END-- [ RunTime:0.000000s ]
ERR: æ— æ³•åŠ è½½æ¨¡å—:Image

[ 2016-09-13T09:50:18+08:00 ] 127.0.0.1 /Public/user/img/member/headpic/small/pic-girl-02.png
INFO: [ app_init ] --START--
INFO: Run Behavior\BuildLiteBehavior [ RunTime:0.000000s ]
INFO: [ app_init ] --END-- [ RunTime:0.000000s ]
ERR: æ— æ³•åŠ è½½æ¨¡å—:Public

[ 2016-09-13T09:50:18+08:00 ] 127.0.0.1 /Public/user/img/product/mushroom.png
INFO: [ app_init ] --START--
INFO: Run Behavior\BuildLiteBehavior [ RunTime:0.000000s ]
INFO: [ app_init ] --END-- [ RunTime:0.000000s ]
ERR: æ— æ³•åŠ è½½æ¨¡å—:Public

[ 2016-09-13T09:50:20+08:00 ] 127.0.0.1 /Public/user/img/product/probox-why.jpg
INFO: [ app_init ] --START--
INFO: Run Behavior\BuildLiteBehavior [ RunTime:0.000000s ]
INFO: [ app_init ] --END-- [ RunTime:0.000000s ]
ERR: æ— æ³•åŠ è½½æ¨¡å—:Public

[ 2016-09-13T09:50:21+08:00 ] 127.0.0.1 /Public/user/img/product/probox-setup.jpg
INFO: [ app_init ] --START--
INFO: Run Behavior\BuildLiteBehavior [ RunTime:0.000000s ]
INFO: [ app_init ] --END-- [ RunTime:0.001001s ]
ERR: æ— æ³•åŠ è½½æ¨¡å—:Public

[ 2016-09-13T09:50:21+08:00 ] 127.0.0.1 /Image?imgid=4453&width=158&height=105
INFO: [ app_init ] --START--
INFO: Run Behavior\BuildLiteBehavior [ RunTime:0.000000s ]
INFO: [ app_init ] --END-- [ RunTime:0.000000s ]
ERR: æ— æ³•åŠ è½½æ¨¡å—:Image

[ 2016-09-13T09:50:21+08:00 ] 127.0.0.1 /Image?imgid=4440&width=158&height=105
INFO: [ app_init ] --START--
INFO: Run Behavior\BuildLiteBehavior [ RunTime:0.000000s ]
INFO: [ app_init ] --END-- [ RunTime:0.001001s ]
ERR: æ— æ³•åŠ è½½æ¨¡å—:Image

[ 2016-09-13T09:50:22+08:00 ] 127.0.0.1 /Image?imgid=3708&width=158&height=105
INFO: [ app_init ] --START--
INFO: Run Behavior\BuildLiteBehavior [ RunTime:0.000000s ]
INFO: [ app_init ] --END-- [ RunTime:0.001000s ]
ERR: æ— æ³•åŠ è½½æ¨¡å—:Image

[ 2016-09-13T09:50:22+08:00 ] 127.0.0.1 /Image?imgid=4361&width=158&height=105
INFO: [ app_init ] --START--
INFO: Run Behavior\BuildLiteBehavior [ RunTime:0.000000s ]
INFO: [ app_init ] --END-- [ RunTime:0.001000s ]
ERR: æ— æ³•åŠ è½½æ¨¡å—:Image

[ 2016-09-13T09:54:14+08:00 ] 127.0.0.1 /Public/user/img/member/headpic/small/pic-girl-02.png
INFO: [ app_init ] --START--
INFO: Run Behavior\BuildLiteBehavior [ RunTime:0.000000s ]
INFO: [ app_init ] --END-- [ RunTime:0.000000s ]
ERR: æ— æ³•åŠ è½½æ¨¡å—:Public

[ 2016-09-13T09:54:14+08:00 ] 127.0.0.1 /image?imgid=3799&width=223&height=174
INFO: [ app_init ] --START--
INFO: Run Behavior\BuildLiteBehavior [ RunTime:0.000000s ]
INFO: [ app_init ] --END-- [ RunTime:0.000000s ]
ERR: æ— æ³•åŠ è½½æ¨¡å—:Image

[ 2016-09-13T09:54:14+08:00 ] 127.0.0.1 /statics/fonts/fontawesome-webfont.woff?v=4.2.0
INFO: [ app_init ] --START--
INFO: Run Behavior\BuildLiteBehavior [ RunTime:0.000000s ]
INFO: [ app_init ] --END-- [ RunTime:0.000000s ]
ERR: æ— æ³•åŠ è½½æ¨¡å—:Statics

[ 2016-09-13T09:54:14+08:00 ] 127.0.0.1 /Public/user/img/member/headpic/small/pic-girl-02.png
INFO: [ app_init ] --START--
INFO: Run Behavior\BuildLiteBehavior [ RunTime:0.000000s ]
INFO: [ app_init ] --END-- [ RunTime:0.000000s ]
ERR: æ— æ³•åŠ è½½æ¨¡å—:Public

[ 2016-09-13T09:54:14+08:00 ] 127.0.0.1 /image?imgid=3799&width=223&height=174
INFO: [ app_init ] --START--
INFO: Run Behavior\BuildLiteBehavior [ RunTime:0.000000s ]
INFO: [ app_init ] --END-- [ RunTime:0.000000s ]
ERR: æ— æ³•åŠ è½½æ¨¡å—:Image

[ 2016-09-13T09:54:14+08:00 ] 127.0.0.1 /statics/fonts/fontawesome-webfont.ttf?v=4.2.0
INFO: [ app_init ] --START--
INFO: Run Behavior\BuildLiteBehavior [ RunTime:0.000000s ]
INFO: [ app_init ] --END-- [ RunTime:0.001000s ]
ERR: æ— æ³•åŠ è½½æ¨¡å—:Statics

[ 2016-09-13T09:54:14+08:00 ] 127.0.0.1 /Public/user/img/product/probox-setup.jpg
INFO: [ app_init ] --START--
INFO: Run Behavior\BuildLiteBehavior [ RunTime:0.000000s ]
INFO: [ app_init ] --END-- [ RunTime:0.001000s ]
ERR: æ— æ³•åŠ è½½æ¨¡å—:Public

[ 2016-09-13T09:54:14+08:00 ] 127.0.0.1 /Public/user/img/product/probox-why.jpg
INFO: [ app_init ] --START--
INFO: Run Behavior\BuildLiteBehavior [ RunTime:0.001000s ]
INFO: [ app_init ] --END-- [ RunTime:0.001000s ]
ERR: æ— æ³•åŠ è½½æ¨¡å—:Public

[ 2016-09-13T09:54:14+08:00 ] 127.0.0.1 /Image?imgid=4453&width=158&height=105
INFO: [ app_init ] --START--
INFO: Run Behavior\BuildLiteBehavior [ RunTime:0.000000s ]
INFO: [ app_init ] --END-- [ RunTime:0.001000s ]
ERR: æ— æ³•åŠ è½½æ¨¡å—:Image

[ 2016-09-13T09:54:14+08:00 ] 127.0.0.1 /Image?imgid=4440&width=158&height=105
INFO: [ app_init ] --START--
INFO: Run Behavior\BuildLiteBehavior [ RunTime:0.000000s ]
INFO: [ app_init ] --END-- [ RunTime:0.000000s ]
ERR: æ— æ³•åŠ è½½æ¨¡å—:Image

[ 2016-09-13T09:54:14+08:00 ] 127.0.0.1 /Image?imgid=3708&width=158&height=105
INFO: [ app_init ] --START--
INFO: Run Behavior\BuildLiteBehavior [ RunTime:0.000000s ]
INFO: [ app_init ] --END-- [ RunTime:0.000000s ]
ERR: æ— æ³•åŠ è½½æ¨¡å—:Image

[ 2016-09-13T09:54:14+08:00 ] 127.0.0.1 /Image?imgid=4361&width=158&height=105
INFO: [ app_init ] --START--
INFO: Run Behavior\BuildLiteBehavior [ RunTime:0.000000s ]
INFO: [ app_init ] --END-- [ RunTime:0.001000s ]
ERR: æ— æ³•åŠ è½½æ¨¡å—:Image

[ 2016-09-13T09:54:15+08:00 ] 127.0.0.1 /Public/user/img/member/headpic/small/100x100.png
INFO: [ app_init ] --START--
INFO: Run Behavior\BuildLiteBehavior [ RunTime:0.000000s ]
INFO: [ app_init ] --END-- [ RunTime:0.001000s ]
ERR: æ— æ³•åŠ è½½æ¨¡å—:Public

[ 2016-09-13T09:54:15+08:00 ] 127.0.0.1 /image?imgid=65526&width=223&height=174
INFO: [ app_init ] --START--
INFO: Run Behavior\BuildLiteBehavior [ RunTime:0.000000s ]
INFO: [ app_init ] --END-- [ RunTime:0.001000s ]
ERR: æ— æ³•åŠ è½½æ¨¡å—:Image

[ 2016-09-13T09:54:15+08:00 ] 127.0.0.1 /Public/user/img/product/mushroom.png
INFO: [ app_init ] --START--
INFO: Run Behavior\BuildLiteBehavior [ RunTime:0.000000s ]
INFO: [ app_init ] --END-- [ RunTime:0.000000s ]
ERR: æ— æ³•åŠ è½½æ¨¡å—:Public

[ 2016-09-13T09:54:15+08:00 ] 127.0.0.1 /image?imgid=35298&width=223&height=174
INFO: [ app_init ] --START--
INFO: Run Behavior\BuildLiteBehavior [ RunTime:0.000000s ]
INFO: [ app_init ] --END-- [ RunTime:0.001000s ]
ERR: æ— æ³•åŠ è½½æ¨¡å—:Image

[ 2016-09-13T10:02:43+08:00 ] 127.0.0.1 /Public/user/img/product/mushroom.png
INFO: [ app_init ] --START--
INFO: Run Behavior\BuildLiteBehavior [ RunTime:0.000000s ]
INFO: [ app_init ] --END-- [ RunTime:0.001000s ]
ERR: æ— æ³•åŠ è½½æ¨¡å—:Public

[ 2016-09-13T10:02:43+08:00 ] 127.0.0.1 /statics/fonts/fontawesome-webfont.woff?v=4.2.0
INFO: [ app_init ] --START--
INFO: Run Behavior\BuildLiteBehavior [ RunTime:0.000000s ]
INFO: [ app_init ] --END-- [ RunTime:0.001000s ]
ERR: æ— æ³•åŠ è½½æ¨¡å—:Statics

[ 2016-09-13T10:02:44+08:00 ] 127.0.0.1 /Public/user/img/product/mushroom.png
INFO: [ app_init ] --START--
INFO: Run Behavior\BuildLiteBehavior [ RunTime:0.000000s ]
INFO: [ app_init ] --END-- [ RunTime:0.001000s ]
ERR: æ— æ³•åŠ è½½æ¨¡å—:Public

[ 2016-09-13T10:02:44+08:00 ] 127.0.0.1 /statics/fonts/fontawesome-webfont.ttf?v=4.2.0
INFO: [ app_init ] --START--
INFO: Run Behavior\BuildLiteBehavior [ RunTime:0.000000s ]
INFO: [ app_init ] --END-- [ RunTime:0.001000s ]
ERR: æ— æ³•åŠ è½½æ¨¡å—:Statics

[ 2016-09-13T10:02:44+08:00 ] 127.0.0.1 /Image?imgid=4453&width=158&height=105
INFO: [ app_init ] --START--
INFO: Run Behavior\BuildLiteBehavior [ RunTime:0.000000s ]
INFO: [ app_init ] --END-- [ RunTime:0.001000s ]
ERR: æ— æ³•åŠ è½½æ¨¡å—:Image

[ 2016-09-13T10:02:44+08:00 ] 127.0.0.1 /Image?imgid=4440&width=158&height=105
INFO: [ app_init ] --START--
INFO: Run Behavior\BuildLiteBehavior [ RunTime:0.000000s ]
INFO: [ app_init ] --END-- [ RunTime:0.001000s ]
ERR: æ— æ³•åŠ è½½æ¨¡å—:Image

[ 2016-09-13T10:02:44+08:00 ] 127.0.0.1 /Image?imgid=4361&width=158&height=105
INFO: [ app_init ] --START--
INFO: Run Behavior\BuildLiteBehavior [ RunTime:0.000000s ]
INFO: [ app_init ] --END-- [ RunTime:0.000000s ]
ERR: æ— æ³•åŠ è½½æ¨¡å—:Image

[ 2016-09-13T10:02:44+08:00 ] 127.0.0.1 /Image?imgid=3708&width=158&height=105
INFO: [ app_init ] --START--
INFO: Run Behavior\BuildLiteBehavior [ RunTime:0.000000s ]
INFO: [ app_init ] --END-- [ RunTime:0.000000s ]
ERR: æ— æ³•åŠ è½½æ¨¡å—:Image

[ 2016-09-13T10:02:44+08:00 ] 127.0.0.1 /Public/user/img/member/headpic/small/pic-girl-02.png
INFO: [ app_init ] --START--
INFO: Run Behavior\BuildLiteBehavior [ RunTime:0.000000s ]
INFO: [ app_init ] --END-- [ RunTime:0.000000s ]
ERR: æ— æ³•åŠ è½½æ¨¡å—:Public

[ 2016-09-13T10:02:44+08:00 ] 127.0.0.1 /image?imgid=65526&width=223&height=174
INFO: [ app_init ] --START--
INFO: Run Behavior\BuildLiteBehavior [ RunTime:0.000000s ]
INFO: [ app_init ] --END-- [ RunTime:0.000000s ]
ERR: æ— æ³•åŠ è½½æ¨¡å—:Image

[ 2016-09-13T10:02:44+08:00 ] 127.0.0.1 /image?imgid=35298&width=223&height=174
INFO: [ app_init ] --START--
INFO: Run Behavior\BuildLiteBehavior [ RunTime:0.000000s ]
INFO: [ app_init ] --END-- [ RunTime:0.001000s ]
ERR: æ— æ³•åŠ è½½æ¨¡å—:Image

[ 2016-09-13T10:02:44+08:00 ] 127.0.0.1 /image?imgid=3799&width=223&height=174
INFO: [ app_init ] --START--
INFO: Run Behavior\BuildLiteBehavior [ RunTime:0.000000s ]
INFO: [ app_init ] --END-- [ RunTime:0.001000s ]
ERR: æ— æ³•åŠ è½½æ¨¡å—:Image

[ 2016-09-13T10:02:44+08:00 ] 127.0.0.1 /Public/user/img/member/headpic/small/100x100.png
INFO: [ app_init ] --START--
INFO: Run Behavior\BuildLiteBehavior [ RunTime:0.000000s ]
INFO: [ app_init ] --END-- [ RunTime:0.001000s ]
ERR: æ— æ³•åŠ è½½æ¨¡å—:Public

[ 2016-09-13T10:03:28+08:00 ] 127.0.0.1 /Public/user/img/product/mushroom.png
INFO: [ app_init ] --START--
INFO: Run Behavior\BuildLiteBehavior [ RunTime:0.000000s ]
INFO: [ app_init ] --END-- [ RunTime:0.000000s ]
ERR: æ— æ³•åŠ è½½æ¨¡å—:Public

[ 2016-09-13T10:03:28+08:00 ] 127.0.0.1 /Public/user/img/member/headpic/small/100x100.png
INFO: [ app_init ] --START--
INFO: Run Behavior\BuildLiteBehavior [ RunTime:0.000000s ]
INFO: [ app_init ] --END-- [ RunTime:0.001000s ]
ERR: æ— æ³•åŠ è½½æ¨¡å—:Public

[ 2016-09-13T10:03:28+08:00 ] 127.0.0.1 /image?imgid=3799&width=223&height=174
INFO: [ app_init ] --START--
INFO: Run Behavior\BuildLiteBehavior [ RunTime:0.000000s ]
INFO: [ app_init ] --END-- [ RunTime:0.001000s ]
ERR: æ— æ³•åŠ è½½æ¨¡å—:Image

[ 2016-09-13T10:03:28+08:00 ] 127.0.0.1 /Public/user/img/member/headpic/small/pic-girl-02.png
INFO: [ app_init ] --START--
INFO: Run Behavior\BuildLiteBehavior [ RunTime:0.000000s ]
INFO: [ app_init ] --END-- [ RunTime:0.001000s ]
ERR: æ— æ³•åŠ è½½æ¨¡å—:Public

[ 2016-09-13T10:03:28+08:00 ] 127.0.0.1 /image?imgid=35298&width=223&height=174
INFO: [ app_init ] --START--
INFO: Run Behavior\BuildLiteBehavior [ RunTime:0.000000s ]
INFO: [ app_init ] --END-- [ RunTime:0.000000s ]
ERR: æ— æ³•åŠ è½½æ¨¡å—:Image

[ 2016-09-13T10:03:28+08:00 ] 127.0.0.1 /image?imgid=35298&width=223&height=174
INFO: [ app_init ] --START--
INFO: Run Behavior\BuildLiteBehavior [ RunTime:0.000000s ]
INFO: [ app_init ] --END-- [ RunTime:0.000000s ]
ERR: æ— æ³•åŠ è½½æ¨¡å—:Image

[ 2016-09-13T10:03:28+08:00 ] 127.0.0.1 /image?imgid=3799&width=223&height=174
INFO: [ app_init ] --START--
INFO: Run Behavior\BuildLiteBehavior [ RunTime:0.000000s ]
INFO: [ app_init ] --END-- [ RunTime:0.001000s ]
ERR: æ— æ³•åŠ è½½æ¨¡å—:Image

[ 2016-09-13T10:03:28+08:00 ] 127.0.0.1 /Public/user/img/product/mushroom.png
INFO: [ app_init ] --START--
INFO: Run Behavior\BuildLiteBehavior [ RunTime:0.000000s ]
INFO: [ app_init ] --END-- [ RunTime:0.000000s ]
ERR: æ— æ³•åŠ è½½æ¨¡å—:Public

[ 2016-09-13T10:03:28+08:00 ] 127.0.0.1 /Public/user/img/member/headpic/small/pic-girl-02.png
INFO: [ app_init ] --START--
INFO: Run Behavior\BuildLiteBehavior [ RunTime:0.000000s ]
INFO: [ app_init ] --END-- [ RunTime:0.000000s ]
ERR: æ— æ³•åŠ è½½æ¨¡å—:Public

[ 2016-09-13T10:03:28+08:00 ] 127.0.0.1 /statics/fonts/fontawesome-webfont.woff?v=4.2.0
INFO: [ app_init ] --START--
INFO: Run Behavior\BuildLiteBehavior [ RunTime:0.000000s ]
INFO: [ app_init ] --END-- [ RunTime:0.000000s ]
ERR: æ— æ³•åŠ è½½æ¨¡å—:Statics

[ 2016-09-13T10:03:28+08:00 ] 127.0.0.1 /statics/fonts/fontawesome-webfont.ttf?v=4.2.0
INFO: [ app_init ] --START--
INFO: Run Behavior\BuildLiteBehavior [ RunTime:0.000000s ]
INFO: [ app_init ] --END-- [ RunTime:0.000000s ]
ERR: æ— æ³•åŠ è½½æ¨¡å—:Statics

[ 2016-09-13T10:03:29+08:00 ] 127.0.0.1 /image?imgid=65526&width=223&height=174
INFO: [ app_init ] --START--
INFO: Run Behavior\BuildLiteBehavior [ RunTime:0.000000s ]
INFO: [ app_init ] --END-- [ RunTime:0.001000s ]
ERR: æ— æ³•åŠ è½½æ¨¡å—:Image

[ 2016-09-13T10:03:29+08:00 ] 127.0.0.1 /Public/user/img/member/headpic/small/100x100.png
INFO: [ app_init ] --START--
INFO: Run Behavior\BuildLiteBehavior [ RunTime:0.000000s ]
INFO: [ app_init ] --END-- [ RunTime:0.000000s ]
ERR: æ— æ³•åŠ è½½æ¨¡å—:Public

[ 2016-09-13T10:05:14+08:00 ] 127.0.0.1 /Public/user/img/member/headpic/small/100x100.png
INFO: [ app_init ] --START--
INFO: Run Behavior\BuildLiteBehavior [ RunTime:0.000000s ]
INFO: [ app_init ] --END-- [ RunTime:0.000000s ]
ERR: æ— æ³•åŠ è½½æ¨¡å—:Public

[ 2016-09-13T10:05:14+08:00 ] 127.0.0.1 /Public/user/img/member/headpic/small/pic-girl-02.png
INFO: [ app_init ] --START--
INFO: Run Behavior\BuildLiteBehavior [ RunTime:0.000000s ]
INFO: [ app_init ] --END-- [ RunTime:0.000000s ]
ERR: æ— æ³•åŠ è½½æ¨¡å—:Public

[ 2016-09-13T10:05:14+08:00 ] 127.0.0.1 /Public/user/img/product/mushroom.png
INFO: [ app_init ] --START--
INFO: Run Behavior\BuildLiteBehavior [ RunTime:0.000000s ]
INFO: [ app_init ] --END-- [ RunTime:0.001001s ]
ERR: æ— æ³•åŠ è½½æ¨¡å—:Public

[ 2016-09-13T10:05:14+08:00 ] 127.0.0.1 /statics/fonts/fontawesome-webfont.woff?v=4.2.0
INFO: [ app_init ] --START--
INFO: Run Behavior\BuildLiteBehavior [ RunTime:0.000000s ]
INFO: [ app_init ] --END-- [ RunTime:0.001000s ]
ERR: æ— æ³•åŠ è½½æ¨¡å—:Statics

[ 2016-09-13T10:05:14+08:00 ] 127.0.0.1 /Public/user/img/member/headpic/small/100x100.png
INFO: [ app_init ] --START--
INFO: Run Behavior\BuildLiteBehavior [ RunTime:0.000000s ]
INFO: [ app_init ] --END-- [ RunTime:0.000000s ]
ERR: æ— æ³•åŠ è½½æ¨¡å—:Public

[ 2016-09-13T10:05:14+08:00 ] 127.0.0.1 /Public/user/img/member/headpic/small/pic-girl-02.png
INFO: [ app_init ] --START--
INFO: Run Behavior\BuildLiteBehavior [ RunTime:0.000000s ]
INFO: [ app_init ] --END-- [ RunTime:0.001000s ]
ERR: æ— æ³•åŠ è½½æ¨¡å—:Public

[ 2016-09-13T10:05:14+08:00 ] 127.0.0.1 /Public/user/img/product/mushroom.png
INFO: [ app_init ] --START--
INFO: Run Behavior\BuildLiteBehavior [ RunTime:0.000000s ]
INFO: [ app_init ] --END-- [ RunTime:0.000000s ]
ERR: æ— æ³•åŠ è½½æ¨¡å—:Public

[ 2016-09-13T10:05:14+08:00 ] 127.0.0.1 /statics/fonts/fontawesome-webfont.ttf?v=4.2.0
INFO: [ app_init ] --START--
INFO: Run Behavior\BuildLiteBehavior [ RunTime:0.000000s ]
INFO: [ app_init ] --END-- [ RunTime:0.000000s ]
ERR: æ— æ³•åŠ è½½æ¨¡å—:Statics

[ 2016-09-13T10:05:20+08:00 ] 127.0.0.1 /Image?imgid=4440&width=158&height=105
INFO: [ app_init ] --START--
INFO: Run Behavior\BuildLiteBehavior [ RunTime:0.000000s ]
INFO: [ app_init ] --END-- [ RunTime:0.000000s ]
ERR: æ— æ³•åŠ è½½æ¨¡å—:Image

[ 2016-09-13T10:05:20+08:00 ] 127.0.0.1 /Image?imgid=3708&width=158&height=105
INFO: [ app_init ] --START--
INFO: Run Behavior\BuildLiteBehavior [ RunTime:0.000000s ]
INFO: [ app_init ] --END-- [ RunTime:0.000000s ]
ERR: æ— æ³•åŠ è½½æ¨¡å—:Image

[ 2016-09-13T10:05:20+08:00 ] 127.0.0.1 /Image?imgid=4453&width=158&height=105
INFO: [ app_init ] --START--
INFO: Run Behavior\BuildLiteBehavior [ RunTime:0.000000s ]
INFO: [ app_init ] --END-- [ RunTime:0.001000s ]
ERR: æ— æ³•åŠ è½½æ¨¡å—:Image

[ 2016-09-13T10:05:56+08:00 ] 127.0.0.1 /Public/user/img/member/headpic/small/pic-girl-02.png
INFO: [ app_init ] --START--
INFO: Run Behavior\BuildLiteBehavior [ RunTime:0.000000s ]
INFO: [ app_init ] --END-- [ RunTime:0.001000s ]
ERR: æ— æ³•åŠ è½½æ¨¡å—:Public

[ 2016-09-13T10:05:56+08:00 ] 127.0.0.1 /Public/user/img/member/headpic/small/100x100.png
INFO: [ app_init ] --START--
INFO: Run Behavior\BuildLiteBehavior [ RunTime:0.000000s ]
INFO: [ app_init ] --END-- [ RunTime:0.001000s ]
ERR: æ— æ³•åŠ è½½æ¨¡å—:Public

[ 2016-09-13T10:05:56+08:00 ] 127.0.0.1 /Public/user/img/product/mushroom.png
INFO: [ app_init ] --START--
INFO: Run Behavior\BuildLiteBehavior [ RunTime:0.000000s ]
INFO: [ app_init ] --END-- [ RunTime:0.001000s ]
ERR: æ— æ³•åŠ è½½æ¨¡å—:Public

[ 2016-09-13T10:05:56+08:00 ] 127.0.0.1 /statics/fonts/fontawesome-webfont.woff?v=4.2.0
INFO: [ app_init ] --START--
INFO: Run Behavior\BuildLiteBehavior [ RunTime:0.000000s ]
INFO: [ app_init ] --END-- [ RunTime:0.000000s ]
ERR: æ— æ³•åŠ è½½æ¨¡å—:Statics

[ 2016-09-13T10:05:56+08:00 ] 127.0.0.1 /Public/user/img/product/mushroom.png
INFO: [ app_init ] --START--
INFO: Run Behavior\BuildLiteBehavior [ RunTime:0.000000s ]
INFO: [ app_init ] --END-- [ RunTime:0.001000s ]
ERR: æ— æ³•åŠ è½½æ¨¡å—:Public

[ 2016-09-13T10:05:56+08:00 ] 127.0.0.1 /Public/user/img/member/headpic/small/100x100.png
INFO: [ app_init ] --START--
INFO: Run Behavior\BuildLiteBehavior [ RunTime:0.000000s ]
INFO: [ app_init ] --END-- [ RunTime:0.001000s ]
ERR: æ— æ³•åŠ è½½æ¨¡å—:Public

[ 2016-09-13T10:05:56+08:00 ] 127.0.0.1 /Public/user/img/member/headpic/small/pic-girl-02.png
INFO: [ app_init ] --START--
INFO: Run Behavior\BuildLiteBehavior [ RunTime:0.000000s ]
INFO: [ app_init ] --END-- [ RunTime:0.001000s ]
ERR: æ— æ³•åŠ è½½æ¨¡å—:Public

[ 2016-09-13T10:05:56+08:00 ] 127.0.0.1 /statics/fonts/fontawesome-webfont.ttf?v=4.2.0
INFO: [ app_init ] --START--
INFO: Run Behavior\BuildLiteBehavior [ RunTime:0.000000s ]
INFO: [ app_init ] --END-- [ RunTime:0.000000s ]
ERR: æ— æ³•åŠ è½½æ¨¡å—:Statics

[ 2016-09-13T10:06:14+08:00 ] 127.0.0.1 /Public/user/img/member/headpic/small/pic-girl-02.png
INFO: [ app_init ] --START--
INFO: Run Behavior\BuildLiteBehavior [ RunTime:0.000000s ]
INFO: [ app_init ] --END-- [ RunTime:0.000000s ]
ERR: æ— æ³•åŠ è½½æ¨¡å—:Public

[ 2016-09-13T10:06:14+08:00 ] 127.0.0.1 /Public/user/img/product/mushroom.png
INFO: [ app_init ] --START--
INFO: Run Behavior\BuildLiteBehavior [ RunTime:0.000000s ]
INFO: [ app_init ] --END-- [ RunTime:0.000000s ]
ERR: æ— æ³•åŠ è½½æ¨¡å—:Public

[ 2016-09-13T10:06:14+08:00 ] 127.0.0.1 /Public/user/img/member/headpic/small/100x100.png
INFO: [ app_init ] --START--
INFO: Run Behavior\BuildLiteBehavior [ RunTime:0.000000s ]
INFO: [ app_init ] --END-- [ RunTime:0.000000s ]
ERR: æ— æ³•åŠ è½½æ¨¡å—:Public

[ 2016-09-13T10:06:14+08:00 ] 127.0.0.1 /Public/user/img/product/mushroom.png
INFO: [ app_init ] --START--
INFO: Run Behavior\BuildLiteBehavior [ RunTime:0.000000s ]
INFO: [ app_init ] --END-- [ RunTime:0.000000s ]
ERR: æ— æ³•åŠ è½½æ¨¡å—:Public

¨¡å—:Public

[ 2016-09-13T10:06:14+08:00 ] 127.0.0.1 /statics/fonts/fontawesome-webfont.woff?v=4.2.0
INFO: [ app_init ] --START--
INFO: Run Behavior\BuildLiteBehavior [ RunTime:0.000000s ]
INFO: [ app_init ] --END-- [ RunTime:0.001000s ]
ERR: æ— æ³•åŠ è½½æ¨¡å—:Statics

[ 2016-09-13T10:06:14+08:00 ] 127.0.0.1 /statics/fonts/fontawesome-webfont.ttf?v=4.2.0
INFO: [ app_init ] --START--
INFO: Run Behavior\BuildLiteBehavior [ RunTime:0.000000s ]
INFO: [ app_init ] --END-- [ RunTime:0.000000s ]
ERR: æ— æ³•åŠ è½½æ¨¡å—:Statics

[ 2016-09-13T10:07:16+08:00 ] 127.0.0.1 /Image?imgid=466584&width=800&height=447&w=1&sy=1
INFO: [ app_init ] --START--
INFO: Run Behavior\BuildLiteBehavior [ RunTime:0.000000s ]
INFO: [ app_init ] --END-- [ RunTime:0.001000s ]
ERR: æ— æ³•åŠ è½½æ¨¡å—:Image

