[ 2016-09-13T09:49:08+08:00 ] 127.0.0.1 /index/index/index
INFO: [ app_init ] --START--
INFO: Run Behavior\BuildLiteBehavior [ RunTime:0.000000s ]
INFO: [ app_init ] --END-- [ RunTime:0.001000s ]
INFO: [ app_begin ] --START--
INFO: Run Behavior\ReadHtmlCacheBehavior [ RunTime:0.000000s ]
INFO: [ app_begin ] --END-- [ RunTime:0.000000s ]
SQL: SHOW COLUMNS FROM `ad` [ RunTime:0.0040s ]
SQL: SELECT * FROM `ad` WHERE ( `status` = 1 AND `adspace_id` = 1 )  [ RunTime:0.0000s ]
SQL: SHOW COLUMNS FROM `house` [ RunTime:0.0050s ]
SQL: SHOW COLUMNS FROM `room` [ RunTime:0.0040s ]
SQL: SELECT `id`,`title`,`img`,`address` FROM `house` WHERE ( `status` = 1 ) ORDER BY `id` DESC LIMIT 9   [ RunTime:0.0510s ]
SQL: SELECT `price` FROM `room` WHERE ( `house_id` = 599810048 )  [ RunTime:0.0020s ]
SQL: SELECT `price` FROM `room` WHERE ( `house_id` = 599110032 )  [ RunTime:0.0010s ]
SQL: SELECT `price` FROM `room` WHERE ( `house_id` = 593410019 )  [ RunTime:0.0020s ]
SQL: SELECT `price` FROM `room` WHERE ( `house_id` = 593410010 )  [ RunTime:0.0010s ]
SQL: SELECT `price` FROM `room` WHERE ( `house_id` = 591210026 )  [ RunTime:0.0020s ]
SQL: SELECT `price` FROM `room` WHERE ( `house_id` = 589010029 )  [ RunTime:0.0020s ]
SQL: SELECT `price` FROM `room` WHERE ( `house_id` = 586310041 )  [ RunTime:0.0010s ]
SQL: SELECT `price` FROM `room` WHERE ( `house_id` = 582810009 )  [ RunTime:0.0010s ]
SQL: SELECT `price` FROM `room` WHERE ( `house_id` = 582110005 )  [ RunTime:0.0010s ]
INFO: [ view_parse ] --START--
INFO: Run Behavior\ParseTemplateBehavior [ RunTime:0.041003s ]
INFO: [ view_parse ] --END-- [ RunTime:0.041003s ]
INFO: [ view_filter ] --START--
INFO: Run Behavior\WriteHtmlCacheBehavior [ RunTime:0.001000s ]
INFO: [ view_filter ] --END-- [ RunTime:0.001000s ]
INFO: [ app_end ] --START--
INFO: Run Behavior\ShowPageTraceBehavior [ RunTime:0.000000s ]
INFO: [ app_end ] --END-- [ RunTime:0.000000s ]

[ 2016-09-13T09:49:09+08:00 ] 127.0.0.1 /index/index/index
INFO: [ app_init ] --START--
INFO: Run Behavior\BuildLiteBehavior [ RunTime:0.000000s ]
INFO: [ app_init ] --END-- [ RunTime:0.001000s ]
INFO: [ app_begin ] --START--
INFO: Run Behavior\ReadHtmlCacheBehavior [ RunTime:0.001000s ]
INFO: [ app_begin ] --END-- [ RunTime:0.001000s ]
SQL: SHOW COLUMNS FROM `ad` [ RunTime:0.0080s ]
SQL: SELECT * FROM `ad` WHERE ( `status` = 1 AND `adspace_id` = 1 )  [ RunTime:0.0000s ]
SQL: SHOW COLUMNS FROM `house` [ RunTime:0.0080s ]
SQL: SHOW COLUMNS FROM `room` [ RunTime:0.0080s ]
SQL: SELECT `id`,`title`,`img`,`address` FROM `house` WHERE ( `status` = 1 ) ORDER BY `id` DESC LIMIT 9   [ RunTime:0.0070s ]
SQL: SELECT `price` FROM `room` WHERE ( `house_id` = 599810048 )  [ RunTime:0.0020s ]
SQL: SELECT `price` FROM `room` WHERE ( `house_id` = 599110032 )  [ RunTime:0.0010s ]
SQL: SELECT `price` FROM `room` WHERE ( `house_id` = 593410019 )  [ RunTime:0.0010s ]
SQL: SELECT `price` FROM `room` WHERE ( `house_id` = 593410010 )  [ RunTime:0.0010s ]
SQL: SELECT `price` FROM `room` WHERE ( `house_id` = 591210026 )  [ RunTime:0.0010s ]
SQL: SELECT `price` FROM `room` WHERE ( `house_id` = 589010029 )  [ RunTime:0.0010s ]
SQL: SELECT `price` FROM `room` WHERE ( `house_id` = 586310041 )  [ RunTime:0.0010s ]
SQL: SELECT `price` FROM `room` WHERE ( `house_id` = 582810009 )  [ RunTime:0.0010s ]
SQL: SELECT `price` FROM `room` WHERE ( `house_id` = 582110005 )  [ RunTime:0.0010s ]
INFO: [ view_parse ] --START--
INFO: Run Behavior\ParseTemplateBehavior [ RunTime:0.007000s ]
INFO: [ view_parse ] --END-- [ RunTime:0.007000s ]
INFO: [ view_filter ] --START--
INFO: Run Behavior\WriteHtmlCacheBehavior [ RunTime:0.000000s ]
INFO: [ view_filter ] --END-- [ RunTime:0.000000s ]
INFO: [ app_end ] --START--
INFO: Run Behavior\ShowPageTraceBehavior [ RunTime:0.000000s ]
INFO: [ app_end ] --END-- [ RunTime:0.000000s ]

[ 2016-09-13T09:49:16+08:00 ] 127.0.0.1 /index/rent/detail/id/599810048
INFO: [ app_init ] --START--
INFO: Run Behavior\BuildLiteBehavior [ RunTime:0.000000s ]
INFO: [ app_init ] --END-- [ RunTime:0.000000s ]
INFO: [ app_begin ] --START--
INFO: Run Behavior\ReadHtmlCacheBehavior [ RunTime:0.001000s ]
INFO: [ app_begin ] --END-- [ RunTime:0.001000s ]
SQL: SHOW COLUMNS FROM `house` [ RunTime:0.0080s ]
SQL: SHOW COLUMNS FROM `room` [ RunTime:0.0080s ]
SQL: SHOW COLUMNS FROM `area` [ RunTime:0.0070s ]
SQL: SHOW COLUMNS FROM `house_imgs` [ RunTime:0.0080s ]
SQL: SELECT * FROM `house` WHERE ( `id` = 599810048 ) LIMIT 1   [ RunTime:0.0010s ]
SQL: SELECT `area` FROM `area` WHERE ( `areaid` = 510108 ) LIMIT 1   [ RunTime:0.0330s ]
SQL: SELECT * FROM `room` WHERE ( `house_id` = 599810048 AND `status` != -1 )  [ RunTime:0.0040s ]
SQL: SELECT * FROM `house` WHERE ( `area_id` = 510108 AND `status` = 1 ) ORDER BY `id` DESC LIMIT 3   [ RunTime:0.0020s ]
SQL: SELECT * FROM `house` WHERE ( `area_id` = 510108 AND `status` = 1 ) ORDER BY `id` ASC LIMIT 3   [ RunTime:0.0020s ]
INFO: [ view_parse ] --START--
INFO: Run Behavior\ParseTemplateBehavior [ RunTime:0.372022s ]
INFO: [ view_parse ] --END-- [ RunTime:0.373022s ]
INFO: [ view_filter ] --START--
INFO: Run Behavior\WriteHtmlCacheBehavior [ RunTime:0.000000s ]
INFO: [ view_filter ] --END-- [ RunTime:0.000000s ]
INFO: [ app_end ] --START--
INFO: Run Behavior\ShowPageTraceBehavior [ RunTime:0.001000s ]
INFO: [ app_end ] --END-- [ RunTime:0.001000s ]

[ 2016-09-13T09:49:50+08:00 ] 127.0.0.1 /index/rent/detail/id/599810048
INFO: [ app_init ] --START--
INFO: Run Behavior\BuildLiteBehavior [ RunTime:0.000000s ]
INFO: [ app_init ] --END-- [ RunTime:0.000000s ]
INFO: [ app_begin ] --START--
INFO: Run Behavior\ReadHtmlCacheBehavior [ RunTime:0.001000s ]
INFO: [ app_begin ] --END-- [ RunTime:0.001000s ]
SQL: SHOW COLUMNS FROM `house` [ RunTime:0.0080s ]
SQL: SHOW COLUMNS FROM `room` [ RunTime:0.0070s ]
SQL: SHOW COLUMNS FROM `area` [ RunTime:0.0070s ]
SQL: SHOW COLUMNS FROM `house_imgs` [ RunTime:0.0070s ]
SQL: SELECT * FROM `house` WHERE ( `id` = 599810048 ) LIMIT 1   [ RunTime:0.0010s ]
SQL: SELECT `area` FROM `area` WHERE ( `areaid` = 510108 ) LIMIT 1   [ RunTime:0.0020s ]
SQL: SELECT * FROM `room` WHERE ( `house_id` = 599810048 AND `status` != -1 )  [ RunTime:0.0030s ]
SQL: SELECT * FROM `house` WHERE ( `area_id` = 510108 AND `status` = 1 ) ORDER BY `id` DESC LIMIT 3   [ RunTime:0.0010s ]
SQL: SELECT * FROM `house` WHERE ( `area_id` = 510108 AND `status` = 1 ) ORDER BY `id` ASC LIMIT 3   [ RunTime:0.0010s ]

[ 2016-09-13T09:50:07+08:00 ] 127.0.0.1 /index/rent/detail/id/599810048
INFO: [ app_init ] --START--
INFO: Run Behavior\BuildLiteBehavior [ RunTime:0.000000s ]
INFO: [ app_init ] --END-- [ RunTime:0.000000s ]
INFO: [ app_begin ] --START--
INFO: Run Behavior\ReadHtmlCacheBehavior [ RunTime:0.000000s ]
INFO: [ app_begin ] --END-- [ RunTime:0.000000s ]
SQL: SHOW COLUMNS FROM `house` [ RunTime:0.0100s ]
SQL: SHOW COLUMNS FROM `room` [ RunTime:0.0090s ]
SQL: SHOW COLUMNS FROM `area` [ RunTime:0.0080s ]
SQL: SHOW COLUMNS FROM `house_imgs` [ RunTime:0.0050s ]
SQL: SELECT * FROM `house` WHERE ( `id` = 599810048 ) LIMIT 1   [ RunTime:0.0010s ]
SQL: SELECT `area` FROM `area` WHERE ( `areaid` = 510108 ) LIMIT 1   [ RunTime:0.0020s ]
SQL: SELECT * FROM `room` WHERE ( `house_id` = 599810048 AND `status` != -1 )  [ RunTime:0.0020s ]
SQL: SELECT * FROM `house_imgs` WHERE ( `house_id` = 599810048 )  [ RunTime:0.0250s ]
SQL: SELECT * FROM `house` WHERE ( `area_id` = 510108 AND `status` = 1 ) ORDER BY `id` DESC LIMIT 3   [ RunTime:0.0020s ]
SQL: SELECT * FROM `house` WHERE ( `area_id` = 510108 AND `status` = 1 ) ORDER BY `id` ASC LIMIT 3   [ RunTime:0.0010s ]

[ 2016-09-13T09:50:17+08:00 ] 127.0.0.1 /index/rent/detail/id/599810048
INFO: [ app_init ] --START--
INFO: Run Behavior\BuildLiteBehavior [ RunTime:0.000000s ]
INFO: [ app_init ] --END-- [ RunTime:0.000000s ]
INFO: [ app_begin ] --START--
INFO: Run Behavior\ReadHtmlCacheBehavior [ RunTime:0.000000s ]
INFO: [ app_begin ] --END-- [ RunTime:0.000000s ]
SQL: SHOW COLUMNS FROM `house` [ RunTime:0.0100s ]
SQL: SHOW COLUMNS FROM `room` [ RunTime:0.0080s ]
SQL: SHOW COLUMNS FROM `area` [ RunTime:0.0060s ]
SQL: SHOW COLUMNS FROM `house_imgs` [ RunTime:0.0050s ]
SQL: SELECT * FROM `house` WHERE ( `id` = 599810048 ) LIMIT 1   [ RunTime:0.0010s ]
SQL: SELECT `area` FROM `area` WHERE ( `areaid` = 510108 ) LIMIT 1   [ RunTime:0.0030s ]
SQL: SELECT * FROM `room` WHERE ( `house_id` = 599810048 AND `status` != -1 )  [ RunTime:0.0030s ]
SQL: SELECT * FROM `house_imgs` WHERE ( `house_id` = 599810048 )  [ RunTime:0.0010s ]
SQL: SELECT * FROM `house` WHERE ( `area_id` = 510108 AND `status` = 1 ) ORDER BY `id` DESC LIMIT 3   [ RunTime:0.0020s ]
SQL: SELECT * FROM `house` WHERE ( `area_id` = 510108 AND `status` = 1 ) ORDER BY `id` ASC LIMIT 3   [ RunTime:0.0010s ]
INFO: [ view_parse ] --START--
INFO: Run Behavior\ParseTemplateBehavior [ RunTime:0.012000s ]
INFO: [ view_parse ] --END-- [ RunTime:0.012000s ]
INFO: [ view_filter ] --START--
INFO: Run Behavior\WriteHtmlCacheBehavior [ RunTime:0.001000s ]
INFO: [ view_filter ] --END-- [ RunTime:0.001000s ]
INFO: [ app_end ] --START--
INFO: Run Behavior\ShowPageTraceBehavior [ RunTime:0.000000s ]
INFO: [ app_end ] --END-- [ RunTime:0.001001s ]

[ 2016-09-13T09:54:13+08:00 ] 127.0.0.1 /index/rent/detail/id/599810048
INFO: [ app_init ] --START--
INFO: Run Behavior\BuildLiteBehavior [ RunTime:0.000000s ]
INFO: [ app_init ] --END-- [ RunTime:0.000000s ]
INFO: [ app_begin ] --START--
INFO: Run Behavior\ReadHtmlCacheBehavior [ RunTime:0.000000s ]
INFO: [ app_begin ] --END-- [ RunTime:0.000000s ]
SQL: SHOW COLUMNS FROM `house` [ RunTime:0.0110s ]
SQL: SHOW COLUMNS FROM `room` [ RunTime:0.0110s ]
SQL: SHOW COLUMNS FROM `area` [ RunTime:0.0060s ]
SQL: SHOW COLUMNS FROM `house_imgs` [ RunTime:0.0040s ]
SQL: SELECT * FROM `house` WHERE ( `id` = 599810048 ) LIMIT 1   [ RunTime:0.0010s ]
SQL: SELECT `area` FROM `area` WHERE ( `areaid` = 510108 ) LIMIT 1   [ RunTime:0.0030s ]
SQL: SELECT * FROM `room` WHERE ( `house_id` = 599810048 AND `status` != -1 )  [ RunTime:0.0030s ]
SQL: SELECT * FROM `house_imgs` WHERE ( `house_id` = 599810048 )  [ RunTime:0.0010s ]
SQL: SELECT * FROM `house` WHERE ( `area_id` = 510108 AND `status` = 1 ) ORDER BY `id` DESC LIMIT 3   [ RunTime:0.0010s ]
SQL: SELECT * FROM `house` WHERE ( `area_id` = 510108 AND `status` = 1 ) ORDER BY `id` ASC LIMIT 3   [ RunTime:0.0010s ]
INFO: [ view_parse ] --START--
INFO: Run Behavior\ParseTemplateBehavior [ RunTime:0.228013s ]
INFO: [ view_parse ] --END-- [ RunTime:0.229013s ]
INFO: [ view_filter ] --START--
INFO: Run Behavior\WriteHtmlCacheBehavior [ RunTime:0.000000s ]
INFO: [ view_filter ] --END-- [ RunTime:0.000000s ]
INFO: [ app_end ] --START--
INFO: Run Behavior\ShowPageTraceBehavior [ RunTime:0.001000s ]
INFO: [ app_end ] --END-- [ RunTime:0.001000s ]

[ 2016-09-13T10:02:43+08:00 ] 127.0.0.1 /index/rent/detail/id/599810048
INFO: [ app_init ] --START--
INFO: Run Behavior\BuildLiteBehavior [ RunTime:0.000000s ]
INFO: [ app_init ] --END-- [ RunTime:0.000000s ]
INFO: [ app_begin ] --START--
INFO: Run Behavior\ReadHtmlCacheBehavior [ RunTime:0.001000s ]
INFO: [ app_begin ] --END-- [ RunTime:0.001000s ]
SQL: SHOW COLUMNS FROM `house` [ RunTime:0.0040s ]
SQL: SHOW COLUMNS FROM `room` [ RunTime:0.0030s ]
SQL: SHOW COLUMNS FROM `area` [ RunTime:0.0030s ]
SQL: SHOW COLUMNS FROM `house_imgs` [ RunTime:0.0040s ]
SQL: SELECT * FROM `house` WHERE ( `id` = 599810048 ) LIMIT 1   [ RunTime:0.0010s ]
SQL: SELECT `area` FROM `area` WHERE ( `areaid` = 510108 ) LIMIT 1   [ RunTime:0.0020s ]
SQL: SELECT * FROM `room` WHERE ( `house_id` = 599810048 AND `status` != -1 )  [ RunTime:0.0020s ]
SQL: SELECT * FROM `house_imgs` WHERE ( `house_id` = 599810048 )  [ RunTime:0.0010s ]
SQL: SELECT * FROM `house` WHERE ( `area_id` = 510108 AND `status` = 1 ) ORDER BY `id` DESC LIMIT 3   [ RunTime:0.0010s ]
SQL: SELECT * FROM `house` WHERE ( `area_id` = 510108 AND `status` = 1 ) ORDER BY `id` ASC LIMIT 3   [ RunTime:0.0010s ]
INFO: [ view_parse ] --START--
INFO: Run Behavior\ParseTemplateBehavior [ RunTime:0.250014s ]
INFO: [ view_parse ] --END-- [ RunTime:0.250014s ]
INFO: [ view_filter ] --START--
INFO: Run Behavior\WriteHtmlCacheBehavior [ RunTime:0.001000s ]
INFO: [ view_filter ] --END-- [ RunTime:0.001000s ]
INFO: [ app_end ] --START--
INFO: Run Behavior\ShowPageTraceBehavior [ RunTime:0.001000s ]
INFO: [ app_end ] --END-- [ RunTime:0.001000s ]

[ 2016-09-13T10:03:28+08:00 ] 127.0.0.1 /index/rent/detail/id/599810048
INFO: [ app_init ] --START--
INFO: Run Behavior\BuildLiteBehavior [ RunTime:0.000000s ]
INFO: [ app_init ] --END-- [ RunTime:0.000000s ]
INFO: [ app_begin ] --START--
INFO: Run Behavior\ReadHtmlCacheBehavior [ RunTime:0.001000s ]
INFO: [ app_begin ] --END-- [ RunTime:0.001000s ]
SQL: SHOW COLUMNS FROM `house` [ RunTime:0.0080s ]
SQL: SHOW COLUMNS FROM `room` [ RunTime:0.0080s ]
SQL: SHOW COLUMNS FROM `area` [ RunTime:0.0070s ]
SQL: SHOW COLUMNS FROM `house_imgs` [ RunTime:0.0060s ]
SQL: SELECT * FROM `house` WHERE ( `id` = 599810048 ) LIMIT 1   [ RunTime:0.0010s ]
SQL: SELECT `area` FROM `area` WHERE ( `areaid` = 510108 ) LIMIT 1   [ RunTime:0.0020s ]
SQL: SELECT * FROM `room` WHERE ( `house_id` = 599810048 AND `status` != -1 )  [ RunTime:0.0030s ]
SQL: SELECT * FROM `house_imgs` WHERE ( `house_id` = 599810048 )  [ RunTime:0.0010s ]
SQL: SELECT * FROM `house` WHERE ( `area_id` = 510108 AND `status` = 1 ) ORDER BY `id` DESC LIMIT 3   [ RunTime:0.0010s ]
SQL: SELECT * FROM `house` WHERE ( `area_id` = 510108 AND `status` = 1 ) ORDER BY `id` ASC LIMIT 3   [ RunTime:0.0010s ]
INFO: [ view_parse ] --START--
INFO: Run Behavior\ParseTemplateBehavior [ RunTime:0.204012s ]
INFO: [ view_parse ] --END-- [ RunTime:0.204012s ]
INFO: [ view_filter ] --START--
INFO: Run Behavior\WriteHtmlCacheBehavior [ RunTime:0.001000s ]
INFO: [ view_filter ] --END-- [ RunTime:0.001000s ]
INFO: [ app_end ] --START--
INFO: Run Behavior\ShowPageTraceBehavior [ RunTime:0.001000s ]
INFO: [ app_end ] --END-- [ RunTime:0.001000s ]

[ 2016-09-13T10:05:14+08:00 ] 127.0.0.1 /index/rent/detail/id/599810048
INFO: [ app_init ] --START--
INFO: Run Behavior\BuildLiteBehavior [ RunTime:0.000000s ]
INFO: [ app_init ] --END-- [ RunTime:0.000000s ]
INFO: [ app_begin ] --START--
INFO: Run Behavior\ReadHtmlCacheBehavior [ RunTime:0.001000s ]
INFO: [ app_begin ] --END-- [ RunTime:0.001000s ]
SQL: SHOW COLUMNS FROM `house` [ RunTime:0.0090s ]
SQL: SHOW COLUMNS FROM `room` [ RunTime:0.0090s ]
SQL: SHOW COLUMNS FROM `area` [ RunTime:0.0050s ]
SQL: SHOW COLUMNS FROM `house_imgs` [ RunTime:0.0050s ]
SQL: SELECT * FROM `house` WHERE ( `id` = 599810048 ) LIMIT 1   [ RunTime:0.0000s ]
SQL: SELECT `area` FROM `area` WHERE ( `areaid` = 510108 ) LIMIT 1   [ RunTime:0.0020s ]
SQL: SELECT * FROM `room` WHERE ( `house_id` = 599810048 AND `status` != -1 )  [ RunTime:0.0030s ]
SQL: SELECT * FROM `house_imgs` WHERE ( `house_id` = 599810048 )  [ RunTime:0.0010s ]
SQL: SELECT * FROM `house` WHERE ( `area_id` = 510108 AND `status` = 1 ) ORDER BY `id` DESC LIMIT 3   [ RunTime:0.0010s ]
SQL: SELECT * FROM `house` WHERE ( `area_id` = 510108 AND `status` = 1 ) ORDER BY `id` ASC LIMIT 3   [ RunTime:0.0010s ]
INFO: [ view_parse ] --START--
INFO: Run Behavior\ParseTemplateBehavior [ RunTime:0.217012s ]
INFO: [ view_parse ] --END-- [ RunTime:0.217012s ]
INFO: [ view_filter ] --START--
INFO: Run Behavior\WriteHtmlCacheBehavior [ RunTime:0.000000s ]
INFO: [ view_filter ] --END-- [ RunTime:0.000000s ]
INFO: [ app_end ] --START--
INFO: Run Behavior\ShowPageTraceBehavior [ RunTime:0.001000s ]
INFO: [ app_end ] --END-- [ RunTime:0.001000s ]

[ 2016-09-13T10:05:56+08:00 ] 127.0.0.1 /index/rent/detail/id/599810048
INFO: [ app_init ] --START--
INFO: Run Behavior\BuildLiteBehavior [ RunTime:0.000000s ]
INFO: [ app_init ] --END-- [ RunTime:0.001000s ]
INFO: [ app_begin ] --START--
INFO: Run Behavior\ReadHtmlCacheBehavior [ RunTime:0.001000s ]
INFO: [ app_begin ] --END-- [ RunTime:0.001000s ]
SQL: SHOW COLUMNS FROM `house` [ RunTime:0.0050s ]
SQL: SHOW COLUMNS FROM `room` [ RunTime:0.0050s ]
SQL: SHOW COLUMNS FROM `area` [ RunTime:0.0050s ]
SQL: SHOW COLUMNS FROM `house_imgs` [ RunTime:0.0050s ]
SQL: SELECT * FROM `house` WHERE ( `id` = 599810048 ) LIMIT 1   [ RunTime:0.0010s ]
SQL: SELECT `area` FROM `area` WHERE ( `areaid` = 510108 ) LIMIT 1   [ RunTime:0.0030s ]
SQL: SELECT * FROM `room` WHERE ( `house_id` = 599810048 AND `status` != -1 )  [ RunTime:0.0030s ]
SQL: SELECT * FROM `house_imgs` WHERE ( `house_id` = 599810048 )  [ RunTime:0.0020s ]
INFO: [ view_parse ] --START--
INFO: Run Behavior\ParseTemplateBehavior [ RunTime:0.236014s ]
INFO: [ view_parse ] --END-- [ RunTime:0.236014s ]
INFO: [ view_filter ] --START--
INFO: Run Behavior\WriteHtmlCacheBehavior [ RunTime:0.001000s ]
INFO: [ view_filter ] --END-- [ RunTime:0.001000s ]
INFO: [ app_end ] --START--
INFO: Run Behavior\ShowPageTraceBehavior [ RunTime:0.001000s ]
INFO: [ app_end ] --END-- [ RunTime:0.001000s ]

[ 2016-09-13T10:06:14+08:00 ] 127.0.0.1 /index/rent/detail/id/582110005
INFO: [ app_init ] --START--
INFO: Run Behavior\BuildLiteBehavior [ RunTime:0.000000s ]
INFO: [ app_init ] --END-- [ RunTime:0.001000s ]
INFO: [ app_begin ] --START--
INFO: Run Behavior\ReadHtmlCacheBehavior [ RunTime:0.001000s ]
INFO: [ app_begin ] --END-- [ RunTime:0.001000s ]
SQL: SHOW COLUMNS FROM `house` [ RunTime:0.0090s ]
SQL: SHOW COLUMNS FROM `room` [ RunTime:0.0070s ]
SQL: SHOW COLUMNS FROM `area` [ RunTime:0.0070s ]
SQL: SHOW COLUMNS FROM `house_imgs` [ RunTime:0.0070s ]
SQL: SELECT * FROM `house` WHERE ( `id` = 582110005 ) LIMIT 1   [ RunTime:0.0010s ]
SQL: SELECT `area` FROM `area` WHERE ( `areaid` = 510107 ) LIMIT 1   [ RunTime:0.0050s ]
SQL: SELECT * FROM `room` WHERE ( `house_id` = 582110005 AND `status` != -1 )  [ RunTime:0.0050s ]
SQL: SELECT * FROM `house_imgs` WHERE ( `house_id` = 582110005 )  [ RunTime:0.0020s ]
INFO: [ view_parse ] --START--
INFO: Run Behavior\ParseTemplateBehavior [ RunTime:0.010001s ]
INFO: [ view_parse ] --END-- [ RunTime:0.010001s ]
INFO: [ view_filter ] --START--
INFO: Run Behavior\WriteHtmlCacheBehavior [ RunTime:0.001000s ]
INFO: [ view_filter ] --END-- [ RunTime:0.001000s ]
INFO: [ app_end ] --START--
INFO: Run Behavior\ShowPageTraceBehavior [ RunTime:0.000000s ]
INFO: [ app_end ] --END-- [ RunTime:0.000000s ]

