[ 2016-09-18T14:13:03+08:00 ] 127.0.0.1 /index/index/index
INFO: [ app_init ] --START--
INFO: Run Behavior\BuildLiteBehavior [ RunTime:0.000000s ]
INFO: [ app_init ] --END-- [ RunTime:0.000000s ]
INFO: [ app_begin ] --START--
INFO: Run Behavior\ReadHtmlCacheBehavior [ RunTime:0.001000s ]
INFO: [ app_begin ] --END-- [ RunTime:0.001000s ]
SQL: SHOW COLUMNS FROM `ad` [ RunTime:0.0500s ]
SQL: SELECT * FROM `ad` WHERE ( `status` = 1 AND `adspace_id` = 1 )  [ RunTime:0.0010s ]
SQL: SHOW COLUMNS FROM `house` [ RunTime:0.0720s ]
SQL: SHOW COLUMNS FROM `room` [ RunTime:0.0190s ]
SQL: SELECT `id`,`title`,`img`,`address` FROM `house` WHERE ( `status` = 1 ) ORDER BY `id` DESC LIMIT 9   [ RunTime:0.0270s ]
SQL: SELECT `price` FROM `room` WHERE ( `house_id` = 599810048 )  [ RunTime:0.0280s ]
SQL: SELECT `price` FROM `room` WHERE ( `house_id` = 599110032 )  [ RunTime:0.0020s ]
SQL: SELECT `price` FROM `room` WHERE ( `house_id` = 593410019 )  [ RunTime:0.0020s ]
SQL: SELECT `price` FROM `room` WHERE ( `house_id` = 593410010 )  [ RunTime:0.0020s ]
SQL: SELECT `price` FROM `room` WHERE ( `house_id` = 591210026 )  [ RunTime:0.0020s ]
SQL: SELECT `price` FROM `room` WHERE ( `house_id` = 589010029 )  [ RunTime:0.0020s ]
SQL: SELECT `price` FROM `room` WHERE ( `house_id` = 586310041 )  [ RunTime:0.0020s ]
SQL: SELECT `price` FROM `room` WHERE ( `house_id` = 582810009 )  [ RunTime:0.0020s ]
SQL: SELECT `price` FROM `room` WHERE ( `house_id` = 582110005 )  [ RunTime:0.0020s ]
INFO: [ view_parse ] --START--
INFO: Run Behavior\ParseTemplateBehavior [ RunTime:0.046003s ]
INFO: [ view_parse ] --END-- [ RunTime:0.046003s ]
INFO: [ view_filter ] --START--
INFO: Run Behavior\WriteHtmlCacheBehavior [ RunTime:0.000000s ]
INFO: [ view_filter ] --END-- [ RunTime:0.000000s ]
INFO: [ app_end ] --START--
INFO: Run Behavior\ShowPageTraceBehavior [ RunTime:0.000000s ]
INFO: [ app_end ] --END-- [ RunTime:0.000000s ]

[ 2016-09-18T14:13:04+08:00 ] 127.0.0.1 /index/index/index
INFO: [ app_init ] --START--
INFO: Run Behavior\BuildLiteBehavior [ RunTime:0.000000s ]
INFO: [ app_init ] --END-- [ RunTime:0.001000s ]
INFO: [ app_begin ] --START--
INFO: Run Behavior\ReadHtmlCacheBehavior [ RunTime:0.001000s ]
INFO: [ app_begin ] --END-- [ RunTime:0.001000s ]
SQL: SHOW COLUMNS FROM `ad` [ RunTime:0.0080s ]
SQL: SELECT * FROM `ad` WHERE ( `status` = 1 AND `adspace_id` = 1 )  [ RunTime:0.0010s ]
SQL: SHOW COLUMNS FROM `house` [ RunTime:0.0070s ]
SQL: SHOW COLUMNS FROM `room` [ RunTime:0.0040s ]
SQL: SELECT `id`,`title`,`img`,`address` FROM `house` WHERE ( `status` = 1 ) ORDER BY `id` DESC LIMIT 9   [ RunTime:0.0030s ]
SQL: SELECT `price` FROM `room` WHERE ( `house_id` = 599810048 )  [ RunTime:0.0020s ]
SQL: SELECT `price` FROM `room` WHERE ( `house_id` = 599110032 )  [ RunTime:0.0010s ]
SQL: SELECT `price` FROM `room` WHERE ( `house_id` = 593410019 )  [ RunTime:0.0020s ]
SQL: SELECT `price` FROM `room` WHERE ( `house_id` = 593410010 )  [ RunTime:0.0010s ]
SQL: SELECT `price` FROM `room` WHERE ( `house_id` = 591210026 )  [ RunTime:0.0020s ]
SQL: SELECT `price` FROM `room` WHERE ( `house_id` = 589010029 )  [ RunTime:0.0010s ]
SQL: SELECT `price` FROM `room` WHERE ( `house_id` = 586310041 )  [ RunTime:0.0010s ]
SQL: SELECT `price` FROM `room` WHERE ( `house_id` = 582810009 )  [ RunTime:0.0020s ]
SQL: SELECT `price` FROM `room` WHERE ( `house_id` = 582110005 )  [ RunTime:0.0010s ]
INFO: [ view_parse ] --START--
INFO: Run Behavior\ParseTemplateBehavior [ RunTime:0.011001s ]
INFO: [ view_parse ] --END-- [ RunTime:0.011001s ]
INFO: [ view_filter ] --START--
INFO: Run Behavior\WriteHtmlCacheBehavior [ RunTime:0.001000s ]
INFO: [ view_filter ] --END-- [ RunTime:0.001000s ]
INFO: [ app_end ] --START--
INFO: Run Behavior\ShowPageTraceBehavior [ RunTime:0.000000s ]
INFO: [ app_end ] --END-- [ RunTime:0.000000s ]

[ 2016-09-18T14:13:14+08:00 ] 127.0.0.1 /index/rent/detail/id/599810048
INFO: [ app_init ] --START--
INFO: Run Behavior\BuildLiteBehavior [ RunTime:0.000000s ]
INFO: [ app_init ] --END-- [ RunTime:0.000000s ]
INFO: [ app_begin ] --START--
INFO: Run Behavior\ReadHtmlCacheBehavior [ RunTime:0.001000s ]
INFO: [ app_begin ] --END-- [ RunTime:0.001000s ]
SQL: SHOW COLUMNS FROM `house` [ RunTime:0.0070s ]
SQL: SHOW COLUMNS FROM `room` [ RunTime:0.0070s ]
SQL: SHOW COLUMNS FROM `area` [ RunTime:0.2410s ]
SQL: SHOW COLUMNS FROM `house_imgs` [ RunTime:0.0420s ]
SQL: SELECT * FROM `house` WHERE ( `id` = 599810048 ) LIMIT 1   [ RunTime:0.0000s ]
SQL: SELECT `area` FROM `area` WHERE ( `areaid` = 510108 ) LIMIT 1   [ RunTime:0.0060s ]
SQL: SELECT * FROM `room` WHERE ( `house_id` = 599810048 AND `status` != -1 )  [ RunTime:0.0160s ]
SQL: SELECT * FROM `house_imgs` WHERE ( `house_id` = 599810048 )  [ RunTime:0.0130s ]
INFO: [ view_parse ] --START--
INFO: Run Behavior\ParseTemplateBehavior [ RunTime:0.057004s ]
INFO: [ view_parse ] --END-- [ RunTime:0.057004s ]
INFO: [ view_filter ] --START--
INFO: Run Behavior\WriteHtmlCacheBehavior [ RunTime:0.000000s ]
INFO: [ view_filter ] --END-- [ RunTime:0.000000s ]
INFO: [ app_end ] --START--
INFO: Run Behavior\ShowPageTraceBehavior [ RunTime:0.000000s ]
INFO: [ app_end ] --END-- [ RunTime:0.001000s ]

[ 2016-09-18T14:14:00+08:00 ] 127.0.0.1 /index/rent/detail/id/599810048
INFO: [ app_init ] --START--
INFO: Run Behavior\BuildLiteBehavior [ RunTime:0.000000s ]
INFO: [ app_init ] --END-- [ RunTime:0.000000s ]
INFO: [ app_begin ] --START--
INFO: Run Behavior\ReadHtmlCacheBehavior [ RunTime:0.001000s ]
INFO: [ app_begin ] --END-- [ RunTime:0.001000s ]
SQL: SHOW COLUMNS FROM `house` [ RunTime:0.0070s ]
SQL: SHOW COLUMNS FROM `room` [ RunTime:0.0060s ]
SQL: SHOW COLUMNS FROM `area` [ RunTime:0.0070s ]
SQL: SHOW COLUMNS FROM `house_imgs` [ RunTime:0.0070s ]
SQL: SELECT * FROM `house` WHERE ( `id` = 599810048 ) LIMIT 1   [ RunTime:0.0010s ]
SQL: SELECT `area` FROM `area` WHERE ( `areaid` = 510108 ) LIMIT 1   [ RunTime:0.0040s ]
SQL: SELECT * FROM `room` WHERE ( `house_id` = 599810048 AND `status` != -1 )  [ RunTime:0.0040s ]
SQL: SELECT * FROM `house_imgs` WHERE ( `house_id` = 599810048 )  [ RunTime:0.0020s ]
INFO: [ view_parse ] --START--
INFO: Run Behavior\ParseTemplateBehavior [ RunTime:0.009001s ]
INFO: [ view_parse ] --END-- [ RunTime:0.009001s ]
INFO: [ view_filter ] --START--
INFO: Run Behavior\WriteHtmlCacheBehavior [ RunTime:0.000000s ]
INFO: [ view_filter ] --END-- [ RunTime:0.000000s ]
INFO: [ app_end ] --START--
INFO: Run Behavior\ShowPageTraceBehavior [ RunTime:0.001000s ]
INFO: [ app_end ] --END-- [ RunTime:0.001000s ]

[ 2016-09-18T14:25:06+08:00 ] 127.0.0.1 /index/index/index
INFO: [ app_init ] --START--
INFO: Run Behavior\BuildLiteBehavior [ RunTime:0.000000s ]
INFO: [ app_init ] --END-- [ RunTime:0.001000s ]
INFO: [ app_begin ] --START--
INFO: Run Behavior\ReadHtmlCacheBehavior [ RunTime:0.000000s ]
INFO: [ app_begin ] --END-- [ RunTime:0.000000s ]
SQL: SHOW COLUMNS FROM `ad` [ RunTime:0.0040s ]
SQL: SELECT * FROM `ad` WHERE ( `status` = 1 AND `adspace_id` = 1 )  [ RunTime:0.0010s ]
SQL: SHOW COLUMNS FROM `house` [ RunTime:0.0040s ]
SQL: SHOW COLUMNS FROM `room` [ RunTime:0.0050s ]
SQL: SELECT `id`,`title`,`img`,`address` FROM `house` WHERE ( `status` = 1 ) ORDER BY `id` DESC LIMIT 9   [ RunTime:0.0030s ]
SQL: SELECT `price` FROM `room` WHERE ( `house_id` = 599810048 )  [ RunTime:0.0010s ]
SQL: SELECT `price` FROM `room` WHERE ( `house_id` = 599110032 )  [ RunTime:0.0010s ]
SQL: SELECT `price` FROM `room` WHERE ( `house_id` = 593410019 )  [ RunTime:0.0010s ]
SQL: SELECT `price` FROM `room` WHERE ( `house_id` = 593410010 )  [ RunTime:0.0020s ]
SQL: SELECT `price` FROM `room` WHERE ( `house_id` = 591210026 )  [ RunTime:0.0010s ]
SQL: SELECT `price` FROM `room` WHERE ( `house_id` = 589010029 )  [ RunTime:0.0020s ]
SQL: SELECT `price` FROM `room` WHERE ( `house_id` = 586310041 )  [ RunTime:0.0010s ]
SQL: SELECT `price` FROM `room` WHERE ( `house_id` = 582810009 )  [ RunTime:0.0020s ]
SQL: SELECT `price` FROM `room` WHERE ( `house_id` = 582110005 )  [ RunTime:0.0010s ]
INFO: [ view_parse ] --START--
INFO: Run Behavior\ParseTemplateBehavior [ RunTime:0.010001s ]
INFO: [ view_parse ] --END-- [ RunTime:0.010001s ]
INFO: [ view_filter ] --START--
INFO: Run Behavior\WriteHtmlCacheBehavior [ RunTime:0.000000s ]
INFO: [ view_filter ] --END-- [ RunTime:0.000000s ]
INFO: [ app_end ] --START--
INFO: Run Behavior\ShowPageTraceBehavior [ RunTime:0.001000s ]
INFO: [ app_end ] --END-- [ RunTime:0.001000s ]

[ 2016-09-18T14:25:07+08:00 ] 127.0.0.1 /index/index/index
INFO: [ app_init ] --START--
INFO: Run Behavior\BuildLiteBehavior [ RunTime:0.000000s ]
INFO: [ app_init ] --END-- [ RunTime:0.001000s ]
INFO: [ app_begin ] --START--
INFO: Run Behavior\ReadHtmlCacheBehavior [ RunTime:0.001000s ]
INFO: [ app_begin ] --END-- [ RunTime:0.001000s ]
SQL: SHOW COLUMNS FROM `ad` [ RunTime:0.0040s ]
SQL: SELECT * FROM `ad` WHERE ( `status` = 1 AND `adspace_id` = 1 )  [ RunTime:0.0000s ]
SQL: SHOW COLUMNS FROM `house` [ RunTime:0.0040s ]
SQL: SHOW COLUMNS FROM `room` [ RunTime:0.0030s ]
SQL: SELECT `id`,`title`,`img`,`address` FROM `house` WHERE ( `status` = 1 ) ORDER BY `id` DESC LIMIT 9   [ RunTime:0.0050s ]
SQL: SELECT `price` FROM `room` WHERE ( `house_id` = 599810048 )  [ RunTime:0.0010s ]
SQL: SELECT `price` FROM `room` WHERE ( `house_id` = 599110032 )  [ RunTime:0.0020s ]
SQL: SELECT `price` FROM `room` WHERE ( `house_id` = 593410019 )  [ RunTime:0.0010s ]
SQL: SELECT `price` FROM `room` WHERE ( `house_id` = 593410010 )  [ RunTime:0.0020s ]
SQL: SELECT `price` FROM `room` WHERE ( `house_id` = 591210026 )  [ RunTime:0.0010s ]
SQL: SELECT `price` FROM `room` WHERE ( `house_id` = 589010029 )  [ RunTime:0.0030s ]
SQL: SELECT `price` FROM `room` WHERE ( `house_id` = 586310041 )  [ RunTime:0.0010s ]
SQL: SELECT `price` FROM `room` WHERE ( `house_id` = 582810009 )  [ RunTime:0.0020s ]
SQL: SELECT `price` FROM `room` WHERE ( `house_id` = 582110005 )  [ RunTime:0.0010s ]
INFO: [ view_parse ] --START--
INFO: Run Behavior\ParseTemplateBehavior [ RunTime:0.008000s ]
INFO: [ view_parse ] --END-- [ RunTime:0.008000s ]
INFO: [ view_filter ] --START--
INFO: Run Behavior\WriteHtmlCacheBehavior [ RunTime:0.000000s ]
INFO: [ view_filter ] --END-- [ RunTime:0.000000s ]
INFO: [ app_end ] --START--
INFO: Run Behavior\ShowPageTraceBehavior [ RunTime:0.001000s ]
INFO: [ app_end ] --END-- [ RunTime:0.001000s ]

[ 2016-09-18T14:25:12+08:00 ] 127.0.0.1 /index/rent/detail/id/599810048
INFO: [ app_init ] --START--
INFO: Run Behavior\BuildLiteBehavior [ RunTime:0.000000s ]
INFO: [ app_init ] --END-- [ RunTime:0.000000s ]
INFO: [ app_begin ] --START--
INFO: Run Behavior\ReadHtmlCacheBehavior [ RunTime:0.000000s ]
INFO: [ app_begin ] --END-- [ RunTime:0.000000s ]
SQL: SHOW COLUMNS FROM `house` [ RunTime:0.0060s ]
SQL: SHOW COLUMNS FROM `room` [ RunTime:0.0050s ]
SQL: SHOW COLUMNS FROM `area` [ RunTime:0.0070s ]
SQL: SHOW COLUMNS FROM `house_imgs` [ RunTime:0.0060s ]
SQL: SELECT * FROM `house` WHERE ( `id` = 599810048 ) LIMIT 1   [ RunTime:0.0010s ]
SQL: SELECT `area` FROM `area` WHERE ( `areaid` = 510108 ) LIMIT 1   [ RunTime:0.0030s ]
SQL: SELECT * FROM `room` WHERE ( `house_id` = 599810048 AND `status` != -1 )  [ RunTime:0.0040s ]
SQL: SELECT * FROM `house_imgs` WHERE ( `house_id` = 599810048 )  [ RunTime:0.0010s ]
INFO: [ view_parse ] --START--
INFO: Run Behavior\ParseTemplateBehavior [ RunTime:0.008001s ]
INFO: [ view_parse ] --END-- [ RunTime:0.008001s ]
INFO: [ view_filter ] --START--
INFO: Run Behavior\WriteHtmlCacheBehavior [ RunTime:0.000000s ]
INFO: [ view_filter ] --END-- [ RunTime:0.001000s ]
INFO: [ app_end ] --START--
INFO: Run Behavior\ShowPageTraceBehavior [ RunTime:0.001000s ]
INFO: [ app_end ] --END-- [ RunTime:0.001000s ]

[ 2016-09-18T14:25:40+08:00 ] 127.0.0.1 /index/rent/detail/id/599810048
INFO: [ app_init ] --START--
INFO: Run Behavior\BuildLiteBehavior [ RunTime:0.000000s ]
INFO: [ app_init ] --END-- [ RunTime:0.000000s ]
INFO: [ app_begin ] --START--
INFO: Run Behavior\ReadHtmlCacheBehavior [ RunTime:0.001000s ]
INFO: [ app_begin ] --END-- [ RunTime:0.001000s ]
SQL: SHOW COLUMNS FROM `house` [ RunTime:0.0090s ]
SQL: SHOW COLUMNS FROM `room` [ RunTime:0.0070s ]
SQL: SHOW COLUMNS FROM `area` [ RunTime:0.0070s ]
SQL: SHOW COLUMNS FROM `house_imgs` [ RunTime:0.0060s ]
SQL: SELECT * FROM `house` WHERE ( `id` = 599810048 ) LIMIT 1   [ RunTime:0.0010s ]
SQL: SELECT `area` FROM `area` WHERE ( `areaid` = 510108 ) LIMIT 1   [ RunTime:0.0020s ]
SQL: SELECT * FROM `room` WHERE ( `house_id` = 599810048 AND `status` != -1 )  [ RunTime:0.0020s ]
SQL: SELECT * FROM `house_imgs` WHERE ( `house_id` = 599810048 )  [ RunTime:0.0020s ]
INFO: [ view_parse ] --START--
INFO: Run Behavior\ParseTemplateBehavior [ RunTime:0.310018s ]
INFO: [ view_parse ] --END-- [ RunTime:0.310018s ]
INFO: [ view_filter ] --START--
INFO: Run Behavior\WriteHtmlCacheBehavior [ RunTime:0.001000s ]
INFO: [ view_filter ] --END-- [ RunTime:0.001000s ]
INFO: [ app_end ] --START--
INFO: Run Behavior\ShowPageTraceBehavior [ RunTime:0.000000s ]
INFO: [ app_end ] --END-- [ RunTime:0.000000s ]

[ 2016-09-18T14:26:53+08:00 ] 127.0.0.1 /index/rent/detail/id/599810048
INFO: [ app_init ] --START--
INFO: Run Behavior\BuildLiteBehavior [ RunTime:0.000000s ]
INFO: [ app_init ] --END-- [ RunTime:0.000000s ]
INFO: [ app_begin ] --START--
INFO: Run Behavior\ReadHtmlCacheBehavior [ RunTime:0.000000s ]
INFO: [ app_begin ] --END-- [ RunTime:0.000000s ]
SQL: SHOW COLUMNS FROM `house` [ RunTime:0.0070s ]
SQL: SHOW COLUMNS FROM `room` [ RunTime:0.0060s ]
SQL: SHOW COLUMNS FROM `area` [ RunTime:0.0060s ]
SQL: SHOW COLUMNS FROM `house_imgs` [ RunTime:0.0070s ]
SQL: SELECT * FROM `house` WHERE ( `id` = 599810048 ) LIMIT 1   [ RunTime:0.0010s ]
SQL: SELECT `area` FROM `area` WHERE ( `areaid` = 510108 ) LIMIT 1   [ RunTime:0.0020s ]
SQL: SELECT * FROM `room` WHERE ( `house_id` = 599810048 AND `status` != -1 )  [ RunTime:0.0020s ]
SQL: SELECT * FROM `house_imgs` WHERE ( `house_id` = 599810048 )  [ RunTime:0.0020s ]
INFO: [ view_parse ] --START--
INFO: Run Behavior\ParseTemplateBehavior [ RunTime:0.212012s ]
INFO: [ view_parse ] --END-- [ RunTime:0.212012s ]
INFO: [ view_filter ] --START--
INFO: Run Behavior\WriteHtmlCacheBehavior [ RunTime:0.000000s ]
INFO: [ view_filter ] --END-- [ RunTime:0.000000s ]
INFO: [ app_end ] --START--
INFO: Run Behavior\ShowPageTraceBehavior [ RunTime:0.000000s ]
INFO: [ app_end ] --END-- [ RunTime:0.000000s ]

[ 2016-09-18T14:31:07+08:00 ] 127.0.0.1 /index/rent/detail/id/599810048
INFO: [ app_init ] --START--
INFO: Run Behavior\BuildLiteBehavior [ RunTime:0.000000s ]
INFO: [ app_init ] --END-- [ RunTime:0.001000s ]
INFO: [ app_begin ] --START--
INFO: Run Behavior\ReadHtmlCacheBehavior [ RunTime:0.001000s ]
INFO: [ app_begin ] --END-- [ RunTime:0.001000s ]
SQL: SHOW COLUMNS FROM `house` [ RunTime:0.0050s ]
SQL: SHOW COLUMNS FROM `room` [ RunTime:0.0040s ]
SQL: SHOW COLUMNS FROM `area` [ RunTime:0.0030s ]
SQL: SHOW COLUMNS FROM `house_imgs` [ RunTime:0.0040s ]
SQL: SELECT * FROM `house` WHERE ( `id` = 599810048 ) LIMIT 1   [ RunTime:0.0000s ]
SQL: SELECT `area` FROM `area` WHERE ( `areaid` = 510108 ) LIMIT 1   [ RunTime:0.0020s ]
SQL: SELECT * FROM `room` WHERE ( `house_id` = 599810048 AND `status` != -1 )  [ RunTime:0.0020s ]
SQL: SELECT * FROM `house_imgs` WHERE ( `house_id` = 599810048 )  [ RunTime:0.0010s ]
INFO: [ view_parse ] --START--
INFO: Run Behavior\ParseTemplateBehavior [ RunTime:0.011000s ]
INFO: [ view_parse ] --END-- [ RunTime:0.011000s ]
INFO: [ view_filter ] --START--
INFO: Run Behavior\WriteHtmlCacheBehavior [ RunTime:0.000000s ]
INFO: [ view_filter ] --END-- [ RunTime:0.000000s ]
INFO: [ app_end ] --START--
INFO: Run Behavior\ShowPageTraceBehavior [ RunTime:0.001000s ]
INFO: [ app_end ] --END-- [ RunTime:0.001000s ]

[ 2016-09-18T14:31:21+08:00 ] 127.0.0.1 /index/rent/detail/id/599810048
INFO: [ app_init ] --START--
INFO: Run Behavior\BuildLiteBehavior [ RunTime:0.000000s ]
INFO: [ app_init ] --END-- [ RunTime:0.000000s ]
INFO: [ app_begin ] --START--
INFO: Run Behavior\ReadHtmlCacheBehavior [ RunTime:0.001000s ]
INFO: [ app_begin ] --END-- [ RunTime:0.001000s ]
SQL: SHOW COLUMNS FROM `house` [ RunTime:0.0060s ]
SQL: SHOW COLUMNS FROM `room` [ RunTime:0.0040s ]
SQL: SHOW COLUMNS FROM `area` [ RunTime:0.0040s ]
SQL: SHOW COLUMNS FROM `house_imgs` [ RunTime:0.0050s ]
SQL: SELECT * FROM `house` WHERE ( `id` = 599810048 ) LIMIT 1   [ RunTime:0.0010s ]
SQL: SELECT `area` FROM `area` WHERE ( `areaid` = 510108 ) LIMIT 1   [ RunTime:0.0020s ]
SQL: SELECT * FROM `room` WHERE ( `house_id` = 599810048 AND `status` != -1 )  [ RunTime:0.0030s ]
SQL: SELECT * FROM `house_imgs` WHERE ( `house_id` = 599810048 )  [ RunTime:0.0010s ]
INFO: [ view_parse ] --START--
INFO: Run Behavior\ParseTemplateBehavior [ RunTime:0.230013s ]
INFO: [ view_parse ] --END-- [ RunTime:0.230013s ]
INFO: [ view_filter ] --START--
INFO: Run Behavior\WriteHtmlCacheBehavior [ RunTime:0.000000s ]
INFO: [ view_filter ] --END-- [ RunTime:0.000000s ]
INFO: [ app_end ] --START--
INFO: Run Behavior\ShowPageTraceBehavior [ RunTime:0.001000s ]
INFO: [ app_end ] --END-- [ RunTime:0.001000s ]

[ 2016-09-18T14:32:11+08:00 ] 127.0.0.1 /index/rent/detail/id/599810048
INFO: [ app_init ] --START--
INFO: Run Behavior\BuildLiteBehavior [ RunTime:0.000000s ]
INFO: [ app_init ] --END-- [ RunTime:0.001000s ]
INFO: [ app_begin ] --START--
INFO: Run Behavior\ReadHtmlCacheBehavior [ RunTime:0.000000s ]
INFO: [ app_begin ] --END-- [ RunTime:0.001000s ]
SQL: SHOW COLUMNS FROM `house` [ RunTime:0.0060s ]
SQL: SHOW COLUMNS FROM `room` [ RunTime:0.0070s ]
SQL: SHOW COLUMNS FROM `area` [ RunTime:0.0060s ]
SQL: SHOW COLUMNS FROM `house_imgs` [ RunTime:0.0040s ]
SQL: SELECT * FROM `house` WHERE ( `id` = 599810048 ) LIMIT 1   [ RunTime:0.0000s ]
SQL: SELECT `area` FROM `area` WHERE ( `areaid` = 510108 ) LIMIT 1   [ RunTime:0.0030s ]
SQL: SELECT * FROM `room` WHERE ( `house_id` = 599810048 AND `status` != -1 )  [ RunTime:0.0020s ]
SQL: SELECT * FROM `house_imgs` WHERE ( `house_id` = 599810048 )  [ RunTime:0.0010s ]
INFO: [ view_parse ] --START--
INFO: Run Behavior\ParseTemplateBehavior [ RunTime:0.219012s ]
INFO: [ view_parse ] --END-- [ RunTime:0.219012s ]
INFO: [ view_filter ] --START--
INFO: Run Behavior\WriteHtmlCacheBehavior [ RunTime:0.000000s ]
INFO: [ view_filter ] --END-- [ RunTime:0.000000s ]
INFO: [ app_end ] --START--
INFO: Run Behavior\ShowPageTraceBehavior [ RunTime:0.001000s ]
INFO: [ app_end ] --END-- [ RunTime:0.001000s ]

[ 2016-09-18T14:32:21+08:00 ] 127.0.0.1 /index/rent/detail/id/599810048
INFO: [ app_init ] --START--
INFO: Run Behavior\BuildLiteBehavior [ RunTime:0.000000s ]
INFO: [ app_init ] --END-- [ RunTime:0.000000s ]
INFO: [ app_begin ] --START--
INFO: Run Behavior\ReadHtmlCacheBehavior [ RunTime:0.001000s ]
INFO: [ app_begin ] --END-- [ RunTime:0.001000s ]
SQL: SHOW COLUMNS FROM `house` [ RunTime:0.0050s ]
SQL: SHOW COLUMNS FROM `room` [ RunTime:0.0040s ]
SQL: SHOW COLUMNS FROM `area` [ RunTime:0.0040s ]
SQL: SHOW COLUMNS FROM `house_imgs` [ RunTime:0.0030s ]
SQL: SELECT * FROM `house` WHERE ( `id` = 599810048 ) LIMIT 1   [ RunTime:0.0010s ]
SQL: SELECT `area` FROM `area` WHERE ( `areaid` = 510108 ) LIMIT 1   [ RunTime:0.0020s ]
SQL: SELECT * FROM `room` WHERE ( `house_id` = 599810048 AND `status` != -1 )  [ RunTime:0.0020s ]
SQL: SELECT * FROM `house_imgs` WHERE ( `house_id` = 599810048 )  [ RunTime:0.0010s ]
INFO: [ view_parse ] --START--
INFO: Run Behavior\ParseTemplateBehavior [ RunTime:0.262015s ]
INFO: [ view_parse ] --END-- [ RunTime:0.262015s ]
INFO: [ view_filter ] --START--
INFO: Run Behavior\WriteHtmlCacheBehavior [ RunTime:0.001001s ]
INFO: [ view_filter ] --END-- [ RunTime:0.001001s ]
INFO: [ app_end ] --START--
INFO: Run Behavior\ShowPageTraceBehavior [ RunTime:0.001000s ]
INFO: [ app_end ] --END-- [ RunTime:0.001000s ]

[ 2016-09-18T14:38:05+08:00 ] 127.0.0.1 /index/rent/detail/id/599810048
INFO: [ app_init ] --START--
INFO: Run Behavior\BuildLiteBehavior [ RunTime:0.000000s ]
INFO: [ app_init ] --END-- [ RunTime:0.000000s ]
INFO: [ app_begin ] --START--
INFO: Run Behavior\ReadHtmlCacheBehavior [ RunTime:0.001000s ]
INFO: [ app_begin ] --END-- [ RunTime:0.001000s ]
SQL: SHOW COLUMNS FROM `house` [ RunTime:0.0160s ]
SQL: SHOW COLUMNS FROM `room` [ RunTime:0.0070s ]
SQL: SHOW COLUMNS FROM `area` [ RunTime:0.0040s ]
SQL: SHOW COLUMNS FROM `house_imgs` [ RunTime:0.0040s ]
SQL: SELECT * FROM `house` WHERE ( `id` = 599810048 ) LIMIT 1   [ RunTime:0.0000s ]
SQL: SELECT `area` FROM `area` WHERE ( `areaid` = 510108 ) LIMIT 1   [ RunTime:0.0020s ]
SQL: SELECT * FROM `room` WHERE ( `house_id` = 599810048 AND `status` != -1 )  [ RunTime:0.0030s ]
SQL: SELECT * FROM `house_imgs` WHERE ( `house_id` = 599810048 )  [ RunTime:0.0080s ]
INFO: [ view_parse ] --START--
INFO: Run Behavior\ParseTemplateBehavior [ RunTime:0.240014s ]
INFO: [ view_parse ] --END-- [ RunTime:0.240014s ]
INFO: [ view_filter ] --START--
INFO: Run Behavior\WriteHtmlCacheBehavior [ RunTime:0.000000s ]
INFO: [ view_filter ] --END-- [ RunTime:0.000000s ]
INFO: [ app_end ] --START--
INFO: Run Behavior\ShowPageTraceBehavior [ RunTime:0.002000s ]
INFO: [ app_end ] --END-- [ RunTime:0.002000s ]

[ 2016-09-18T14:38:49+08:00 ] 127.0.0.1 /index/rent/detail/id/599810048
INFO: [ app_init ] --START--
INFO: Run Behavior\BuildLiteBehavior [ RunTime:0.000000s ]
INFO: [ app_init ] --END-- [ RunTime:0.001000s ]
INFO: [ app_begin ] --START--
INFO: Run Behavior\ReadHtmlCacheBehavior [ RunTime:0.001001s ]
INFO: [ app_begin ] --END-- [ RunTime:0.001001s ]
SQL: SHOW COLUMNS FROM `house` [ RunTime:0.0060s ]
SQL: SHOW COLUMNS FROM `room` [ RunTime:0.0050s ]
SQL: SHOW COLUMNS FROM `area` [ RunTime:0.0060s ]
SQL: SHOW COLUMNS FROM `house_imgs` [ RunTime:0.0050s ]
SQL: SELECT * FROM `house` WHERE ( `id` = 599810048 ) LIMIT 1   [ RunTime:0.0010s ]
SQL: SELECT `area` FROM `area` WHERE ( `areaid` = 510108 ) LIMIT 1   [ RunTime:0.0030s ]
SQL: SELECT * FROM `room` WHERE ( `house_id` = 599810048 AND `status` != -1 )  [ RunTime:0.0030s ]
SQL: SELECT * FROM `house_imgs` WHERE ( `house_id` = 599810048 )  [ RunTime:0.0010s ]
INFO: [ view_parse ] --START--
INFO: Run Behavior\ParseTemplateBehavior [ RunTime:0.228013s ]
INFO: [ view_parse ] --END-- [ RunTime:0.228013s ]
INFO: [ view_filter ] --START--
INFO: Run Behavior\WriteHtmlCacheBehavior [ RunTime:0.000000s ]
INFO: [ view_filter ] --END-- [ RunTime:0.000000s ]
INFO: [ app_end ] --START--
INFO: Run Behavior\ShowPageTraceBehavior [ RunTime:0.001000s ]
INFO: [ app_end ] --END-- [ RunTime:0.001000s ]

[ 2016-09-18T14:41:52+08:00 ] 127.0.0.1 /index/rent/detail/id/599810048
INFO: [ app_init ] --START--
INFO: Run Behavior\BuildLiteBehavior [ RunTime:0.000000s ]
INFO: [ app_init ] --END-- [ RunTime:0.001000s ]
INFO: [ app_begin ] --START--
INFO: Run Behavior\ReadHtmlCacheBehavior [ RunTime:0.001000s ]
INFO: [ app_begin ] --END-- [ RunTime:0.001000s ]
SQL: SHOW COLUMNS FROM `house` [ RunTime:0.0060s ]
SQL: SHOW COLUMNS FROM `room` [ RunTime:0.0050s ]
SQL: SHOW COLUMNS FROM `area` [ RunTime:0.0050s ]
SQL: SHOW COLUMNS FROM `house_imgs` [ RunTime:0.0040s ]
SQL: SELECT * FROM `house` WHERE ( `id` = 599810048 ) LIMIT 1   [ RunTime:0.0010s ]
SQL: SELECT `area` FROM `area` WHERE ( `areaid` = 510108 ) LIMIT 1   [ RunTime:0.0020s ]
SQL: SELECT * FROM `room` WHERE ( `house_id` = 599810048 AND `status` != -1 )  [ RunTime:0.0020s ]
SQL: SELECT * FROM `house_imgs` WHERE ( `house_id` = 599810048 )  [ RunTime:0.0020s ]
INFO: [ view_parse ] --START--
INFO: Run Behavior\ParseTemplateBehavior [ RunTime:0.225013s ]
INFO: [ view_parse ] --END-- [ RunTime:0.225013s ]
INFO: [ view_filter ] --START--
INFO: Run Behavior\WriteHtmlCacheBehavior [ RunTime:0.001000s ]
INFO: [ view_filter ] --END-- [ RunTime:0.001000s ]
INFO: [ app_end ] --START--
INFO: Run Behavior\ShowPageTraceBehavior [ RunTime:0.001000s ]
INFO: [ app_end ] --END-- [ RunTime:0.001000s ]

[ 2016-09-18T14:45:21+08:00 ] 127.0.0.1 /index/rent/detail/id/599810048
INFO: [ app_init ] --START--
INFO: Run Behavior\BuildLiteBehavior [ RunTime:0.000000s ]
INFO: [ app_init ] --END-- [ RunTime:0.001000s ]
INFO: [ app_begin ] --START--
INFO: Run Behavior\ReadHtmlCacheBehavior [ RunTime:0.001000s ]
INFO: [ app_begin ] --END-- [ RunTime:0.001000s ]
SQL: SHOW COLUMNS FROM `house` [ RunTime:0.0060s ]
SQL: SHOW COLUMNS FROM `room` [ RunTime:0.0040s ]
SQL: SHOW COLUMNS FROM `area` [ RunTime:0.0050s ]
SQL: SHOW COLUMNS FROM `house_imgs` [ RunTime:0.0040s ]
SQL: SELECT * FROM `house` WHERE ( `id` = 599810048 ) LIMIT 1   [ RunTime:0.0010s ]
SQL: SELECT `area` FROM `area` WHERE ( `areaid` = 510108 ) LIMIT 1   [ RunTime:0.0020s ]
SQL: SELECT * FROM `room` WHERE ( `house_id` = 599810048 AND `status` != -1 )  [ RunTime:0.0030s ]
SQL: SELECT * FROM `house_imgs` WHERE ( `house_id` = 599810048 )  [ RunTime:0.0020s ]
INFO: [ view_parse ] --START--
INFO: Run Behavior\ParseTemplateBehavior [ RunTime:0.017001s ]
INFO: [ view_parse ] --END-- [ RunTime:0.018002s ]
INFO: [ view_filter ] --START--
INFO: Run Behavior\WriteHtmlCacheBehavior [ RunTime:0.000000s ]
INFO: [ view_filter ] --END-- [ RunTime:0.000000s ]
INFO: [ app_end ] --START--
INFO: Run Behavior\ShowPageTraceBehavior [ RunTime:0.001000s ]
INFO: [ app_end ] --END-- [ RunTime:0.001000s ]

[ 2016-09-18T15:18:00+08:00 ] 127.0.0.1 /index/rent/detail/id/599810048
INFO: [ app_init ] --START--
INFO: Run Behavior\BuildLiteBehavior [ RunTime:0.000000s ]
INFO: [ app_init ] --END-- [ RunTime:0.001000s ]
INFO: [ app_begin ] --START--
INFO: Run Behavior\ReadHtmlCacheBehavior [ RunTime:0.001000s ]
INFO: [ app_begin ] --END-- [ RunTime:0.001000s ]
SQL: SHOW COLUMNS FROM `house` [ RunTime:0.0250s ]
SQL: SHOW COLUMNS FROM `room` [ RunTime:0.0050s ]
SQL: SHOW COLUMNS FROM `area` [ RunTime:0.0050s ]
SQL: SHOW COLUMNS FROM `house_imgs` [ RunTime:0.0050s ]
SQL: SELECT * FROM `house` WHERE ( `id` = 599810048 ) LIMIT 1   [ RunTime:0.0010s ]
SQL: SELECT `area` FROM `area` WHERE ( `areaid` = 510108 ) LIMIT 1   [ RunTime:0.0020s ]
SQL: SELECT * FROM `room` WHERE ( `house_id` = 599810048 AND `status` != -1 )  [ RunTime:0.0030s ]
SQL: SELECT * FROM `house_imgs` WHERE ( `house_id` = 599810048 )  [ RunTime:0.0020s ]
INFO: [ view_parse ] --START--
INFO: Run Behavior\ParseTemplateBehavior [ RunTime:0.240014s ]
INFO: [ view_parse ] --END-- [ RunTime:0.240014s ]
INFO: [ view_filter ] --START--
INFO: Run Behavior\WriteHtmlCacheBehavior [ RunTime:0.001000s ]
INFO: [ view_filter ] --END-- [ RunTime:0.001000s ]
INFO: [ app_end ] --START--
INFO: Run Behavior\ShowPageTraceBehavior [ RunTime:0.001000s ]
INFO: [ app_end ] --END-- [ RunTime:0.001000s ]

[ 2016-09-18T15:24:38+08:00 ] 127.0.0.1 /index/rent/detail/id/599810048
INFO: [ app_init ] --START--
INFO: Run Behavior\BuildLiteBehavior [ RunTime:0.000000s ]
INFO: [ app_init ] --END-- [ RunTime:0.001001s ]
INFO: [ app_begin ] --START--
INFO: Run Behavior\ReadHtmlCacheBehavior [ RunTime:0.000000s ]
INFO: [ app_begin ] --END-- [ RunTime:0.001000s ]
SQL: SHOW COLUMNS FROM `house` [ RunTime:0.0040s ]
SQL: SHOW COLUMNS FROM `room` [ RunTime:0.0040s ]
SQL: SHOW COLUMNS FROM `area` [ RunTime:0.0040s ]
SQL: SHOW COLUMNS FROM `house_imgs` [ RunTime:0.0040s ]
SQL: SELECT * FROM `house` WHERE ( `id` = 599810048 ) LIMIT 1   [ RunTime:0.0010s ]
SQL: SELECT `area` FROM `area` WHERE ( `areaid` = 510108 ) LIMIT 1   [ RunTime:0.0020s ]
SQL: SELECT * FROM `room` WHERE ( `house_id` = 599810048 AND `status` != -1 )  [ RunTime:0.0030s ]
SQL: SELECT * FROM `house_imgs` WHERE ( `house_id` = 599810048 )  [ RunTime:0.0010s ]
INFO: [ view_parse ] --START--
INFO: Run Behavior\ParseTemplateBehavior [ RunTime:0.228013s ]
INFO: [ view_parse ] --END-- [ RunTime:0.228013s ]
INFO: [ view_filter ] --START--
INFO: Run Behavior\WriteHtmlCacheBehavior [ RunTime:0.000000s ]
INFO: [ view_filter ] --END-- [ RunTime:0.000000s ]
INFO: [ app_end ] --START--
INFO: Run Behavior\ShowPageTraceBehavior [ RunTime:0.001001s ]
INFO: [ app_end ] --END-- [ RunTime:0.001001s ]

[ 2016-09-18T15:24:41+08:00 ] 127.0.0.1 /index/rent/detail/id/599810048
INFO: [ app_init ] --START--
INFO: Run Behavior\BuildLiteBehavior [ RunTime:0.000000s ]
INFO: [ app_init ] --END-- [ RunTime:0.001000s ]
INFO: [ app_begin ] --START--
INFO: Run Behavior\ReadHtmlCacheBehavior [ RunTime:0.001001s ]
INFO: [ app_begin ] --END-- [ RunTime:0.001001s ]
SQL: SHOW COLUMNS FROM `house` [ RunTime:0.0050s ]
SQL: SHOW COLUMNS FROM `room` [ RunTime:0.0050s ]
SQL: SHOW COLUMNS FROM `area` [ RunTime:0.0040s ]
SQL: SHOW COLUMNS FROM `house_imgs` [ RunTime:0.0040s ]
SQL: SELECT * FROM `house` WHERE ( `id` = 599810048 ) LIMIT 1   [ RunTime:0.0010s ]
SQL: SELECT `area` FROM `area` WHERE ( `areaid` = 510108 ) LIMIT 1   [ RunTime:0.0030s ]
SQL: SELECT * FROM `room` WHERE ( `house_id` = 599810048 AND `status` != -1 )  [ RunTime:0.0030s ]
SQL: SELECT * FROM `house_imgs` WHERE ( `house_id` = 599810048 )  [ RunTime:0.0010s ]
INFO: [ view_parse ] --START--
INFO: Run Behavior\ParseTemplateBehavior [ RunTime:0.013001s ]
INFO: [ view_parse ] --END-- [ RunTime:0.013001s ]
INFO: [ view_filter ] --START--
INFO: Run Behavior\WriteHtmlCacheBehavior [ RunTime:0.001000s ]
INFO: [ view_filter ] --END-- [ RunTime:0.001000s ]
INFO: [ app_end ] --START--
INFO: Run Behavior\ShowPageTraceBehavior [ RunTime:0.001000s ]
INFO: [ app_end ] --END-- [ RunTime:0.001000s ]

[ 2016-09-18T15:27:09+08:00 ] 127.0.0.1 /index/index/index
INFO: [ app_init ] --START--
INFO: Run Behavior\BuildLiteBehavior [ RunTime:0.000000s ]
INFO: [ app_init ] --END-- [ RunTime:0.001000s ]
INFO: [ app_begin ] --START--
INFO: Run Behavior\ReadHtmlCacheBehavior [ RunTime:0.001000s ]
INFO: [ app_begin ] --END-- [ RunTime:0.001000s ]
SQL: SHOW COLUMNS FROM `ad` [ RunTime:0.0070s ]
SQL: SELECT * FROM `ad` WHERE ( `status` = 1 AND `adspace_id` = 1 )  [ RunTime:0.0010s ]
SQL: SHOW COLUMNS FROM `house` [ RunTime:0.0040s ]
SQL: SHOW COLUMNS FROM `room` [ RunTime:0.0060s ]
SQL: SELECT `id`,`title`,`img`,`address` FROM `house` WHERE ( `status` = 1 ) ORDER BY `id` DESC LIMIT 9   [ RunTime:0.0130s ]
SQL: SELECT `price` FROM `room` WHERE ( `house_id` = 599810048 )  [ RunTime:0.0020s ]
SQL: SELECT `price` FROM `room` WHERE ( `house_id` = 599110032 )  [ RunTime:0.0020s ]
SQL: SELECT `price` FROM `room` WHERE ( `house_id` = 593410019 )  [ RunTime:0.0020s ]
SQL: SELECT `price` FROM `room` WHERE ( `house_id` = 593410010 )  [ RunTime:0.0010s ]
SQL: SELECT `price` FROM `room` WHERE ( `house_id` = 591210026 )  [ RunTime:0.0020s ]
SQL: SELECT `price` FROM `room` WHERE ( `house_id` = 589010029 )  [ RunTime:0.0010s ]
SQL: SELECT `price` FROM `room` WHERE ( `house_id` = 586310041 )  [ RunTime:0.0010s ]
SQL: SELECT `price` FROM `room` WHERE ( `house_id` = 582810009 )  [ RunTime:0.0010s ]
SQL: SELECT `price` FROM `room` WHERE ( `house_id` = 582110005 )  [ RunTime:0.0020s ]
INFO: [ view_parse ] --START--
INFO: Run Behavior\ParseTemplateBehavior [ RunTime:0.017001s ]
INFO: [ view_parse ] --END-- [ RunTime:0.017001s ]
INFO: [ view_filter ] --START--
INFO: Run Behavior\WriteHtmlCacheBehavior [ RunTime:0.001000s ]
INFO: [ view_filter ] --END-- [ RunTime:0.001000s ]
INFO: [ app_end ] --START--
INFO: Run Behavior\ShowPageTraceBehavior [ RunTime:0.001000s ]
INFO: [ app_end ] --END-- [ RunTime:0.001000s ]

[ 2016-09-18T15:27:13+08:00 ] 127.0.0.1 /index/rent/index
INFO: [ app_init ] --START--
INFO: Run Behavior\BuildLiteBehavior [ RunTime:0.000000s ]
INFO: [ app_init ] --END-- [ RunTime:0.001000s ]
INFO: [ app_begin ] --START--
INFO: Run Behavior\ReadHtmlCacheBehavior [ RunTime:0.001000s ]
INFO: [ app_begin ] --END-- [ RunTime:0.001000s ]
SQL: SHOW COLUMNS FROM `house` [ RunTime:0.0050s ]
SQL: SHOW COLUMNS FROM `room` [ RunTime:0.0050s ]
SQL: SELECT COUNT(*) AS tp_count FROM `house` WHERE ( `status` = 1 ) LIMIT 1   [ RunTime:0.0430s ]
SQL: SELECT * FROM `house` WHERE ( `status` = 1 ) ORDER BY `id` DESC LIMIT 0,9   [ RunTime:0.0230s ]
SQL: SELECT `price` FROM `room` WHERE ( `house_id` = 599810048 )  [ RunTime:0.0020s ]
SQL: SELECT `price` FROM `room` WHERE ( `house_id` = 599110032 )  [ RunTime:0.0020s ]
SQL: SELECT `price` FROM `room` WHERE ( `house_id` = 593410019 )  [ RunTime:0.0020s ]
SQL: SELECT `price` FROM `room` WHERE ( `house_id` = 593410010 )  [ RunTime:0.0020s ]
SQL: SELECT `price` FROM `room` WHERE ( `house_id` = 591210026 )  [ RunTime:0.0020s ]
SQL: SELECT `price` FROM `room` WHERE ( `house_id` = 589010029 )  [ RunTime:0.0020s ]
SQL: SELECT `price` FROM `room` WHERE ( `house_id` = 586310041 )  [ RunTime:0.0020s ]
SQL: SELECT `price` FROM `room` WHERE ( `house_id` = 582810009 )  [ RunTime:0.0020s ]
SQL: SELECT `price` FROM `room` WHERE ( `house_id` = 582110005 )  [ RunTime:0.0030s ]
SQL: SELECT * FROM `house` WHERE ( `status` = 1 ) ORDER BY `id` ASC LIMIT 6   [ RunTime:0.0020s ]
SQL: SELECT `price` FROM `room` WHERE ( `house_id` = 10002555 )  [ RunTime:0.0020s ]
SQL: SELECT `price` FROM `room` WHERE ( `house_id` = 10007788 )  [ RunTime:0.0020s ]
SQL: SELECT `price` FROM `room` WHERE ( `house_id` = 10009773 )  [ RunTime:0.0020s ]
SQL: SELECT `price` FROM `room` WHERE ( `house_id` = 10102697 )  [ RunTime:0.0010s ]
SQL: SELECT `price` FROM `room` WHERE ( `house_id` = 10105471 )  [ RunTime:0.0020s ]
SQL: SELECT `price` FROM `room` WHERE ( `house_id` = 10201439 )  [ RunTime:0.0020s ]
INFO: [ view_parse ] --START--
INFO: Run Behavior\ParseTemplateBehavior [ RunTime:0.095005s ]
INFO: [ view_parse ] --END-- [ RunTime:0.095005s ]
INFO: [ view_filter ] --START--
INFO: Run Behavior\WriteHtmlCacheBehavior [ RunTime:0.001000s ]
INFO: [ view_filter ] --END-- [ RunTime:0.001000s ]
INFO: [ app_end ] --START--
INFO: Run Behavior\ShowPageTraceBehavior [ RunTime:0.000000s ]
INFO: [ app_end ] --END-- [ RunTime:0.000000s ]

[ 2016-09-18T15:27:16+08:00 ] 127.0.0.1 /index/rent/detail/id/599810048
INFO: [ app_init ] --START--
INFO: Run Behavior\BuildLiteBehavior [ RunTime:0.000000s ]
INFO: [ app_init ] --END-- [ RunTime:0.000000s ]
INFO: [ app_begin ] --START--
INFO: Run Behavior\ReadHtmlCacheBehavior [ RunTime:0.000000s ]
INFO: [ app_begin ] --END-- [ RunTime:0.000000s ]
SQL: SHOW COLUMNS FROM `house` [ RunTime:0.0070s ]
SQL: SHOW COLUMNS FROM `room` [ RunTime:0.0060s ]
SQL: SHOW COLUMNS FROM `area` [ RunTime:0.0060s ]
SQL: SHOW COLUMNS FROM `house_imgs` [ RunTime:0.0060s ]
SQL: SELECT * FROM `house` WHERE ( `id` = 599810048 ) LIMIT 1   [ RunTime:0.0010s ]
SQL: SELECT `area` FROM `area` WHERE ( `areaid` = 510108 ) LIMIT 1   [ RunTime:0.0020s ]
SQL: SELECT * FROM `room` WHERE ( `house_id` = 599810048 AND `status` != -1 )  [ RunTime:0.0020s ]
SQL: SELECT * FROM `house_imgs` WHERE ( `house_id` = 599810048 )  [ RunTime:0.0010s ]
INFO: [ view_parse ] --START--
INFO: Run Behavior\ParseTemplateBehavior [ RunTime:0.011000s ]
INFO: [ view_parse ] --END-- [ RunTime:0.011000s ]
INFO: [ view_filter ] --START--
INFO: Run Behavior\WriteHtmlCacheBehavior [ RunTime:0.000000s ]
INFO: [ view_filter ] --END-- [ RunTime:0.000000s ]
INFO: [ app_end ] --START--
INFO: Run Behavior\ShowPageTraceBehavior [ RunTime:0.000000s ]
INFO: [ app_end ] --END-- [ RunTime:0.001000s ]

[ 2016-09-18T15:27:20+08:00 ] 127.0.0.1 /index/rent/detail/id/599810048
INFO: [ app_init ] --START--
INFO: Run Behavior\BuildLiteBehavior [ RunTime:0.000000s ]
INFO: [ app_init ] --END-- [ RunTime:0.001000s ]
INFO: [ app_begin ] --START--
INFO: Run Behavior\ReadHtmlCacheBehavior [ RunTime:0.000000s ]
INFO: [ app_begin ] --END-- [ RunTime:0.001000s ]
SQL: SHOW COLUMNS FROM `house` [ RunTime:0.0070s ]
SQL: SHOW COLUMNS FROM `room` [ RunTime:0.0060s ]
SQL: SHOW COLUMNS FROM `area` [ RunTime:0.0050s ]
SQL: SHOW COLUMNS FROM `house_imgs` [ RunTime:0.0050s ]
SQL: SELECT * FROM `house` WHERE ( `id` = 599810048 ) LIMIT 1   [ RunTime:0.0010s ]
SQL: SELECT `area` FROM `area` WHERE ( `areaid` = 510108 ) LIMIT 1   [ RunTime:0.0020s ]
SQL: SELECT * FROM `room` WHERE ( `house_id` = 599810048 AND `status` != -1 )  [ RunTime:0.0030s ]
SQL: SELECT * FROM `house_imgs` WHERE ( `house_id` = 599810048 )  [ RunTime:0.0010s ]
INFO: [ view_parse ] --START--
INFO: Run Behavior\ParseTemplateBehavior [ RunTime:0.009000s ]
INFO: [ view_parse ] --END-- [ RunTime:0.010000s ]
INFO: [ view_filter ] --START--
INFO: Run Behavior\WriteHtmlCacheBehavior [ RunTime:0.000000s ]
INFO: [ view_filter ] --END-- [ RunTime:0.000000s ]
INFO: [ app_end ] --START--
INFO: Run Behavior\ShowPageTraceBehavior [ RunTime:0.000000s ]
INFO: [ app_end ] --END-- [ RunTime:0.000000s ]

[ 2016-09-18T15:38:30+08:00 ] 127.0.0.1 /index/rent/index
INFO: [ app_init ] --START--
INFO: Run Behavior\BuildLiteBehavior [ RunTime:0.000000s ]
INFO: [ app_init ] --END-- [ RunTime:0.000000s ]
INFO: [ app_begin ] --START--
INFO: Run Behavior\ReadHtmlCacheBehavior [ RunTime:0.000000s ]
INFO: [ app_begin ] --END-- [ RunTime:0.001000s ]
SQL: SHOW COLUMNS FROM `house` [ RunTime:0.0040s ]
SQL: SHOW COLUMNS FROM `room` [ RunTime:0.0040s ]
SQL: SELECT COUNT(*) AS tp_count FROM `house` WHERE ( `status` = 1 ) LIMIT 1   [ RunTime:0.0010s ]
SQL: SELECT * FROM `house` WHERE ( `status` = 1 ) ORDER BY `id` DESC LIMIT 0,9   [ RunTime:0.0020s ]
SQL: SELECT `price` FROM `room` WHERE ( `house_id` = 599810048 )  [ RunTime:0.0010s ]
SQL: SELECT `price` FROM `room` WHERE ( `house_id` = 599110032 )  [ RunTime:0.0020s ]
SQL: SELECT `price` FROM `room` WHERE ( `house_id` = 593410019 )  [ RunTime:0.0010s ]
SQL: SELECT `price` FROM `room` WHERE ( `house_id` = 593410010 )  [ RunTime:0.0010s ]
SQL: SELECT `price` FROM `room` WHERE ( `house_id` = 591210026 )  [ RunTime:0.0020s ]
SQL: SELECT `price` FROM `room` WHERE ( `house_id` = 589010029 )  [ RunTime:0.0010s ]
SQL: SELECT `price` FROM `room` WHERE ( `house_id` = 586310041 )  [ RunTime:0.0010s ]
SQL: SELECT `price` FROM `room` WHERE ( `house_id` = 582810009 )  [ RunTime:0.0020s ]
SQL: SELECT `price` FROM `room` WHERE ( `house_id` = 582110005 )  [ RunTime:0.0010s ]
SQL: SELECT * FROM `house` WHERE ( `status` = 1 ) ORDER BY `id` ASC LIMIT 6   [ RunTime:0.0010s ]
SQL: SELECT `price` FROM `room` WHERE ( `house_id` = 10002555 )  [ RunTime:0.0190s ]
SQL: SELECT `price` FROM `room` WHERE ( `house_id` = 10007788 )  [ RunTime:0.0010s ]
SQL: SELECT `price` FROM `room` WHERE ( `house_id` = 10009773 )  [ RunTime:0.0010s ]
SQL: SELECT `price` FROM `room` WHERE ( `house_id` = 10102697 )  [ RunTime:0.0010s ]
SQL: SELECT `price` FROM `room` WHERE ( `house_id` = 10105471 )  [ RunTime:0.0010s ]
SQL: SELECT `price` FROM `room` WHERE ( `house_id` = 10201439 )  [ RunTime:0.0020s ]
INFO: [ view_parse ] --START--
INFO: Run Behavior\ParseTemplateBehavior [ RunTime:0.012000s ]
INFO: [ view_parse ] --END-- [ RunTime:0.012000s ]
INFO: [ view_filter ] --START--
INFO: Run Behavior\WriteHtmlCacheBehavior [ RunTime:0.000000s ]
INFO: [ view_filter ] --END-- [ RunTime:0.000000s ]
INFO: [ app_end ] --START--
INFO: Run Behavior\ShowPageTraceBehavior [ RunTime:0.000000s ]
INFO: [ app_end ] --END-- [ RunTime:0.000000s ]

