[ 2016-09-26T15:03:46+08:00 ] 127.0.0.1 /index
INFO: [ app_init ] --START--
INFO: Run Behavior\BuildLiteBehavior [ RunTime:0.000000s ]
INFO: [ app_init ] --END-- [ RunTime:0.020001s ]
INFO: [ app_begin ] --START--
INFO: Run Behavior\ReadHtmlCacheBehavior [ RunTime:0.001000s ]
INFO: [ app_begin ] --END-- [ RunTime:0.001000s ]
SQL: SHOW COLUMNS FROM `ad` [ RunTime:0.0360s ]
SQL: SELECT * FROM `ad` WHERE ( `status` = 1 AND `adspace_id` = 1 )  [ RunTime:0.0060s ]
SQL: SHOW COLUMNS FROM `house` [ RunTime:0.0030s ]
SQL: SHOW COLUMNS FROM `room` [ RunTime:0.0020s ]
SQL: SELECT `id`,`title`,`img`,`address` FROM `house` WHERE ( `status` = 1 ) ORDER BY `id` DESC LIMIT 9   [ RunTime:0.0720s ]
SQL: SELECT `price` FROM `room` WHERE ( `house_id` = 599810048 )  [ RunTime:0.0250s ]
SQL: SELECT `price` FROM `room` WHERE ( `house_id` = 599110032 )  [ RunTime:0.0030s ]
SQL: SELECT `price` FROM `room` WHERE ( `house_id` = 593410019 )  [ RunTime:0.0030s ]
SQL: SELECT `price` FROM `room` WHERE ( `house_id` = 593410010 )  [ RunTime:0.0030s ]
SQL: SELECT `price` FROM `room` WHERE ( `house_id` = 591210026 )  [ RunTime:0.0020s ]
SQL: SELECT `price` FROM `room` WHERE ( `house_id` = 589010029 )  [ RunTime:0.0020s ]
SQL: SELECT `price` FROM `room` WHERE ( `house_id` = 586310041 )  [ RunTime:0.0030s ]
SQL: SELECT `price` FROM `room` WHERE ( `house_id` = 582810009 )  [ RunTime:0.0020s ]
SQL: SELECT `price` FROM `room` WHERE ( `house_id` = 582110005 )  [ RunTime:0.0020s ]
INFO: [ view_parse ] --START--
INFO: Run Behavior\ParseTemplateBehavior [ RunTime:0.029002s ]
INFO: [ view_parse ] --END-- [ RunTime:0.029002s ]
INFO: [ view_filter ] --START--
INFO: Run Behavior\WriteHtmlCacheBehavior [ RunTime:0.001000s ]
INFO: [ view_filter ] --END-- [ RunTime:0.001000s ]
INFO: [ app_end ] --START--
INFO: Run Behavior\ShowPageTraceBehavior [ RunTime:0.001000s ]
INFO: [ app_end ] --END-- [ RunTime:0.001000s ]

[ 2016-09-26T15:03:48+08:00 ] 127.0.0.1 /index
INFO: [ app_init ] --START--
INFO: Run Behavior\BuildLiteBehavior [ RunTime:0.000000s ]
INFO: [ app_init ] --END-- [ RunTime:0.001000s ]
INFO: [ app_begin ] --START--
INFO: Run Behavior\ReadHtmlCacheBehavior [ RunTime:0.001000s ]
INFO: [ app_begin ] --END-- [ RunTime:0.001000s ]
SQL: SHOW COLUMNS FROM `ad` [ RunTime:0.0040s ]
SQL: SELECT * FROM `ad` WHERE ( `status` = 1 AND `adspace_id` = 1 )  [ RunTime:0.0010s ]
SQL: SHOW COLUMNS FROM `house` [ RunTime:0.0070s ]
SQL: SHOW COLUMNS FROM `room` [ RunTime:0.0040s ]
SQL: SELECT `id`,`title`,`img`,`address` FROM `house` WHERE ( `status` = 1 ) ORDER BY `id` DESC LIMIT 9   [ RunTime:0.0040s ]
SQL: SELECT `price` FROM `room` WHERE ( `house_id` = 599810048 )  [ RunTime:0.0020s ]
SQL: SELECT `price` FROM `room` WHERE ( `house_id` = 599110032 )  [ RunTime:0.0030s ]
SQL: SELECT `price` FROM `room` WHERE ( `house_id` = 593410019 )  [ RunTime:0.0020s ]
SQL: SELECT `price` FROM `room` WHERE ( `house_id` = 593410010 )  [ RunTime:0.0020s ]
SQL: SELECT `price` FROM `room` WHERE ( `house_id` = 591210026 )  [ RunTime:0.0010s ]
SQL: SELECT `price` FROM `room` WHERE ( `house_id` = 589010029 )  [ RunTime:0.0010s ]
SQL: SELECT `price` FROM `room` WHERE ( `house_id` = 586310041 )  [ RunTime:0.0020s ]
SQL: SELECT `price` FROM `room` WHERE ( `house_id` = 582810009 )  [ RunTime:0.0010s ]
SQL: SELECT `price` FROM `room` WHERE ( `house_id` = 582110005 )  [ RunTime:0.0010s ]
INFO: [ view_parse ] --START--
INFO: Run Behavior\ParseTemplateBehavior [ RunTime:0.006000s ]
INFO: [ view_parse ] --END-- [ RunTime:0.007000s ]
INFO: [ view_filter ] --START--
INFO: Run Behavior\WriteHtmlCacheBehavior [ RunTime:0.000000s ]
INFO: [ view_filter ] --END-- [ RunTime:0.000000s ]
INFO: [ app_end ] --START--
INFO: Run Behavior\ShowPageTraceBehavior [ RunTime:0.000000s ]
INFO: [ app_end ] --END-- [ RunTime:0.001000s ]

