[ 2016-09-12T10:23:31+08:00 ] 127.0.0.1 /index/index/index
INFO: [ app_init ] --START--
INFO: Run Behavior\BuildLiteBehavior [ RunTime:0.000000s ]
INFO: [ app_init ] --END-- [ RunTime:0.001000s ]
INFO: [ app_begin ] --START--
INFO: Run Behavior\ReadHtmlCacheBehavior [ RunTime:0.000000s ]
INFO: [ app_begin ] --END-- [ RunTime:0.001000s ]
SQL: SHOW COLUMNS FROM `ad` [ RunTime:0.0100s ]
SQL: SELECT * FROM `ad` WHERE ( `status` = 1 AND `adspace_id` = 1 )  [ RunTime:0.0000s ]
SQL: SHOW COLUMNS FROM `house` [ RunTime:0.0090s ]
SQL: SHOW COLUMNS FROM `room` [ RunTime:0.0090s ]
SQL: SELECT `id`,`title`,`img`,`address` FROM `house` WHERE ( `status` = 1 ) ORDER BY `id` DESC LIMIT 9   [ RunTime:0.0060s ]
SQL: SELECT `price` FROM `room` WHERE ( `house_id` = 599810048 )  [ RunTime:0.0280s ]
SQL: SELECT `price` FROM `room` WHERE ( `house_id` = 599110032 )  [ RunTime:0.0010s ]
SQL: SELECT `price` FROM `room` WHERE ( `house_id` = 593410019 )  [ RunTime:0.0020s ]
SQL: SELECT `price` FROM `room` WHERE ( `house_id` = 593410010 )  [ RunTime:0.0010s ]
SQL: SELECT `price` FROM `room` WHERE ( `house_id` = 591210026 )  [ RunTime:0.0020s ]
SQL: SELECT `price` FROM `room` WHERE ( `house_id` = 589010029 )  [ RunTime:0.0020s ]
SQL: SELECT `price` FROM `room` WHERE ( `house_id` = 586310041 )  [ RunTime:0.0020s ]
SQL: SELECT `price` FROM `room` WHERE ( `house_id` = 582810009 )  [ RunTime:0.0010s ]
SQL: SELECT `price` FROM `room` WHERE ( `house_id` = 582110005 )  [ RunTime:0.0010s ]
INFO: [ view_parse ] --START--
ERR: Syntax Error in template "./Application/Index/View\Index\index.html"  on line 43 "&lt;a href=&quot;/index/rent/detail/id/{{$$val.id}}&quot; target=&quot;_blank&quot;&gt;"  - Unexpected "$", expected one of: "{" , "identifier"

[ 2016-09-12T10:24:16+08:00 ] 127.0.0.1 /index/index/index
INFO: [ app_init ] --START--
INFO: Run Behavior\BuildLiteBehavior [ RunTime:0.000000s ]
INFO: [ app_init ] --END-- [ RunTime:0.001000s ]
INFO: [ app_begin ] --START--
INFO: Run Behavior\ReadHtmlCacheBehavior [ RunTime:0.001000s ]
INFO: [ app_begin ] --END-- [ RunTime:0.001000s ]
SQL: SHOW COLUMNS FROM `ad` [ RunTime:0.0090s ]
SQL: SELECT * FROM `ad` WHERE ( `status` = 1 AND `adspace_id` = 1 )  [ RunTime:0.0000s ]
SQL: SHOW COLUMNS FROM `house` [ RunTime:0.0080s ]
SQL: SHOW COLUMNS FROM `room` [ RunTime:0.0080s ]
SQL: SELECT `id`,`title`,`img`,`address` FROM `house` WHERE ( `status` = 1 ) ORDER BY `id` DESC LIMIT 9   [ RunTime:0.0070s ]
SQL: SELECT `price` FROM `room` WHERE ( `house_id` = 599810048 )  [ RunTime:0.0030s ]
SQL: SELECT `price` FROM `room` WHERE ( `house_id` = 599110032 )  [ RunTime:0.0030s ]
SQL: SELECT `price` FROM `room` WHERE ( `house_id` = 593410019 )  [ RunTime:0.0020s ]
SQL: SELECT `price` FROM `room` WHERE ( `house_id` = 593410010 )  [ RunTime:0.0010s ]
SQL: SELECT `price` FROM `room` WHERE ( `house_id` = 591210026 )  [ RunTime:0.0020s ]
SQL: SELECT `price` FROM `room` WHERE ( `house_id` = 589010029 )  [ RunTime:0.0010s ]
SQL: SELECT `price` FROM `room` WHERE ( `house_id` = 586310041 )  [ RunTime:0.0010s ]
SQL: SELECT `price` FROM `room` WHERE ( `house_id` = 582810009 )  [ RunTime:0.0010s ]
SQL: SELECT `price` FROM `room` WHERE ( `house_id` = 582110005 )  [ RunTime:0.0010s ]
INFO: [ view_parse ] --START--
INFO: Run Behavior\ParseTemplateBehavior [ RunTime:0.160009s ]
INFO: [ view_parse ] --END-- [ RunTime:0.160009s ]
INFO: [ view_filter ] --START--
INFO: Run Behavior\WriteHtmlCacheBehavior [ RunTime:0.002001s ]
INFO: [ view_filter ] --END-- [ RunTime:0.002001s ]
INFO: [ app_end ] --START--
INFO: Run Behavior\ShowPageTraceBehavior [ RunTime:0.001000s ]
INFO: [ app_end ] --END-- [ RunTime:0.001000s ]

[ 2016-09-12T10:24:20+08:00 ] 127.0.0.1 /index/rent/detail/id/599810048
INFO: [ app_init ] --START--
INFO: Run Behavior\BuildLiteBehavior [ RunTime:0.000000s ]
INFO: [ app_init ] --END-- [ RunTime:0.000000s ]
INFO: [ app_begin ] --START--
INFO: Run Behavior\ReadHtmlCacheBehavior [ RunTime:0.001000s ]
INFO: [ app_begin ] --END-- [ RunTime:0.001000s ]
SQL: SHOW COLUMNS FROM `house` [ RunTime:0.0090s ]
SQL: SHOW COLUMNS FROM `room` [ RunTime:0.0080s ]
SQL: SHOW COLUMNS FROM `house_imgs` [ RunTime:0.0080s ]
SQL: SELECT * FROM `house` WHERE ( `id` = 599810048 ) LIMIT 1   [ RunTime:0.0010s ]
SQL: SELECT * FROM `room` WHERE ( `house_id` = 599810048 AND `status` != -1 )  [ RunTime:0.0200s ]
NOTIC: [8] Undefined index: area_id F:\tsewell\Application\Index\Controller\RentController.class.php 第 66 行.
ERR: 1064:You have an error in your SQL syntax; check the manual that corresponds to your MySQL server version for the right syntax to use near 'AND `status` = 1 ) ORDER BY `id` DESC LIMIT 3' at line 1
 [ SQL语句 ] : SELECT * FROM `house` WHERE ( `area_id` =  AND `status` = 1 ) ORDER BY `id` DESC LIMIT 3  
ERR: 1064:You have an error in your SQL syntax; check the manual that corresponds to your MySQL server version for the right syntax to use near 'AND `status` = 1 ) ORDER BY `id` DESC LIMIT 3' at line 1
 [ SQL语句 ] : SELECT * FROM `house` WHERE ( `area_id` =  AND `status` = 1 ) ORDER BY `id` DESC LIMIT 3  

[ 2016-09-12T10:24:55+08:00 ] 127.0.0.1 /index/rent/detail/id/599810048
INFO: [ app_init ] --START--
INFO: Run Behavior\BuildLiteBehavior [ RunTime:0.000000s ]
INFO: [ app_init ] --END-- [ RunTime:0.000000s ]
INFO: [ app_begin ] --START--
INFO: Run Behavior\ReadHtmlCacheBehavior [ RunTime:0.001000s ]
INFO: [ app_begin ] --END-- [ RunTime:0.001000s ]
SQL: SHOW COLUMNS FROM `house` [ RunTime:0.0100s ]
SQL: SHOW COLUMNS FROM `room` [ RunTime:0.0100s ]
SQL: SHOW COLUMNS FROM `house_imgs` [ RunTime:0.0080s ]
SQL: SELECT * FROM `house` WHERE ( `id` = 599810048 ) LIMIT 1   [ RunTime:0.0010s ]
SQL: SELECT * FROM `room` WHERE ( `house_id` = 599810048 AND `status` != -1 )  [ RunTime:0.0020s ]
SQL: SELECT * FROM `house` WHERE ( `area_id` = 510108 AND `status` = 1 ) ORDER BY `id` DESC LIMIT 3   [ RunTime:0.0010s ]
SQL: SELECT * FROM `house` WHERE ( `area_id` = 510108 AND `status` = 1 ) ORDER BY `id` ASC LIMIT 3   [ RunTime:0.0010s ]
INFO: [ view_parse ] --START--
INFO: Run Behavior\ParseTemplateBehavior [ RunTime:0.034002s ]
INFO: [ view_parse ] --END-- [ RunTime:0.034002s ]
INFO: [ view_filter ] --START--
INFO: Run Behavior\WriteHtmlCacheBehavior [ RunTime:0.000000s ]
INFO: [ view_filter ] --END-- [ RunTime:0.000000s ]
INFO: [ app_end ] --START--
INFO: Run Behavior\ShowPageTraceBehavior [ RunTime:0.001000s ]
INFO: [ app_end ] --END-- [ RunTime:0.001000s ]

[ 2016-09-12T10:29:29+08:00 ] 127.0.0.1 /index/rent/detail/id/599810048
INFO: [ app_init ] --START--
INFO: Run Behavior\BuildLiteBehavior [ RunTime:0.000000s ]
INFO: [ app_init ] --END-- [ RunTime:0.001000s ]
INFO: [ app_begin ] --START--
INFO: Run Behavior\ReadHtmlCacheBehavior [ RunTime:0.001000s ]
INFO: [ app_begin ] --END-- [ RunTime:0.001000s ]
SQL: SHOW COLUMNS FROM `house` [ RunTime:0.0070s ]
SQL: SHOW COLUMNS FROM `room` [ RunTime:0.0060s ]
SQL: SHOW COLUMNS FROM `house_imgs` [ RunTime:0.0060s ]
SQL: SELECT * FROM `house` WHERE ( `id` = 599810048 ) LIMIT 1   [ RunTime:0.0010s ]
SQL: SELECT * FROM `room` WHERE ( `house_id` = 599810048 AND `status` != -1 )  [ RunTime:0.0040s ]
SQL: SELECT * FROM `house` WHERE ( `area_id` = 510108 AND `status` = 1 ) ORDER BY `id` DESC LIMIT 3   [ RunTime:0.0010s ]
SQL: SELECT * FROM `house` WHERE ( `area_id` = 510108 AND `status` = 1 ) ORDER BY `id` ASC LIMIT 3   [ RunTime:0.0010s ]
INFO: [ view_parse ] --START--
INFO: Run Behavior\ParseTemplateBehavior [ RunTime:0.191011s ]
INFO: [ view_parse ] --END-- [ RunTime:0.192011s ]
INFO: [ view_filter ] --START--
INFO: Run Behavior\WriteHtmlCacheBehavior [ RunTime:0.000000s ]
INFO: [ view_filter ] --END-- [ RunTime:0.000000s ]
INFO: [ app_end ] --START--
INFO: Run Behavior\ShowPageTraceBehavior [ RunTime:0.001001s ]
INFO: [ app_end ] --END-- [ RunTime:0.001001s ]

[ 2016-09-12T10:29:44+08:00 ] 127.0.0.1 /index/rent/detail/id/599810048
INFO: [ app_init ] --START--
INFO: Run Behavior\BuildLiteBehavior [ RunTime:0.000000s ]
INFO: [ app_init ] --END-- [ RunTime:0.000000s ]
INFO: [ app_begin ] --START--
INFO: Run Behavior\ReadHtmlCacheBehavior [ RunTime:0.001000s ]
INFO: [ app_begin ] --END-- [ RunTime:0.001000s ]
SQL: SHOW COLUMNS FROM `house` [ RunTime:0.0100s ]
SQL: SHOW COLUMNS FROM `room` [ RunTime:0.0080s ]
SQL: SHOW COLUMNS FROM `house_imgs` [ RunTime:0.0050s ]
SQL: SELECT * FROM `house` WHERE ( `id` = 599810048 ) LIMIT 1   [ RunTime:0.0010s ]
SQL: SELECT * FROM `room` WHERE ( `house_id` = 599810048 AND `status` != -1 )  [ RunTime:0.0030s ]
SQL: SELECT * FROM `house` WHERE ( `area_id` = 510108 AND `status` = 1 ) ORDER BY `id` DESC LIMIT 3   [ RunTime:0.0010s ]
SQL: SELECT * FROM `house` WHERE ( `area_id` = 510108 AND `status` = 1 ) ORDER BY `id` ASC LIMIT 3   [ RunTime:0.0010s ]
INFO: [ view_parse ] --START--
INFO: Run Behavior\ParseTemplateBehavior [ RunTime:0.015001s ]
INFO: [ view_parse ] --END-- [ RunTime:0.015001s ]
INFO: [ view_filter ] --START--
INFO: Run Behavior\WriteHtmlCacheBehavior [ RunTime:0.001000s ]
INFO: [ view_filter ] --END-- [ RunTime:0.001000s ]
INFO: [ app_end ] --START--
INFO: Run Behavior\ShowPageTraceBehavior [ RunTime:0.001000s ]
INFO: [ app_end ] --END-- [ RunTime:0.001000s ]

[ 2016-09-12T10:30:00+08:00 ] 127.0.0.1 /index/rent/detail/id/599810048
INFO: [ app_init ] --START--
INFO: Run Behavior\BuildLiteBehavior [ RunTime:0.000000s ]
INFO: [ app_init ] --END-- [ RunTime:0.000000s ]
INFO: [ app_begin ] --START--
INFO: Run Behavior\ReadHtmlCacheBehavior [ RunTime:0.000000s ]
INFO: [ app_begin ] --END-- [ RunTime:0.001000s ]
SQL: SHOW COLUMNS FROM `house` [ RunTime:0.0060s ]
SQL: SHOW COLUMNS FROM `room` [ RunTime:0.0050s ]
SQL: SHOW COLUMNS FROM `house_imgs` [ RunTime:0.0040s ]
SQL: SELECT * FROM `house` WHERE ( `id` = 599810048 ) LIMIT 1   [ RunTime:0.0000s ]
SQL: SELECT * FROM `room` WHERE ( `house_id` = 599810048 AND `status` != -1 )  [ RunTime:0.0020s ]
SQL: SELECT * FROM `house` WHERE ( `area_id` = 510108 AND `status` = 1 ) ORDER BY `id` DESC LIMIT 3   [ RunTime:0.0010s ]
SQL: SELECT * FROM `house` WHERE ( `area_id` = 510108 AND `status` = 1 ) ORDER BY `id` ASC LIMIT 3   [ RunTime:0.0020s ]
INFO: [ view_parse ] --START--
INFO: Run Behavior\ParseTemplateBehavior [ RunTime:0.012001s ]
INFO: [ view_parse ] --END-- [ RunTime:0.012001s ]
INFO: [ view_filter ] --START--
INFO: Run Behavior\WriteHtmlCacheBehavior [ RunTime:0.000000s ]
INFO: [ view_filter ] --END-- [ RunTime:0.000000s ]
INFO: [ app_end ] --START--
INFO: Run Behavior\ShowPageTraceBehavior [ RunTime:0.000000s ]
INFO: [ app_end ] --END-- [ RunTime:0.000000s ]

[ 2016-09-12T10:30:19+08:00 ] 127.0.0.1 /index/rent/detail/id/599810048
INFO: [ app_init ] --START--
INFO: Run Behavior\BuildLiteBehavior [ RunTime:0.000000s ]
INFO: [ app_init ] --END-- [ RunTime:0.000000s ]
INFO: [ app_begin ] --START--
INFO: Run Behavior\ReadHtmlCacheBehavior [ RunTime:0.001000s ]
INFO: [ app_begin ] --END-- [ RunTime:0.001000s ]
SQL: SHOW COLUMNS FROM `house` [ RunTime:0.0100s ]
SQL: SHOW COLUMNS FROM `room` [ RunTime:0.0080s ]
SQL: SHOW COLUMNS FROM `house_imgs` [ RunTime:0.0060s ]
SQL: SELECT * FROM `house` WHERE ( `id` = 599810048 ) LIMIT 1   [ RunTime:0.0010s ]
SQL: SELECT * FROM `room` WHERE ( `house_id` = 599810048 AND `status` != -1 )  [ RunTime:0.0030s ]
SQL: SELECT * FROM `house` WHERE ( `area_id` = 510108 AND `status` = 1 ) ORDER BY `id` DESC LIMIT 3   [ RunTime:0.0020s ]
SQL: SELECT * FROM `house` WHERE ( `area_id` = 510108 AND `status` = 1 ) ORDER BY `id` ASC LIMIT 3   [ RunTime:0.0010s ]
INFO: [ view_parse ] --START--
INFO: Run Behavior\ParseTemplateBehavior [ RunTime:0.010001s ]
INFO: [ view_parse ] --END-- [ RunTime:0.011001s ]
INFO: [ view_filter ] --START--
INFO: Run Behavior\WriteHtmlCacheBehavior [ RunTime:0.000000s ]
INFO: [ view_filter ] --END-- [ RunTime:0.000000s ]
INFO: [ app_end ] --START--
INFO: Run Behavior\ShowPageTraceBehavior [ RunTime:0.001000s ]
INFO: [ app_end ] --END-- [ RunTime:0.001000s ]

[ 2016-09-12T10:31:36+08:00 ] 127.0.0.1 /index/rent/detail/id/599810048
INFO: [ app_init ] --START--
INFO: Run Behavior\BuildLiteBehavior [ RunTime:0.000000s ]
INFO: [ app_init ] --END-- [ RunTime:0.000000s ]
INFO: [ app_begin ] --START--
INFO: Run Behavior\ReadHtmlCacheBehavior [ RunTime:0.001000s ]
INFO: [ app_begin ] --END-- [ RunTime:0.001000s ]
SQL: SHOW COLUMNS FROM `house` [ RunTime:0.0080s ]
SQL: SHOW COLUMNS FROM `room` [ RunTime:0.0080s ]
SQL: SHOW COLUMNS FROM `house_imgs` [ RunTime:0.0060s ]
SQL: SELECT * FROM `house` WHERE ( `id` = 599810048 ) LIMIT 1   [ RunTime:0.0010s ]
SQL: SELECT * FROM `room` WHERE ( `house_id` = 599810048 AND `status` != -1 )  [ RunTime:0.0030s ]
SQL: SELECT * FROM `house` WHERE ( `area_id` = 510108 AND `status` = 1 ) ORDER BY `id` DESC LIMIT 3   [ RunTime:0.0010s ]
SQL: SELECT * FROM `house` WHERE ( `area_id` = 510108 AND `status` = 1 ) ORDER BY `id` ASC LIMIT 3   [ RunTime:0.0000s ]
INFO: [ view_parse ] --START--
INFO: Run Behavior\ParseTemplateBehavior [ RunTime:0.187011s ]
INFO: [ view_parse ] --END-- [ RunTime:0.187011s ]
INFO: [ view_filter ] --START--
INFO: Run Behavior\WriteHtmlCacheBehavior [ RunTime:0.000000s ]
INFO: [ view_filter ] --END-- [ RunTime:0.000000s ]
INFO: [ app_end ] --START--
INFO: Run Behavior\ShowPageTraceBehavior [ RunTime:0.000000s ]
INFO: [ app_end ] --END-- [ RunTime:0.000000s ]

[ 2016-09-12T10:35:31+08:00 ] 127.0.0.1 /index/rent/detail/id/599810048
INFO: [ app_init ] --START--
INFO: Run Behavior\BuildLiteBehavior [ RunTime:0.000000s ]
INFO: [ app_init ] --END-- [ RunTime:0.000000s ]
INFO: [ app_begin ] --START--
INFO: Run Behavior\ReadHtmlCacheBehavior [ RunTime:0.001000s ]
INFO: [ app_begin ] --END-- [ RunTime:0.001000s ]
SQL: SHOW COLUMNS FROM `house` [ RunTime:0.0050s ]
SQL: SHOW COLUMNS FROM `room` [ RunTime:0.0040s ]
SQL: SHOW COLUMNS FROM `house_imgs` [ RunTime:0.0040s ]
SQL: SELECT * FROM `house` WHERE ( `id` = 599810048 ) LIMIT 1   [ RunTime:0.0010s ]
SQL: SELECT * FROM `room` WHERE ( `house_id` = 599810048 AND `status` != -1 )  [ RunTime:0.0020s ]
SQL: SELECT * FROM `house` WHERE ( `area_id` = 510108 AND `status` = 1 ) ORDER BY `id` DESC LIMIT 3   [ RunTime:0.0010s ]
SQL: SELECT * FROM `house` WHERE ( `area_id` = 510108 AND `status` = 1 ) ORDER BY `id` ASC LIMIT 3   [ RunTime:0.0010s ]
INFO: [ view_parse ] --START--
ERR: Syntax Error in template "./Application/Index/View\Rent\detail.html"  on line 1106 "" unclosed {foreach} tag

[ 2016-09-12T10:35:48+08:00 ] 127.0.0.1 /index/rent/detail/id/599810048
INFO: [ app_init ] --START--
INFO: Run Behavior\BuildLiteBehavior [ RunTime:0.000000s ]
INFO: [ app_init ] --END-- [ RunTime:0.000000s ]
INFO: [ app_begin ] --START--
INFO: Run Behavior\ReadHtmlCacheBehavior [ RunTime:0.001000s ]
INFO: [ app_begin ] --END-- [ RunTime:0.001000s ]
SQL: SHOW COLUMNS FROM `house` [ RunTime:0.0090s ]
SQL: SHOW COLUMNS FROM `room` [ RunTime:0.0080s ]
SQL: SHOW COLUMNS FROM `house_imgs` [ RunTime:0.0080s ]
SQL: SELECT * FROM `house` WHERE ( `id` = 599810048 ) LIMIT 1   [ RunTime:0.0010s ]
SQL: SELECT * FROM `room` WHERE ( `house_id` = 599810048 AND `status` != -1 )  [ RunTime:0.0050s ]
SQL: SELECT * FROM `house` WHERE ( `area_id` = 510108 AND `status` = 1 ) ORDER BY `id` DESC LIMIT 3   [ RunTime:0.0020s ]
SQL: SELECT * FROM `house` WHERE ( `area_id` = 510108 AND `status` = 1 ) ORDER BY `id` ASC LIMIT 3   [ RunTime:0.0020s ]
INFO: [ view_parse ] --START--
INFO: Run Behavior\ParseTemplateBehavior [ RunTime:0.181011s ]
INFO: [ view_parse ] --END-- [ RunTime:0.181011s ]
INFO: [ view_filter ] --START--
INFO: Run Behavior\WriteHtmlCacheBehavior [ RunTime:0.000000s ]
INFO: [ view_filter ] --END-- [ RunTime:0.000000s ]
INFO: [ app_end ] --START--
INFO: Run Behavior\ShowPageTraceBehavior [ RunTime:0.001000s ]
INFO: [ app_end ] --END-- [ RunTime:0.001000s ]

[ 2016-09-12T10:36:14+08:00 ] 127.0.0.1 /index/rent/detail/id/599810048
INFO: [ app_init ] --START--
INFO: Run Behavior\BuildLiteBehavior [ RunTime:0.000000s ]
INFO: [ app_init ] --END-- [ RunTime:0.001000s ]
INFO: [ app_begin ] --START--
INFO: Run Behavior\ReadHtmlCacheBehavior [ RunTime:0.001000s ]
INFO: [ app_begin ] --END-- [ RunTime:0.001000s ]
SQL: SHOW COLUMNS FROM `house` [ RunTime:0.0070s ]
SQL: SHOW COLUMNS FROM `room` [ RunTime:0.0060s ]
SQL: SHOW COLUMNS FROM `house_imgs` [ RunTime:0.0060s ]
SQL: SELECT * FROM `house` WHERE ( `id` = 599810048 ) LIMIT 1   [ RunTime:0.0010s ]
SQL: SELECT * FROM `room` WHERE ( `house_id` = 599810048 AND `status` != -1 )  [ RunTime:0.0030s ]
SQL: SELECT * FROM `house` WHERE ( `area_id` = 510108 AND `status` = 1 ) ORDER BY `id` DESC LIMIT 3   [ RunTime:0.0020s ]
SQL: SELECT * FROM `house` WHERE ( `area_id` = 510108 AND `status` = 1 ) ORDER BY `id` ASC LIMIT 3   [ RunTime:0.0010s ]
INFO: [ view_parse ] --START--
INFO: Run Behavior\ParseTemplateBehavior [ RunTime:0.199011s ]
INFO: [ view_parse ] --END-- [ RunTime:0.199011s ]
INFO: [ view_filter ] --START--
INFO: Run Behavior\WriteHtmlCacheBehavior [ RunTime:0.001000s ]
INFO: [ view_filter ] --END-- [ RunTime:0.001000s ]
INFO: [ app_end ] --START--
INFO: Run Behavior\ShowPageTraceBehavior [ RunTime:0.001000s ]
INFO: [ app_end ] --END-- [ RunTime:0.001000s ]

[ 2016-09-12T10:37:10+08:00 ] 127.0.0.1 /index/rent/detail/id/599810048
INFO: [ app_init ] --START--
INFO: Run Behavior\BuildLiteBehavior [ RunTime:0.000000s ]
INFO: [ app_init ] --END-- [ RunTime:0.003001s ]
INFO: [ app_begin ] --START--
INFO: Run Behavior\ReadHtmlCacheBehavior [ RunTime:0.001000s ]
INFO: [ app_begin ] --END-- [ RunTime:0.001000s ]
SQL: SHOW COLUMNS FROM `house` [ RunTime:0.0070s ]
SQL: SHOW COLUMNS FROM `room` [ RunTime:0.0060s ]
SQL: SHOW COLUMNS FROM `house_imgs` [ RunTime:0.0060s ]
SQL: SELECT * FROM `house` WHERE ( `id` = 599810048 ) LIMIT 1   [ RunTime:0.0010s ]
SQL: SELECT * FROM `room` WHERE ( `house_id` = 599810048 AND `status` != -1 )  [ RunTime:0.0040s ]
SQL: SELECT * FROM `house` WHERE ( `area_id` = 510108 AND `status` = 1 ) ORDER BY `id` DESC LIMIT 3   [ RunTime:0.0020s ]
SQL: SELECT * FROM `house` WHERE ( `area_id` = 510108 AND `status` = 1 ) ORDER BY `id` ASC LIMIT 3   [ RunTime:0.0010s ]
INFO: [ view_parse ] --START--
INFO: Run Behavior\ParseTemplateBehavior [ RunTime:0.183011s ]
INFO: [ view_parse ] --END-- [ RunTime:0.183011s ]
INFO: [ view_filter ] --START--
INFO: Run Behavior\WriteHtmlCacheBehavior [ RunTime:0.001000s ]
INFO: [ view_filter ] --END-- [ RunTime:0.001000s ]
INFO: [ app_end ] --START--
INFO: Run Behavior\ShowPageTraceBehavior [ RunTime:0.001000s ]
INFO: [ app_end ] --END-- [ RunTime:0.001000s ]

[ 2016-09-12T10:37:56+08:00 ] 127.0.0.1 /index/rent/detail/id/599810048
INFO: [ app_init ] --START--
INFO: Run Behavior\BuildLiteBehavior [ RunTime:0.000000s ]
INFO: [ app_init ] --END-- [ RunTime:0.000000s ]
INFO: [ app_begin ] --START--
INFO: Run Behavior\ReadHtmlCacheBehavior [ RunTime:0.000000s ]
INFO: [ app_begin ] --END-- [ RunTime:0.002000s ]
SQL: SHOW COLUMNS FROM `house` [ RunTime:0.0050s ]
SQL: SHOW COLUMNS FROM `room` [ RunTime:0.0050s ]
SQL: SHOW COLUMNS FROM `house_imgs` [ RunTime:0.0040s ]
SQL: SELECT * FROM `house` WHERE ( `id` = 599810048 ) LIMIT 1   [ RunTime:0.0000s ]
SQL: SELECT * FROM `room` WHERE ( `house_id` = 599810048 AND `status` != -1 )  [ RunTime:0.0030s ]
SQL: SELECT * FROM `house` WHERE ( `area_id` = 510108 AND `status` = 1 ) ORDER BY `id` DESC LIMIT 3   [ RunTime:0.0010s ]
SQL: SELECT * FROM `house` WHERE ( `area_id` = 510108 AND `status` = 1 ) ORDER BY `id` ASC LIMIT 3   [ RunTime:0.0010s ]
INFO: [ view_parse ] --START--
INFO: Run Behavior\ParseTemplateBehavior [ RunTime:0.187011s ]
INFO: [ view_parse ] --END-- [ RunTime:0.187011s ]
INFO: [ view_filter ] --START--
INFO: Run Behavior\WriteHtmlCacheBehavior [ RunTime:0.001000s ]
INFO: [ view_filter ] --END-- [ RunTime:0.001000s ]
INFO: [ app_end ] --START--
INFO: Run Behavior\ShowPageTraceBehavior [ RunTime:0.001000s ]
INFO: [ app_end ] --END-- [ RunTime:0.001000s ]

[ 2016-09-12T10:38:30+08:00 ] 127.0.0.1 /index/rent/detail/id/599810048
INFO: [ app_init ] --START--
INFO: Run Behavior\BuildLiteBehavior [ RunTime:0.000000s ]
INFO: [ app_init ] --END-- [ RunTime:0.001000s ]
INFO: [ app_begin ] --START--
INFO: Run Behavior\ReadHtmlCacheBehavior [ RunTime:0.001000s ]
INFO: [ app_begin ] --END-- [ RunTime:0.001000s ]
SQL: SHOW COLUMNS FROM `house` [ RunTime:0.0100s ]
SQL: SHOW COLUMNS FROM `room` [ RunTime:0.0100s ]
SQL: SHOW COLUMNS FROM `house_imgs` [ RunTime:0.0070s ]
SQL: SELECT * FROM `house` WHERE ( `id` = 599810048 ) LIMIT 1   [ RunTime:0.0010s ]
SQL: SELECT * FROM `room` WHERE ( `house_id` = 599810048 AND `status` != -1 )  [ RunTime:0.0030s ]
SQL: SELECT * FROM `house` WHERE ( `area_id` = 510108 AND `status` = 1 ) ORDER BY `id` DESC LIMIT 3   [ RunTime:0.0010s ]
SQL: SELECT * FROM `house` WHERE ( `area_id` = 510108 AND `status` = 1 ) ORDER BY `id` ASC LIMIT 3   [ RunTime:0.0010s ]
INFO: [ view_parse ] --START--
INFO: Run Behavior\ParseTemplateBehavior [ RunTime:0.184011s ]
INFO: [ view_parse ] --END-- [ RunTime:0.184011s ]
INFO: [ view_filter ] --START--
INFO: Run Behavior\WriteHtmlCacheBehavior [ RunTime:0.001000s ]
INFO: [ view_filter ] --END-- [ RunTime:0.001000s ]
INFO: [ app_end ] --START--
INFO: Run Behavior\ShowPageTraceBehavior [ RunTime:0.001000s ]
INFO: [ app_end ] --END-- [ RunTime:0.001000s ]

[ 2016-09-12T11:10:02+08:00 ] 127.0.0.1 /index/rent/detail/id/599810048
INFO: [ app_init ] --START--
INFO: Run Behavior\BuildLiteBehavior [ RunTime:0.000000s ]
INFO: [ app_init ] --END-- [ RunTime:0.001000s ]
INFO: [ app_begin ] --START--
INFO: Run Behavior\ReadHtmlCacheBehavior [ RunTime:0.001000s ]
INFO: [ app_begin ] --END-- [ RunTime:0.001000s ]
SQL: SHOW COLUMNS FROM `house` [ RunTime:0.0080s ]
SQL: SHOW COLUMNS FROM `room` [ RunTime:0.0070s ]
SQL: SHOW COLUMNS FROM `house_imgs` [ RunTime:0.0070s ]
SQL: SELECT * FROM `house` WHERE ( `id` = 599810048 ) LIMIT 1   [ RunTime:0.0010s ]
SQL: SELECT * FROM `room` WHERE ( `house_id` = 599810048 AND `status` != -1 )  [ RunTime:0.0040s ]
SQL: SELECT * FROM `house` WHERE ( `area_id` = 510108 AND `status` = 1 ) ORDER BY `id` DESC LIMIT 3   [ RunTime:0.0010s ]
SQL: SELECT * FROM `house` WHERE ( `area_id` = 510108 AND `status` = 1 ) ORDER BY `id` ASC LIMIT 3   [ RunTime:0.0010s ]
INFO: [ view_parse ] --START--
INFO: Run Behavior\ParseTemplateBehavior [ RunTime:0.189011s ]
INFO: [ view_parse ] --END-- [ RunTime:0.189011s ]
INFO: [ view_filter ] --START--
INFO: Run Behavior\WriteHtmlCacheBehavior [ RunTime:0.001000s ]
INFO: [ view_filter ] --END-- [ RunTime:0.001000s ]
INFO: [ app_end ] --START--
INFO: Run Behavior\ShowPageTraceBehavior [ RunTime:0.001000s ]
INFO: [ app_end ] --END-- [ RunTime:0.001000s ]

[ 2016-09-12T11:13:31+08:00 ] 127.0.0.1 /index/rent/detail/id/599810048
INFO: [ app_init ] --START--
INFO: Run Behavior\BuildLiteBehavior [ RunTime:0.000000s ]
INFO: [ app_init ] --END-- [ RunTime:0.001000s ]
INFO: [ app_begin ] --START--
INFO: Run Behavior\ReadHtmlCacheBehavior [ RunTime:0.000000s ]
INFO: [ app_begin ] --END-- [ RunTime:0.000000s ]
SQL: SHOW COLUMNS FROM `house` [ RunTime:0.0080s ]
SQL: SHOW COLUMNS FROM `room` [ RunTime:0.0070s ]
SQL: SHOW COLUMNS FROM `house_imgs` [ RunTime:0.0060s ]
SQL: SELECT * FROM `house` WHERE ( `id` = 599810048 ) LIMIT 1   [ RunTime:0.0010s ]
SQL: SELECT * FROM `room` WHERE ( `house_id` = 599810048 AND `status` != -1 )  [ RunTime:0.0020s ]
SQL: SELECT * FROM `house` WHERE ( `area_id` = 510108 AND `status` = 1 ) ORDER BY `id` DESC LIMIT 3   [ RunTime:0.0010s ]
SQL: SELECT * FROM `house` WHERE ( `area_id` = 510108 AND `status` = 1 ) ORDER BY `id` ASC LIMIT 3   [ RunTime:0.0010s ]
INFO: [ view_parse ] --START--
INFO: Run Behavior\ParseTemplateBehavior [ RunTime:0.187011s ]
INFO: [ view_parse ] --END-- [ RunTime:0.187011s ]
INFO: [ view_filter ] --START--
INFO: Run Behavior\WriteHtmlCacheBehavior [ RunTime:0.001000s ]
INFO: [ view_filter ] --END-- [ RunTime:0.001000s ]
INFO: [ app_end ] --START--
INFO: Run Behavior\ShowPageTraceBehavior [ RunTime:0.001000s ]
INFO: [ app_end ] --END-- [ RunTime:0.001000s ]

[ 2016-09-12T14:12:32+08:00 ] 127.0.0.1 /index/rent/detail/id/599810048
INFO: [ app_init ] --START--
INFO: Run Behavior\BuildLiteBehavior [ RunTime:0.000000s ]
INFO: [ app_init ] --END-- [ RunTime:0.042002s ]
INFO: [ app_begin ] --START--
INFO: Run Behavior\ReadHtmlCacheBehavior [ RunTime:0.001000s ]
INFO: [ app_begin ] --END-- [ RunTime:0.001000s ]
SQL: SHOW COLUMNS FROM `house` [ RunTime:0.4690s ]
SQL: SHOW COLUMNS FROM `room` [ RunTime:0.0310s ]
SQL: SHOW COLUMNS FROM `house_imgs` [ RunTime:0.0100s ]
SQL: SELECT * FROM `house` WHERE ( `id` = 599810048 ) LIMIT 1   [ RunTime:0.1070s ]
SQL: SELECT * FROM `room` WHERE ( `house_id` = 599810048 AND `status` != -1 )  [ RunTime:0.0760s ]
SQL: SELECT * FROM `house` WHERE ( `area_id` = 510108 AND `status` = 1 ) ORDER BY `id` DESC LIMIT 3   [ RunTime:0.0190s ]
SQL: SELECT * FROM `house` WHERE ( `area_id` = 510108 AND `status` = 1 ) ORDER BY `id` ASC LIMIT 3   [ RunTime:0.0020s ]
INFO: [ view_parse ] --START--
INFO: Run Behavior\ParseTemplateBehavior [ RunTime:0.534030s ]
INFO: [ view_parse ] --END-- [ RunTime:0.534030s ]
INFO: [ view_filter ] --START--
INFO: Run Behavior\WriteHtmlCacheBehavior [ RunTime:0.018001s ]
INFO: [ view_filter ] --END-- [ RunTime:0.018001s ]
INFO: [ app_end ] --START--
INFO: Run Behavior\ShowPageTraceBehavior [ RunTime:0.031002s ]
INFO: [ app_end ] --END-- [ RunTime:0.031002s ]

[ 2016-09-12T14:12:42+08:00 ] 127.0.0.1 /index/rent/detail/id/599810048
INFO: [ app_init ] --START--
INFO: Run Behavior\BuildLiteBehavior [ RunTime:0.000000s ]
INFO: [ app_init ] --END-- [ RunTime:0.001000s ]
INFO: [ app_begin ] --START--
INFO: Run Behavior\ReadHtmlCacheBehavior [ RunTime:0.001000s ]
INFO: [ app_begin ] --END-- [ RunTime:0.001000s ]
SQL: SHOW COLUMNS FROM `house` [ RunTime:0.0120s ]
SQL: SHOW COLUMNS FROM `room` [ RunTime:0.0060s ]
SQL: SHOW COLUMNS FROM `house_imgs` [ RunTime:0.0060s ]
SQL: SELECT * FROM `house` WHERE ( `id` = 599810048 ) LIMIT 1   [ RunTime:0.0010s ]
SQL: SELECT * FROM `room` WHERE ( `house_id` = 599810048 AND `status` != -1 )  [ RunTime:0.0390s ]
SQL: SELECT * FROM `house` WHERE ( `area_id` = 510108 AND `status` = 1 ) ORDER BY `id` DESC LIMIT 3   [ RunTime:0.0310s ]
SQL: SELECT * FROM `house` WHERE ( `area_id` = 510108 AND `status` = 1 ) ORDER BY `id` ASC LIMIT 3   [ RunTime:0.0010s ]
INFO: [ view_parse ] --START--
INFO: Run Behavior\ParseTemplateBehavior [ RunTime:0.013000s ]
INFO: [ view_parse ] --END-- [ RunTime:0.013000s ]
INFO: [ view_filter ] --START--
INFO: Run Behavior\WriteHtmlCacheBehavior [ RunTime:0.000000s ]
INFO: [ view_filter ] --END-- [ RunTime:0.000000s ]
INFO: [ app_end ] --START--
INFO: Run Behavior\ShowPageTraceBehavior [ RunTime:0.001000s ]
INFO: [ app_end ] --END-- [ RunTime:0.001000s ]

[ 2016-09-12T14:13:30+08:00 ] 127.0.0.1 /index/rent/detail/id/599810048
INFO: [ app_init ] --START--
INFO: Run Behavior\BuildLiteBehavior [ RunTime:0.000000s ]
INFO: [ app_init ] --END-- [ RunTime:0.000000s ]
INFO: [ app_begin ] --START--
INFO: Run Behavior\ReadHtmlCacheBehavior [ RunTime:0.001000s ]
INFO: [ app_begin ] --END-- [ RunTime:0.001000s ]
SQL: SHOW COLUMNS FROM `house` [ RunTime:0.0080s ]
SQL: SHOW COLUMNS FROM `room` [ RunTime:0.0080s ]
SQL: SHOW COLUMNS FROM `house_imgs` [ RunTime:0.0070s ]
SQL: SELECT * FROM `house` WHERE ( `id` = 599810048 ) LIMIT 1   [ RunTime:0.0010s ]
SQL: SELECT * FROM `room` WHERE ( `house_id` = 599810048 AND `status` != -1 )  [ RunTime:0.0050s ]
SQL: SELECT * FROM `house` WHERE ( `area_id` = 510108 AND `status` = 1 ) ORDER BY `id` DESC LIMIT 3   [ RunTime:0.0020s ]
SQL: SELECT * FROM `house` WHERE ( `area_id` = 510108 AND `status` = 1 ) ORDER BY `id` ASC LIMIT 3   [ RunTime:0.0020s ]
INFO: [ view_parse ] --START--
INFO: Run Behavior\ParseTemplateBehavior [ RunTime:0.016001s ]
INFO: [ view_parse ] --END-- [ RunTime:0.016001s ]
INFO: [ view_filter ] --START--
INFO: Run Behavior\WriteHtmlCacheBehavior [ RunTime:0.000000s ]
INFO: [ view_filter ] --END-- [ RunTime:0.000000s ]
INFO: [ app_end ] --START--
INFO: Run Behavior\ShowPageTraceBehavior [ RunTime:0.000000s ]
INFO: [ app_end ] --END-- [ RunTime:0.001000s ]

[ 2016-09-12T14:14:08+08:00 ] 127.0.0.1 /index/rent/detail/id/599810048
INFO: [ app_init ] --START--
INFO: Run Behavior\BuildLiteBehavior [ RunTime:0.000000s ]
INFO: [ app_init ] --END-- [ RunTime:0.001000s ]
INFO: [ app_begin ] --START--
INFO: Run Behavior\ReadHtmlCacheBehavior [ RunTime:0.000000s ]
INFO: [ app_begin ] --END-- [ RunTime:0.000000s ]
SQL: SHOW COLUMNS FROM `house` [ RunTime:0.0070s ]
SQL: SHOW COLUMNS FROM `room` [ RunTime:0.0070s ]
SQL: SHOW COLUMNS FROM `house_imgs` [ RunTime:0.0060s ]
SQL: SELECT * FROM `house` WHERE ( `id` = 599810048 ) LIMIT 1   [ RunTime:0.0010s ]
SQL: SELECT * FROM `room` WHERE ( `house_id` = 599810048 AND `status` != -1 )  [ RunTime:0.0030s ]
SQL: SELECT * FROM `house` WHERE ( `area_id` = 510108 AND `status` = 1 ) ORDER BY `id` DESC LIMIT 3   [ RunTime:0.0020s ]
SQL: SELECT * FROM `house` WHERE ( `area_id` = 510108 AND `status` = 1 ) ORDER BY `id` ASC LIMIT 3   [ RunTime:0.0010s ]
INFO: [ view_parse ] --START--
INFO: Run Behavior\ParseTemplateBehavior [ RunTime:0.190010s ]
INFO: [ view_parse ] --END-- [ RunTime:0.190010s ]
INFO: [ view_filter ] --START--
INFO: Run Behavior\WriteHtmlCacheBehavior [ RunTime:0.000000s ]
INFO: [ view_filter ] --END-- [ RunTime:0.000000s ]
INFO: [ app_end ] --START--
INFO: Run Behavior\ShowPageTraceBehavior [ RunTime:0.001000s ]
INFO: [ app_end ] --END-- [ RunTime:0.001000s ]

[ 2016-09-12T14:15:04+08:00 ] 127.0.0.1 /index/rent/detail/id/599810048
INFO: [ app_init ] --START--
INFO: Run Behavior\BuildLiteBehavior [ RunTime:0.000000s ]
INFO: [ app_init ] --END-- [ RunTime:0.001000s ]
INFO: [ app_begin ] --START--
INFO: Run Behavior\ReadHtmlCacheBehavior [ RunTime:0.001000s ]
INFO: [ app_begin ] --END-- [ RunTime:0.002000s ]
SQL: SHOW COLUMNS FROM `house` [ RunTime:0.0050s ]
SQL: SHOW COLUMNS FROM `room` [ RunTime:0.0040s ]
SQL: SHOW COLUMNS FROM `house_imgs` [ RunTime:0.0050s ]
SQL: SELECT * FROM `house` WHERE ( `id` = 599810048 ) LIMIT 1   [ RunTime:0.0010s ]
SQL: SELECT * FROM `room` WHERE ( `house_id` = 599810048 AND `status` != -1 )  [ RunTime:0.0030s ]
SQL: SELECT * FROM `house` WHERE ( `area_id` = 510108 AND `status` = 1 ) ORDER BY `id` DESC LIMIT 3   [ RunTime:0.0010s ]
SQL: SELECT * FROM `house` WHERE ( `area_id` = 510108 AND `status` = 1 ) ORDER BY `id` ASC LIMIT 3   [ RunTime:0.0010s ]
INFO: [ view_parse ] --START--
INFO: Run Behavior\ParseTemplateBehavior [ RunTime:0.198011s ]
INFO: [ view_parse ] --END-- [ RunTime:0.198011s ]
INFO: [ view_filter ] --START--
INFO: Run Behavior\WriteHtmlCacheBehavior [ RunTime:0.001000s ]
INFO: [ view_filter ] --END-- [ RunTime:0.001000s ]
INFO: [ app_end ] --START--
INFO: Run Behavior\ShowPageTraceBehavior [ RunTime:0.001000s ]
INFO: [ app_end ] --END-- [ RunTime:0.001000s ]

[ 2016-09-12T14:18:25+08:00 ] 127.0.0.1 /index/rent/detail/id/599810048
INFO: [ app_init ] --START--
INFO: Run Behavior\BuildLiteBehavior [ RunTime:0.000000s ]
INFO: [ app_init ] --END-- [ RunTime:0.000000s ]
INFO: [ app_begin ] --START--
INFO: Run Behavior\ReadHtmlCacheBehavior [ RunTime:0.001000s ]
INFO: [ app_begin ] --END-- [ RunTime:0.001000s ]
SQL: SHOW COLUMNS FROM `house` [ RunTime:0.0100s ]
SQL: SHOW COLUMNS FROM `room` [ RunTime:0.0090s ]
SQL: SHOW COLUMNS FROM `area` [ RunTime:0.0070s ]
SQL: SHOW COLUMNS FROM `house_imgs` [ RunTime:0.0090s ]
SQL: SELECT * FROM `house` WHERE ( `id` = 599810048 ) LIMIT 1   [ RunTime:0.0070s ]
SQL: SELECT `area` FROM `area` WHERE ( `areaid` = 510108 ) LIMIT 1   [ RunTime:0.0240s ]
SQL: SELECT * FROM `room` WHERE ( `house_id` = 599810048 AND `status` != -1 )  [ RunTime:0.0030s ]
SQL: SELECT * FROM `house` WHERE ( `area_id` = 510108 AND `status` = 1 ) ORDER BY `id` DESC LIMIT 3   [ RunTime:0.2400s ]
SQL: SELECT * FROM `house` WHERE ( `area_id` = 510108 AND `status` = 1 ) ORDER BY `id` ASC LIMIT 3   [ RunTime:0.0220s ]
INFO: [ view_parse ] --START--
INFO: Run Behavior\ParseTemplateBehavior [ RunTime:0.204012s ]
INFO: [ view_parse ] --END-- [ RunTime:0.204012s ]
INFO: [ view_filter ] --START--
INFO: Run Behavior\WriteHtmlCacheBehavior [ RunTime:0.001000s ]
INFO: [ view_filter ] --END-- [ RunTime:0.001000s ]
INFO: [ app_end ] --START--
INFO: Run Behavior\ShowPageTraceBehavior [ RunTime:0.001000s ]
INFO: [ app_end ] --END-- [ RunTime:0.001000s ]

[ 2016-09-12T14:26:06+08:00 ] 127.0.0.1 /index/rent/detail/id/599810048
INFO: [ app_init ] --START--
INFO: Run Behavior\BuildLiteBehavior [ RunTime:0.000000s ]
INFO: [ app_init ] --END-- [ RunTime:0.002000s ]
INFO: [ app_begin ] --START--
INFO: Run Behavior\ReadHtmlCacheBehavior [ RunTime:0.000000s ]
INFO: [ app_begin ] --END-- [ RunTime:0.001000s ]
SQL: SHOW COLUMNS FROM `house` [ RunTime:0.0090s ]
SQL: SHOW COLUMNS FROM `room` [ RunTime:0.0090s ]
SQL: SHOW COLUMNS FROM `area` [ RunTime:0.0060s ]
SQL: SHOW COLUMNS FROM `house_imgs` [ RunTime:0.0050s ]
SQL: SELECT * FROM `house` WHERE ( `id` = 599810048 ) LIMIT 1   [ RunTime:0.0010s ]
SQL: SELECT `area` FROM `area` WHERE ( `areaid` = 510108 ) LIMIT 1   [ RunTime:0.0020s ]
SQL: SELECT * FROM `room` WHERE ( `house_id` = 599810048 AND `status` != -1 )  [ RunTime:0.0030s ]
SQL: SELECT * FROM `house` WHERE ( `area_id` = 510108 AND `status` = 1 ) ORDER BY `id` DESC LIMIT 3   [ RunTime:0.0020s ]
SQL: SELECT * FROM `house` WHERE ( `area_id` = 510108 AND `status` = 1 ) ORDER BY `id` ASC LIMIT 3   [ RunTime:0.0010s ]
INFO: [ view_parse ] --START--
INFO: Run Behavior\ParseTemplateBehavior [ RunTime:0.207012s ]
INFO: [ view_parse ] --END-- [ RunTime:0.207012s ]
INFO: [ view_filter ] --START--
INFO: Run Behavior\WriteHtmlCacheBehavior [ RunTime:0.000000s ]
INFO: [ view_filter ] --END-- [ RunTime:0.000000s ]
INFO: [ app_end ] --START--
INFO: Run Behavior\ShowPageTraceBehavior [ RunTime:0.001000s ]
INFO: [ app_end ] --END-- [ RunTime:0.001000s ]

[ 2016-09-12T14:45:27+08:00 ] 127.0.0.1 /index/rent/detail/id/599810048
INFO: [ app_init ] --START--
INFO: Run Behavior\BuildLiteBehavior [ RunTime:0.000000s ]
INFO: [ app_init ] --END-- [ RunTime:0.001000s ]
INFO: [ app_begin ] --START--
INFO: Run Behavior\ReadHtmlCacheBehavior [ RunTime:0.000000s ]
INFO: [ app_begin ] --END-- [ RunTime:0.000000s ]
SQL: SHOW COLUMNS FROM `house` [ RunTime:0.0080s ]
SQL: SHOW COLUMNS FROM `room` [ RunTime:0.0080s ]
SQL: SHOW COLUMNS FROM `area` [ RunTime:0.0060s ]
SQL: SHOW COLUMNS FROM `house_imgs` [ RunTime:0.0070s ]
SQL: SELECT * FROM `house` WHERE ( `id` = 599810048 ) LIMIT 1   [ RunTime:0.0020s ]
SQL: SELECT `area` FROM `area` WHERE ( `areaid` = 510108 ) LIMIT 1   [ RunTime:0.0030s ]
SQL: SELECT * FROM `room` WHERE ( `house_id` = 599810048 AND `status` != -1 )  [ RunTime:0.0030s ]
SQL: SELECT * FROM `house` WHERE ( `area_id` = 510108 AND `status` = 1 ) ORDER BY `id` DESC LIMIT 3   [ RunTime:0.0020s ]
SQL: SELECT * FROM `house` WHERE ( `area_id` = 510108 AND `status` = 1 ) ORDER BY `id` ASC LIMIT 3   [ RunTime:0.0010s ]
INFO: [ view_parse ] --START--
INFO: Run Behavior\ParseTemplateBehavior [ RunTime:0.234014s ]
INFO: [ view_parse ] --END-- [ RunTime:0.234014s ]
INFO: [ view_filter ] --START--
INFO: Run Behavior\WriteHtmlCacheBehavior [ RunTime:0.001000s ]
INFO: [ view_filter ] --END-- [ RunTime:0.001000s ]
INFO: [ app_end ] --START--
INFO: Run Behavior\ShowPageTraceBehavior [ RunTime:0.001000s ]
INFO: [ app_end ] --END-- [ RunTime:0.001000s ]

[ 2016-09-12T14:48:01+08:00 ] 127.0.0.1 /index/rent/detail/id/599810048
INFO: [ app_init ] --START--
INFO: Run Behavior\BuildLiteBehavior [ RunTime:0.000000s ]
INFO: [ app_init ] --END-- [ RunTime:0.001000s ]
INFO: [ app_begin ] --START--
INFO: Run Behavior\ReadHtmlCacheBehavior [ RunTime:0.000000s ]
INFO: [ app_begin ] --END-- [ RunTime:0.000000s ]
SQL: SHOW COLUMNS FROM `house` [ RunTime:0.0100s ]
SQL: SHOW COLUMNS FROM `room` [ RunTime:0.0090s ]
SQL: SHOW COLUMNS FROM `area` [ RunTime:0.0060s ]
SQL: SHOW COLUMNS FROM `house_imgs` [ RunTime:0.0230s ]
SQL: SELECT * FROM `house` WHERE ( `id` = 599810048 ) LIMIT 1   [ RunTime:0.0000s ]
SQL: SELECT `area` FROM `area` WHERE ( `areaid` = 510108 ) LIMIT 1   [ RunTime:0.0030s ]
SQL: SELECT * FROM `room` WHERE ( `house_id` = 599810048 AND `status` != -1 )  [ RunTime:0.0030s ]
SQL: SELECT * FROM `house` WHERE ( `area_id` = 510108 AND `status` = 1 ) ORDER BY `id` DESC LIMIT 3   [ RunTime:0.0010s ]
SQL: SELECT * FROM `house` WHERE ( `area_id` = 510108 AND `status` = 1 ) ORDER BY `id` ASC LIMIT 3   [ RunTime:0.0010s ]
INFO: [ view_parse ] --START--
INFO: Run Behavior\ParseTemplateBehavior [ RunTime:0.212013s ]
INFO: [ view_parse ] --END-- [ RunTime:0.212013s ]
INFO: [ view_filter ] --START--
INFO: Run Behavior\WriteHtmlCacheBehavior [ RunTime:0.001000s ]
INFO: [ view_filter ] --END-- [ RunTime:0.001000s ]
INFO: [ app_end ] --START--
INFO: Run Behavior\ShowPageTraceBehavior [ RunTime:0.001000s ]
INFO: [ app_end ] --END-- [ RunTime:0.001000s ]

[ 2016-09-12T14:48:54+08:00 ] 127.0.0.1 /index/rent/detail/id/599810048
INFO: [ app_init ] --START--
INFO: Run Behavior\BuildLiteBehavior [ RunTime:0.000000s ]
INFO: [ app_init ] --END-- [ RunTime:0.000000s ]
INFO: [ app_begin ] --START--
INFO: Run Behavior\ReadHtmlCacheBehavior [ RunTime:0.000000s ]
INFO: [ app_begin ] --END-- [ RunTime:0.000000s ]
SQL: SHOW COLUMNS FROM `house` [ RunTime:0.0090s ]
SQL: SHOW COLUMNS FROM `room` [ RunTime:0.0080s ]
SQL: SHOW COLUMNS FROM `area` [ RunTime:0.0070s ]
SQL: SHOW COLUMNS FROM `house_imgs` [ RunTime:0.0040s ]
SQL: SELECT * FROM `house` WHERE ( `id` = 599810048 ) LIMIT 1   [ RunTime:0.0000s ]
SQL: SELECT `area` FROM `area` WHERE ( `areaid` = 510108 ) LIMIT 1   [ RunTime:0.0020s ]
SQL: SELECT * FROM `room` WHERE ( `house_id` = 599810048 AND `status` != -1 )  [ RunTime:0.0020s ]
SQL: SELECT * FROM `house` WHERE ( `area_id` = 510108 AND `status` = 1 ) ORDER BY `id` DESC LIMIT 3   [ RunTime:0.0010s ]
SQL: SELECT * FROM `house` WHERE ( `area_id` = 510108 AND `status` = 1 ) ORDER BY `id` ASC LIMIT 3   [ RunTime:0.0010s ]
INFO: [ view_parse ] --START--
INFO: Run Behavior\ParseTemplateBehavior [ RunTime:0.222013s ]
INFO: [ view_parse ] --END-- [ RunTime:0.222013s ]
INFO: [ view_filter ] --START--
INFO: Run Behavior\WriteHtmlCacheBehavior [ RunTime:0.001000s ]
INFO: [ view_filter ] --END-- [ RunTime:0.001000s ]

[ 2016-09-12T14:48:55+08:00 ] 127.0.0.1 /index/rent/detail/id/599810048
INFO: [ app_init ] --START--
INFO: Run Behavior\BuildLiteBehavior [ RunTime:0.000000s ]
INFO: [ app_init ] --END-- [ RunTime:0.000000s ]
INFO: [ app_begin ] --START--
INFO: Run Behavior\ReadHtmlCacheBehavior [ RunTime:0.000000s ]
INFO: [ app_begin ] --END-- [ RunTime:0.000000s ]
SQL: SHOW COLUMNS FROM `house` [ RunTime:0.0080s ]
SQL: SHOW COLUMNS FROM `room` [ RunTime:0.0080s ]
SQL: SHOW COLUMNS FROM `area` [ RunTime:0.0090s ]
SQL: SHOW COLUMNS FROM `house_imgs` [ RunTime:0.0040s ]
SQL: SELECT * FROM `house` WHERE ( `id` = 599810048 ) LIMIT 1   [ RunTime:0.0000s ]
SQL: SELECT `area` FROM `area` WHERE ( `areaid` = 510108 ) LIMIT 1   [ RunTime:0.0030s ]
SQL: SELECT * FROM `room` WHERE ( `house_id` = 599810048 AND `status` != -1 )  [ RunTime:0.0030s ]
SQL: SELECT * FROM `house` WHERE ( `area_id` = 510108 AND `status` = 1 ) ORDER BY `id` DESC LIMIT 3   [ RunTime:0.0010s ]
SQL: SELECT * FROM `house` WHERE ( `area_id` = 510108 AND `status` = 1 ) ORDER BY `id` ASC LIMIT 3   [ RunTime:0.0010s ]
INFO: [ view_parse ] --START--
INFO: Run Behavior\ParseTemplateBehavior [ RunTime:0.011001s ]
INFO: [ view_parse ] --END-- [ RunTime:0.011001s ]
INFO: [ view_filter ] --START--
INFO: Run Behavior\WriteHtmlCacheBehavior [ RunTime:0.000000s ]
INFO: [ view_filter ] --END-- [ RunTime:0.000000s ]
INFO: [ app_end ] --START--
INFO: Run Behavior\ShowPageTraceBehavior [ RunTime:0.000000s ]
INFO: [ app_end ] --END-- [ RunTime:0.000000s ]

[ 2016-09-12T14:49:09+08:00 ] 127.0.0.1 /index/rent/detail/id/599110032
INFO: [ app_init ] --START--
INFO: Run Behavior\BuildLiteBehavior [ RunTime:0.000000s ]
INFO: [ app_init ] --END-- [ RunTime:0.001000s ]
INFO: [ app_begin ] --START--
INFO: Run Behavior\ReadHtmlCacheBehavior [ RunTime:0.000000s ]
INFO: [ app_begin ] --END-- [ RunTime:0.001000s ]
SQL: SHOW COLUMNS FROM `house` [ RunTime:0.0080s ]
SQL: SHOW COLUMNS FROM `room` [ RunTime:0.0070s ]
SQL: SHOW COLUMNS FROM `area` [ RunTime:0.0050s ]
SQL: SHOW COLUMNS FROM `house_imgs` [ RunTime:0.0050s ]
SQL: SELECT * FROM `house` WHERE ( `id` = 599110032 ) LIMIT 1   [ RunTime:0.0010s ]
SQL: SELECT `area` FROM `area` WHERE ( `areaid` = 510107 ) LIMIT 1   [ RunTime:0.0020s ]
SQL: SELECT * FROM `room` WHERE ( `house_id` = 599110032 AND `status` != -1 )  [ RunTime:0.0020s ]
SQL: SELECT * FROM `house` WHERE ( `area_id` = 510107 AND `status` = 1 ) ORDER BY `id` DESC LIMIT 3   [ RunTime:0.0000s ]
SQL: SELECT * FROM `house` WHERE ( `area_id` = 510107 AND `status` = 1 ) ORDER BY `id` ASC LIMIT 3   [ RunTime:0.0210s ]
INFO: [ view_parse ] --START--
INFO: Run Behavior\ParseTemplateBehavior [ RunTime:0.008001s ]
INFO: [ view_parse ] --END-- [ RunTime:0.009001s ]
INFO: [ view_filter ] --START--
INFO: Run Behavior\WriteHtmlCacheBehavior [ RunTime:0.000000s ]
INFO: [ view_filter ] --END-- [ RunTime:0.000000s ]
INFO: [ app_end ] --START--
INFO: Run Behavior\ShowPageTraceBehavior [ RunTime:0.001001s ]
INFO: [ app_end ] --END-- [ RunTime:0.001001s ]

[ 2016-09-12T14:50:08+08:00 ] 127.0.0.1 /index/rent/detail/id/599110032
INFO: [ app_init ] --START--
INFO: Run Behavior\BuildLiteBehavior [ RunTime:0.000000s ]
INFO: [ app_init ] --END-- [ RunTime:0.001000s ]
INFO: [ app_begin ] --START--
INFO: Run Behavior\ReadHtmlCacheBehavior [ RunTime:0.000000s ]
INFO: [ app_begin ] --END-- [ RunTime:0.001001s ]
SQL: SHOW COLUMNS FROM `house` [ RunTime:0.0080s ]
SQL: SHOW COLUMNS FROM `room` [ RunTime:0.0080s ]
SQL: SHOW COLUMNS FROM `area` [ RunTime:0.0050s ]
SQL: SHOW COLUMNS FROM `house_imgs` [ RunTime:0.0050s ]
SQL: SELECT * FROM `house` WHERE ( `id` = 599110032 ) LIMIT 1   [ RunTime:0.0000s ]
SQL: SELECT `area` FROM `area` WHERE ( `areaid` = 510107 ) LIMIT 1   [ RunTime:0.0030s ]
SQL: SELECT * FROM `room` WHERE ( `house_id` = 599110032 AND `status` != -1 )  [ RunTime:0.0030s ]
SQL: SELECT * FROM `house` WHERE ( `area_id` = 510107 AND `status` = 1 ) ORDER BY `id` DESC LIMIT 3   [ RunTime:0.0460s ]
SQL: SELECT * FROM `house` WHERE ( `area_id` = 510107 AND `status` = 1 ) ORDER BY `id` ASC LIMIT 3   [ RunTime:0.0010s ]
INFO: [ view_parse ] --START--
INFO: Run Behavior\ParseTemplateBehavior [ RunTime:0.012001s ]
INFO: [ view_parse ] --END-- [ RunTime:0.013001s ]
INFO: [ view_filter ] --START--
INFO: Run Behavior\WriteHtmlCacheBehavior [ RunTime:0.001000s ]
INFO: [ view_filter ] --END-- [ RunTime:0.001000s ]
INFO: [ app_end ] --START--
INFO: Run Behavior\ShowPageTraceBehavior [ RunTime:0.000000s ]
INFO: [ app_end ] --END-- [ RunTime:0.000000s ]

[ 2016-09-12T14:50:16+08:00 ] 127.0.0.1 /index/index/index
INFO: [ app_init ] --START--
INFO: Run Behavior\BuildLiteBehavior [ RunTime:0.000000s ]
INFO: [ app_init ] --END-- [ RunTime:0.000000s ]
INFO: [ app_begin ] --START--
INFO: Run Behavior\ReadHtmlCacheBehavior [ RunTime:0.000000s ]
INFO: [ app_begin ] --END-- [ RunTime:0.000000s ]
SQL: SHOW COLUMNS FROM `ad` [ RunTime:0.0100s ]
SQL: SELECT * FROM `ad` WHERE ( `status` = 1 AND `adspace_id` = 1 )  [ RunTime:0.0000s ]
SQL: SHOW COLUMNS FROM `house` [ RunTime:0.0100s ]
SQL: SHOW COLUMNS FROM `room` [ RunTime:0.0070s ]
SQL: SELECT `id`,`title`,`img`,`address` FROM `house` WHERE ( `status` = 1 ) ORDER BY `id` DESC LIMIT 9   [ RunTime:0.0320s ]
SQL: SELECT `price` FROM `room` WHERE ( `house_id` = 599810048 )  [ RunTime:0.0020s ]
SQL: SELECT `price` FROM `room` WHERE ( `house_id` = 599110032 )  [ RunTime:0.0020s ]
SQL: SELECT `price` FROM `room` WHERE ( `house_id` = 593410019 )  [ RunTime:0.0020s ]
SQL: SELECT `price` FROM `room` WHERE ( `house_id` = 593410010 )  [ RunTime:0.0020s ]
SQL: SELECT `price` FROM `room` WHERE ( `house_id` = 591210026 )  [ RunTime:0.0020s ]
SQL: SELECT `price` FROM `room` WHERE ( `house_id` = 589010029 )  [ RunTime:0.0020s ]
SQL: SELECT `price` FROM `room` WHERE ( `house_id` = 586310041 )  [ RunTime:0.0020s ]
SQL: SELECT `price` FROM `room` WHERE ( `house_id` = 582810009 )  [ RunTime:0.0020s ]
SQL: SELECT `price` FROM `room` WHERE ( `house_id` = 582110005 )  [ RunTime:0.0020s ]
INFO: [ view_parse ] --START--
INFO: Run Behavior\ParseTemplateBehavior [ RunTime:0.010001s ]
INFO: [ view_parse ] --END-- [ RunTime:0.010001s ]
INFO: [ view_filter ] --START--
INFO: Run Behavior\WriteHtmlCacheBehavior [ RunTime:0.000000s ]
INFO: [ view_filter ] --END-- [ RunTime:0.001000s ]
INFO: [ app_end ] --START--
INFO: Run Behavior\ShowPageTraceBehavior [ RunTime:0.000000s ]
INFO: [ app_end ] --END-- [ RunTime:0.000000s ]

[ 2016-09-12T14:50:36+08:00 ] 127.0.0.1 /index/index/index
INFO: [ app_init ] --START--
INFO: Run Behavior\BuildLiteBehavior [ RunTime:0.000000s ]
INFO: [ app_init ] --END-- [ RunTime:0.001000s ]
INFO: [ app_begin ] --START--
INFO: Run Behavior\ReadHtmlCacheBehavior [ RunTime:0.001000s ]
INFO: [ app_begin ] --END-- [ RunTime:0.001000s ]
SQL: SHOW COLUMNS FROM `ad` [ RunTime:0.0080s ]
SQL: SELECT * FROM `ad` WHERE ( `status` = 1 AND `adspace_id` = 1 )  [ RunTime:0.0000s ]
SQL: SHOW COLUMNS FROM `house` [ RunTime:0.0090s ]
SQL: SHOW COLUMNS FROM `room` [ RunTime:0.0080s ]
SQL: SELECT `id`,`title`,`img`,`address` FROM `house` WHERE ( `status` = 1 ) ORDER BY `id` DESC LIMIT 9   [ RunTime:0.0030s ]
SQL: SELECT `price` FROM `room` WHERE ( `house_id` = 599810048 )  [ RunTime:0.0020s ]
SQL: SELECT `price` FROM `room` WHERE ( `house_id` = 599110032 )  [ RunTime:0.0020s ]
SQL: SELECT `price` FROM `room` WHERE ( `house_id` = 593410019 )  [ RunTime:0.0010s ]
SQL: SELECT `price` FROM `room` WHERE ( `house_id` = 593410010 )  [ RunTime:0.0010s ]
SQL: SELECT `price` FROM `room` WHERE ( `house_id` = 591210026 )  [ RunTime:0.0010s ]
SQL: SELECT `price` FROM `room` WHERE ( `house_id` = 589010029 )  [ RunTime:0.0020s ]
SQL: SELECT `price` FROM `room` WHERE ( `house_id` = 586310041 )  [ RunTime:0.0010s ]
SQL: SELECT `price` FROM `room` WHERE ( `house_id` = 582810009 )  [ RunTime:0.0010s ]
SQL: SELECT `price` FROM `room` WHERE ( `house_id` = 582110005 )  [ RunTime:0.0010s ]
INFO: [ view_parse ] --START--
INFO: Run Behavior\ParseTemplateBehavior [ RunTime:0.010001s ]
INFO: [ view_parse ] --END-- [ RunTime:0.010001s ]
INFO: [ view_filter ] --START--
INFO: Run Behavior\WriteHtmlCacheBehavior [ RunTime:0.000000s ]
INFO: [ view_filter ] --END-- [ RunTime:0.000000s ]
INFO: [ app_end ] --START--
INFO: Run Behavior\ShowPageTraceBehavior [ RunTime:0.000000s ]
INFO: [ app_end ] --END-- [ RunTime:0.000000s ]

[ 2016-09-12T14:50:40+08:00 ] 127.0.0.1 /index/rent/detail/id/599810048
INFO: [ app_init ] --START--
INFO: Run Behavior\BuildLiteBehavior [ RunTime:0.000000s ]
INFO: [ app_init ] --END-- [ RunTime:0.001000s ]
INFO: [ app_begin ] --START--
INFO: Run Behavior\ReadHtmlCacheBehavior [ RunTime:0.000000s ]
INFO: [ app_begin ] --END-- [ RunTime:0.000000s ]
SQL: SHOW COLUMNS FROM `house` [ RunTime:0.0090s ]
SQL: SHOW COLUMNS FROM `room` [ RunTime:0.0090s ]
SQL: SHOW COLUMNS FROM `area` [ RunTime:0.0050s ]
SQL: SHOW COLUMNS FROM `house_imgs` [ RunTime:0.0060s ]
SQL: SELECT * FROM `house` WHERE ( `id` = 599810048 ) LIMIT 1   [ RunTime:0.0010s ]
SQL: SELECT `area` FROM `area` WHERE ( `areaid` = 510108 ) LIMIT 1   [ RunTime:0.0030s ]
SQL: SELECT * FROM `room` WHERE ( `house_id` = 599810048 AND `status` != -1 )  [ RunTime:0.0020s ]
SQL: SELECT * FROM `house` WHERE ( `area_id` = 510108 AND `status` = 1 ) ORDER BY `id` DESC LIMIT 3   [ RunTime:0.0010s ]
SQL: SELECT * FROM `house` WHERE ( `area_id` = 510108 AND `status` = 1 ) ORDER BY `id` ASC LIMIT 3   [ RunTime:0.0010s ]
INFO: [ view_parse ] --START--
INFO: Run Behavior\ParseTemplateBehavior [ RunTime:0.209012s ]
INFO: [ view_parse ] --END-- [ RunTime:0.209012s ]
INFO: [ view_filter ] --START--
INFO: Run Behavior\WriteHtmlCacheBehavior [ RunTime:0.001000s ]
INFO: [ view_filter ] --END-- [ RunTime:0.001000s ]
INFO: [ app_end ] --START--
INFO: Run Behavior\ShowPageTraceBehavior [ RunTime:0.001000s ]
INFO: [ app_end ] --END-- [ RunTime:0.001000s ]

[ 2016-09-12T14:50:57+08:00 ] 127.0.0.1 /index/rent/index
INFO: [ app_init ] --START--
INFO: Run Behavior\BuildLiteBehavior [ RunTime:0.000000s ]
INFO: [ app_init ] --END-- [ RunTime:0.000000s ]
INFO: [ app_begin ] --START--
INFO: Run Behavior\ReadHtmlCacheBehavior [ RunTime:0.000000s ]
INFO: [ app_begin ] --END-- [ RunTime:0.000000s ]
SQL: SHOW COLUMNS FROM `house` [ RunTime:0.0040s ]
SQL: SHOW COLUMNS FROM `room` [ RunTime:0.0050s ]
SQL: SELECT COUNT(*) AS tp_count FROM `house` WHERE ( `status` = 1 ) LIMIT 1   [ RunTime:0.0270s ]
SQL: SELECT * FROM `house` WHERE ( `status` = 1 ) ORDER BY `id` DESC LIMIT 0,9   [ RunTime:0.0020s ]
SQL: SELECT `price` FROM `room` WHERE ( `house_id` = 599810048 )  [ RunTime:0.0010s ]
SQL: SELECT `price` FROM `room` WHERE ( `house_id` = 599110032 )  [ RunTime:0.0010s ]
SQL: SELECT `price` FROM `room` WHERE ( `house_id` = 593410019 )  [ RunTime:0.0010s ]
SQL: SELECT `price` FROM `room` WHERE ( `house_id` = 593410010 )  [ RunTime:0.0010s ]
SQL: SELECT `price` FROM `room` WHERE ( `house_id` = 591210026 )  [ RunTime:0.0010s ]
SQL: SELECT `price` FROM `room` WHERE ( `house_id` = 589010029 )  [ RunTime:0.0010s ]
SQL: SELECT `price` FROM `room` WHERE ( `house_id` = 586310041 )  [ RunTime:0.0020s ]
SQL: SELECT `price` FROM `room` WHERE ( `house_id` = 582810009 )  [ RunTime:0.0010s ]
SQL: SELECT `price` FROM `room` WHERE ( `house_id` = 582110005 )  [ RunTime:0.0020s ]
SQL: SELECT * FROM `house` WHERE ( `status` = 1 ) ORDER BY `id` ASC LIMIT 6   [ RunTime:0.0010s ]
SQL: SELECT `price` FROM `room` WHERE ( `house_id` = 10002555 )  [ RunTime:0.0010s ]
SQL: SELECT `price` FROM `room` WHERE ( `house_id` = 10007788 )  [ RunTime:0.0020s ]
SQL: SELECT `price` FROM `room` WHERE ( `house_id` = 10009773 )  [ RunTime:0.0010s ]
SQL: SELECT `price` FROM `room` WHERE ( `house_id` = 10102697 )  [ RunTime:0.0010s ]
SQL: SELECT `price` FROM `room` WHERE ( `house_id` = 10105471 )  [ RunTime:0.0020s ]
SQL: SELECT `price` FROM `room` WHERE ( `house_id` = 10201439 )  [ RunTime:0.0010s ]
INFO: [ view_parse ] --START--
INFO: Run Behavior\ParseTemplateBehavior [ RunTime:0.134008s ]
INFO: [ view_parse ] --END-- [ RunTime:0.134008s ]
INFO: [ view_filter ] --START--
INFO: Run Behavior\WriteHtmlCacheBehavior [ RunTime:0.001000s ]
INFO: [ view_filter ] --END-- [ RunTime:0.002000s ]
INFO: [ app_end ] --START--
INFO: Run Behavior\ShowPageTraceBehavior [ RunTime:0.001000s ]
INFO: [ app_end ] --END-- [ RunTime:0.001000s ]

[ 2016-09-12T14:51:11+08:00 ] 127.0.0.1 /index/rent/index
INFO: [ app_init ] --START--
INFO: Run Behavior\BuildLiteBehavior [ RunTime:0.000000s ]
INFO: [ app_init ] --END-- [ RunTime:0.000000s ]
INFO: [ app_begin ] --START--
INFO: Run Behavior\ReadHtmlCacheBehavior [ RunTime:0.000000s ]
INFO: [ app_begin ] --END-- [ RunTime:0.000000s ]
SQL: SHOW COLUMNS FROM `house` [ RunTime:0.0070s ]
SQL: SHOW COLUMNS FROM `room` [ RunTime:0.0060s ]
SQL: SELECT COUNT(*) AS tp_count FROM `house` WHERE ( `status` = 1 ) LIMIT 1   [ RunTime:0.0010s ]
SQL: SELECT * FROM `house` WHERE ( `status` = 1 ) ORDER BY `id` DESC LIMIT 0,9   [ RunTime:0.0150s ]
SQL: SELECT `price` FROM `room` WHERE ( `house_id` = 599810048 )  [ RunTime:0.0020s ]
SQL: SELECT `price` FROM `room` WHERE ( `house_id` = 599110032 )  [ RunTime:0.0020s ]
SQL: SELECT `price` FROM `room` WHERE ( `house_id` = 593410019 )  [ RunTime:0.0020s ]
SQL: SELECT `price` FROM `room` WHERE ( `house_id` = 593410010 )  [ RunTime:0.0020s ]
SQL: SELECT `price` FROM `room` WHERE ( `house_id` = 591210026 )  [ RunTime:0.0020s ]
SQL: SELECT `price` FROM `room` WHERE ( `house_id` = 589010029 )  [ RunTime:0.0020s ]
SQL: SELECT `price` FROM `room` WHERE ( `house_id` = 586310041 )  [ RunTime:0.0020s ]
SQL: SELECT `price` FROM `room` WHERE ( `house_id` = 582810009 )  [ RunTime:0.0010s ]
SQL: SELECT `price` FROM `room` WHERE ( `house_id` = 582110005 )  [ RunTime:0.0010s ]
SQL: SELECT * FROM `house` WHERE ( `status` = 1 ) ORDER BY `id` ASC LIMIT 6   [ RunTime:0.0090s ]
SQL: SELECT `price` FROM `room` WHERE ( `house_id` = 10002555 )  [ RunTime:0.0020s ]
SQL: SELECT `price` FROM `room` WHERE ( `house_id` = 10007788 )  [ RunTime:0.0020s ]
SQL: SELECT `price` FROM `room` WHERE ( `house_id` = 10009773 )  [ RunTime:0.0010s ]
SQL: SELECT `price` FROM `room` WHERE ( `house_id` = 10102697 )  [ RunTime:0.0020s ]
SQL: SELECT `price` FROM `room` WHERE ( `house_id` = 10105471 )  [ RunTime:0.0020s ]
SQL: SELECT `price` FROM `room` WHERE ( `house_id` = 10201439 )  [ RunTime:0.0020s ]
INFO: [ view_parse ] --START--
INFO: Run Behavior\ParseTemplateBehavior [ RunTime:0.015001s ]
INFO: [ view_parse ] --END-- [ RunTime:0.015001s ]
INFO: [ view_filter ] --START--
INFO: Run Behavior\WriteHtmlCacheBehavior [ RunTime:0.000000s ]
INFO: [ view_filter ] --END-- [ RunTime:0.000000s ]
INFO: [ app_end ] --START--
INFO: Run Behavior\ShowPageTraceBehavior [ RunTime:0.000000s ]
INFO: [ app_end ] --END-- [ RunTime:0.000000s ]

[ 2016-09-12T14:51:15+08:00 ] 127.0.0.1 /index/rent/index
INFO: [ app_init ] --START--
INFO: Run Behavior\BuildLiteBehavior [ RunTime:0.000000s ]
INFO: [ app_init ] --END-- [ RunTime:0.000000s ]
INFO: [ app_begin ] --START--
INFO: Run Behavior\ReadHtmlCacheBehavior [ RunTime:0.001000s ]
INFO: [ app_begin ] --END-- [ RunTime:0.001000s ]
SQL: SHOW COLUMNS FROM `house` [ RunTime:0.0070s ]
SQL: SHOW COLUMNS FROM `room` [ RunTime:0.0060s ]
SQL: SELECT COUNT(*) AS tp_count FROM `house` WHERE ( `status` = 1 ) LIMIT 1   [ RunTime:0.0010s ]
SQL: SELECT * FROM `house` WHERE ( `status` = 1 ) ORDER BY `id` DESC LIMIT 0,9   [ RunTime:0.0020s ]
SQL: SELECT `price` FROM `room` WHERE ( `house_id` = 599810048 )  [ RunTime:0.0010s ]
SQL: SELECT `price` FROM `room` WHERE ( `house_id` = 599110032 )  [ RunTime:0.0010s ]
SQL: SELECT `price` FROM `room` WHERE ( `house_id` = 593410019 )  [ RunTime:0.0020s ]
SQL: SELECT `price` FROM `room` WHERE ( `house_id` = 593410010 )  [ RunTime:0.0010s ]
SQL: SELECT `price` FROM `room` WHERE ( `house_id` = 591210026 )  [ RunTime:0.0010s ]
SQL: SELECT `price` FROM `room` WHERE ( `house_id` = 589010029 )  [ RunTime:0.0010s ]
SQL: SELECT `price` FROM `room` WHERE ( `house_id` = 586310041 )  [ RunTime:0.0010s ]
SQL: SELECT `price` FROM `room` WHERE ( `house_id` = 582810009 )  [ RunTime:0.0010s ]
SQL: SELECT `price` FROM `room` WHERE ( `house_id` = 582110005 )  [ RunTime:0.0010s ]
SQL: SELECT * FROM `house` WHERE ( `status` = 1 ) ORDER BY `id` ASC LIMIT 6   [ RunTime:0.0010s ]
SQL: SELECT `price` FROM `room` WHERE ( `house_id` = 10002555 )  [ RunTime:0.0010s ]
SQL: SELECT `price` FROM `room` WHERE ( `house_id` = 10007788 )  [ RunTime:0.0010s ]
SQL: SELECT `price` FROM `room` WHERE ( `house_id` = 10009773 )  [ RunTime:0.0010s ]
SQL: SELECT `price` FROM `room` WHERE ( `house_id` = 10102697 )  [ RunTime:0.0010s ]
SQL: SELECT `price` FROM `room` WHERE ( `house_id` = 10105471 )  [ RunTime:0.0020s ]
SQL: SELECT `price` FROM `room` WHERE ( `house_id` = 10201439 )  [ RunTime:0.0010s ]
INFO: [ view_parse ] --START--
INFO: Run Behavior\ParseTemplateBehavior [ RunTime:0.013001s ]
INFO: [ view_parse ] --END-- [ RunTime:0.013001s ]
INFO: [ view_filter ] --START--
INFO: Run Behavior\WriteHtmlCacheBehavior [ RunTime:0.000000s ]
INFO: [ view_filter ] --END-- [ RunTime:0.000000s ]
INFO: [ app_end ] --START--
INFO: Run Behavior\ShowPageTraceBehavior [ RunTime:0.001000s ]
INFO: [ app_end ] --END-- [ RunTime:0.001000s ]

[ 2016-09-12T14:51:21+08:00 ] 127.0.0.1 /index/index/index
INFO: [ app_init ] --START--
INFO: Run Behavior\BuildLiteBehavior [ RunTime:0.000000s ]
INFO: [ app_init ] --END-- [ RunTime:0.001000s ]
INFO: [ app_begin ] --START--
INFO: Run Behavior\ReadHtmlCacheBehavior [ RunTime:0.001000s ]
INFO: [ app_begin ] --END-- [ RunTime:0.001000s ]
SQL: SHOW COLUMNS FROM `ad` [ RunTime:0.0080s ]
SQL: SELECT * FROM `ad` WHERE ( `status` = 1 AND `adspace_id` = 1 )  [ RunTime:0.0010s ]
SQL: SHOW COLUMNS FROM `house` [ RunTime:0.0100s ]
SQL: SHOW COLUMNS FROM `room` [ RunTime:0.0070s ]
SQL: SELECT `id`,`title`,`img`,`address` FROM `house` WHERE ( `status` = 1 ) ORDER BY `id` DESC LIMIT 9   [ RunTime:0.0050s ]
SQL: SELECT `price` FROM `room` WHERE ( `house_id` = 599810048 )  [ RunTime:0.0020s ]
SQL: SELECT `price` FROM `room` WHERE ( `house_id` = 599110032 )  [ RunTime:0.0030s ]
SQL: SELECT `price` FROM `room` WHERE ( `house_id` = 593410019 )  [ RunTime:0.0010s ]
SQL: SELECT `price` FROM `room` WHERE ( `house_id` = 593410010 )  [ RunTime:0.0030s ]
SQL: SELECT `price` FROM `room` WHERE ( `house_id` = 591210026 )  [ RunTime:0.0010s ]
SQL: SELECT `price` FROM `room` WHERE ( `house_id` = 589010029 )  [ RunTime:0.0020s ]
SQL: SELECT `price` FROM `room` WHERE ( `house_id` = 586310041 )  [ RunTime:0.0010s ]
SQL: SELECT `price` FROM `room` WHERE ( `house_id` = 582810009 )  [ RunTime:0.0020s ]
SQL: SELECT `price` FROM `room` WHERE ( `house_id` = 582110005 )  [ RunTime:0.0010s ]
INFO: [ view_parse ] --START--
INFO: Run Behavior\ParseTemplateBehavior [ RunTime:0.008000s ]
INFO: [ view_parse ] --END-- [ RunTime:0.008000s ]
INFO: [ view_filter ] --START--
INFO: Run Behavior\WriteHtmlCacheBehavior [ RunTime:0.001000s ]
INFO: [ view_filter ] --END-- [ RunTime:0.001000s ]
INFO: [ app_end ] --START--
INFO: Run Behavior\ShowPageTraceBehavior [ RunTime:0.000000s ]
INFO: [ app_end ] --END-- [ RunTime:0.000000s ]

[ 2016-09-12T14:51:24+08:00 ] 127.0.0.1 /index/rent/detail/id/599810048
INFO: [ app_init ] --START--
INFO: Run Behavior\BuildLiteBehavior [ RunTime:0.000000s ]
INFO: [ app_init ] --END-- [ RunTime:0.000000s ]
INFO: [ app_begin ] --START--
INFO: Run Behavior\ReadHtmlCacheBehavior [ RunTime:0.001001s ]
INFO: [ app_begin ] --END-- [ RunTime:0.001001s ]
SQL: SHOW COLUMNS FROM `house` [ RunTime:0.0080s ]
SQL: SHOW COLUMNS FROM `room` [ RunTime:0.0080s ]
SQL: SHOW COLUMNS FROM `area` [ RunTime:0.0050s ]
SQL: SHOW COLUMNS FROM `house_imgs` [ RunTime:0.0060s ]
SQL: SELECT * FROM `house` WHERE ( `id` = 599810048 ) LIMIT 1   [ RunTime:0.0010s ]
SQL: SELECT `area` FROM `area` WHERE ( `areaid` = 510108 ) LIMIT 1   [ RunTime:0.0030s ]
SQL: SELECT * FROM `room` WHERE ( `house_id` = 599810048 AND `status` != -1 )  [ RunTime:0.0030s ]
SQL: SELECT * FROM `house` WHERE ( `area_id` = 510108 AND `status` = 1 ) ORDER BY `id` DESC LIMIT 3   [ RunTime:0.0010s ]
SQL: SELECT * FROM `house` WHERE ( `area_id` = 510108 AND `status` = 1 ) ORDER BY `id` ASC LIMIT 3   [ RunTime:0.0010s ]
INFO: [ view_parse ] --START--
INFO: Run Behavior\ParseTemplateBehavior [ RunTime:0.010001s ]
INFO: [ view_parse ] --END-- [ RunTime:0.010001s ]
INFO: [ view_filter ] --START--
INFO: Run Behavior\WriteHtmlCacheBehavior [ RunTime:0.000000s ]
INFO: [ view_filter ] --END-- [ RunTime:0.000000s ]
INFO: [ app_end ] --START--
INFO: Run Behavior\ShowPageTraceBehavior [ RunTime:0.001000s ]
INFO: [ app_end ] --END-- [ RunTime:0.001000s ]

[ 2016-09-12T15:28:51+08:00 ] 127.0.0.1 /index/rent/detail/id/599810048
INFO: [ app_init ] --START--
INFO: Run Behavior\BuildLiteBehavior [ RunTime:0.000000s ]
INFO: [ app_init ] --END-- [ RunTime:0.000000s ]
INFO: [ app_begin ] --START--
INFO: Run Behavior\ReadHtmlCacheBehavior [ RunTime:0.001000s ]
INFO: [ app_begin ] --END-- [ RunTime:0.001000s ]
SQL: SHOW COLUMNS FROM `house` [ RunTime:0.0070s ]
SQL: SHOW COLUMNS FROM `room` [ RunTime:0.0070s ]
SQL: SHOW COLUMNS FROM `area` [ RunTime:0.0080s ]
SQL: SHOW COLUMNS FROM `house_imgs` [ RunTime:0.0050s ]
SQL: SELECT * FROM `house` WHERE ( `id` = 599810048 ) LIMIT 1   [ RunTime:0.0010s ]
SQL: SELECT `area` FROM `area` WHERE ( `areaid` = 510108 ) LIMIT 1   [ RunTime:0.0170s ]
SQL: SELECT * FROM `room` WHERE ( `house_id` = 599810048 AND `status` != -1 )  [ RunTime:0.0030s ]
NOTIC: [2] implode(): Invalid arguments passed F:\tsewell\Application\Index\Controller\RentController.class.php 第 72 行.
NOTIC: [2] implode(): Invalid arguments passed F:\tsewell\Application\Index\Controller\RentController.class.php 第 72 行.
NOTIC: [2] implode(): Invalid arguments passed F:\tsewell\Application\Index\Controller\RentController.class.php 第 72 行.
NOTIC: [2] implode(): Invalid arguments passed F:\tsewell\Application\Index\Controller\RentController.class.php 第 72 行.
SQL: SELECT * FROM `house` WHERE ( `area_id` = 510108 AND `status` = 1 ) ORDER BY `id` DESC LIMIT 3   [ RunTime:0.0010s ]
SQL: SELECT * FROM `house` WHERE ( `area_id` = 510108 AND `status` = 1 ) ORDER BY `id` ASC LIMIT 3   [ RunTime:0.0010s ]
INFO: [ view_parse ] --START--
NOTIC: [2] in_array() expects parameter 2 to be array, null given F:\tsewell\Application\Runtime\Cache\e59fb9af0bc27981cd74cf383b7a04638f52a8a7.file.detail.html.php 第 651 行.
NOTIC: [2] in_array() expects parameter 2 to be array, null given F:\tsewell\Application\Runtime\Cache\e59fb9af0bc27981cd74cf383b7a04638f52a8a7.file.detail.html.php 第 658 行.
NOTIC: [2] in_array() expects parameter 2 to be array, null given F:\tsewell\Application\Runtime\Cache\e59fb9af0bc27981cd74cf383b7a04638f52a8a7.file.detail.html.php 第 665 行.
NOTIC: [2] in_array() expects parameter 2 to be array, null given F:\tsewell\Application\Runtime\Cache\e59fb9af0bc27981cd74cf383b7a04638f52a8a7.file.detail.html.php 第 672 行.
NOTIC: [2] in_array() expects parameter 2 to be array, null given F:\tsewell\Application\Runtime\Cache\e59fb9af0bc27981cd74cf383b7a04638f52a8a7.file.detail.html.php 第 651 行.
NOTIC: [2] in_array() expects parameter 2 to be array, null given F:\tsewell\Application\Runtime\Cache\e59fb9af0bc27981cd74cf383b7a04638f52a8a7.file.detail.html.php 第 658 行.
NOTIC: [2] in_array() expects parameter 2 to be array, null given F:\tsewell\Application\Runtime\Cache\e59fb9af0bc27981cd74cf383b7a04638f52a8a7.file.detail.html.php 第 665 行.
NOTIC: [2] in_array() expects parameter 2 to be array, null given F:\tsewell\Application\Runtime\Cache\e59fb9af0bc27981cd74cf383b7a04638f52a8a7.file.detail.html.php 第 672 行.
NOTIC: [2] in_array() expects parameter 2 to be array, null given F:\tsewell\Application\Runtime\Cache\e59fb9af0bc27981cd74cf383b7a04638f52a8a7.file.detail.html.php 第 651 行.
NOTIC: [2] in_array() expects parameter 2 to be array, null given F:\tsewell\Application\Runtime\Cache\e59fb9af0bc27981cd74cf383b7a04638f52a8a7.file.detail.html.php 第 658 行.
NOTIC: [2] in_array() expects parameter 2 to be array, null given F:\tsewell\Application\Runtime\Cache\e59fb9af0bc27981cd74cf383b7a04638f52a8a7.file.detail.html.php 第 665 行.
NOTIC: [2] in_array() expects parameter 2 to be array, null given F:\tsewell\Application\Runtime\Cache\e59fb9af0bc27981cd74cf383b7a04638f52a8a7.file.detail.html.php 第 672 行.
NOTIC: [2] in_array() expects parameter 2 to be array, null given F:\tsewell\Application\Runtime\Cache\e59fb9af0bc27981cd74cf383b7a04638f52a8a7.file.detail.html.php 第 651 行.
NOTIC: [2] in_array() expects parameter 2 to be array, null given F:\tsewell\Application\Runtime\Cache\e59fb9af0bc27981cd74cf383b7a04638f52a8a7.file.detail.html.php 第 658 行.
NOTIC: [2] in_array() expects parameter 2 to be array, null given F:\tsewell\Application\Runtime\Cache\e59fb9af0bc27981cd74cf383b7a04638f52a8a7.file.detail.html.php 第 665 行.
NOTIC: [2] in_array() expects parameter 2 to be array, null given F:\tsewell\Application\Runtime\Cache\e59fb9af0bc27981cd74cf383b7a04638f52a8a7.file.detail.html.php 第 672 行.
INFO: Run Behavior\ParseTemplateBehavior [ RunTime:0.302018s ]
INFO: [ view_parse ] --END-- [ RunTime:0.302018s ]
INFO: [ view_filter ] --START--
INFO: Run Behavior\WriteHtmlCacheBehavior [ RunTime:0.002000s ]
INFO: [ view_filter ] --END-- [ RunTime:0.002000s ]
INFO: [ app_end ] --START--
INFO: Run Behavior\ShowPageTraceBehavior [ RunTime:0.000000s ]
INFO: [ app_end ] --END-- [ RunTime:0.001000s ]

[ 2016-09-12T15:29:42+08:00 ] 127.0.0.1 /index/rent/detail/id/599810048
INFO: [ app_init ] --START--
INFO: Run Behavior\BuildLiteBehavior [ RunTime:0.000000s ]
INFO: [ app_init ] --END-- [ RunTime:0.000000s ]
INFO: [ app_begin ] --START--
INFO: Run Behavior\ReadHtmlCacheBehavior [ RunTime:0.000000s ]
INFO: [ app_begin ] --END-- [ RunTime:0.000000s ]
SQL: SHOW COLUMNS FROM `house` [ RunTime:0.0090s ]
SQL: SHOW COLUMNS FROM `room` [ RunTime:0.0090s ]
SQL: SHOW COLUMNS FROM `area` [ RunTime:0.0050s ]
SQL: SHOW COLUMNS FROM `house_imgs` [ RunTime:0.0050s ]
SQL: SELECT * FROM `house` WHERE ( `id` = 599810048 ) LIMIT 1   [ RunTime:0.0010s ]
SQL: SELECT `area` FROM `area` WHERE ( `areaid` = 510108 ) LIMIT 1   [ RunTime:0.0030s ]
SQL: SELECT * FROM `room` WHERE ( `house_id` = 599810048 AND `status` != -1 )  [ RunTime:0.0020s ]
NOTIC: [2] implode(): Invalid arguments passed F:\tsewell\Application\Index\Controller\RentController.class.php 第 72 行.
NOTIC: [2] implode(): Invalid arguments passed F:\tsewell\Application\Index\Controller\RentController.class.php 第 72 行.
NOTIC: [2] implode(): Invalid arguments passed F:\tsewell\Application\Index\Controller\RentController.class.php 第 72 行.
NOTIC: [2] implode(): Invalid arguments passed F:\tsewell\Application\Index\Controller\RentController.class.php 第 72 行.
SQL: SELECT * FROM `house` WHERE ( `area_id` = 510108 AND `status` = 1 ) ORDER BY `id` DESC LIMIT 3   [ RunTime:0.0010s ]
SQL: SELECT * FROM `house` WHERE ( `area_id` = 510108 AND `status` = 1 ) ORDER BY `id` ASC LIMIT 3   [ RunTime:0.0010s ]
INFO: [ view_parse ] --START--
NOTIC: [2] in_array() expects parameter 2 to be array, null given F:\tsewell\Application\Runtime\Cache\e59fb9af0bc27981cd74cf383b7a04638f52a8a7.file.detail.html.php 第 651 行.
NOTIC: [2] in_array() expects parameter 2 to be array, null given F:\tsewell\Application\Runtime\Cache\e59fb9af0bc27981cd74cf383b7a04638f52a8a7.file.detail.html.php 第 658 行.
NOTIC: [2] in_array() expects parameter 2 to be array, null given F:\tsewell\Application\Runtime\Cache\e59fb9af0bc27981cd74cf383b7a04638f52a8a7.file.detail.html.php 第 665 行.
NOTIC: [2] in_array() expects parameter 2 to be array, null given F:\tsewell\Application\Runtime\Cache\e59fb9af0bc27981cd74cf383b7a04638f52a8a7.file.detail.html.php 第 672 行.
NOTIC: [2] in_array() expects parameter 2 to be array, null given F:\tsewell\Application\Runtime\Cache\e59fb9af0bc27981cd74cf383b7a04638f52a8a7.file.detail.html.php 第 651 行.
NOTIC: [2] in_array() expects parameter 2 to be array, null given F:\tsewell\Application\Runtime\Cache\e59fb9af0bc27981cd74cf383b7a04638f52a8a7.file.detail.html.php 第 658 行.
NOTIC: [2] in_array() expects parameter 2 to be array, null given F:\tsewell\Application\Runtime\Cache\e59fb9af0bc27981cd74cf383b7a04638f52a8a7.file.detail.html.php 第 665 行.
NOTIC: [2] in_array() expects parameter 2 to be array, null given F:\tsewell\Application\Runtime\Cache\e59fb9af0bc27981cd74cf383b7a04638f52a8a7.file.detail.html.php 第 672 行.
NOTIC: [2] in_array() expects parameter 2 to be array, null given F:\tsewell\Application\Runtime\Cache\e59fb9af0bc27981cd74cf383b7a04638f52a8a7.file.detail.html.php 第 651 行.
NOTIC: [2] in_array() expects parameter 2 to be array, null given F:\tsewell\Application\Runtime\Cache\e59fb9af0bc27981cd74cf383b7a04638f52a8a7.file.detail.html.php 第 658 行.
NOTIC: [2] in_array() expects parameter 2 to be array, null given F:\tsewell\Application\Runtime\Cache\e59fb9af0bc27981cd74cf383b7a04638f52a8a7.file.detail.html.php 第 665 行.
NOTIC: [2] in_array() expects parameter 2 to be array, null given F:\tsewell\Application\Runtime\Cache\e59fb9af0bc27981cd74cf383b7a04638f52a8a7.file.detail.html.php 第 672 行.
NOTIC: [2] in_array() expects parameter 2 to be array, null given F:\tsewell\Application\Runtime\Cache\e59fb9af0bc27981cd74cf383b7a04638f52a8a7.file.detail.html.php 第 651 行.
NOTIC: [2] in_array() expects parameter 2 to be array, null given F:\tsewell\Application\Runtime\Cache\e59fb9af0bc27981cd74cf383b7a04638f52a8a7.file.detail.html.php 第 658 行.
NOTIC: [2] in_array() expects parameter 2 to be array, null given F:\tsewell\Application\Runtime\Cache\e59fb9af0bc27981cd74cf383b7a04638f52a8a7.file.detail.html.php 第 665 行.
NOTIC: [2] in_array() expects parameter 2 to be array, null given F:\tsewell\Application\Runtime\Cache\e59fb9af0bc27981cd74cf383b7a04638f52a8a7.file.detail.html.php 第 672 行.
INFO: Run Behavior\ParseTemplateBehavior [ RunTime:0.217012s ]
INFO: [ view_parse ] --END-- [ RunTime:0.218012s ]
INFO: [ view_filter ] --START--
INFO: Run Behavior\WriteHtmlCacheBehavior [ RunTime:0.000000s ]
INFO: [ view_filter ] --END-- [ RunTime:0.000000s ]
INFO: [ app_end ] --START--
INFO: Run Behavior\ShowPageTraceBehavior [ RunTime:0.001000s ]
INFO: [ app_end ] --END-- [ RunTime:0.001000s ]

[ 2016-09-12T15:29:57+08:00 ] 127.0.0.1 /index/rent/detail/id/599810048
INFO: [ app_init ] --START--
INFO: Run Behavior\BuildLiteBehavior [ RunTime:0.000000s ]
INFO: [ app_init ] --END-- [ RunTime:0.000000s ]
INFO: [ app_begin ] --START--
INFO: Run Behavior\ReadHtmlCacheBehavior [ RunTime:0.001000s ]
INFO: [ app_begin ] --END-- [ RunTime:0.001000s ]
SQL: SHOW COLUMNS FROM `house` [ RunTime:0.0090s ]
SQL: SHOW COLUMNS FROM `room` [ RunTime:0.0070s ]
SQL: SHOW COLUMNS FROM `area` [ RunTime:0.0060s ]
SQL: SHOW COLUMNS FROM `house_imgs` [ RunTime:0.0070s ]
SQL: SELECT * FROM `house` WHERE ( `id` = 599810048 ) LIMIT 1   [ RunTime:0.0010s ]
SQL: SELECT `area` FROM `area` WHERE ( `areaid` = 510108 ) LIMIT 1   [ RunTime:0.0030s ]
SQL: SELECT * FROM `room` WHERE ( `house_id` = 599810048 AND `status` != -1 )  [ RunTime:0.0040s ]
NOTIC: [2] implode(): Invalid arguments passed F:\tsewell\Application\Index\Controller\RentController.class.php 第 72 行.
NOTIC: [2] implode(): Invalid arguments passed F:\tsewell\Application\Index\Controller\RentController.class.php 第 72 行.
NOTIC: [2] implode(): Invalid arguments passed F:\tsewell\Application\Index\Controller\RentController.class.php 第 72 行.
NOTIC: [2] implode(): Invalid arguments passed F:\tsewell\Application\Index\Controller\RentController.class.php 第 72 行.
SQL: SELECT * FROM `house` WHERE ( `area_id` = 510108 AND `status` = 1 ) ORDER BY `id` DESC LIMIT 3   [ RunTime:0.0010s ]
SQL: SELECT * FROM `house` WHERE ( `area_id` = 510108 AND `status` = 1 ) ORDER BY `id` ASC LIMIT 3   [ RunTime:0.0010s ]
INFO: [ view_parse ] --START--
NOTIC: [2] in_array() expects parameter 2 to be array, null given F:\tsewell\Application\Runtime\Cache\e59fb9af0bc27981cd74cf383b7a04638f52a8a7.file.detail.html.php 第 653 行.
NOTIC: [2] in_array() expects parameter 2 to be array, null given F:\tsewell\Application\Runtime\Cache\e59fb9af0bc27981cd74cf383b7a04638f52a8a7.file.detail.html.php 第 660 行.
NOTIC: [2] in_array() expects parameter 2 to be array, null given F:\tsewell\Application\Runtime\Cache\e59fb9af0bc27981cd74cf383b7a04638f52a8a7.file.detail.html.php 第 667 行.
NOTIC: [2] in_array() expects parameter 2 to be array, null given F:\tsewell\Application\Runtime\Cache\e59fb9af0bc27981cd74cf383b7a04638f52a8a7.file.detail.html.php 第 674 行.
NOTIC: [2] in_array() expects parameter 2 to be array, null given F:\tsewell\Application\Runtime\Cache\e59fb9af0bc27981cd74cf383b7a04638f52a8a7.file.detail.html.php 第 653 行.
NOTIC: [2] in_array() expects parameter 2 to be array, null given F:\tsewell\Application\Runtime\Cache\e59fb9af0bc27981cd74cf383b7a04638f52a8a7.file.detail.html.php 第 660 行.
NOTIC: [2] in_array() expects parameter 2 to be array, null given F:\tsewell\Application\Runtime\Cache\e59fb9af0bc27981cd74cf383b7a04638f52a8a7.file.detail.html.php 第 667 行.
NOTIC: [2] in_array() expects parameter 2 to be array, null given F:\tsewell\Application\Runtime\Cache\e59fb9af0bc27981cd74cf383b7a04638f52a8a7.file.detail.html.php 第 674 行.
NOTIC: [2] in_array() expects parameter 2 to be array, null given F:\tsewell\Application\Runtime\Cache\e59fb9af0bc27981cd74cf383b7a04638f52a8a7.file.detail.html.php 第 653 行.
NOTIC: [2] in_array() expects parameter 2 to be array, null given F:\tsewell\Application\Runtime\Cache\e59fb9af0bc27981cd74cf383b7a04638f52a8a7.file.detail.html.php 第 660 行.
NOTIC: [2] in_array() expects parameter 2 to be array, null given F:\tsewell\Application\Runtime\Cache\e59fb9af0bc27981cd74cf383b7a04638f52a8a7.file.detail.html.php 第 667 行.
NOTIC: [2] in_array() expects parameter 2 to be array, null given F:\tsewell\Application\Runtime\Cache\e59fb9af0bc27981cd74cf383b7a04638f52a8a7.file.detail.html.php 第 674 行.
NOTIC: [2] in_array() expects parameter 2 to be array, null given F:\tsewell\Application\Runtime\Cache\e59fb9af0bc27981cd74cf383b7a04638f52a8a7.file.detail.html.php 第 653 行.
NOTIC: [2] in_array() expects parameter 2 to be array, null given F:\tsewell\Application\Runtime\Cache\e59fb9af0bc27981cd74cf383b7a04638f52a8a7.file.detail.html.php 第 660 行.
NOTIC: [2] in_array() expects parameter 2 to be array, null given F:\tsewell\Application\Runtime\Cache\e59fb9af0bc27981cd74cf383b7a04638f52a8a7.file.detail.html.php 第 667 行.
NOTIC: [2] in_array() expects parameter 2 to be array, null given F:\tsewell\Application\Runtime\Cache\e59fb9af0bc27981cd74cf383b7a04638f52a8a7.file.detail.html.php 第 674 行.
INFO: Run Behavior\ParseTemplateBehavior [ RunTime:0.247014s ]
INFO: [ view_parse ] --END-- [ RunTime:0.247014s ]
INFO: [ view_filter ] --START--
INFO: Run Behavior\WriteHtmlCacheBehavior [ RunTime:0.001000s ]
INFO: [ view_filter ] --END-- [ RunTime:0.001000s ]
INFO: [ app_end ] --START--
INFO: Run Behavior\ShowPageTraceBehavior [ RunTime:0.000000s ]
INFO: [ app_end ] --END-- [ RunTime:0.001000s ]

[ 2016-09-12T15:30:18+08:00 ] 127.0.0.1 /index/rent/detail/id/599810048
INFO: [ app_init ] --START--
INFO: Run Behavior\BuildLiteBehavior [ RunTime:0.000000s ]
INFO: [ app_init ] --END-- [ RunTime:0.000000s ]
INFO: [ app_begin ] --START--
INFO: Run Behavior\ReadHtmlCacheBehavior [ RunTime:0.000000s ]
INFO: [ app_begin ] --END-- [ RunTime:0.000000s ]
SQL: SHOW COLUMNS FROM `house` [ RunTime:0.0070s ]
SQL: SHOW COLUMNS FROM `room` [ RunTime:0.0050s ]
SQL: SHOW COLUMNS FROM `area` [ RunTime:0.0050s ]
SQL: SHOW COLUMNS FROM `house_imgs` [ RunTime:0.0040s ]
SQL: SELECT * FROM `house` WHERE ( `id` = 599810048 ) LIMIT 1   [ RunTime:0.0000s ]
SQL: SELECT `area` FROM `area` WHERE ( `areaid` = 510108 ) LIMIT 1   [ RunTime:0.0020s ]
SQL: SELECT * FROM `room` WHERE ( `house_id` = 599810048 AND `status` != -1 )  [ RunTime:0.0020s ]
NOTIC: [2] implode(): Invalid arguments passed F:\tsewell\Application\Index\Controller\RentController.class.php 第 72 行.
NOTIC: [2] implode(): Invalid arguments passed F:\tsewell\Application\Index\Controller\RentController.class.php 第 72 行.
NOTIC: [2] implode(): Invalid arguments passed F:\tsewell\Application\Index\Controller\RentController.class.php 第 72 行.
NOTIC: [2] implode(): Invalid arguments passed F:\tsewell\Application\Index\Controller\RentController.class.php 第 72 行.

[ 2016-09-12T15:30:30+08:00 ] 127.0.0.1 /index/rent/detail/id/599810048
INFO: [ app_init ] --START--
INFO: Run Behavior\BuildLiteBehavior [ RunTime:0.000000s ]
INFO: [ app_init ] --END-- [ RunTime:0.000000s ]
INFO: [ app_begin ] --START--
INFO: Run Behavior\ReadHtmlCacheBehavior [ RunTime:0.001000s ]
INFO: [ app_begin ] --END-- [ RunTime:0.001000s ]
SQL: SHOW COLUMNS FROM `house` [ RunTime:0.0090s ]
SQL: SHOW COLUMNS FROM `room` [ RunTime:0.0090s ]
SQL: SHOW COLUMNS FROM `area` [ RunTime:0.0090s ]
SQL: SHOW COLUMNS FROM `house_imgs` [ RunTime:0.0080s ]
SQL: SELECT * FROM `house` WHERE ( `id` = 599810048 ) LIMIT 1   [ RunTime:0.0010s ]
SQL: SELECT `area` FROM `area` WHERE ( `areaid` = 510108 ) LIMIT 1   [ RunTime:0.0040s ]
SQL: SELECT * FROM `room` WHERE ( `house_id` = 599810048 AND `status` != -1 )  [ RunTime:0.0030s ]

[ 2016-09-12T15:30:39+08:00 ] 127.0.0.1 /index/rent/detail/id/599810048
INFO: [ app_init ] --START--
INFO: Run Behavior\BuildLiteBehavior [ RunTime:0.000000s ]
INFO: [ app_init ] --END-- [ RunTime:0.001000s ]
INFO: [ app_begin ] --START--
INFO: Run Behavior\ReadHtmlCacheBehavior [ RunTime:0.001000s ]
INFO: [ app_begin ] --END-- [ RunTime:0.001000s ]
SQL: SHOW COLUMNS FROM `house` [ RunTime:0.0080s ]
SQL: SHOW COLUMNS FROM `room` [ RunTime:0.0080s ]
SQL: SHOW COLUMNS FROM `area` [ RunTime:0.0050s ]
SQL: SHOW COLUMNS FROM `house_imgs` [ RunTime:0.0050s ]
SQL: SELECT * FROM `house` WHERE ( `id` = 599810048 ) LIMIT 1   [ RunTime:0.0010s ]
SQL: SELECT `area` FROM `area` WHERE ( `areaid` = 510108 ) LIMIT 1   [ RunTime:0.0020s ]
SQL: SELECT * FROM `room` WHERE ( `house_id` = 599810048 AND `status` != -1 )  [ RunTime:0.0030s ]
SQL: SELECT * FROM `house` WHERE ( `area_id` = 510108 AND `status` = 1 ) ORDER BY `id` DESC LIMIT 3   [ RunTime:0.0010s ]
SQL: SELECT * FROM `house` WHERE ( `area_id` = 510108 AND `status` = 1 ) ORDER BY `id` ASC LIMIT 3   [ RunTime:0.0020s ]
INFO: [ view_parse ] --START--
INFO: Run Behavior\ParseTemplateBehavior [ RunTime:0.013001s ]
INFO: [ view_parse ] --END-- [ RunTime:0.013001s ]
INFO: [ view_filter ] --START--
INFO: Run Behavior\WriteHtmlCacheBehavior [ RunTime:0.001000s ]
INFO: [ view_filter ] --END-- [ RunTime:0.001000s ]
INFO: [ app_end ] --START--
INFO: Run Behavior\ShowPageTraceBehavior [ RunTime:0.001001s ]
INFO: [ app_end ] --END-- [ RunTime:0.001001s ]

