[ 2016-10-17T10:39:10+08:00 ] 127.0.0.1 /
INFO: [ app_init ] --START--
INFO: Run Behavior\BuildLiteBehavior [ RunTime:0.000000s ]
INFO: [ app_init ] --END-- [ RunTime:0.019001s ]
INFO: [ app_begin ] --START--
INFO: Run Behavior\ReadHtmlCacheBehavior [ RunTime:0.001000s ]
INFO: [ app_begin ] --END-- [ RunTime:0.001000s ]
SQL: SHOW COLUMNS FROM `ad` [ RunTime:0.0050s ]
SQL: SELECT * FROM `ad` WHERE ( `status` = 1 AND `adspace_id` = 1 )  [ RunTime:0.0010s ]
SQL: SHOW COLUMNS FROM `house` [ RunTime:0.0050s ]
SQL: SHOW COLUMNS FROM `room` [ RunTime:0.0040s ]
SQL: SELECT `id`,`title`,`img`,`address` FROM `house` WHERE ( `status` = 1 ) ORDER BY `id` DESC LIMIT 9   [ RunTime:0.0830s ]
SQL: SELECT `price` FROM `room` WHERE ( `house_id` = 599810048 )  [ RunTime:0.0320s ]
SQL: SELECT `price` FROM `room` WHERE ( `house_id` = 599110032 )  [ RunTime:0.0020s ]
SQL: SELECT `price` FROM `room` WHERE ( `house_id` = 593410019 )  [ RunTime:0.0030s ]
SQL: SELECT `price` FROM `room` WHERE ( `house_id` = 593410010 )  [ RunTime:0.0020s ]
SQL: SELECT `price` FROM `room` WHERE ( `house_id` = 591210026 )  [ RunTime:0.0020s ]
SQL: SELECT `price` FROM `room` WHERE ( `house_id` = 589010029 )  [ RunTime:0.0030s ]
SQL: SELECT `price` FROM `room` WHERE ( `house_id` = 586310041 )  [ RunTime:0.0030s ]
SQL: SELECT `price` FROM `room` WHERE ( `house_id` = 582810009 )  [ RunTime:0.0030s ]
SQL: SELECT `price` FROM `room` WHERE ( `house_id` = 582110005 )  [ RunTime:0.0030s ]
INFO: [ view_parse ] --START--
INFO: Run Behavior\ParseTemplateBehavior [ RunTime:0.261015s ]
INFO: [ view_parse ] --END-- [ RunTime:0.261015s ]
INFO: [ view_filter ] --START--
INFO: Run Behavior\WriteHtmlCacheBehavior [ RunTime:0.005001s ]
INFO: [ view_filter ] --END-- [ RunTime:0.005001s ]
INFO: [ app_end ] --START--
INFO: Run Behavior\ShowPageTraceBehavior [ RunTime:0.001000s ]
INFO: [ app_end ] --END-- [ RunTime:0.001000s ]

[ 2016-10-17T10:39:16+08:00 ] 127.0.0.1 /index/rent/detail/id/589010029
INFO: [ app_init ] --START--
INFO: Run Behavior\BuildLiteBehavior [ RunTime:0.000000s ]
INFO: [ app_init ] --END-- [ RunTime:0.000000s ]
INFO: [ app_begin ] --START--
INFO: Run Behavior\ReadHtmlCacheBehavior [ RunTime:0.000000s ]
INFO: [ app_begin ] --END-- [ RunTime:0.000000s ]
SQL: SHOW COLUMNS FROM `house` [ RunTime:0.0040s ]
SQL: SHOW COLUMNS FROM `room` [ RunTime:0.0030s ]
SQL: SHOW COLUMNS FROM `area` [ RunTime:0.0040s ]
SQL: SHOW COLUMNS FROM `house_imgs` [ RunTime:0.0040s ]
SQL: SELECT * FROM `house` WHERE ( `id` = 589010029 ) LIMIT 1   [ RunTime:0.0010s ]
SQL: SELECT `area` FROM `area` WHERE ( `areaid` = 510106 ) LIMIT 1   [ RunTime:0.0120s ]
SQL: SELECT * FROM `room` WHERE ( `house_id` = 589010029 AND `status` != -1 )  [ RunTime:0.0130s ]
SQL: SELECT * FROM `house_imgs` WHERE ( `house_id` = 589010029 )  [ RunTime:0.0260s ]
INFO: [ view_parse ] --START--
INFO: Run Behavior\ParseTemplateBehavior [ RunTime:0.041002s ]
INFO: [ view_parse ] --END-- [ RunTime:0.041002s ]
INFO: [ view_filter ] --START--
INFO: Run Behavior\WriteHtmlCacheBehavior [ RunTime:0.000000s ]
INFO: [ view_filter ] --END-- [ RunTime:0.000000s ]
INFO: [ app_end ] --START--
INFO: Run Behavior\ShowPageTraceBehavior [ RunTime:0.001000s ]
INFO: [ app_end ] --END-- [ RunTime:0.006000s ]

[ 2016-10-17T10:39:29+08:00 ] 127.0.0.1 /index/rent/ajaxRent
INFO: [ app_init ] --START--
INFO: Run Behavior\BuildLiteBehavior [ RunTime:0.000000s ]
INFO: [ app_init ] --END-- [ RunTime:0.000000s ]
INFO: [ app_begin ] --START--
INFO: Run Behavior\ReadHtmlCacheBehavior [ RunTime:0.000000s ]
INFO: [ app_begin ] --END-- [ RunTime:0.000000s ]
SQL: SHOW COLUMNS FROM `task` [ RunTime:0.0040s ]
SQL: INSERT INTO `task` (`name`,`mobile`,`sex`,`number`,`extra`,`house_id`,`area_id`,`status`,`submit_time`) VALUES ('david','18002050604','1','1','','589010029','510106','1','1476671969') [ RunTime:0.0250s ]
INFO: [ app_end ] --START--
INFO: Run Behavior\ShowPageTraceBehavior [ RunTime:0.001000s ]
INFO: [ app_end ] --END-- [ RunTime:0.001000s ]

[ 2016-10-17T10:44:38+08:00 ] 127.0.0.1 /index/rent/detail/id/586310041
INFO: [ app_init ] --START--
INFO: Run Behavior\BuildLiteBehavior [ RunTime:0.000000s ]
INFO: [ app_init ] --END-- [ RunTime:0.000000s ]
INFO: [ app_begin ] --START--
INFO: Run Behavior\ReadHtmlCacheBehavior [ RunTime:0.000000s ]
INFO: [ app_begin ] --END-- [ RunTime:0.001000s ]
SQL: SHOW COLUMNS FROM `house` [ RunTime:0.0020s ]
SQL: SHOW COLUMNS FROM `room` [ RunTime:0.0030s ]
SQL: SHOW COLUMNS FROM `area` [ RunTime:0.0020s ]
SQL: SHOW COLUMNS FROM `house_imgs` [ RunTime:0.0010s ]
SQL: SELECT * FROM `house` WHERE ( `id` = 586310041 ) LIMIT 1   [ RunTime:0.0000s ]
SQL: SELECT `area` FROM `area` WHERE ( `areaid` = 510104 ) LIMIT 1   [ RunTime:0.0020s ]
SQL: SELECT * FROM `room` WHERE ( `house_id` = 586310041 AND `status` != -1 )  [ RunTime:0.0020s ]
SQL: SELECT * FROM `house_imgs` WHERE ( `house_id` = 586310041 )  [ RunTime:0.0010s ]
INFO: [ view_parse ] --START--
INFO: Run Behavior\ParseTemplateBehavior [ RunTime:0.010001s ]
INFO: [ view_parse ] --END-- [ RunTime:0.010001s ]
INFO: [ view_filter ] --START--
INFO: Run Behavior\WriteHtmlCacheBehavior [ RunTime:0.000000s ]
INFO: [ view_filter ] --END-- [ RunTime:0.000000s ]
INFO: [ app_end ] --START--
INFO: Run Behavior\ShowPageTraceBehavior [ RunTime:0.001000s ]
INFO: [ app_end ] --END-- [ RunTime:0.001000s ]

[ 2016-10-17T10:44:54+08:00 ] 127.0.0.1 /index/rent/ajaxRent
INFO: [ app_init ] --START--
INFO: Run Behavior\BuildLiteBehavior [ RunTime:0.000000s ]
INFO: [ app_init ] --END-- [ RunTime:0.001001s ]
INFO: [ app_begin ] --START--
INFO: Run Behavior\ReadHtmlCacheBehavior [ RunTime:0.000000s ]
INFO: [ app_begin ] --END-- [ RunTime:0.000000s ]
SQL: SHOW COLUMNS FROM `task` [ RunTime:0.0030s ]
SQL: INSERT INTO `task` (`name`,`mobile`,`sex`,`number`,`extra`,`house_id`,`area_id`,`status`,`submit_time`) VALUES ('马丁','18525262428','1','1','','586310041','510104','1','1476672294') [ RunTime:0.0280s ]
INFO: [ app_end ] --START--
INFO: Run Behavior\ShowPageTraceBehavior [ RunTime:0.001000s ]
INFO: [ app_end ] --END-- [ RunTime:0.001000s ]

